<?xml version="1.0" encoding="utf-8"?>
<TestRun id="898ce358-4a58-4363-8a2f-02b7d7dde127" name="lauri@DESKTOP-JT43V3D 2026-09-24 07:54:57" runUser="DESKTOP-JT43V3D\lauri" xmlns="http://microsoft.com/schemas/VisualStudio/TeamTest/2010">
  <Times creation="2026-09-24T07:54:57.1321766+03:00" queuing="2026-09-24T07:54:57.1321771+03:00" start="2026-09-24T07:54:51.6932137+03:00" finish="2026-09-24T07:54:57.1533804+03:00" />
  <TestSettings name="default" id="91ebbc48-a2d2-4023-b616-f087d75166ca">
    <Deployment runDeploymentRoot="lauri_DESKTOP-JT43V3D_2026-09-24_07_54_57" />
  </TestSettings>
  <Results>
    <UnitTestResult executionId="174868be-31fd-4a65-b93a-801ef4d86674" testId="65c56c08-b6d3-f29d-d50f-0f2eb4cc86c0" testName="Cerneala.Tests.Controls.SceneItems2DSimpleCollectionContractTests.NullWithoutNullCapableTemplateFailsWithoutNullDereference" computerName="DESKTOP-JT43V3D" duration="00:00:00.2920122" startTime="2026-09-24T07:54:56.8816831+03:00" endTime="2026-09-24T07:54:56.8817539+03:00" testType="13cdc9d9-ddb5-4fa4-a97d-d965ccfc6d4b" outcome="Passed" testListId="8c84fa94-04c1-424b-9868-57a2d4851a1d" relativeResultsDirectory="174868be-31fd-4a65-b93a-801ef4d86674" />
  </Results>
  <TestDefinitions>
    <UnitTest name="Cerneala.Tests.Controls.SceneItems2DSimpleCollectionContractTests.NullWithoutNullCapableTemplateFailsWithoutNullDereference" storage="c:\users\lauri\desktop\cerneala\tests\cerneala.tests\bin\release\net8.0-windows\cerneala.tests.dll" id="65c56c08-b6d3-f29d-d50f-0f2eb4cc86c0">
      <Execution id="174868be-31fd-4a65-b93a-801ef4d86674" />
      <TestMethod codeBase="C:\Users\lauri\Desktop\Cerneala\tests\Cerneala.Tests\bin\Release\net8.0-windows\Cerneala.Tests.dll" adapterTypeName="executor://xunit/VsTestRunner2/netcoreapp" className="Cerneala.Tests.Controls.SceneItems2DSimpleCollectionContractTests" name="NullWithoutNullCapableTemplateFailsWithoutNullDereference" />
    </UnitTest>
  </TestDefinitions>
  <TestEntries>
    <TestEntry testId="65c56c08-b6d3-f29d-d50f-0f2eb4cc86c0" executionId="174868be-31fd-4a65-b93a-801ef4d86674" testListId="8c84fa94-04c1-424b-9868-57a2d4851a1d" />
  </TestEntries>
  <TestLists>
    <TestList name="Results Not in a List" id="8c84fa94-04c1-424b-9868-57a2d4851a1d" />
    <TestList name="All Loaded Results" id="19431567-8539-422a-85d7-44ee4e166bda" />
  </TestLists>
  <ResultSummary outcome="Completed">
    <Counters total="1" executed="1" passed="1" failed="0" error="0" timeout="0" aborted="0" inconclusive="0" passedButRunAborted="0" notRunnable="0" notExecuted="0" disconnected="0" warning="0" completed="0" inProgress="0" pending="0" />
    <Output>
      <StdOut>[xUnit.net 00:00:00.00] xUnit.net VSTest Adapter v2.5.3.1+6b60a9e56a (64-bit .NET 8.0.30)&#xD;
[xUnit.net 00:00:00.66]   Discovering: Cerneala.Tests&#xD;
[xUnit.net 00:00:02.43]   Discovered:  Cerneala.Tests&#xD;
[xUnit.net 00:00:02.46]   Starting:    Cerneala.Tests&#xD;
[xUnit.net 00:00:02.92]   Finished:    Cerneala.Tests&#xD;
</StdOut>
    </Output>
  </ResultSummary>
</TestRun>