<?xml version="1.0" encoding="utf-8"?>
<TestRun id="d0d616f9-9f11-4ba7-a6d1-81537baa05e7" name="lauri@DESKTOP-JT43V3D 2026-09-25 05:51:48" runUser="DESKTOP-JT43V3D\lauri" xmlns="http://microsoft.com/schemas/VisualStudio/TeamTest/2010">
  <Times creation="2026-09-25T05:51:48.9153796+03:00" queuing="2026-09-25T05:51:48.9153799+03:00" start="2026-09-25T05:51:46.4458285+03:00" finish="2026-09-25T05:51:48.9200920+03:00" />
  <TestSettings name="default" id="c12790f5-3dbe-4bab-b4c5-fe6c5a67c0fb">
    <Deployment runDeploymentRoot="lauri_DESKTOP-JT43V3D_2026-09-25_05_51_48" />
  </TestSettings>
  <Results>
    <UnitTestResult executionId="485f697e-0252-459f-ae9c-6986e3dd6800" testId="5d4d76a2-8339-848a-35b7-9d6ea599ddda" testName="Cerneala.Tests.SdlGpu.SdlGpuShaderArtifactTests.Native_device_creates_drawing_and_prism_pipelines_from_offline_artifacts" computerName="DESKTOP-JT43V3D" duration="00:00:00.8862157" startTime="2026-09-25T05:51:48.8061981+03:00" endTime="2026-09-25T05:51:48.8062168+03:00" testType="13cdc9d9-ddb5-4fa4-a97d-d965ccfc6d4b" outcome="Passed" testListId="8c84fa94-04c1-424b-9868-57a2d4851a1d" relativeResultsDirectory="485f697e-0252-459f-ae9c-6986e3dd6800" />
  </Results>
  <TestDefinitions>
    <UnitTest name="Cerneala.Tests.SdlGpu.SdlGpuShaderArtifactTests.Native_device_creates_drawing_and_prism_pipelines_from_offline_artifacts" storage="c:\users\lauri\desktop\cerneala\tests\cerneala.tests.sdlgpu\bin\release\net8.0\cerneala.tests.sdlgpu.dll" id="5d4d76a2-8339-848a-35b7-9d6ea599ddda">
      <Execution id="485f697e-0252-459f-ae9c-6986e3dd6800" />
      <TestMethod codeBase="C:\Users\lauri\Desktop\Cerneala\tests\Cerneala.Tests.SdlGpu\bin\Release\net8.0\Cerneala.Tests.SdlGpu.dll" adapterTypeName="executor://xunit/VsTestRunner2/netcoreapp" className="Cerneala.Tests.SdlGpu.SdlGpuShaderArtifactTests" name="Native_device_creates_drawing_and_prism_pipelines_from_offline_artifacts" />
    </UnitTest>
  </TestDefinitions>
  <TestEntries>
    <TestEntry testId="5d4d76a2-8339-848a-35b7-9d6ea599ddda" executionId="485f697e-0252-459f-ae9c-6986e3dd6800" testListId="8c84fa94-04c1-424b-9868-57a2d4851a1d" />
  </TestEntries>
  <TestLists>
    <TestList name="Results Not in a List" id="8c84fa94-04c1-424b-9868-57a2d4851a1d" />
    <TestList name="All Loaded Results" id="19431567-8539-422a-85d7-44ee4e166bda" />
  </TestLists>
  <ResultSummary outcome="Completed">
    <Counters total="1" executed="1" passed="1" failed="0" error="0" timeout="0" aborted="0" inconclusive="0" passedButRunAborted="0" notRunnable="0" notExecuted="0" disconnected="0" warning="0" completed="0" inProgress="0" pending="0" />
    <Output>
      <StdOut>[xUnit.net 00:00:00.00] xUnit.net VSTest Adapter v2.5.3.1+6b60a9e56a (64-bit .NET 8.0.30)&#xD;
[xUnit.net 00:00:00.34]   Discovering: Cerneala.Tests.SdlGpu&#xD;
[xUnit.net 00:00:00.90]   Discovered:  Cerneala.Tests.SdlGpu&#xD;
[xUnit.net 00:00:00.91]   Starting:    Cerneala.Tests.SdlGpu&#xD;
[xUnit.net 00:00:01.84]   Finished:    Cerneala.Tests.SdlGpu&#xD;
</StdOut>
    </Output>
  </ResultSummary>
</TestRun>