<?xml version="1.0" encoding="utf-8"?>
<TestRun id="b9bfd630-6852-4a8f-8fe7-6e9271925e9f" name="lauri@DESKTOP-JT43V3D 2026-09-05 03:50:49" runUser="DESKTOP-JT43V3D\lauri" xmlns="http://microsoft.com/schemas/VisualStudio/TeamTest/2010">
  <Times creation="2026-09-05T03:50:49.2171489+03:00" queuing="2026-09-05T03:50:49.2171491+03:00" start="2026-09-05T03:50:48.1404668+03:00" finish="2026-09-05T03:50:51.1469857+03:00" />
  <TestSettings name="default" id="faa2376c-1f7f-4e30-a3df-8f92132d18f8">
    <Deployment runDeploymentRoot="lauri_DESKTOP-JT43V3D_2026-09-05_03_50_49" />
  </TestSettings>
  <Results>
    <UnitTestResult executionId="7b7742a0-bf1a-410c-a0e5-6748a71588d1" testId="20a6e335-2067-179c-dad1-bcee4365174d" testName="Cerneala.Tests.Scene2DImporters.ImportStageZeroContractTests.ImportProducesIndependentGoldenIncludingAtlasFlipOffsetsAndLayerOrder(format: &quot;Tiled&quot;, file: &quot;tiled-gzip.tmj&quot;)" computerName="DESKTOP-JT43V3D" duration="00:00:00.0029506" startTime="2026-09-05T03:50:49.3392677+03:00" endTime="2026-09-05T03:50:49.3392679+03:00" testType="13cdc9d9-ddb5-4fa4-a97d-d965ccfc6d4b" outcome="Passed" testListId="8c84fa94-04c1-424b-9868-57a2d4851a1d" relativeResultsDirectory="7b7742a0-bf1a-410c-a0e5-6748a71588d1" />
    <UnitTestResult executionId="85919419-9e86-4ded-9401-be2cb1fdaf4e" testId="69405313-74f6-8d7c-0a63-145018b5b3fb" testName="Cerneala.Tests.Scene2DImporters.TiledContractCoverageTests.TopDownOrderingIsStableAndGroupVisibilityDoesNotDestroySourceMetadata" computerName="DESKTOP-JT43V3D" duration="00:00:00.0146567" startTime="2026-09-05T03:50:51.0006681+03:00" endTime="2026-09-05T03:50:51.0006683+03:00" testType="13cdc9d9-ddb5-4fa4-a97d-d965ccfc6d4b" outcome="Passed" testListId="8c84fa94-04c1-424b-9868-57a2d4851a1d" relativeResultsDirectory="85919419-9e86-4ded-9401-be2cb1fdaf4e" />
    <UnitTestResult executionId="f424f3b3-49f1-4de9-afd6-1875d2e3bc18" testId="a55b5358-e53c-cc34-feea-60f1d4b8f40d" testName="Cerneala.Tests.Scene2DImporters.TiledContractCoverageTests.FieldsForADifferentLayerKindAreNotSilentlyLost(mutation: &quot;tile-nested-layers&quot;)" computerName="DESKTOP-JT43V3D" duration="00:00:00.0059878" startTime="2026-09-05T03:50:49.0130855+03:00" endTime="2026-09-05T03:50:49.0130856+03:00" testType="13cdc9d9-ddb5-4fa4-a97d-d965ccfc6d4b" outcome="Passed" testListId="8c84fa94-04c1-424b-9868-57a2d4851a1d" relativeResultsDirectory="f424f3b3-49f1-4de9-afd6-1875d2e3bc18" />
    <UnitTestResult executionId="f2943874-0527-4b55-bfe0-50374b0d7cad" testId="dfddb39b-7fe8-1325-f9c5-a4b855e03c8d" testName="Cerneala.Tests.Scene2DImporters.TiledContractCoverageTests.EveryFrozenUnsupportedTiledFieldAndEveryUnknownScopeFieldIsRejected" computerName="DESKTOP-JT43V3D" duration="00:00:00.1337929" startTime="2026-09-05T03:50:50.4222672+03:00" endTime="2026-09-05T03:50:50.4222675+03:00" testType="13cdc9d9-ddb5-4fa4-a97d-d965ccfc6d4b" outcome="Passed" testListId="8c84fa94-04c1-424b-9868-57a2d4851a1d" relativeResultsDirectory="f2943874-0527-4b55-bfe0-50374b0d7cad" />
    <UnitTestResult executionId="d923ff50-2579-403d-bdb8-bb42c70838fb" testId="eff41dd7-044e-602d-8ad1-ef770a1f5078" testName="Cerneala.Tests.Scene2DImporters.ImportStageZeroContractTests.InvalidAndUnsupportedDataHasStableLocatedDiagnosticsAndNoPartialPublication(file: &quot;invalid/path-escape.tmj&quot;, format: &quot;Tiled&quot;, code: &quot;SCN2D010&quot;, category: &quot;Fatal&quot;)" computerName="DESKTOP-JT43V3D" duration="00:00:00.0011744" startTime="2026-09-05T03:50:49.1210802+03:00" endTime="2026-09-05T03:50:49.1210803+03:00" testType="13cdc9d9-ddb5-4fa4-a97d-d965ccfc6d4b" outcome="Passed" testListId="8c84fa94-04c1-424b-9868-57a2d4851a1d" relativeResultsDirectory="d923ff50-2579-403d-bdb8-bb42c70838fb" />
    <UnitTestResult executionId="a392b117-2ff5-4690-8903-0ca683bf158c" testId="40e184e2-fbf6-b1f1-3d82-bc99fd9364bf" testName="Cerneala.Tests.Scene2DImporters.TiledContractCoverageTests.FieldsForADifferentLayerKindAreNotSilentlyLost(mutation: &quot;group-data&quot;)" computerName="DESKTOP-JT43V3D" duration="00:00:00.0521453" startTime="2026-09-05T03:50:49.0062602+03:00" endTime="2026-09-05T03:50:49.0062944+03:00" testType="13cdc9d9-ddb5-4fa4-a97d-d965ccfc6d4b" outcome="Passed" testListId="8c84fa94-04c1-424b-9868-57a2d4851a1d" relativeResultsDirectory="a392b117-2ff5-4690-8903-0ca683bf158c" />
    <UnitTestResult executionId="9a3a1b87-d1ee-4950-97a9-651ebd48a3f7" testId="9a686bd9-eac4-5e7c-12c7-28ab1578dec8" testName="Cerneala.Tests.Scene2DImporters.TiledHostileInputTests.HostileOrUnsupportedDataCannotPublishAPartialDocument(mutation: &quot;animation&quot;, code: &quot;SCN2D004&quot;)" computerName="DESKTOP-JT43V3D" duration="00:00:00.0060415" startTime="2026-09-05T03:50:49.1007883+03:00" endTime="2026-09-05T03:50:49.1007885+03:00" testType="13cdc9d9-ddb5-4fa4-a97d-d965ccfc6d4b" outcome="Passed" testListId="8c84fa94-04c1-424b-9868-57a2d4851a1d" relativeResultsDirectory="9a3a1b87-d1ee-4950-97a9-651ebd48a3f7" />
    <UnitTestResult executionId="86f7e8c9-e756-4825-8cd3-9bbf8f5700d0" testId="69934315-3c79-d856-7e72-26d250eb6c9a" testName="Cerneala.Tests.Scene2DImporters.TiledContractCoverageTests.TruncatedCompressionContainerDoesNotBecomeAValidMap(compression: &quot;zlib&quot;)" computerName="DESKTOP-JT43V3D" duration="00:00:00.0291539" startTime="2026-09-05T03:50:49.1016137+03:00" endTime="2026-09-05T03:50:49.1016140+03:00" testType="13cdc9d9-ddb5-4fa4-a97d-d965ccfc6d4b" outcome="Passed" testListId="8c84fa94-04c1-424b-9868-57a2d4851a1d" relativeResultsDirectory="86f7e8c9-e756-4825-8cd3-9bbf8f5700d0" />
    <UnitTestResult executionId="694d9a63-6d11-456a-aaa2-535dd9279bec" testId="e0de932c-b99a-e913-9e6e-80c8efa381fc" testName="Cerneala.Tests.Scene2DImporters.TiledHostileInputTests.ExplicitBudgetsFailBeforePublishing(option: &quot;MaxCells&quot;, value: 3)" computerName="DESKTOP-JT43V3D" duration="00:00:00.0050617" startTime="2026-09-05T03:50:49.8559083+03:00" endTime="2026-09-05T03:50:49.8559087+03:00" testType="13cdc9d9-ddb5-4fa4-a97d-d965ccfc6d4b" outcome="Passed" testListId="8c84fa94-04c1-424b-9868-57a2d4851a1d" relativeResultsDirectory="694d9a63-6d11-456a-aaa2-535dd9279bec" />
    <UnitTestResult executionId="839982e4-ceec-4e3d-b222-16a798d0a025" testId="9617b4cd-f8b8-8c16-0738-982e9aff80ad" testName="Cerneala.Tests.Scene2DImporters.ImportStageZeroContractTests.ImportProducesIndependentGoldenIncludingAtlasFlipOffsetsAndLayerOrder(format: &quot;Tiled&quot;, file: &quot;tiled-raw.tmj&quot;)" computerName="DESKTOP-JT43V3D" duration="00:00:00.0049521" startTime="2026-09-05T03:50:49.3370250+03:00" endTime="2026-09-05T03:50:49.3370254+03:00" testType="13cdc9d9-ddb5-4fa4-a97d-d965ccfc6d4b" outcome="Passed" testListId="8c84fa94-04c1-424b-9868-57a2d4851a1d" relativeResultsDirectory="839982e4-ceec-4e3d-b222-16a798d0a025" />
    <UnitTestResult executionId="f1e8d218-c69d-406a-872e-46858a87e51a" testId="80a69860-e036-fa04-2a49-7ce4d708e483" testName="Cerneala.Tests.Scene2DImporters.ImportStageZeroContractTests.InvalidAndUnsupportedDataHasStableLocatedDiagnosticsAndNoPartialPublication(file: &quot;invalid/empty-promotion.tmj&quot;, format: &quot;Tiled&quot;, code: &quot;SCN2D012&quot;, category: &quot;Error&quot;)" computerName="DESKTOP-JT43V3D" duration="00:00:00.1553667" startTime="2026-09-05T03:50:49.1076882+03:00" endTime="2026-09-05T03:50:49.1076885+03:00" testType="13cdc9d9-ddb5-4fa4-a97d-d965ccfc6d4b" outcome="Passed" testListId="8c84fa94-04c1-424b-9868-57a2d4851a1d" relativeResultsDirectory="f1e8d218-c69d-406a-872e-46858a87e51a" />
    <UnitTestResult executionId="01564a03-70e5-4470-bda3-920cba640a77" testId="ea8789cf-4e8a-bbb8-8fa7-61802c16714e" testName="Cerneala.Tests.Scene2DImporters.TiledHostileInputTests.DiagnosticRetentionCannotHideAnErrorBehindEditorWarnings" computerName="DESKTOP-JT43V3D" duration="00:00:00.0532411" startTime="2026-09-05T03:50:49.0106866+03:00" endTime="2026-09-05T03:50:49.0106868+03:00" testType="13cdc9d9-ddb5-4fa4-a97d-d965ccfc6d4b" outcome="Passed" testListId="8c84fa94-04c1-424b-9868-57a2d4851a1d" relativeResultsDirectory="01564a03-70e5-4470-bda3-920cba640a77" />
    <UnitTestResult executionId="5d6916b1-8e9b-4b9b-9326-5712f0f2c94a" testId="0799c4bd-a5b3-d121-c9fd-d7c49ac6f68d" testName="Cerneala.Tests.Scene2DImporters.ImportStageZeroContractTests.InvalidAndUnsupportedDataHasStableLocatedDiagnosticsAndNoPartialPublication(file: &quot;invalid/absent-promotion.tmj&quot;, format: &quot;Tiled&quot;, code: &quot;SCN2D012&quot;, category: &quot;Error&quot;)" computerName="DESKTOP-JT43V3D" duration="00:00:00.0014287" startTime="2026-09-05T03:50:49.1381987+03:00" endTime="2026-09-05T03:50:49.1381990+03:00" testType="13cdc9d9-ddb5-4fa4-a97d-d965ccfc6d4b" outcome="Passed" testListId="8c84fa94-04c1-424b-9868-57a2d4851a1d" relativeResultsDirectory="5d6916b1-8e9b-4b9b-9326-5712f0f2c94a" />
    <UnitTestResult executionId="637b5e74-5ad4-46aa-8ad7-7463f42e63a3" testId="3002757c-a194-abea-5c1b-9edb408d4817" testName="Cerneala.Tests.Scene2DImporters.TiledHostileInputTests.ExplicitBudgetsFailBeforePublishing(option: &quot;MaxLayers&quot;, value: 1)" computerName="DESKTOP-JT43V3D" duration="00:00:00.0038475" startTime="2026-09-05T03:50:49.8706615+03:00" endTime="2026-09-05T03:50:49.8706618+03:00" testType="13cdc9d9-ddb5-4fa4-a97d-d965ccfc6d4b" outcome="Passed" testListId="8c84fa94-04c1-424b-9868-57a2d4851a1d" relativeResultsDirectory="637b5e74-5ad4-46aa-8ad7-7463f42e63a3" />
    <UnitTestResult executionId="9ade39f9-76c1-466b-9513-29fbc8ecc9e4" testId="ced0aa19-fcbb-fee2-2cdc-ece7f2ce8d66" testName="Cerneala.Tests.Scene2DImporters.TiledContractCoverageTests.TileCollisionObjectsComposeTheirLocalRotationAndGroupOffsetExactlyOnce" computerName="DESKTOP-JT43V3D" duration="00:00:00.0099827" startTime="2026-09-05T03:50:50.4323725+03:00" endTime="2026-09-05T03:50:50.4323728+03:00" testType="13cdc9d9-ddb5-4fa4-a97d-d965ccfc6d4b" outcome="Passed" testListId="8c84fa94-04c1-424b-9868-57a2d4851a1d" relativeResultsDirectory="9ade39f9-76c1-466b-9513-29fbc8ecc9e4" />
    <UnitTestResult executionId="cf909312-ef65-4ef7-8e8b-c195f193b579" testId="098ca5c2-b614-53e6-a3fa-964a33c5887a" testName="Cerneala.Tests.Scene2DImporters.ImportStageZeroContractTests.InvalidAndUnsupportedDataHasStableLocatedDiagnosticsAndNoPartialPublication(file: &quot;invalid/unsupported.tmj&quot;, format: &quot;Tiled&quot;, code: &quot;SCN2D004&quot;, category: &quot;Unsupported&quot;)" computerName="DESKTOP-JT43V3D" duration="00:00:00.0007469" startTime="2026-09-05T03:50:49.1390111+03:00" endTime="2026-09-05T03:50:49.1390113+03:00" testType="13cdc9d9-ddb5-4fa4-a97d-d965ccfc6d4b" outcome="Passed" testListId="8c84fa94-04c1-424b-9868-57a2d4851a1d" relativeResultsDirectory="cf909312-ef65-4ef7-8e8b-c195f193b579" />
    <UnitTestResult executionId="3938fe38-cda4-4563-86b2-95a6dc15fb57" testId="6914e86a-3c3a-43c1-c735-3ded38d7552b" testName="Cerneala.Tests.Scene2DImporters.TiledContractCoverageTests.ExternalTilesetAndFilePropertiesResolveRelativeToTheirOwnFileInsideRoot" computerName="DESKTOP-JT43V3D" duration="00:00:00.0475694" startTime="2026-09-05T03:50:50.9857154+03:00" endTime="2026-09-05T03:50:50.9857158+03:00" testType="13cdc9d9-ddb5-4fa4-a97d-d965ccfc6d4b" outcome="Passed" testListId="8c84fa94-04c1-424b-9868-57a2d4851a1d" relativeResultsDirectory="3938fe38-cda4-4563-86b2-95a6dc15fb57" />
    <UnitTestResult executionId="86c7b8e7-9110-46a6-a843-562188511783" testId="679458d5-2c25-0eff-9ff4-47282b980e7d" testName="Cerneala.Tests.Scene2DImporters.ImportStageZeroContractTests.ImportProducesIndependentGoldenIncludingAtlasFlipOffsetsAndLayerOrder(format: &quot;Tiled&quot;, file: &quot;tiled-finite.tmj&quot;)" computerName="DESKTOP-JT43V3D" duration="00:00:00.0019857" startTime="2026-09-05T03:50:49.3312032+03:00" endTime="2026-09-05T03:50:49.3312035+03:00" testType="13cdc9d9-ddb5-4fa4-a97d-d965ccfc6d4b" outcome="Passed" testListId="8c84fa94-04c1-424b-9868-57a2d4851a1d" relativeResultsDirectory="86c7b8e7-9110-46a6-a843-562188511783" />
    <UnitTestResult executionId="328163df-2cd0-4346-9d25-dc45256f16d8" testId="d8e3e2d7-f40c-ed71-cf91-1eb2a41141d8" testName="Cerneala.Tests.Scene2DImporters.ImportStageZeroContractTests.InvalidAndUnsupportedDataHasStableLocatedDiagnosticsAndNoPartialPublication(file: &quot;invalid/degenerate-collider.tmj&quot;, format: &quot;Tiled&quot;, code: &quot;SCN2D008&quot;, category: &quot;Error&quot;)" computerName="DESKTOP-JT43V3D" duration="00:00:00.0017538" startTime="2026-09-05T03:50:49.1227805+03:00" endTime="2026-09-05T03:50:49.1227809+03:00" testType="13cdc9d9-ddb5-4fa4-a97d-d965ccfc6d4b" outcome="Passed" testListId="8c84fa94-04c1-424b-9868-57a2d4851a1d" relativeResultsDirectory="328163df-2cd0-4346-9d25-dc45256f16d8" />
    <UnitTestResult executionId="883d82f2-fe47-4adb-b458-0eb4b1135fd7" testId="44edae4e-4cf3-b98f-9509-b4eca9aaa9a0" testName="Cerneala.Tests.Scene2DImporters.TiledContractCoverageTests.TruncatedCompressionContainerDoesNotBecomeAValidMap(compression: &quot;gzip&quot;)" computerName="DESKTOP-JT43V3D" duration="00:00:00.0415745" startTime="2026-09-05T03:50:49.1011624+03:00" endTime="2026-09-05T03:50:49.1011625+03:00" testType="13cdc9d9-ddb5-4fa4-a97d-d965ccfc6d4b" outcome="Passed" testListId="8c84fa94-04c1-424b-9868-57a2d4851a1d" relativeResultsDirectory="883d82f2-fe47-4adb-b458-0eb4b1135fd7" />
    <UnitTestResult executionId="59aa66f5-bcf5-4232-b7b5-849514c77420" testId="8c27b1db-98e3-7f36-933d-d29820e4e303" testName="Cerneala.Tests.Scene2DImporters.ImportStageZeroContractTests.GroupOffsetsOpacityAndTintComposeWithoutChangingLayerIdentity" computerName="DESKTOP-JT43V3D" duration="00:00:00.0045543" startTime="2026-09-05T03:50:49.3521250+03:00" endTime="2026-09-05T03:50:49.3521255+03:00" testType="13cdc9d9-ddb5-4fa4-a97d-d965ccfc6d4b" outcome="Passed" testListId="8c84fa94-04c1-424b-9868-57a2d4851a1d" relativeResultsDirectory="59aa66f5-bcf5-4232-b7b5-849514c77420" />
    <UnitTestResult executionId="75d07f0d-79cf-40ba-b9c0-d547d9183597" testId="eaefa333-162a-a66c-7a14-d10be44d9480" testName="Cerneala.Tests.Scene2DImporters.TiledHostileInputTests.HostileOrUnsupportedDataCannotPublishAPartialDocument(mutation: &quot;parallax&quot;, code: &quot;SCN2D004&quot;)" computerName="DESKTOP-JT43V3D" duration="00:00:00.0056718" startTime="2026-09-05T03:50:49.1558949+03:00" endTime="2026-09-05T03:50:49.1558950+03:00" testType="13cdc9d9-ddb5-4fa4-a97d-d965ccfc6d4b" outcome="Passed" testListId="8c84fa94-04c1-424b-9868-57a2d4851a1d" relativeResultsDirectory="75d07f0d-79cf-40ba-b9c0-d547d9183597" />
    <UnitTestResult executionId="6a639b2c-3bf1-41b9-9bc4-4156c626c327" testId="98c9c4b6-c957-8981-3a19-9929ec568a49" testName="Cerneala.Tests.Scene2DImporters.TiledHostileInputTests.HostileOrUnsupportedDataCannotPublishAPartialDocument(mutation: &quot;rooted-asset&quot;, code: &quot;SCN2D010&quot;)" computerName="DESKTOP-JT43V3D" duration="00:00:00.0182707" startTime="2026-09-05T03:50:49.1765428+03:00" endTime="2026-09-05T03:50:49.1765432+03:00" testType="13cdc9d9-ddb5-4fa4-a97d-d965ccfc6d4b" outcome="Passed" testListId="8c84fa94-04c1-424b-9868-57a2d4851a1d" relativeResultsDirectory="6a639b2c-3bf1-41b9-9bc4-4156c626c327" />
    <UnitTestResult executionId="173e089e-141e-4693-acf3-f19ebca750b7" testId="0e23bb29-4133-c8c3-90c4-d165f1c33b39" testName="Cerneala.Tests.Scene2DImporters.ImportStageZeroContractTests.AllEightTiledFlipCombinationsSurviveAsCoreData" computerName="DESKTOP-JT43V3D" duration="00:00:00.0117255" startTime="2026-09-05T03:50:49.1558087+03:00" endTime="2026-09-05T03:50:49.1558093+03:00" testType="13cdc9d9-ddb5-4fa4-a97d-d965ccfc6d4b" outcome="Passed" testListId="8c84fa94-04c1-424b-9868-57a2d4851a1d" relativeResultsDirectory="173e089e-141e-4693-acf3-f19ebca750b7" />
    <UnitTestResult executionId="5fa818fb-0c65-4b6e-9bed-59a69b3be71b" testId="dd4a7426-e7ff-3323-1df6-cf23044a5d75" testName="Cerneala.Tests.Scene2DImporters.TiledContractCoverageTests.StructuralReferencesAndReservedConventionsCannotBeSilentlyInvented(mutation: &quot;unknown-alignment&quot;, code: &quot;SCN2D004&quot;)" computerName="DESKTOP-JT43V3D" duration="00:00:00.0201167" startTime="2026-09-05T03:50:49.2134029+03:00" endTime="2026-09-05T03:50:49.2134030+03:00" testType="13cdc9d9-ddb5-4fa4-a97d-d965ccfc6d4b" outcome="Passed" testListId="8c84fa94-04c1-424b-9868-57a2d4851a1d" relativeResultsDirectory="5fa818fb-0c65-4b6e-9bed-59a69b3be71b" />
    <UnitTestResult executionId="d90a61da-f121-44f5-8b92-2b540d65442a" testId="13a0feeb-d0eb-412a-8fe0-e98d2e6e0e20" testName="Cerneala.Tests.Scene2DImporters.TiledHostileInputTests.HostileOrUnsupportedDataCannotPublishAPartialDocument(mutation: &quot;malformed-property&quot;, code: &quot;SCN2D016&quot;)" computerName="DESKTOP-JT43V3D" duration="00:00:00.0045915" startTime="2026-09-05T03:50:49.1012610+03:00" endTime="2026-09-05T03:50:49.1012610+03:00" testType="13cdc9d9-ddb5-4fa4-a97d-d965ccfc6d4b" outcome="Passed" testListId="8c84fa94-04c1-424b-9868-57a2d4851a1d" relativeResultsDirectory="d90a61da-f121-44f5-8b92-2b540d65442a" />
    <UnitTestResult executionId="4a6c12c4-c244-4d58-bf59-6475b269ae0f" testId="368526ba-9948-0d93-87b1-52f4c8c87e47" testName="Cerneala.Tests.Scene2DImporters.TiledHostileInputTests.NormalizationInsideRootAndHistoricalHexBitPreserveTheMap" computerName="DESKTOP-JT43V3D" duration="00:00:00.0080994" startTime="2026-09-05T03:50:49.8829448+03:00" endTime="2026-09-05T03:50:49.8829450+03:00" testType="13cdc9d9-ddb5-4fa4-a97d-d965ccfc6d4b" outcome="Passed" testListId="8c84fa94-04c1-424b-9868-57a2d4851a1d" relativeResultsDirectory="4a6c12c4-c244-4d58-bf59-6475b269ae0f" />
    <UnitTestResult executionId="9130976e-1dff-46b4-80ef-e53b69e4b323" testId="71cd2bc2-3c51-19be-775a-b13e5a023ab3" testName="Cerneala.Tests.Scene2DImporters.TiledHostileInputTests.HostileOrUnsupportedDataCannotPublishAPartialDocument(mutation: &quot;duplicate-layer&quot;, code: &quot;SCN2D015&quot;)" computerName="DESKTOP-JT43V3D" duration="00:00:00.0060901" startTime="2026-09-05T03:50:49.1473920+03:00" endTime="2026-09-05T03:50:49.1473924+03:00" testType="13cdc9d9-ddb5-4fa4-a97d-d965ccfc6d4b" outcome="Passed" testListId="8c84fa94-04c1-424b-9868-57a2d4851a1d" relativeResultsDirectory="9130976e-1dff-46b4-80ef-e53b69e4b323" />
    <UnitTestResult executionId="06c891d0-f930-4b16-b292-b216f26302a4" testId="57bc0de0-e4f0-25f5-4087-66c9ff1268e4" testName="Cerneala.Tests.Scene2DImporters.TiledHostileInputTests.HostileOrUnsupportedDataCannotPublishAPartialDocument(mutation: &quot;stream-asset&quot;, code: &quot;SCN2D010&quot;)" computerName="DESKTOP-JT43V3D" duration="00:00:00.0095059" startTime="2026-09-05T03:50:49.1411635+03:00" endTime="2026-09-05T03:50:49.1411639+03:00" testType="13cdc9d9-ddb5-4fa4-a97d-d965ccfc6d4b" outcome="Passed" testListId="8c84fa94-04c1-424b-9868-57a2d4851a1d" relativeResultsDirectory="06c891d0-f930-4b16-b292-b216f26302a4" />
    <UnitTestResult executionId="5bc9a02f-e9fc-4fbe-aa61-983c987d781f" testId="3bfefb6c-faed-d1b0-181f-18f44d977634" testName="Cerneala.Tests.Scene2DImporters.ImportStageZeroContractTests.InvalidAndUnsupportedDataHasStableLocatedDiagnosticsAndNoPartialPublication(file: &quot;invalid/version.tmj&quot;, format: &quot;Tiled&quot;, code: &quot;SCN2D003&quot;, category: &quot;Fatal&quot;)" computerName="DESKTOP-JT43V3D" duration="00:00:00.0012250" startTime="2026-09-05T03:50:49.1117720+03:00" endTime="2026-09-05T03:50:49.1117726+03:00" testType="13cdc9d9-ddb5-4fa4-a97d-d965ccfc6d4b" outcome="Passed" testListId="8c84fa94-04c1-424b-9868-57a2d4851a1d" relativeResultsDirectory="5bc9a02f-e9fc-4fbe-aa61-983c987d781f" />
    <UnitTestResult executionId="9f4eae09-ef64-41a4-a507-f48c98c73c33" testId="25a90eb8-aa66-f6f0-da89-238e1310fd36" testName="Cerneala.Tests.Scene2DImporters.TiledHostileInputTests.HostileOrUnsupportedDataCannotPublishAPartialDocument(mutation: &quot;duplicate-tile&quot;, code: &quot;SCN2D015&quot;)" computerName="DESKTOP-JT43V3D" duration="00:00:00.0151860" startTime="2026-09-05T03:50:49.1011089+03:00" endTime="2026-09-05T03:50:49.1011090+03:00" testType="13cdc9d9-ddb5-4fa4-a97d-d965ccfc6d4b" outcome="Passed" testListId="8c84fa94-04c1-424b-9868-57a2d4851a1d" relativeResultsDirectory="9f4eae09-ef64-41a4-a507-f48c98c73c33" />
    <UnitTestResult executionId="ecee3d48-c2dc-4449-8284-cf5157d44ef8" testId="062d4e01-95c0-ca4f-9e89-83382dab0c63" testName="Cerneala.Tests.Scene2DImporters.TiledContractCoverageTests.ExternalTilesetRequiresAnObjectRatherThanThrowingAnImplementationException(payload: &quot;42&quot;)" computerName="DESKTOP-JT43V3D" duration="00:00:00.0077162" startTime="2026-09-05T03:50:49.2635177+03:00" endTime="2026-09-05T03:50:49.2635190+03:00" testType="13cdc9d9-ddb5-4fa4-a97d-d965ccfc6d4b" outcome="Passed" testListId="8c84fa94-04c1-424b-9868-57a2d4851a1d" relativeResultsDirectory="ecee3d48-c2dc-4449-8284-cf5157d44ef8" />
    <UnitTestResult executionId="0e5d88dc-833d-4a21-9786-a7fa8b25ef96" testId="5de5f8c7-641c-39a0-5f00-b27911f0b7a9" testName="Cerneala.Tests.Scene2DImporters.TiledContractCoverageTests.StructuralReferencesAndReservedConventionsCannotBeSilentlyInvented(mutation: &quot;unknown-role&quot;, code: &quot;SCN2D004&quot;)" computerName="DESKTOP-JT43V3D" duration="00:00:00.0091662" startTime="2026-09-05T03:50:49.1677723+03:00" endTime="2026-09-05T03:50:49.1677727+03:00" testType="13cdc9d9-ddb5-4fa4-a97d-d965ccfc6d4b" outcome="Passed" testListId="8c84fa94-04c1-424b-9868-57a2d4851a1d" relativeResultsDirectory="0e5d88dc-833d-4a21-9786-a7fa8b25ef96" />
    <UnitTestResult executionId="f20a2a07-b97d-4e65-bbde-2df35f659592" testId="83c3d4b2-db7e-ecec-a865-b4f4638cf06d" testName="Cerneala.Tests.Scene2DImporters.ImportStageZeroContractTests.InvalidAndUnsupportedDataHasStableLocatedDiagnosticsAndNoPartialPublication(file: &quot;invalid/editor-warning.tmj&quot;, format: &quot;Tiled&quot;, code: &quot;SCN2D017&quot;, category: &quot;Warning&quot;)" computerName="DESKTOP-JT43V3D" duration="00:00:00.0049100" startTime="2026-09-05T03:50:49.1289835+03:00" endTime="2026-09-05T03:50:49.1289839+03:00" testType="13cdc9d9-ddb5-4fa4-a97d-d965ccfc6d4b" outcome="Passed" testListId="8c84fa94-04c1-424b-9868-57a2d4851a1d" relativeResultsDirectory="f20a2a07-b97d-4e65-bbde-2df35f659592" />
    <UnitTestResult executionId="35ffc73e-f163-4cb8-b8a9-1ed19566164f" testId="7ac7354c-2f6d-1c7f-ae59-aa5ba8d1d0f5" testName="Cerneala.Tests.Scene2DImporters.TiledHostileInputTests.TruncatedJsonAndDuplicateMembersProduceControlledLocatedDiagnostics" computerName="DESKTOP-JT43V3D" duration="00:00:00.5191743" startTime="2026-09-05T03:50:49.8506882+03:00" endTime="2026-09-05T03:50:49.8506896+03:00" testType="13cdc9d9-ddb5-4fa4-a97d-d965ccfc6d4b" outcome="Passed" testListId="8c84fa94-04c1-424b-9868-57a2d4851a1d" relativeResultsDirectory="35ffc73e-f163-4cb8-b8a9-1ed19566164f" />
    <UnitTestResult executionId="191d9cfe-6a3c-4e2b-908c-2feceb9c2773" testId="c59996ba-31f8-bf26-4004-b8d5c2fd536e" testName="Cerneala.Tests.Scene2DImporters.TiledContractCoverageTests.StructuralReferencesAndReservedConventionsCannotBeSilentlyInvented(mutation: &quot;columns&quot;, code: &quot;SCN2D007&quot;)" computerName="DESKTOP-JT43V3D" duration="00:00:00.0131561" startTime="2026-09-05T03:50:49.1810759+03:00" endTime="2026-09-05T03:50:49.1810767+03:00" testType="13cdc9d9-ddb5-4fa4-a97d-d965ccfc6d4b" outcome="Passed" testListId="8c84fa94-04c1-424b-9868-57a2d4851a1d" relativeResultsDirectory="191d9cfe-6a3c-4e2b-908c-2feceb9c2773" />
    <UnitTestResult executionId="363f2476-5edc-427c-93bd-b1374f9e2fe6" testId="0e2495df-a69d-1992-451a-8672a8ab5a69" testName="Cerneala.Tests.Scene2DImporters.TiledHostileInputTests.HostileOrUnsupportedDataCannotPublishAPartialDocument(mutation: &quot;network-asset&quot;, code: &quot;SCN2D010&quot;)" computerName="DESKTOP-JT43V3D" duration="00:00:00.0136017" startTime="2026-09-05T03:50:49.1184697+03:00" endTime="2026-09-05T03:50:49.1184700+03:00" testType="13cdc9d9-ddb5-4fa4-a97d-d965ccfc6d4b" outcome="Passed" testListId="8c84fa94-04c1-424b-9868-57a2d4851a1d" relativeResultsDirectory="363f2476-5edc-427c-93bd-b1374f9e2fe6" />
    <UnitTestResult executionId="9a740711-32c4-49b2-81fb-0628d661394d" testId="60bcf199-30fc-eee8-e53d-a559e020496e" testName="Cerneala.Tests.Scene2DImporters.ImportStageZeroContractTests.SparsePromotionKeepsStableAddressAndTemplatePropertiesWithoutCreatingUiNodes(file: &quot;tiled-objects.tmj&quot;, x: 1, y: 0)" computerName="DESKTOP-JT43V3D" duration="00:00:00.1534419" startTime="2026-09-05T03:50:49.3043603+03:00" endTime="2026-09-05T03:50:49.3043606+03:00" testType="13cdc9d9-ddb5-4fa4-a97d-d965ccfc6d4b" outcome="Passed" testListId="8c84fa94-04c1-424b-9868-57a2d4851a1d" relativeResultsDirectory="9a740711-32c4-49b2-81fb-0628d661394d" />
    <UnitTestResult executionId="e9da837c-876f-44a9-bc7e-b3621a02b89c" testId="2bdd12a4-6c42-b129-97e3-1c70e7f999fc" testName="Cerneala.Tests.Scene2DImporters.TiledHostileInputTests.DecodingRejectsMissingTrailingAndExplosivePayloads(compression: &quot;gzip&quot;)" computerName="DESKTOP-JT43V3D" duration="00:00:00.0289785" startTime="2026-09-05T03:50:49.3313375+03:00" endTime="2026-09-05T03:50:49.3313376+03:00" testType="13cdc9d9-ddb5-4fa4-a97d-d965ccfc6d4b" outcome="Passed" testListId="8c84fa94-04c1-424b-9868-57a2d4851a1d" relativeResultsDirectory="e9da837c-876f-44a9-bc7e-b3621a02b89c" />
    <UnitTestResult executionId="fd16293d-483c-4c14-839a-a97f75cc6344" testId="44064582-25f9-f07f-5647-1941fbe22d67" testName="Cerneala.Tests.Scene2DImporters.ImportStageZeroContractTests.InvalidAndUnsupportedDataHasStableLocatedDiagnosticsAndNoPartialPublication(file: &quot;invalid/atlas-bounds.tmj&quot;, format: &quot;Tiled&quot;, code: &quot;SCN2D007&quot;, category: &quot;Error&quot;)" computerName="DESKTOP-JT43V3D" duration="00:00:00.0009028" startTime="2026-09-05T03:50:49.1177820+03:00" endTime="2026-09-05T03:50:49.1177824+03:00" testType="13cdc9d9-ddb5-4fa4-a97d-d965ccfc6d4b" outcome="Passed" testListId="8c84fa94-04c1-424b-9868-57a2d4851a1d" relativeResultsDirectory="fd16293d-483c-4c14-839a-a97f75cc6344" />
    <UnitTestResult executionId="d0193522-82c9-4e4a-90f9-0d71be9a4129" testId="a775d205-18de-eb84-e2f9-c98de9bd10d8" testName="Cerneala.Tests.Scene2DImporters.ImportStageZeroContractTests.ImportProducesIndependentGoldenIncludingAtlasFlipOffsetsAndLayerOrder(format: &quot;Tiled&quot;, file: &quot;tiled-external.tmj&quot;)" computerName="DESKTOP-JT43V3D" duration="00:00:00.0047933" startTime="2026-09-05T03:50:49.3291413+03:00" endTime="2026-09-05T03:50:49.3291415+03:00" testType="13cdc9d9-ddb5-4fa4-a97d-d965ccfc6d4b" outcome="Passed" testListId="8c84fa94-04c1-424b-9868-57a2d4851a1d" relativeResultsDirectory="d0193522-82c9-4e4a-90f9-0d71be9a4129" />
    <UnitTestResult executionId="68225f7b-c1c6-4272-85b6-7754129bffcb" testId="741cb669-1e0e-831e-1845-9d370058fde9" testName="Cerneala.Tests.Scene2DImporters.TiledContractCoverageTests.StructuralReferencesAndReservedConventionsCannotBeSilentlyInvented(mutation: &quot;tile-object-id&quot;, code: &quot;SCN2D015&quot;)" computerName="DESKTOP-JT43V3D" duration="00:00:00.0191870" startTime="2026-09-05T03:50:49.2325231+03:00" endTime="2026-09-05T03:50:49.2325234+03:00" testType="13cdc9d9-ddb5-4fa4-a97d-d965ccfc6d4b" outcome="Passed" testListId="8c84fa94-04c1-424b-9868-57a2d4851a1d" relativeResultsDirectory="68225f7b-c1c6-4272-85b6-7754129bffcb" />
    <UnitTestResult executionId="06c1b0b3-9877-421b-ae07-81227c34aed6" testId="6431ea36-efea-c395-d366-808954599a13" testName="Cerneala.Tests.Scene2DImporters.TiledHostileInputTests.HostileOrUnsupportedDataCannotPublishAPartialDocument(mutation: &quot;fractional-gid&quot;, code: &quot;SCN2D006&quot;)" computerName="DESKTOP-JT43V3D" duration="00:00:00.0180311" startTime="2026-09-05T03:50:49.1010373+03:00" endTime="2026-09-05T03:50:49.1010373+03:00" testType="13cdc9d9-ddb5-4fa4-a97d-d965ccfc6d4b" outcome="Passed" testListId="8c84fa94-04c1-424b-9868-57a2d4851a1d" relativeResultsDirectory="06c1b0b3-9877-421b-ae07-81227c34aed6" />
    <UnitTestResult executionId="968a8259-5a5f-411f-b5f6-3f3e9507cb22" testId="95902fb2-bc00-0e73-c570-e25dff5fa245" testName="Cerneala.Tests.Scene2DImporters.TiledContractCoverageTests.StructuralReferencesAndReservedConventionsCannotBeSilentlyInvented(mutation: &quot;missing-orientation&quot;, code: &quot;SCN2D002&quot;)" computerName="DESKTOP-JT43V3D" duration="00:00:00.0115961" startTime="2026-09-05T03:50:49.1973352+03:00" endTime="2026-09-05T03:50:49.1973355+03:00" testType="13cdc9d9-ddb5-4fa4-a97d-d965ccfc6d4b" outcome="Passed" testListId="8c84fa94-04c1-424b-9868-57a2d4851a1d" relativeResultsDirectory="968a8259-5a5f-411f-b5f6-3f3e9507cb22" />
    <UnitTestResult executionId="1e69c026-07df-456a-965b-820df24acf45" testId="52ff1f11-ce0b-4306-f0fe-638d282bc1a6" testName="Cerneala.Tests.Scene2DImporters.TiledContractCoverageTests.ExternalTilesetRequiresAnObjectRatherThanThrowingAnImplementationException(payload: &quot;null&quot;)" computerName="DESKTOP-JT43V3D" duration="00:00:00.0054695" startTime="2026-09-05T03:50:49.2402289+03:00" endTime="2026-09-05T03:50:49.2402290+03:00" testType="13cdc9d9-ddb5-4fa4-a97d-d965ccfc6d4b" outcome="Passed" testListId="8c84fa94-04c1-424b-9868-57a2d4851a1d" relativeResultsDirectory="1e69c026-07df-456a-965b-820df24acf45" />
    <UnitTestResult executionId="02c4da04-99f4-40de-a190-a40d185dda3b" testId="efa54d9c-7d8e-8c14-111d-a7ac0d73c086" testName="Cerneala.Tests.Scene2DImporters.TiledContractCoverageTests.GzipOptionalHeadersHeaderChecksumAndConcatenatedMembersRemainSupported" computerName="DESKTOP-JT43V3D" duration="00:00:00.0226372" startTime="2026-09-05T03:50:51.0232906+03:00" endTime="2026-09-05T03:50:51.0232909+03:00" testType="13cdc9d9-ddb5-4fa4-a97d-d965ccfc6d4b" outcome="Passed" testListId="8c84fa94-04c1-424b-9868-57a2d4851a1d" relativeResultsDirectory="02c4da04-99f4-40de-a190-a40d185dda3b" />
    <UnitTestResult executionId="bddd94eb-0688-45c4-a3d6-6e865e512a58" testId="1c5ea004-a29f-c6b6-142c-82a2561bf4dd" testName="Cerneala.Tests.Scene2DImporters.TiledHostileInputTests.DecodingRejectsMissingTrailingAndExplosivePayloads(compression: &quot;raw&quot;)" computerName="DESKTOP-JT43V3D" duration="00:00:00.0750975" startTime="2026-09-05T03:50:49.2579434+03:00" endTime="2026-09-05T03:50:49.2579441+03:00" testType="13cdc9d9-ddb5-4fa4-a97d-d965ccfc6d4b" outcome="Passed" testListId="8c84fa94-04c1-424b-9868-57a2d4851a1d" relativeResultsDirectory="bddd94eb-0688-45c4-a3d6-6e865e512a58" />
    <UnitTestResult executionId="c73b48a8-f63c-4ebf-abf0-db2e715ee35a" testId="c1e6f729-8fad-e997-06d3-c3c1f6a51dd8" testName="Cerneala.Tests.Scene2DImporters.TiledHostileInputTests.DecodingRejectsMissingTrailingAndExplosivePayloads(compression: &quot;zlib&quot;)" computerName="DESKTOP-JT43V3D" duration="00:00:00.0442080" startTime="2026-09-05T03:50:49.3022740+03:00" endTime="2026-09-05T03:50:49.3022744+03:00" testType="13cdc9d9-ddb5-4fa4-a97d-d965ccfc6d4b" outcome="Passed" testListId="8c84fa94-04c1-424b-9868-57a2d4851a1d" relativeResultsDirectory="c73b48a8-f63c-4ebf-abf0-db2e715ee35a" />
    <UnitTestResult executionId="ba3a928d-0201-435a-a4ff-623606c401d0" testId="b302d150-c1c6-92aa-7c57-256467cd10da" testName="Cerneala.Tests.Scene2DImporters.ImportStageZeroContractTests.SparsePromotionKeepsStableAddressAndTemplatePropertiesWithoutCreatingUiNodes(file: &quot;tiled-empty-promotion.tmj&quot;, x: 1, y: 1)" computerName="DESKTOP-JT43V3D" duration="00:00:00.0033934" startTime="2026-09-05T03:50:49.3078359+03:00" endTime="2026-09-05T03:50:49.3078363+03:00" testType="13cdc9d9-ddb5-4fa4-a97d-d965ccfc6d4b" outcome="Passed" testListId="8c84fa94-04c1-424b-9868-57a2d4851a1d" relativeResultsDirectory="ba3a928d-0201-435a-a4ff-623606c401d0" />
    <UnitTestResult executionId="4f653a37-c09a-4b27-a951-1fd3ad14975b" testId="70ff16b7-c4f5-6c3e-0036-b735654cb069" testName="Cerneala.Tests.Scene2DImporters.TiledContractCoverageTests.CompressionTruncationAndCorruptionAreBoundedAndDeterministic(compression: &quot;gzip&quot;)" computerName="DESKTOP-JT43V3D" duration="00:00:00.1225017" startTime="2026-09-05T03:50:49.4279819+03:00" endTime="2026-09-05T03:50:49.4279827+03:00" testType="13cdc9d9-ddb5-4fa4-a97d-d965ccfc6d4b" outcome="Passed" testListId="8c84fa94-04c1-424b-9868-57a2d4851a1d" relativeResultsDirectory="4f653a37-c09a-4b27-a951-1fd3ad14975b" />
    <UnitTestResult executionId="d0b8864e-d7f8-438e-958b-f61bcbd84903" testId="c083babc-f0b7-d7a1-fca1-213e3897f13a" testName="Cerneala.Tests.Scene2DImporters.TiledHostileInputTests.HostileOrUnsupportedDataCannotPublishAPartialDocument(mutation: &quot;tileset-offset&quot;, code: &quot;SCN2D004&quot;)" computerName="DESKTOP-JT43V3D" duration="00:00:00.0048830" startTime="2026-09-05T03:50:49.1583778+03:00" endTime="2026-09-05T03:50:49.1583780+03:00" testType="13cdc9d9-ddb5-4fa4-a97d-d965ccfc6d4b" outcome="Passed" testListId="8c84fa94-04c1-424b-9868-57a2d4851a1d" relativeResultsDirectory="d0b8864e-d7f8-438e-958b-f61bcbd84903" />
    <UnitTestResult executionId="793c5170-ff8b-44ea-a71b-23fdae496dd8" testId="594b0476-0617-b152-f6fc-6df36325c330" testName="Cerneala.Tests.Scene2DImporters.TiledHostileInputTests.ExplicitBudgetsFailBeforePublishing(option: &quot;MaxJsonDepth&quot;, value: 2)" computerName="DESKTOP-JT43V3D" duration="00:00:00.0045248" startTime="2026-09-05T03:50:49.8666539+03:00" endTime="2026-09-05T03:50:49.8666544+03:00" testType="13cdc9d9-ddb5-4fa4-a97d-d965ccfc6d4b" outcome="Passed" testListId="8c84fa94-04c1-424b-9868-57a2d4851a1d" relativeResultsDirectory="793c5170-ff8b-44ea-a71b-23fdae496dd8" />
    <UnitTestResult executionId="b097cffb-08d5-4958-8312-f1689fd1008a" testId="c639fd02-7a16-ad89-78c6-21cb3323aabb" testName="Cerneala.Tests.Scene2DImporters.TiledContractCoverageTests.ObjectsPreserveExactGeometryTransformsRolesAndBitsets" computerName="DESKTOP-JT43V3D" duration="00:00:00.0559145" startTime="2026-09-05T03:50:49.1577963+03:00" endTime="2026-09-05T03:50:49.1577967+03:00" testType="13cdc9d9-ddb5-4fa4-a97d-d965ccfc6d4b" outcome="Passed" testListId="8c84fa94-04c1-424b-9868-57a2d4851a1d" relativeResultsDirectory="b097cffb-08d5-4958-8312-f1689fd1008a" />
    <UnitTestResult executionId="f07e7dd8-884c-45e9-b04f-4b3cfefc1a05" testId="afed80b0-7084-acdf-e5ae-6be3b230f932" testName="Cerneala.Tests.Scene2DImporters.ImportStageZeroContractTests.InvalidAndUnsupportedDataHasStableLocatedDiagnosticsAndNoPartialPublication(file: &quot;invalid/unknown-field.tmj&quot;, format: &quot;Tiled&quot;, code: &quot;SCN2D004&quot;, category: &quot;Unsupported&quot;)" computerName="DESKTOP-JT43V3D" duration="00:00:00.0011309" startTime="2026-09-05T03:50:49.1239835+03:00" endTime="2026-09-05T03:50:49.1239838+03:00" testType="13cdc9d9-ddb5-4fa4-a97d-d965ccfc6d4b" outcome="Passed" testListId="8c84fa94-04c1-424b-9868-57a2d4851a1d" relativeResultsDirectory="f07e7dd8-884c-45e9-b04f-4b3cfefc1a05" />
    <UnitTestResult executionId="8a3bfdf4-5db0-4f3e-a985-d53bfa0d4119" testId="936ef053-1c62-0d4f-934f-56f1544358e3" testName="Cerneala.Tests.Scene2DImporters.TiledContractCoverageTests.OversizedTileColliderCollectionStopsBeforeMaterializingEveryObject" computerName="DESKTOP-JT43V3D" duration="00:00:00.8600197" startTime="2026-09-05T03:50:50.2882803+03:00" endTime="2026-09-05T03:50:50.2882810+03:00" testType="13cdc9d9-ddb5-4fa4-a97d-d965ccfc6d4b" outcome="Passed" testListId="8c84fa94-04c1-424b-9868-57a2d4851a1d" relativeResultsDirectory="8a3bfdf4-5db0-4f3e-a985-d53bfa0d4119" />
    <UnitTestResult executionId="16412c38-3002-4b4e-a725-0b917f337410" testId="03ef74b7-aae3-a3de-167a-a5ecb33c33ff" testName="Cerneala.Tests.Scene2DImporters.TiledHostileInputTests.HostileOrUnsupportedDataCannotPublishAPartialDocument(mutation: &quot;dimensions&quot;, code: &quot;SCN2D005&quot;)" computerName="DESKTOP-JT43V3D" duration="00:00:00.0170660" startTime="2026-09-05T03:50:49.0301645+03:00" endTime="2026-09-05T03:50:49.0301649+03:00" testType="13cdc9d9-ddb5-4fa4-a97d-d965ccfc6d4b" outcome="Passed" testListId="8c84fa94-04c1-424b-9868-57a2d4851a1d" relativeResultsDirectory="16412c38-3002-4b4e-a725-0b917f337410" />
    <UnitTestResult executionId="a0ec283a-6a63-4096-9668-d565ccb594f3" testId="5f6f8ee7-a498-413f-d490-ddf4775a4e4d" testName="Cerneala.Tests.Scene2DImporters.ImportStageZeroContractTests.InvalidAndUnsupportedDataHasStableLocatedDiagnosticsAndNoPartialPublication(file: &quot;invalid/tile-id.tmj&quot;, format: &quot;Tiled&quot;, code: &quot;SCN2D006&quot;, category: &quot;Error&quot;)" computerName="DESKTOP-JT43V3D" duration="00:00:00.0018407" startTime="2026-09-05T03:50:49.1196975+03:00" endTime="2026-09-05T03:50:49.1196978+03:00" testType="13cdc9d9-ddb5-4fa4-a97d-d965ccfc6d4b" outcome="Passed" testListId="8c84fa94-04c1-424b-9868-57a2d4851a1d" relativeResultsDirectory="a0ec283a-6a63-4096-9668-d565ccb594f3" />
    <UnitTestResult executionId="587cf612-30d5-41b6-a102-4c58fe1e56a4" testId="83881747-f600-c994-7abc-727db49e13bf" testName="Cerneala.Tests.Scene2DImporters.TiledHostileInputTests.HostileOrUnsupportedDataCannotPublishAPartialDocument(mutation: &quot;renderorder&quot;, code: &quot;SCN2D004&quot;)" computerName="DESKTOP-JT43V3D" duration="00:00:00.0074677" startTime="2026-09-05T03:50:49.0132277+03:00" endTime="2026-09-05T03:50:49.0132278+03:00" testType="13cdc9d9-ddb5-4fa4-a97d-d965ccfc6d4b" outcome="Passed" testListId="8c84fa94-04c1-424b-9868-57a2d4851a1d" relativeResultsDirectory="587cf612-30d5-41b6-a102-4c58fe1e56a4" />
    <UnitTestResult executionId="38d19c17-e8c9-409d-9803-18e55a6e4eac" testId="839f6d59-09e0-c3dc-fc39-c5d348186bcb" testName="Cerneala.Tests.Scene2DImporters.ImportStageZeroContractTests.InvalidAndUnsupportedDataHasStableLocatedDiagnosticsAndNoPartialPublication(file: &quot;invalid/layer-mask.tmj&quot;, format: &quot;Tiled&quot;, code: &quot;SCN2D009&quot;, category: &quot;Error&quot;)" computerName="DESKTOP-JT43V3D" duration="00:00:00.0026909" startTime="2026-09-05T03:50:49.1103190+03:00" endTime="2026-09-05T03:50:49.1103193+03:00" testType="13cdc9d9-ddb5-4fa4-a97d-d965ccfc6d4b" outcome="Passed" testListId="8c84fa94-04c1-424b-9868-57a2d4851a1d" relativeResultsDirectory="38d19c17-e8c9-409d-9803-18e55a6e4eac" />
    <UnitTestResult executionId="4b234385-08fd-4424-a22a-6150a0535a66" testId="9d6da3f6-f964-75da-e83c-9d86d8f0e4dc" testName="Cerneala.Tests.Scene2DImporters.ImportStageZeroContractTests.InfiniteMapKeepsNegativeAndRemoteChunksWithoutFillingTheGap" computerName="DESKTOP-JT43V3D" duration="00:00:00.0078826" startTime="2026-09-05T03:50:49.3474580+03:00" endTime="2026-09-05T03:50:49.3474583+03:00" testType="13cdc9d9-ddb5-4fa4-a97d-d965ccfc6d4b" outcome="Passed" testListId="8c84fa94-04c1-424b-9868-57a2d4851a1d" relativeResultsDirectory="4b234385-08fd-4424-a22a-6150a0535a66" />
    <UnitTestResult executionId="85bb0146-72be-4924-b547-bcd55ffb329c" testId="aadd1403-ea24-472b-f30e-086cd933c5aa" testName="Cerneala.Tests.Scene2DImporters.TiledHostileInputTests.ExplicitBudgetsFailBeforePublishing(option: &quot;MaxTotalBytes&quot;, value: 32)" computerName="DESKTOP-JT43V3D" duration="00:00:00.0058447" startTime="2026-09-05T03:50:49.8619510+03:00" endTime="2026-09-05T03:50:49.8619517+03:00" testType="13cdc9d9-ddb5-4fa4-a97d-d965ccfc6d4b" outcome="Passed" testListId="8c84fa94-04c1-424b-9868-57a2d4851a1d" relativeResultsDirectory="85bb0146-72be-4924-b547-bcd55ffb329c" />
    <UnitTestResult executionId="ebc27b2d-cc27-4342-9ea3-9e46f11725af" testId="3e512684-e8b2-aa7b-47f1-19782b2f2c66" testName="Cerneala.Tests.Scene2DImporters.TiledContractCoverageTests.ExternalTilesetRequiresAnObjectRatherThanThrowingAnImplementationException(payload: &quot;[]&quot;)" computerName="DESKTOP-JT43V3D" duration="00:00:00.0152711" startTime="2026-09-05T03:50:49.2556147+03:00" endTime="2026-09-05T03:50:49.2556150+03:00" testType="13cdc9d9-ddb5-4fa4-a97d-d965ccfc6d4b" outcome="Passed" testListId="8c84fa94-04c1-424b-9868-57a2d4851a1d" relativeResultsDirectory="ebc27b2d-cc27-4342-9ea3-9e46f11725af" />
    <UnitTestResult executionId="ea00e9b1-1992-484b-885c-fc419e2be9f6" testId="57a7b9c0-5d80-0f57-6921-5d8b3f1ac080" testName="Cerneala.Tests.Scene2DImporters.ImportStageZeroContractTests.InvalidAndUnsupportedDataHasStableLocatedDiagnosticsAndNoPartialPublication(file: &quot;invalid/missing-file.tmj&quot;, format: &quot;Tiled&quot;, code: &quot;SCN2D001&quot;, category: &quot;Fatal&quot;)" computerName="DESKTOP-JT43V3D" duration="00:00:00.0016806" startTime="2026-09-05T03:50:49.1135774+03:00" endTime="2026-09-05T03:50:49.1135778+03:00" testType="13cdc9d9-ddb5-4fa4-a97d-d965ccfc6d4b" outcome="Passed" testListId="8c84fa94-04c1-424b-9868-57a2d4851a1d" relativeResultsDirectory="ea00e9b1-1992-484b-885c-fc419e2be9f6" />
    <UnitTestResult executionId="1e67cb82-1bcf-4298-aaaa-838b650c209b" testId="b42cedc4-0fa1-bc5c-138d-67c0406e3319" testName="Cerneala.Tests.Scene2DImporters.TiledContractCoverageTests.ReparsePointBelowRootCannotEscapeTheAssetPolicy" computerName="DESKTOP-JT43V3D" duration="00:00:00.5052287" startTime="2026-09-05T03:50:50.9379116+03:00" endTime="2026-09-05T03:50:50.9379121+03:00" testType="13cdc9d9-ddb5-4fa4-a97d-d965ccfc6d4b" outcome="Passed" testListId="8c84fa94-04c1-424b-9868-57a2d4851a1d" relativeResultsDirectory="1e67cb82-1bcf-4298-aaaa-838b650c209b" />
    <UnitTestResult executionId="6b53f760-a534-4d9c-836a-7f4322285886" testId="121d7706-e7f7-805a-fe12-ebd66d3c3beb" testName="Cerneala.Tests.Scene2DImporters.TiledContractCoverageTests.FieldsForADifferentLayerKindAreNotSilentlyLost(mutation: &quot;tile-objects&quot;)" computerName="DESKTOP-JT43V3D" duration="00:00:00.0057239" startTime="2026-09-05T03:50:49.0171292+03:00" endTime="2026-09-05T03:50:49.0171300+03:00" testType="13cdc9d9-ddb5-4fa4-a97d-d965ccfc6d4b" outcome="Passed" testListId="8c84fa94-04c1-424b-9868-57a2d4851a1d" relativeResultsDirectory="6b53f760-a534-4d9c-836a-7f4322285886" />
    <UnitTestResult executionId="d86e1120-3fa5-4b03-b30a-416007fe5fd0" testId="a4f0a97f-254d-8a46-8c60-957e7eff66dc" testName="Cerneala.Tests.Scene2DImporters.ImportStageZeroContractTests.InvalidAndUnsupportedDataHasStableLocatedDiagnosticsAndNoPartialPublication(file: &quot;invalid/duplicate-promotion.tmj&quot;, format: &quot;Tiled&quot;, code: &quot;SCN2D012&quot;, category: &quot;Error&quot;)" computerName="DESKTOP-JT43V3D" duration="00:00:00.0031519" startTime="2026-09-05T03:50:49.1168145+03:00" endTime="2026-09-05T03:50:49.1168148+03:00" testType="13cdc9d9-ddb5-4fa4-a97d-d965ccfc6d4b" outcome="Passed" testListId="8c84fa94-04c1-424b-9868-57a2d4851a1d" relativeResultsDirectory="d86e1120-3fa5-4b03-b30a-416007fe5fd0" />
    <UnitTestResult executionId="39a75d20-a137-4a5a-9ec1-080f969a28da" testId="1a10472e-3a53-385d-90ea-e9994a576b8e" testName="Cerneala.Tests.Scene2DImporters.TiledHostileInputTests.ExplicitBudgetsFailBeforePublishing(option: &quot;MaxFileBytes&quot;, value: 32)" computerName="DESKTOP-JT43V3D" duration="00:00:00.0038507" startTime="2026-09-05T03:50:49.8747241+03:00" endTime="2026-09-05T03:50:49.8747247+03:00" testType="13cdc9d9-ddb5-4fa4-a97d-d965ccfc6d4b" outcome="Passed" testListId="8c84fa94-04c1-424b-9868-57a2d4851a1d" relativeResultsDirectory="39a75d20-a137-4a5a-9ec1-080f969a28da" />
    <UnitTestResult executionId="483f5d88-e7c3-48b8-a8dd-b935d591bec8" testId="a729db54-dc51-66d0-ec80-aeb0bb3bdb59" testName="Cerneala.Tests.Scene2DImporters.TiledContractCoverageTests.CompressionTruncationAndCorruptionAreBoundedAndDeterministic(compression: &quot;zlib&quot;)" computerName="DESKTOP-JT43V3D" duration="00:00:00.0414977" startTime="2026-09-05T03:50:49.3051875+03:00" endTime="2026-09-05T03:50:49.3051879+03:00" testType="13cdc9d9-ddb5-4fa4-a97d-d965ccfc6d4b" outcome="Passed" testListId="8c84fa94-04c1-424b-9868-57a2d4851a1d" relativeResultsDirectory="483f5d88-e7c3-48b8-a8dd-b935d591bec8" />
    <UnitTestResult executionId="f8ad56cb-fbf5-410f-bc70-c773811c3628" testId="ac414867-553f-e730-093b-326199b5a912" testName="Cerneala.Tests.Scene2DImporters.TiledHostileInputTests.HostileOrUnsupportedDataCannotPublishAPartialDocument(mutation: &quot;missing-asset&quot;, code: &quot;SCN2D001&quot;)" computerName="DESKTOP-JT43V3D" duration="00:00:00.0189092" startTime="2026-09-05T03:50:49.1012184+03:00" endTime="2026-09-05T03:50:49.1012184+03:00" testType="13cdc9d9-ddb5-4fa4-a97d-d965ccfc6d4b" outcome="Passed" testListId="8c84fa94-04c1-424b-9868-57a2d4851a1d" relativeResultsDirectory="f8ad56cb-fbf5-410f-bc70-c773811c3628" />
    <UnitTestResult executionId="6a06ce01-cd6c-42c8-b418-15ff362efded" testId="d4a30884-a875-c4b4-78c2-cf829c9524d2" testName="Cerneala.Tests.Scene2DImporters.TiledHostileInputTests.HostileOrUnsupportedDataCannotPublishAPartialDocument(mutation: &quot;reserved-property&quot;, code: &quot;SCN2D015&quot;)" computerName="DESKTOP-JT43V3D" duration="00:00:00.0129719" startTime="2026-09-05T03:50:49.1315582+03:00" endTime="2026-09-05T03:50:49.1315587+03:00" testType="13cdc9d9-ddb5-4fa4-a97d-d965ccfc6d4b" outcome="Passed" testListId="8c84fa94-04c1-424b-9868-57a2d4851a1d" relativeResultsDirectory="6a06ce01-cd6c-42c8-b418-15ff362efded" />
    <UnitTestResult executionId="bc464fb4-8b73-483d-8c71-fd0a3266d21c" testId="0fcb14db-3c45-d522-d12a-e12cf995f6b9" testName="Cerneala.Tests.Scene2DImporters.ImportStageZeroContractTests.ImportProducesIndependentGoldenIncludingAtlasFlipOffsetsAndLayerOrder(format: &quot;Tiled&quot;, file: &quot;tiled-zlib.tmj&quot;)" computerName="DESKTOP-JT43V3D" duration="00:00:00.0162453" startTime="2026-09-05T03:50:49.3241926+03:00" endTime="2026-09-05T03:50:49.3241928+03:00" testType="13cdc9d9-ddb5-4fa4-a97d-d965ccfc6d4b" outcome="Passed" testListId="8c84fa94-04c1-424b-9868-57a2d4851a1d" relativeResultsDirectory="bc464fb4-8b73-483d-8c71-fd0a3266d21c" />
    <UnitTestResult executionId="f2afb428-2e2e-4c4b-8435-2efe1a0eaa9a" testId="7fb8cb12-b6d4-765a-382d-1a2d2a7b8bbf" testName="Cerneala.Tests.Scene2DImporters.ImportStageZeroContractTests.InvalidAndUnsupportedDataHasStableLocatedDiagnosticsAndNoPartialPublication(file: &quot;invalid/chunk-overlap.tmj&quot;, format: &quot;Tiled&quot;, code: &quot;SCN2D011&quot;, category: &quot;Error&quot;)" computerName="DESKTOP-JT43V3D" duration="00:00:00.0075986" startTime="2026-09-05T03:50:49.1367039+03:00" endTime="2026-09-05T03:50:49.1367043+03:00" testType="13cdc9d9-ddb5-4fa4-a97d-d965ccfc6d4b" outcome="Passed" testListId="8c84fa94-04c1-424b-9868-57a2d4851a1d" relativeResultsDirectory="f2afb428-2e2e-4c4b-8435-2efe1a0eaa9a" />
    <UnitTestResult executionId="ad6a57cb-1be5-46ab-8989-87a4d72b2b77" testId="1479f4b9-f165-c703-70a1-e81898fff92f" testName="Cerneala.Tests.Scene2DImporters.TiledContractCoverageTests.FieldsForADifferentLayerKindAreNotSilentlyLost(mutation: &quot;object-data&quot;)" computerName="DESKTOP-JT43V3D" duration="00:00:00.0134136" startTime="2026-09-05T03:50:49.0306621+03:00" endTime="2026-09-05T03:50:49.0306624+03:00" testType="13cdc9d9-ddb5-4fa4-a97d-d965ccfc6d4b" outcome="Passed" testListId="8c84fa94-04c1-424b-9868-57a2d4851a1d" relativeResultsDirectory="ad6a57cb-1be5-46ab-8989-87a4d72b2b77" />
    <UnitTestResult executionId="e8448999-6614-453e-ab50-4fb273d52215" testId="33315062-641f-5506-86b8-18cbe0915d06" testName="Cerneala.Tests.Scene2DImporters.TiledHostileInputTests.HostileOrUnsupportedDataCannotPublishAPartialDocument(mutation: &quot;nested-unknown&quot;, code: &quot;SCN2D004&quot;)" computerName="DESKTOP-JT43V3D" duration="00:00:00.0060506" startTime="2026-09-05T03:50:49.1827909+03:00" endTime="2026-09-05T03:50:49.1827913+03:00" testType="13cdc9d9-ddb5-4fa4-a97d-d965ccfc6d4b" outcome="Passed" testListId="8c84fa94-04c1-424b-9868-57a2d4851a1d" relativeResultsDirectory="e8448999-6614-453e-ab50-4fb273d52215" />
    <UnitTestResult executionId="1b3a05f1-fd9c-4352-ba74-56143ff21637" testId="fab6c40c-cced-780b-eb95-9535eb02c22f" testName="Cerneala.Tests.Scene2DImporters.TiledHostileInputTests.HostileOrUnsupportedDataCannotPublishAPartialDocument(mutation: &quot;long-gid&quot;, code: &quot;SCN2D006&quot;)" computerName="DESKTOP-JT43V3D" duration="00:00:00.0111254" startTime="2026-09-05T03:50:49.1047677+03:00" endTime="2026-09-05T03:50:49.1047681+03:00" testType="13cdc9d9-ddb5-4fa4-a97d-d965ccfc6d4b" outcome="Passed" testListId="8c84fa94-04c1-424b-9868-57a2d4851a1d" relativeResultsDirectory="1b3a05f1-fd9c-4352-ba74-56143ff21637" />
  </Results>
  <TestDefinitions>
    <UnitTest name="Cerneala.Tests.Scene2DImporters.TiledContractCoverageTests.StructuralReferencesAndReservedConventionsCannotBeSilentlyInvented(mutation: &quot;missing-orientation&quot;, code: &quot;SCN2D002&quot;)" storage="c:\users\lauri\desktop\cerneala\tests\cerneala.tests.scene2dimporters\bin\debug\net8.0\cerneala.tests.scene2dimporters.dll" id="95902fb2-bc00-0e73-c570-e25dff5fa245">
      <Execution id="968a8259-5a5f-411f-b5f6-3f3e9507cb22" />
      <TestMethod codeBase="C:\Users\lauri\Desktop\Cerneala\tests\Cerneala.Tests.Scene2DImporters\bin\Debug\net8.0\Cerneala.Tests.Scene2DImporters.dll" adapterTypeName="executor://xunit/VsTestRunner2/netcoreapp" className="Cerneala.Tests.Scene2DImporters.TiledContractCoverageTests" name="StructuralReferencesAndReservedConventionsCannotBeSilentlyInvented" />
    </UnitTest>
    <UnitTest name="Cerneala.Tests.Scene2DImporters.TiledHostileInputTests.HostileOrUnsupportedDataCannotPublishAPartialDocument(mutation: &quot;reserved-property&quot;, code: &quot;SCN2D015&quot;)" storage="c:\users\lauri\desktop\cerneala\tests\cerneala.tests.scene2dimporters\bin\debug\net8.0\cerneala.tests.scene2dimporters.dll" id="d4a30884-a875-c4b4-78c2-cf829c9524d2">
      <Execution id="6a06ce01-cd6c-42c8-b418-15ff362efded" />
      <TestMethod codeBase="C:\Users\lauri\Desktop\Cerneala\tests\Cerneala.Tests.Scene2DImporters\bin\Debug\net8.0\Cerneala.Tests.Scene2DImporters.dll" adapterTypeName="executor://xunit/VsTestRunner2/netcoreapp" className="Cerneala.Tests.Scene2DImporters.TiledHostileInputTests" name="HostileOrUnsupportedDataCannotPublishAPartialDocument" />
    </UnitTest>
    <UnitTest name="Cerneala.Tests.Scene2DImporters.TiledHostileInputTests.HostileOrUnsupportedDataCannotPublishAPartialDocument(mutation: &quot;dimensions&quot;, code: &quot;SCN2D005&quot;)" storage="c:\users\lauri\desktop\cerneala\tests\cerneala.tests.scene2dimporters\bin\debug\net8.0\cerneala.tests.scene2dimporters.dll" id="03ef74b7-aae3-a3de-167a-a5ecb33c33ff">
      <Execution id="16412c38-3002-4b4e-a725-0b917f337410" />
      <TestMethod codeBase="C:\Users\lauri\Desktop\Cerneala\tests\Cerneala.Tests.Scene2DImporters\bin\Debug\net8.0\Cerneala.Tests.Scene2DImporters.dll" adapterTypeName="executor://xunit/VsTestRunner2/netcoreapp" className="Cerneala.Tests.Scene2DImporters.TiledHostileInputTests" name="HostileOrUnsupportedDataCannotPublishAPartialDocument" />
    </UnitTest>
    <UnitTest name="Cerneala.Tests.Scene2DImporters.TiledContractCoverageTests.ExternalTilesetRequiresAnObjectRatherThanThrowingAnImplementationException(payload: &quot;null&quot;)" storage="c:\users\lauri\desktop\cerneala\tests\cerneala.tests.scene2dimporters\bin\debug\net8.0\cerneala.tests.scene2dimporters.dll" id="52ff1f11-ce0b-4306-f0fe-638d282bc1a6">
      <Execution id="1e69c026-07df-456a-965b-820df24acf45" />
      <TestMethod codeBase="C:\Users\lauri\Desktop\Cerneala\tests\Cerneala.Tests.Scene2DImporters\bin\Debug\net8.0\Cerneala.Tests.Scene2DImporters.dll" adapterTypeName="executor://xunit/VsTestRunner2/netcoreapp" className="Cerneala.Tests.Scene2DImporters.TiledContractCoverageTests" name="ExternalTilesetRequiresAnObjectRatherThanThrowingAnImplementationException" />
    </UnitTest>
    <UnitTest name="Cerneala.Tests.Scene2DImporters.ImportStageZeroContractTests.InvalidAndUnsupportedDataHasStableLocatedDiagnosticsAndNoPartialPublication(file: &quot;invalid/path-escape.tmj&quot;, format: &quot;Tiled&quot;, code: &quot;SCN2D010&quot;, category: &quot;Fatal&quot;)" storage="c:\users\lauri\desktop\cerneala\tests\cerneala.tests.scene2dimporters\bin\debug\net8.0\cerneala.tests.scene2dimporters.dll" id="eff41dd7-044e-602d-8ad1-ef770a1f5078">
      <Execution id="d923ff50-2579-403d-bdb8-bb42c70838fb" />
      <TestMethod codeBase="C:\Users\lauri\Desktop\Cerneala\tests\Cerneala.Tests.Scene2DImporters\bin\Debug\net8.0\Cerneala.Tests.Scene2DImporters.dll" adapterTypeName="executor://xunit/VsTestRunner2/netcoreapp" className="Cerneala.Tests.Scene2DImporters.ImportStageZeroContractTests" name="InvalidAndUnsupportedDataHasStableLocatedDiagnosticsAndNoPartialPublication" />
    </UnitTest>
    <UnitTest name="Cerneala.Tests.Scene2DImporters.TiledContractCoverageTests.ReparsePointBelowRootCannotEscapeTheAssetPolicy" storage="c:\users\lauri\desktop\cerneala\tests\cerneala.tests.scene2dimporters\bin\debug\net8.0\cerneala.tests.scene2dimporters.dll" id="b42cedc4-0fa1-bc5c-138d-67c0406e3319">
      <Execution id="1e67cb82-1bcf-4298-aaaa-838b650c209b" />
      <TestMethod codeBase="C:\Users\lauri\Desktop\Cerneala\tests\Cerneala.Tests.Scene2DImporters\bin\Debug\net8.0\Cerneala.Tests.Scene2DImporters.dll" adapterTypeName="executor://xunit/VsTestRunner2/netcoreapp" className="Cerneala.Tests.Scene2DImporters.TiledContractCoverageTests" name="ReparsePointBelowRootCannotEscapeTheAssetPolicy" />
    </UnitTest>
    <UnitTest name="Cerneala.Tests.Scene2DImporters.TiledHostileInputTests.HostileOrUnsupportedDataCannotPublishAPartialDocument(mutation: &quot;parallax&quot;, code: &quot;SCN2D004&quot;)" storage="c:\users\lauri\desktop\cerneala\tests\cerneala.tests.scene2dimporters\bin\debug\net8.0\cerneala.tests.scene2dimporters.dll" id="eaefa333-162a-a66c-7a14-d10be44d9480">
      <Execution id="75d07f0d-79cf-40ba-b9c0-d547d9183597" />
      <TestMethod codeBase="C:\Users\lauri\Desktop\Cerneala\tests\Cerneala.Tests.Scene2DImporters\bin\Debug\net8.0\Cerneala.Tests.Scene2DImporters.dll" adapterTypeName="executor://xunit/VsTestRunner2/netcoreapp" className="Cerneala.Tests.Scene2DImporters.TiledHostileInputTests" name="HostileOrUnsupportedDataCannotPublishAPartialDocument" />
    </UnitTest>
    <UnitTest name="Cerneala.Tests.Scene2DImporters.ImportStageZeroContractTests.ImportProducesIndependentGoldenIncludingAtlasFlipOffsetsAndLayerOrder(format: &quot;Tiled&quot;, file: &quot;tiled-raw.tmj&quot;)" storage="c:\users\lauri\desktop\cerneala\tests\cerneala.tests.scene2dimporters\bin\debug\net8.0\cerneala.tests.scene2dimporters.dll" id="9617b4cd-f8b8-8c16-0738-982e9aff80ad">
      <Execution id="839982e4-ceec-4e3d-b222-16a798d0a025" />
      <TestMethod codeBase="C:\Users\lauri\Desktop\Cerneala\tests\Cerneala.Tests.Scene2DImporters\bin\Debug\net8.0\Cerneala.Tests.Scene2DImporters.dll" adapterTypeName="executor://xunit/VsTestRunner2/netcoreapp" className="Cerneala.Tests.Scene2DImporters.ImportStageZeroContractTests" name="ImportProducesIndependentGoldenIncludingAtlasFlipOffsetsAndLayerOrder" />
    </UnitTest>
    <UnitTest name="Cerneala.Tests.Scene2DImporters.TiledHostileInputTests.HostileOrUnsupportedDataCannotPublishAPartialDocument(mutation: &quot;animation&quot;, code: &quot;SCN2D004&quot;)" storage="c:\users\lauri\desktop\cerneala\tests\cerneala.tests.scene2dimporters\bin\debug\net8.0\cerneala.tests.scene2dimporters.dll" id="9a686bd9-eac4-5e7c-12c7-28ab1578dec8">
      <Execution id="9a3a1b87-d1ee-4950-97a9-651ebd48a3f7" />
      <TestMethod codeBase="C:\Users\lauri\Desktop\Cerneala\tests\Cerneala.Tests.Scene2DImporters\bin\Debug\net8.0\Cerneala.Tests.Scene2DImporters.dll" adapterTypeName="executor://xunit/VsTestRunner2/netcoreapp" className="Cerneala.Tests.Scene2DImporters.TiledHostileInputTests" name="HostileOrUnsupportedDataCannotPublishAPartialDocument" />
    </UnitTest>
    <UnitTest name="Cerneala.Tests.Scene2DImporters.TiledHostileInputTests.DecodingRejectsMissingTrailingAndExplosivePayloads(compression: &quot;gzip&quot;)" storage="c:\users\lauri\desktop\cerneala\tests\cerneala.tests.scene2dimporters\bin\debug\net8.0\cerneala.tests.scene2dimporters.dll" id="2bdd12a4-6c42-b129-97e3-1c70e7f999fc">
      <Execution id="e9da837c-876f-44a9-bc7e-b3621a02b89c" />
      <TestMethod codeBase="C:\Users\lauri\Desktop\Cerneala\tests\Cerneala.Tests.Scene2DImporters\bin\Debug\net8.0\Cerneala.Tests.Scene2DImporters.dll" adapterTypeName="executor://xunit/VsTestRunner2/netcoreapp" className="Cerneala.Tests.Scene2DImporters.TiledHostileInputTests" name="DecodingRejectsMissingTrailingAndExplosivePayloads" />
    </UnitTest>
    <UnitTest name="Cerneala.Tests.Scene2DImporters.TiledHostileInputTests.DecodingRejectsMissingTrailingAndExplosivePayloads(compression: &quot;zlib&quot;)" storage="c:\users\lauri\desktop\cerneala\tests\cerneala.tests.scene2dimporters\bin\debug\net8.0\cerneala.tests.scene2dimporters.dll" id="c1e6f729-8fad-e997-06d3-c3c1f6a51dd8">
      <Execution id="c73b48a8-f63c-4ebf-abf0-db2e715ee35a" />
      <TestMethod codeBase="C:\Users\lauri\Desktop\Cerneala\tests\Cerneala.Tests.Scene2DImporters\bin\Debug\net8.0\Cerneala.Tests.Scene2DImporters.dll" adapterTypeName="executor://xunit/VsTestRunner2/netcoreapp" className="Cerneala.Tests.Scene2DImporters.TiledHostileInputTests" name="DecodingRejectsMissingTrailingAndExplosivePayloads" />
    </UnitTest>
    <UnitTest name="Cerneala.Tests.Scene2DImporters.ImportStageZeroContractTests.InvalidAndUnsupportedDataHasStableLocatedDiagnosticsAndNoPartialPublication(file: &quot;invalid/missing-file.tmj&quot;, format: &quot;Tiled&quot;, code: &quot;SCN2D001&quot;, category: &quot;Fatal&quot;)" storage="c:\users\lauri\desktop\cerneala\tests\cerneala.tests.scene2dimporters\bin\debug\net8.0\cerneala.tests.scene2dimporters.dll" id="57a7b9c0-5d80-0f57-6921-5d8b3f1ac080">
      <Execution id="ea00e9b1-1992-484b-885c-fc419e2be9f6" />
      <TestMethod codeBase="C:\Users\lauri\Desktop\Cerneala\tests\Cerneala.Tests.Scene2DImporters\bin\Debug\net8.0\Cerneala.Tests.Scene2DImporters.dll" adapterTypeName="executor://xunit/VsTestRunner2/netcoreapp" className="Cerneala.Tests.Scene2DImporters.ImportStageZeroContractTests" name="InvalidAndUnsupportedDataHasStableLocatedDiagnosticsAndNoPartialPublication" />
    </UnitTest>
    <UnitTest name="Cerneala.Tests.Scene2DImporters.ImportStageZeroContractTests.AllEightTiledFlipCombinationsSurviveAsCoreData" storage="c:\users\lauri\desktop\cerneala\tests\cerneala.tests.scene2dimporters\bin\debug\net8.0\cerneala.tests.scene2dimporters.dll" id="0e23bb29-4133-c8c3-90c4-d165f1c33b39">
      <Execution id="173e089e-141e-4693-acf3-f19ebca750b7" />
      <TestMethod codeBase="C:\Users\lauri\Desktop\Cerneala\tests\Cerneala.Tests.Scene2DImporters\bin\Debug\net8.0\Cerneala.Tests.Scene2DImporters.dll" adapterTypeName="executor://xunit/VsTestRunner2/netcoreapp" className="Cerneala.Tests.Scene2DImporters.ImportStageZeroContractTests" name="AllEightTiledFlipCombinationsSurviveAsCoreData" />
    </UnitTest>
    <UnitTest name="Cerneala.Tests.Scene2DImporters.TiledHostileInputTests.HostileOrUnsupportedDataCannotPublishAPartialDocument(mutation: &quot;stream-asset&quot;, code: &quot;SCN2D010&quot;)" storage="c:\users\lauri\desktop\cerneala\tests\cerneala.tests.scene2dimporters\bin\debug\net8.0\cerneala.tests.scene2dimporters.dll" id="57bc0de0-e4f0-25f5-4087-66c9ff1268e4">
      <Execution id="06c891d0-f930-4b16-b292-b216f26302a4" />
      <TestMethod codeBase="C:\Users\lauri\Desktop\Cerneala\tests\Cerneala.Tests.Scene2DImporters\bin\Debug\net8.0\Cerneala.Tests.Scene2DImporters.dll" adapterTypeName="executor://xunit/VsTestRunner2/netcoreapp" className="Cerneala.Tests.Scene2DImporters.TiledHostileInputTests" name="HostileOrUnsupportedDataCannotPublishAPartialDocument" />
    </UnitTest>
    <UnitTest name="Cerneala.Tests.Scene2DImporters.TiledHostileInputTests.HostileOrUnsupportedDataCannotPublishAPartialDocument(mutation: &quot;network-asset&quot;, code: &quot;SCN2D010&quot;)" storage="c:\users\lauri\desktop\cerneala\tests\cerneala.tests.scene2dimporters\bin\debug\net8.0\cerneala.tests.scene2dimporters.dll" id="0e2495df-a69d-1992-451a-8672a8ab5a69">
      <Execution id="363f2476-5edc-427c-93bd-b1374f9e2fe6" />
      <TestMethod codeBase="C:\Users\lauri\Desktop\Cerneala\tests\Cerneala.Tests.Scene2DImporters\bin\Debug\net8.0\Cerneala.Tests.Scene2DImporters.dll" adapterTypeName="executor://xunit/VsTestRunner2/netcoreapp" className="Cerneala.Tests.Scene2DImporters.TiledHostileInputTests" name="HostileOrUnsupportedDataCannotPublishAPartialDocument" />
    </UnitTest>
    <UnitTest name="Cerneala.Tests.Scene2DImporters.TiledHostileInputTests.HostileOrUnsupportedDataCannotPublishAPartialDocument(mutation: &quot;rooted-asset&quot;, code: &quot;SCN2D010&quot;)" storage="c:\users\lauri\desktop\cerneala\tests\cerneala.tests.scene2dimporters\bin\debug\net8.0\cerneala.tests.scene2dimporters.dll" id="98c9c4b6-c957-8981-3a19-9929ec568a49">
      <Execution id="6a639b2c-3bf1-41b9-9bc4-4156c626c327" />
      <TestMethod codeBase="C:\Users\lauri\Desktop\Cerneala\tests\Cerneala.Tests.Scene2DImporters\bin\Debug\net8.0\Cerneala.Tests.Scene2DImporters.dll" adapterTypeName="executor://xunit/VsTestRunner2/netcoreapp" className="Cerneala.Tests.Scene2DImporters.TiledHostileInputTests" name="HostileOrUnsupportedDataCannotPublishAPartialDocument" />
    </UnitTest>
    <UnitTest name="Cerneala.Tests.Scene2DImporters.ImportStageZeroContractTests.InvalidAndUnsupportedDataHasStableLocatedDiagnosticsAndNoPartialPublication(file: &quot;invalid/empty-promotion.tmj&quot;, format: &quot;Tiled&quot;, code: &quot;SCN2D012&quot;, category: &quot;Error&quot;)" storage="c:\users\lauri\desktop\cerneala\tests\cerneala.tests.scene2dimporters\bin\debug\net8.0\cerneala.tests.scene2dimporters.dll" id="80a69860-e036-fa04-2a49-7ce4d708e483">
      <Execution id="f1e8d218-c69d-406a-872e-46858a87e51a" />
      <TestMethod codeBase="C:\Users\lauri\Desktop\Cerneala\tests\Cerneala.Tests.Scene2DImporters\bin\Debug\net8.0\Cerneala.Tests.Scene2DImporters.dll" adapterTypeName="executor://xunit/VsTestRunner2/netcoreapp" className="Cerneala.Tests.Scene2DImporters.ImportStageZeroContractTests" name="InvalidAndUnsupportedDataHasStableLocatedDiagnosticsAndNoPartialPublication" />
    </UnitTest>
    <UnitTest name="Cerneala.Tests.Scene2DImporters.ImportStageZeroContractTests.SparsePromotionKeepsStableAddressAndTemplatePropertiesWithoutCreatingUiNodes(file: &quot;tiled-objects.tmj&quot;, x: 1, y: 0)" storage="c:\users\lauri\desktop\cerneala\tests\cerneala.tests.scene2dimporters\bin\debug\net8.0\cerneala.tests.scene2dimporters.dll" id="60bcf199-30fc-eee8-e53d-a559e020496e">
      <Execution id="9a740711-32c4-49b2-81fb-0628d661394d" />
      <TestMethod codeBase="C:\Users\lauri\Desktop\Cerneala\tests\Cerneala.Tests.Scene2DImporters\bin\Debug\net8.0\Cerneala.Tests.Scene2DImporters.dll" adapterTypeName="executor://xunit/VsTestRunner2/netcoreapp" className="Cerneala.Tests.Scene2DImporters.ImportStageZeroContractTests" name="SparsePromotionKeepsStableAddressAndTemplatePropertiesWithoutCreatingUiNodes" />
    </UnitTest>
    <UnitTest name="Cerneala.Tests.Scene2DImporters.TiledContractCoverageTests.StructuralReferencesAndReservedConventionsCannotBeSilentlyInvented(mutation: &quot;columns&quot;, code: &quot;SCN2D007&quot;)" storage="c:\users\lauri\desktop\cerneala\tests\cerneala.tests.scene2dimporters\bin\debug\net8.0\cerneala.tests.scene2dimporters.dll" id="c59996ba-31f8-bf26-4004-b8d5c2fd536e">
      <Execution id="191d9cfe-6a3c-4e2b-908c-2feceb9c2773" />
      <TestMethod codeBase="C:\Users\lauri\Desktop\Cerneala\tests\Cerneala.Tests.Scene2DImporters\bin\Debug\net8.0\Cerneala.Tests.Scene2DImporters.dll" adapterTypeName="executor://xunit/VsTestRunner2/netcoreapp" className="Cerneala.Tests.Scene2DImporters.TiledContractCoverageTests" name="StructuralReferencesAndReservedConventionsCannotBeSilentlyInvented" />
    </UnitTest>
    <UnitTest name="Cerneala.Tests.Scene2DImporters.TiledContractCoverageTests.FieldsForADifferentLayerKindAreNotSilentlyLost(mutation: &quot;tile-nested-layers&quot;)" storage="c:\users\lauri\desktop\cerneala\tests\cerneala.tests.scene2dimporters\bin\debug\net8.0\cerneala.tests.scene2dimporters.dll" id="a55b5358-e53c-cc34-feea-60f1d4b8f40d">
      <Execution id="f424f3b3-49f1-4de9-afd6-1875d2e3bc18" />
      <TestMethod codeBase="C:\Users\lauri\Desktop\Cerneala\tests\Cerneala.Tests.Scene2DImporters\bin\Debug\net8.0\Cerneala.Tests.Scene2DImporters.dll" adapterTypeName="executor://xunit/VsTestRunner2/netcoreapp" className="Cerneala.Tests.Scene2DImporters.TiledContractCoverageTests" name="FieldsForADifferentLayerKindAreNotSilentlyLost" />
    </UnitTest>
    <UnitTest name="Cerneala.Tests.Scene2DImporters.TiledContractCoverageTests.CompressionTruncationAndCorruptionAreBoundedAndDeterministic(compression: &quot;gzip&quot;)" storage="c:\users\lauri\desktop\cerneala\tests\cerneala.tests.scene2dimporters\bin\debug\net8.0\cerneala.tests.scene2dimporters.dll" id="70ff16b7-c4f5-6c3e-0036-b735654cb069">
      <Execution id="4f653a37-c09a-4b27-a951-1fd3ad14975b" />
      <TestMethod codeBase="C:\Users\lauri\Desktop\Cerneala\tests\Cerneala.Tests.Scene2DImporters\bin\Debug\net8.0\Cerneala.Tests.Scene2DImporters.dll" adapterTypeName="executor://xunit/VsTestRunner2/netcoreapp" className="Cerneala.Tests.Scene2DImporters.TiledContractCoverageTests" name="CompressionTruncationAndCorruptionAreBoundedAndDeterministic" />
    </UnitTest>
    <UnitTest name="Cerneala.Tests.Scene2DImporters.ImportStageZeroContractTests.ImportProducesIndependentGoldenIncludingAtlasFlipOffsetsAndLayerOrder(format: &quot;Tiled&quot;, file: &quot;tiled-finite.tmj&quot;)" storage="c:\users\lauri\desktop\cerneala\tests\cerneala.tests.scene2dimporters\bin\debug\net8.0\cerneala.tests.scene2dimporters.dll" id="679458d5-2c25-0eff-9ff4-47282b980e7d">
      <Execution id="86c7b8e7-9110-46a6-a843-562188511783" />
      <TestMethod codeBase="C:\Users\lauri\Desktop\Cerneala\tests\Cerneala.Tests.Scene2DImporters\bin\Debug\net8.0\Cerneala.Tests.Scene2DImporters.dll" adapterTypeName="executor://xunit/VsTestRunner2/netcoreapp" className="Cerneala.Tests.Scene2DImporters.ImportStageZeroContractTests" name="ImportProducesIndependentGoldenIncludingAtlasFlipOffsetsAndLayerOrder" />
    </UnitTest>
    <UnitTest name="Cerneala.Tests.Scene2DImporters.TiledHostileInputTests.ExplicitBudgetsFailBeforePublishing(option: &quot;MaxFileBytes&quot;, value: 32)" storage="c:\users\lauri\desktop\cerneala\tests\cerneala.tests.scene2dimporters\bin\debug\net8.0\cerneala.tests.scene2dimporters.dll" id="1a10472e-3a53-385d-90ea-e9994a576b8e">
      <Execution id="39a75d20-a137-4a5a-9ec1-080f969a28da" />
      <TestMethod codeBase="C:\Users\lauri\Desktop\Cerneala\tests\Cerneala.Tests.Scene2DImporters\bin\Debug\net8.0\Cerneala.Tests.Scene2DImporters.dll" adapterTypeName="executor://xunit/VsTestRunner2/netcoreapp" className="Cerneala.Tests.Scene2DImporters.TiledHostileInputTests" name="ExplicitBudgetsFailBeforePublishing" />
    </UnitTest>
    <UnitTest name="Cerneala.Tests.Scene2DImporters.TiledContractCoverageTests.StructuralReferencesAndReservedConventionsCannotBeSilentlyInvented(mutation: &quot;unknown-alignment&quot;, code: &quot;SCN2D004&quot;)" storage="c:\users\lauri\desktop\cerneala\tests\cerneala.tests.scene2dimporters\bin\debug\net8.0\cerneala.tests.scene2dimporters.dll" id="dd4a7426-e7ff-3323-1df6-cf23044a5d75">
      <Execution id="5fa818fb-0c65-4b6e-9bed-59a69b3be71b" />
      <TestMethod codeBase="C:\Users\lauri\Desktop\Cerneala\tests\Cerneala.Tests.Scene2DImporters\bin\Debug\net8.0\Cerneala.Tests.Scene2DImporters.dll" adapterTypeName="executor://xunit/VsTestRunner2/netcoreapp" className="Cerneala.Tests.Scene2DImporters.TiledContractCoverageTests" name="StructuralReferencesAndReservedConventionsCannotBeSilentlyInvented" />
    </UnitTest>
    <UnitTest name="Cerneala.Tests.Scene2DImporters.TiledHostileInputTests.HostileOrUnsupportedDataCannotPublishAPartialDocument(mutation: &quot;renderorder&quot;, code: &quot;SCN2D004&quot;)" storage="c:\users\lauri\desktop\cerneala\tests\cerneala.tests.scene2dimporters\bin\debug\net8.0\cerneala.tests.scene2dimporters.dll" id="83881747-f600-c994-7abc-727db49e13bf">
      <Execution id="587cf612-30d5-41b6-a102-4c58fe1e56a4" />
      <TestMethod codeBase="C:\Users\lauri\Desktop\Cerneala\tests\Cerneala.Tests.Scene2DImporters\bin\Debug\net8.0\Cerneala.Tests.Scene2DImporters.dll" adapterTypeName="executor://xunit/VsTestRunner2/netcoreapp" className="Cerneala.Tests.Scene2DImporters.TiledHostileInputTests" name="HostileOrUnsupportedDataCannotPublishAPartialDocument" />
    </UnitTest>
    <UnitTest name="Cerneala.Tests.Scene2DImporters.TiledHostileInputTests.HostileOrUnsupportedDataCannotPublishAPartialDocument(mutation: &quot;nested-unknown&quot;, code: &quot;SCN2D004&quot;)" storage="c:\users\lauri\desktop\cerneala\tests\cerneala.tests.scene2dimporters\bin\debug\net8.0\cerneala.tests.scene2dimporters.dll" id="33315062-641f-5506-86b8-18cbe0915d06">
      <Execution id="e8448999-6614-453e-ab50-4fb273d52215" />
      <TestMethod codeBase="C:\Users\lauri\Desktop\Cerneala\tests\Cerneala.Tests.Scene2DImporters\bin\Debug\net8.0\Cerneala.Tests.Scene2DImporters.dll" adapterTypeName="executor://xunit/VsTestRunner2/netcoreapp" className="Cerneala.Tests.Scene2DImporters.TiledHostileInputTests" name="HostileOrUnsupportedDataCannotPublishAPartialDocument" />
    </UnitTest>
    <UnitTest name="Cerneala.Tests.Scene2DImporters.TiledHostileInputTests.ExplicitBudgetsFailBeforePublishing(option: &quot;MaxJsonDepth&quot;, value: 2)" storage="c:\users\lauri\desktop\cerneala\tests\cerneala.tests.scene2dimporters\bin\debug\net8.0\cerneala.tests.scene2dimporters.dll" id="594b0476-0617-b152-f6fc-6df36325c330">
      <Execution id="793c5170-ff8b-44ea-a71b-23fdae496dd8" />
      <TestMethod codeBase="C:\Users\lauri\Desktop\Cerneala\tests\Cerneala.Tests.Scene2DImporters\bin\Debug\net8.0\Cerneala.Tests.Scene2DImporters.dll" adapterTypeName="executor://xunit/VsTestRunner2/netcoreapp" className="Cerneala.Tests.Scene2DImporters.TiledHostileInputTests" name="ExplicitBudgetsFailBeforePublishing" />
    </UnitTest>
    <UnitTest name="Cerneala.Tests.Scene2DImporters.TiledContractCoverageTests.StructuralReferencesAndReservedConventionsCannotBeSilentlyInvented(mutation: &quot;tile-object-id&quot;, code: &quot;SCN2D015&quot;)" storage="c:\users\lauri\desktop\cerneala\tests\cerneala.tests.scene2dimporters\bin\debug\net8.0\cerneala.tests.scene2dimporters.dll" id="741cb669-1e0e-831e-1845-9d370058fde9">
      <Execution id="68225f7b-c1c6-4272-85b6-7754129bffcb" />
      <TestMethod codeBase="C:\Users\lauri\Desktop\Cerneala\tests\Cerneala.Tests.Scene2DImporters\bin\Debug\net8.0\Cerneala.Tests.Scene2DImporters.dll" adapterTypeName="executor://xunit/VsTestRunner2/netcoreapp" className="Cerneala.Tests.Scene2DImporters.TiledContractCoverageTests" name="StructuralReferencesAndReservedConventionsCannotBeSilentlyInvented" />
    </UnitTest>
    <UnitTest name="Cerneala.Tests.Scene2DImporters.TiledContractCoverageTests.TopDownOrderingIsStableAndGroupVisibilityDoesNotDestroySourceMetadata" storage="c:\users\lauri\desktop\cerneala\tests\cerneala.tests.scene2dimporters\bin\debug\net8.0\cerneala.tests.scene2dimporters.dll" id="69405313-74f6-8d7c-0a63-145018b5b3fb">
      <Execution id="85919419-9e86-4ded-9401-be2cb1fdaf4e" />
      <TestMethod codeBase="C:\Users\lauri\Desktop\Cerneala\tests\Cerneala.Tests.Scene2DImporters\bin\Debug\net8.0\Cerneala.Tests.Scene2DImporters.dll" adapterTypeName="executor://xunit/VsTestRunner2/netcoreapp" className="Cerneala.Tests.Scene2DImporters.TiledContractCoverageTests" name="TopDownOrderingIsStableAndGroupVisibilityDoesNotDestroySourceMetadata" />
    </UnitTest>
    <UnitTest name="Cerneala.Tests.Scene2DImporters.TiledHostileInputTests.ExplicitBudgetsFailBeforePublishing(option: &quot;MaxCells&quot;, value: 3)" storage="c:\users\lauri\desktop\cerneala\tests\cerneala.tests.scene2dimporters\bin\debug\net8.0\cerneala.tests.scene2dimporters.dll" id="e0de932c-b99a-e913-9e6e-80c8efa381fc">
      <Execution id="694d9a63-6d11-456a-aaa2-535dd9279bec" />
      <TestMethod codeBase="C:\Users\lauri\Desktop\Cerneala\tests\Cerneala.Tests.Scene2DImporters\bin\Debug\net8.0\Cerneala.Tests.Scene2DImporters.dll" adapterTypeName="executor://xunit/VsTestRunner2/netcoreapp" className="Cerneala.Tests.Scene2DImporters.TiledHostileInputTests" name="ExplicitBudgetsFailBeforePublishing" />
    </UnitTest>
    <UnitTest name="Cerneala.Tests.Scene2DImporters.TiledContractCoverageTests.ExternalTilesetRequiresAnObjectRatherThanThrowingAnImplementationException(payload: &quot;42&quot;)" storage="c:\users\lauri\desktop\cerneala\tests\cerneala.tests.scene2dimporters\bin\debug\net8.0\cerneala.tests.scene2dimporters.dll" id="062d4e01-95c0-ca4f-9e89-83382dab0c63">
      <Execution id="ecee3d48-c2dc-4449-8284-cf5157d44ef8" />
      <TestMethod codeBase="C:\Users\lauri\Desktop\Cerneala\tests\Cerneala.Tests.Scene2DImporters\bin\Debug\net8.0\Cerneala.Tests.Scene2DImporters.dll" adapterTypeName="executor://xunit/VsTestRunner2/netcoreapp" className="Cerneala.Tests.Scene2DImporters.TiledContractCoverageTests" name="ExternalTilesetRequiresAnObjectRatherThanThrowingAnImplementationException" />
    </UnitTest>
    <UnitTest name="Cerneala.Tests.Scene2DImporters.ImportStageZeroContractTests.InvalidAndUnsupportedDataHasStableLocatedDiagnosticsAndNoPartialPublication(file: &quot;invalid/layer-mask.tmj&quot;, format: &quot;Tiled&quot;, code: &quot;SCN2D009&quot;, category: &quot;Error&quot;)" storage="c:\users\lauri\desktop\cerneala\tests\cerneala.tests.scene2dimporters\bin\debug\net8.0\cerneala.tests.scene2dimporters.dll" id="839f6d59-09e0-c3dc-fc39-c5d348186bcb">
      <Execution id="38d19c17-e8c9-409d-9803-18e55a6e4eac" />
      <TestMethod codeBase="C:\Users\lauri\Desktop\Cerneala\tests\Cerneala.Tests.Scene2DImporters\bin\Debug\net8.0\Cerneala.Tests.Scene2DImporters.dll" adapterTypeName="executor://xunit/VsTestRunner2/netcoreapp" className="Cerneala.Tests.Scene2DImporters.ImportStageZeroContractTests" name="InvalidAndUnsupportedDataHasStableLocatedDiagnosticsAndNoPartialPublication" />
    </UnitTest>
    <UnitTest name="Cerneala.Tests.Scene2DImporters.TiledContractCoverageTests.OversizedTileColliderCollectionStopsBeforeMaterializingEveryObject" storage="c:\users\lauri\desktop\cerneala\tests\cerneala.tests.scene2dimporters\bin\debug\net8.0\cerneala.tests.scene2dimporters.dll" id="936ef053-1c62-0d4f-934f-56f1544358e3">
      <Execution id="8a3bfdf4-5db0-4f3e-a985-d53bfa0d4119" />
      <TestMethod codeBase="C:\Users\lauri\Desktop\Cerneala\tests\Cerneala.Tests.Scene2DImporters\bin\Debug\net8.0\Cerneala.Tests.Scene2DImporters.dll" adapterTypeName="executor://xunit/VsTestRunner2/netcoreapp" className="Cerneala.Tests.Scene2DImporters.TiledContractCoverageTests" name="OversizedTileColliderCollectionStopsBeforeMaterializingEveryObject" />
    </UnitTest>
    <UnitTest name="Cerneala.Tests.Scene2DImporters.ImportStageZeroContractTests.ImportProducesIndependentGoldenIncludingAtlasFlipOffsetsAndLayerOrder(format: &quot;Tiled&quot;, file: &quot;tiled-zlib.tmj&quot;)" storage="c:\users\lauri\desktop\cerneala\tests\cerneala.tests.scene2dimporters\bin\debug\net8.0\cerneala.tests.scene2dimporters.dll" id="0fcb14db-3c45-d522-d12a-e12cf995f6b9">
      <Execution id="bc464fb4-8b73-483d-8c71-fd0a3266d21c" />
      <TestMethod codeBase="C:\Users\lauri\Desktop\Cerneala\tests\Cerneala.Tests.Scene2DImporters\bin\Debug\net8.0\Cerneala.Tests.Scene2DImporters.dll" adapterTypeName="executor://xunit/VsTestRunner2/netcoreapp" className="Cerneala.Tests.Scene2DImporters.ImportStageZeroContractTests" name="ImportProducesIndependentGoldenIncludingAtlasFlipOffsetsAndLayerOrder" />
    </UnitTest>
    <UnitTest name="Cerneala.Tests.Scene2DImporters.ImportStageZeroContractTests.GroupOffsetsOpacityAndTintComposeWithoutChangingLayerIdentity" storage="c:\users\lauri\desktop\cerneala\tests\cerneala.tests.scene2dimporters\bin\debug\net8.0\cerneala.tests.scene2dimporters.dll" id="8c27b1db-98e3-7f36-933d-d29820e4e303">
      <Execution id="59aa66f5-bcf5-4232-b7b5-849514c77420" />
      <TestMethod codeBase="C:\Users\lauri\Desktop\Cerneala\tests\Cerneala.Tests.Scene2DImporters\bin\Debug\net8.0\Cerneala.Tests.Scene2DImporters.dll" adapterTypeName="executor://xunit/VsTestRunner2/netcoreapp" className="Cerneala.Tests.Scene2DImporters.ImportStageZeroContractTests" name="GroupOffsetsOpacityAndTintComposeWithoutChangingLayerIdentity" />
    </UnitTest>
    <UnitTest name="Cerneala.Tests.Scene2DImporters.TiledHostileInputTests.HostileOrUnsupportedDataCannotPublishAPartialDocument(mutation: &quot;tileset-offset&quot;, code: &quot;SCN2D004&quot;)" storage="c:\users\lauri\desktop\cerneala\tests\cerneala.tests.scene2dimporters\bin\debug\net8.0\cerneala.tests.scene2dimporters.dll" id="c083babc-f0b7-d7a1-fca1-213e3897f13a">
      <Execution id="d0b8864e-d7f8-438e-958b-f61bcbd84903" />
      <TestMethod codeBase="C:\Users\lauri\Desktop\Cerneala\tests\Cerneala.Tests.Scene2DImporters\bin\Debug\net8.0\Cerneala.Tests.Scene2DImporters.dll" adapterTypeName="executor://xunit/VsTestRunner2/netcoreapp" className="Cerneala.Tests.Scene2DImporters.TiledHostileInputTests" name="HostileOrUnsupportedDataCannotPublishAPartialDocument" />
    </UnitTest>
    <UnitTest name="Cerneala.Tests.Scene2DImporters.TiledContractCoverageTests.ExternalTilesetAndFilePropertiesResolveRelativeToTheirOwnFileInsideRoot" storage="c:\users\lauri\desktop\cerneala\tests\cerneala.tests.scene2dimporters\bin\debug\net8.0\cerneala.tests.scene2dimporters.dll" id="6914e86a-3c3a-43c1-c735-3ded38d7552b">
      <Execution id="3938fe38-cda4-4563-86b2-95a6dc15fb57" />
      <TestMethod codeBase="C:\Users\lauri\Desktop\Cerneala\tests\Cerneala.Tests.Scene2DImporters\bin\Debug\net8.0\Cerneala.Tests.Scene2DImporters.dll" adapterTypeName="executor://xunit/VsTestRunner2/netcoreapp" className="Cerneala.Tests.Scene2DImporters.TiledContractCoverageTests" name="ExternalTilesetAndFilePropertiesResolveRelativeToTheirOwnFileInsideRoot" />
    </UnitTest>
    <UnitTest name="Cerneala.Tests.Scene2DImporters.ImportStageZeroContractTests.InvalidAndUnsupportedDataHasStableLocatedDiagnosticsAndNoPartialPublication(file: &quot;invalid/atlas-bounds.tmj&quot;, format: &quot;Tiled&quot;, code: &quot;SCN2D007&quot;, category: &quot;Error&quot;)" storage="c:\users\lauri\desktop\cerneala\tests\cerneala.tests.scene2dimporters\bin\debug\net8.0\cerneala.tests.scene2dimporters.dll" id="44064582-25f9-f07f-5647-1941fbe22d67">
      <Execution id="fd16293d-483c-4c14-839a-a97f75cc6344" />
      <TestMethod codeBase="C:\Users\lauri\Desktop\Cerneala\tests\Cerneala.Tests.Scene2DImporters\bin\Debug\net8.0\Cerneala.Tests.Scene2DImporters.dll" adapterTypeName="executor://xunit/VsTestRunner2/netcoreapp" className="Cerneala.Tests.Scene2DImporters.ImportStageZeroContractTests" name="InvalidAndUnsupportedDataHasStableLocatedDiagnosticsAndNoPartialPublication" />
    </UnitTest>
    <UnitTest name="Cerneala.Tests.Scene2DImporters.TiledHostileInputTests.TruncatedJsonAndDuplicateMembersProduceControlledLocatedDiagnostics" storage="c:\users\lauri\desktop\cerneala\tests\cerneala.tests.scene2dimporters\bin\debug\net8.0\cerneala.tests.scene2dimporters.dll" id="7ac7354c-2f6d-1c7f-ae59-aa5ba8d1d0f5">
      <Execution id="35ffc73e-f163-4cb8-b8a9-1ed19566164f" />
      <TestMethod codeBase="C:\Users\lauri\Desktop\Cerneala\tests\Cerneala.Tests.Scene2DImporters\bin\Debug\net8.0\Cerneala.Tests.Scene2DImporters.dll" adapterTypeName="executor://xunit/VsTestRunner2/netcoreapp" className="Cerneala.Tests.Scene2DImporters.TiledHostileInputTests" name="TruncatedJsonAndDuplicateMembersProduceControlledLocatedDiagnostics" />
    </UnitTest>
    <UnitTest name="Cerneala.Tests.Scene2DImporters.ImportStageZeroContractTests.InvalidAndUnsupportedDataHasStableLocatedDiagnosticsAndNoPartialPublication(file: &quot;invalid/duplicate-promotion.tmj&quot;, format: &quot;Tiled&quot;, code: &quot;SCN2D012&quot;, category: &quot;Error&quot;)" storage="c:\users\lauri\desktop\cerneala\tests\cerneala.tests.scene2dimporters\bin\debug\net8.0\cerneala.tests.scene2dimporters.dll" id="a4f0a97f-254d-8a46-8c60-957e7eff66dc">
[...]
    </UnitTest>
    <UnitTest name="Cerneala.Tests.Scene2DImporters.TiledHostileInputTests.HostileOrUnsupportedDataCannotPublishAPartialDocument(mutation: &quot;duplicate-tile&quot;, code: &quot;SCN2D015&quot;)" storage="c:\users\lauri\desktop\cerneala\tests\cerneala.tests.scene2dimporters\bin\debug\net8.0\cerneala.tests.scene2dimporters.dll" id="25a90eb8-aa66-f6f0-da89-238e1310fd36">
      <Execution id="9f4eae09-ef64-41a4-a507-f48c98c73c33" />
      <TestMethod codeBase="C:\Users\lauri\Desktop\Cerneala\tests\Cerneala.Tests.Scene2DImporters\bin\Debug\net8.0\Cerneala.Tests.Scene2DImporters.dll" adapterTypeName="executor://xunit/VsTestRunner2/netcoreapp" className="Cerneala.Tests.Scene2DImporters.TiledHostileInputTests" name="HostileOrUnsupportedDataCannotPublishAPartialDocument" />
    </UnitTest>
    <UnitTest name="Cerneala.Tests.Scene2DImporters.TiledHostileInputTests.ExplicitBudgetsFailBeforePublishing(option: &quot;MaxLayers&quot;, value: 1)" storage="c:\users\lauri\desktop\cerneala\tests\cerneala.tests.scene2dimporters\bin\debug\net8.0\cerneala.tests.scene2dimporters.dll" id="3002757c-a194-abea-5c1b-9edb408d4817">
      <Execution id="637b5e74-5ad4-46aa-8ad7-7463f42e63a3" />
      <TestMethod codeBase="C:\Users\lauri\Desktop\Cerneala\tests\Cerneala.Tests.Scene2DImporters\bin\Debug\net8.0\Cerneala.Tests.Scene2DImporters.dll" adapterTypeName="executor://xunit/VsTestRunner2/netcoreapp" className="Cerneala.Tests.Scene2DImporters.TiledHostileInputTests" name="ExplicitBudgetsFailBeforePublishing" />
    </UnitTest>
    <UnitTest name="Cerneala.Tests.Scene2DImporters.TiledHostileInputTests.ExplicitBudgetsFailBeforePublishing(option: &quot;MaxTotalBytes&quot;, value: 32)" storage="c:\users\lauri\desktop\cerneala\tests\cerneala.tests.scene2dimporters\bin\debug\net8.0\cerneala.tests.scene2dimporters.dll" id="aadd1403-ea24-472b-f30e-086cd933c5aa">
      <Execution id="85bb0146-72be-4924-b547-bcd55ffb329c" />
      <TestMethod codeBase="C:\Users\lauri\Desktop\Cerneala\tests\Cerneala.Tests.Scene2DImporters\bin\Debug\net8.0\Cerneala.Tests.Scene2DImporters.dll" adapterTypeName="executor://xunit/VsTestRunner2/netcoreapp" className="Cerneala.Tests.Scene2DImporters.TiledHostileInputTests" name="ExplicitBudgetsFailBeforePublishing" />
    </UnitTest>
    <UnitTest name="Cerneala.Tests.Scene2DImporters.TiledContractCoverageTests.StructuralReferencesAndReservedConventionsCannotBeSilentlyInvented(mutation: &quot;unknown-role&quot;, code: &quot;SCN2D004&quot;)" storage="c:\users\lauri\desktop\cerneala\tests\cerneala.tests.scene2dimporters\bin\debug\net8.0\cerneala.tests.scene2dimporters.dll" id="5de5f8c7-641c-39a0-5f00-b27911f0b7a9">
      <Execution id="0e5d88dc-833d-4a21-9786-a7fa8b25ef96" />
      <TestMethod codeBase="C:\Users\lauri\Desktop\Cerneala\tests\Cerneala.Tests.Scene2DImporters\bin\Debug\net8.0\Cerneala.Tests.Scene2DImporters.dll" adapterTypeName="executor://xunit/VsTestRunner2/netcoreapp" className="Cerneala.Tests.Scene2DImporters.TiledContractCoverageTests" name="StructuralReferencesAndReservedConventionsCannotBeSilentlyInvented" />
    </UnitTest>
    <UnitTest name="Cerneala.Tests.Scene2DImporters.ImportStageZeroContractTests.InvalidAndUnsupportedDataHasStableLocatedDiagnosticsAndNoPartialPublication(file: &quot;invalid/version.tmj&quot;, format: &quot;Tiled&quot;, code: &quot;SCN2D003&quot;, category: &quot;Fatal&quot;)" storage="c:\users\lauri\desktop\cerneala\tests\cerneala.tests.scene2dimporters\bin\debug\net8.0\cerneala.tests.scene2dimporters.dll" id="3bfefb6c-faed-d1b0-181f-18f44d977634">
      <Execution id="5bc9a02f-e9fc-4fbe-aa61-983c987d781f" />
      <TestMethod codeBase="C:\Users\lauri\Desktop\Cerneala\tests\Cerneala.Tests.Scene2DImporters\bin\Debug\net8.0\Cerneala.Tests.Scene2DImporters.dll" adapterTypeName="executor://xunit/VsTestRunner2/netcoreapp" className="Cerneala.Tests.Scene2DImporters.ImportStageZeroContractTests" name="InvalidAndUnsupportedDataHasStableLocatedDiagnosticsAndNoPartialPublication" />
    </UnitTest>
    <UnitTest name="Cerneala.Tests.Scene2DImporters.TiledContractCoverageTests.TileCollisionObjectsComposeTheirLocalRotationAndGroupOffsetExactlyOnce" storage="c:\users\lauri\desktop\cerneala\tests\cerneala.tests.scene2dimporters\bin\debug\net8.0\cerneala.tests.scene2dimporters.dll" id="ced0aa19-fcbb-fee2-2cdc-ece7f2ce8d66">
      <Execution id="9ade39f9-76c1-466b-9513-29fbc8ecc9e4" />
      <TestMethod codeBase="C:\Users\lauri\Desktop\Cerneala\tests\Cerneala.Tests.Scene2DImporters\bin\Debug\net8.0\Cerneala.Tests.Scene2DImporters.dll" adapterTypeName="executor://xunit/VsTestRunner2/netcoreapp" className="Cerneala.Tests.Scene2DImporters.TiledContractCoverageTests" name="TileCollisionObjectsComposeTheirLocalRotationAndGroupOffsetExactlyOnce" />
    </UnitTest>
    <UnitTest name="Cerneala.Tests.Scene2DImporters.TiledContractCoverageTests.EveryFrozenUnsupportedTiledFieldAndEveryUnknownScopeFieldIsRejected" storage="c:\users\lauri\desktop\cerneala\tests\cerneala.tests.scene2dimporters\bin\debug\net8.0\cerneala.tests.scene2dimporters.dll" id="dfddb39b-7fe8-1325-f9c5-a4b855e03c8d">
      <Execution id="f2943874-0527-4b55-bfe0-50374b0d7cad" />
      <TestMethod codeBase="C:\Users\lauri\Desktop\Cerneala\tests\Cerneala.Tests.Scene2DImporters\bin\Debug\net8.0\Cerneala.Tests.Scene2DImporters.dll" adapterTypeName="executor://xunit/VsTestRunner2/netcoreapp" className="Cerneala.Tests.Scene2DImporters.TiledContractCoverageTests" name="EveryFrozenUnsupportedTiledFieldAndEveryUnknownScopeFieldIsRejected" />
    </UnitTest>
    <UnitTest name="Cerneala.Tests.Scene2DImporters.ImportStageZeroContractTests.SparsePromotionKeepsStableAddressAndTemplatePropertiesWithoutCreatingUiNodes(file: &quot;tiled-empty-promotion.tmj&quot;, x: 1, y: 1)" storage="c:\users\lauri\desktop\cerneala\tests\cerneala.tests.scene2dimporters\bin\debug\net8.0\cerneala.tests.scene2dimporters.dll" id="b302d150-c1c6-92aa-7c57-256467cd10da">
      <Execution id="ba3a928d-0201-435a-a4ff-623606c401d0" />
      <TestMethod codeBase="C:\Users\lauri\Desktop\Cerneala\tests\Cerneala.Tests.Scene2DImporters\bin\Debug\net8.0\Cerneala.Tests.Scene2DImporters.dll" adapterTypeName="executor://xunit/VsTestRunner2/netcoreapp" className="Cerneala.Tests.Scene2DImporters.ImportStageZeroContractTests" name="SparsePromotionKeepsStableAddressAndTemplatePropertiesWithoutCreatingUiNodes" />
    </UnitTest>
  </TestDefinitions>
  <TestEntries>
    <TestEntry testId="20a6e335-2067-179c-dad1-bcee4365174d" executionId="7b7742a0-bf1a-410c-a0e5-6748a71588d1" testListId="8c84fa94-04c1-424b-9868-57a2d4851a1d" />
    <TestEntry testId="69405313-74f6-8d7c-0a63-145018b5b3fb" executionId="85919419-9e86-4ded-9401-be2cb1fdaf4e" testListId="8c84fa94-04c1-424b-9868-57a2d4851a1d" />
    <TestEntry testId="a55b5358-e53c-cc34-feea-60f1d4b8f40d" executionId="f424f3b3-49f1-4de9-afd6-1875d2e3bc18" testListId="8c84fa94-04c1-424b-9868-57a2d4851a1d" />
    <TestEntry testId="dfddb39b-7fe8-1325-f9c5-a4b855e03c8d" executionId="f2943874-0527-4b55-bfe0-50374b0d7cad" testListId="8c84fa94-04c1-424b-9868-57a2d4851a1d" />
    <TestEntry testId="eff41dd7-044e-602d-8ad1-ef770a1f5078" executionId="d923ff50-2579-403d-bdb8-bb42c70838fb" testListId="8c84fa94-04c1-424b-9868-57a2d4851a1d" />
    <TestEntry testId="40e184e2-fbf6-b1f1-3d82-bc99fd9364bf" executionId="a392b117-2ff5-4690-8903-0ca683bf158c" testListId="8c84fa94-04c1-424b-9868-57a2d4851a1d" />
    <TestEntry testId="9a686bd9-eac4-5e7c-12c7-28ab1578dec8" executionId="9a3a1b87-d1ee-4950-97a9-651ebd48a3f7" testListId="8c84fa94-04c1-424b-9868-57a2d4851a1d" />
    <TestEntry testId="69934315-3c79-d856-7e72-26d250eb6c9a" executionId="86f7e8c9-e756-4825-8cd3-9bbf8f5700d0" testListId="8c84fa94-04c1-424b-9868-57a2d4851a1d" />
    <TestEntry testId="e0de932c-b99a-e913-9e6e-80c8efa381fc" executionId="694d9a63-6d11-456a-aaa2-535dd9279bec" testListId="8c84fa94-04c1-424b-9868-57a2d4851a1d" />
    <TestEntry testId="9617b4cd-f8b8-8c16-0738-982e9aff80ad" executionId="839982e4-ceec-4e3d-b222-16a798d0a025" testListId="8c84fa94-04c1-424b-9868-57a2d4851a1d" />
    <TestEntry testId="80a69860-e036-fa04-2a49-7ce4d708e483" executionId="f1e8d218-c69d-406a-872e-46858a87e51a" testListId="8c84fa94-04c1-424b-9868-57a2d4851a1d" />
    <TestEntry testId="ea8789cf-4e8a-bbb8-8fa7-61802c16714e" executionId="01564a03-70e5-4470-bda3-920cba640a77" testListId="8c84fa94-04c1-424b-9868-57a2d4851a1d" />
    <TestEntry testId="0799c4bd-a5b3-d121-c9fd-d7c49ac6f68d" executionId="5d6916b1-8e9b-4b9b-9326-5712f0f2c94a" testListId="8c84fa94-04c1-424b-9868-57a2d4851a1d" />
    <TestEntry testId="3002757c-a194-abea-5c1b-9edb408d4817" executionId="637b5e74-5ad4-46aa-8ad7-7463f42e63a3" testListId="8c84fa94-04c1-424b-9868-57a2d4851a1d" />
    <TestEntry testId="ced0aa19-fcbb-fee2-2cdc-ece7f2ce8d66" executionId="9ade39f9-76c1-466b-9513-29fbc8ecc9e4" testListId="8c84fa94-04c1-424b-9868-57a2d4851a1d" />
    <TestEntry testId="098ca5c2-b614-53e6-a3fa-964a33c5887a" executionId="cf909312-ef65-4ef7-8e8b-c195f193b579" testListId="8c84fa94-04c1-424b-9868-57a2d4851a1d" />
    <TestEntry testId="6914e86a-3c3a-43c1-c735-3ded38d7552b" executionId="3938fe38-cda4-4563-86b2-95a6dc15fb57" testListId="8c84fa94-04c1-424b-9868-57a2d4851a1d" />
    <TestEntry testId="679458d5-2c25-0eff-9ff4-47282b980e7d" executionId="86c7b8e7-9110-46a6-a843-562188511783" testListId="8c84fa94-04c1-424b-9868-57a2d4851a1d" />
    <TestEntry testId="d8e3e2d7-f40c-ed71-cf91-1eb2a41141d8" executionId="328163df-2cd0-4346-9d25-dc45256f16d8" testListId="8c84fa94-04c1-424b-9868-57a2d4851a1d" />
    <TestEntry testId="44edae4e-4cf3-b98f-9509-b4eca9aaa9a0" executionId="883d82f2-fe47-4adb-b458-0eb4b1135fd7" testListId="8c84fa94-04c1-424b-9868-57a2d4851a1d" />
    <TestEntry testId="8c27b1db-98e3-7f36-933d-d29820e4e303" executionId="59aa66f5-bcf5-4232-b7b5-849514c77420" testListId="8c84fa94-04c1-424b-9868-57a2d4851a1d" />
    <TestEntry testId="eaefa333-162a-a66c-7a14-d10be44d9480" executionId="75d07f0d-79cf-40ba-b9c0-d547d9183597" testListId="8c84fa94-04c1-424b-9868-57a2d4851a1d" />
    <TestEntry testId="98c9c4b6-c957-8981-3a19-9929ec568a49" executionId="6a639b2c-3bf1-41b9-9bc4-4156c626c327" testListId="8c84fa94-04c1-424b-9868-57a2d4851a1d" />
    <TestEntry testId="0e23bb29-4133-c8c3-90c4-d165f1c33b39" executionId="173e089e-141e-4693-acf3-f19ebca750b7" testListId="8c84fa94-04c1-424b-9868-57a2d4851a1d" />
    <TestEntry testId="dd4a7426-e7ff-3323-1df6-cf23044a5d75" executionId="5fa818fb-0c65-4b6e-9bed-59a69b3be71b" testListId="8c84fa94-04c1-424b-9868-57a2d4851a1d" />
    <TestEntry testId="13a0feeb-d0eb-412a-8fe0-e98d2e6e0e20" executionId="d90a61da-f121-44f5-8b92-2b540d65442a" testListId="8c84fa94-04c1-424b-9868-57a2d4851a1d" />
    <TestEntry testId="368526ba-9948-0d93-87b1-52f4c8c87e47" executionId="4a6c12c4-c244-4d58-bf59-6475b269ae0f" testListId="8c84fa94-04c1-424b-9868-57a2d4851a1d" />
    <TestEntry testId="71cd2bc2-3c51-19be-775a-b13e5a023ab3" executionId="9130976e-1dff-46b4-80ef-e53b69e4b323" testListId="8c84fa94-04c1-424b-9868-57a2d4851a1d" />
    <TestEntry testId="57bc0de0-e4f0-25f5-4087-66c9ff1268e4" executionId="06c891d0-f930-4b16-b292-b216f26302a4" testListId="8c84fa94-04c1-424b-9868-57a2d4851a1d" />
    <TestEntry testId="3bfefb6c-faed-d1b0-181f-18f44d977634" executionId="5bc9a02f-e9fc-4fbe-aa61-983c987d781f" testListId="8c84fa94-04c1-424b-9868-57a2d4851a1d" />
    <TestEntry testId="25a90eb8-aa66-f6f0-da89-238e1310fd36" executionId="9f4eae09-ef64-41a4-a507-f48c98c73c33" testListId="8c84fa94-04c1-424b-9868-57a2d4851a1d" />
    <TestEntry testId="062d4e01-95c0-ca4f-9e89-83382dab0c63" executionId="ecee3d48-c2dc-4449-8284-cf5157d44ef8" testListId="8c84fa94-04c1-424b-9868-57a2d4851a1d" />
    <TestEntry testId="5de5f8c7-641c-39a0-5f00-b27911f0b7a9" executionId="0e5d88dc-833d-4a21-9786-a7fa8b25ef96" testListId="8c84fa94-04c1-424b-9868-57a2d4851a1d" />
    <TestEntry testId="83c3d4b2-db7e-ecec-a865-b4f4638cf06d" executionId="f20a2a07-b97d-4e65-bbde-2df35f659592" testListId="8c84fa94-04c1-424b-9868-57a2d4851a1d" />
    <TestEntry testId="7ac7354c-2f6d-1c7f-ae59-aa5ba8d1d0f5" executionId="35ffc73e-f163-4cb8-b8a9-1ed19566164f" testListId="8c84fa94-04c1-424b-9868-57a2d4851a1d" />
    <TestEntry testId="c59996ba-31f8-bf26-4004-b8d5c2fd536e" executionId="191d9cfe-6a3c-4e2b-908c-2feceb9c2773" testListId="8c84fa94-04c1-424b-9868-57a2d4851a1d" />
    <TestEntry testId="0e2495df-a69d-1992-451a-8672a8ab5a69" executionId="363f2476-5edc-427c-93bd-b1374f9e2fe6" testListId="8c84fa94-04c1-424b-9868-57a2d4851a1d" />
    <TestEntry testId="60bcf199-30fc-eee8-e53d-a559e020496e" executionId="9a740711-32c4-49b2-81fb-0628d661394d" testListId="8c84fa94-04c1-424b-9868-57a2d4851a1d" />
    <TestEntry testId="2bdd12a4-6c42-b129-97e3-1c70e7f999fc" executionId="e9da837c-876f-44a9-bc7e-b3621a02b89c" testListId="8c84fa94-04c1-424b-9868-57a2d4851a1d" />
    <TestEntry testId="44064582-25f9-f07f-5647-1941fbe22d67" executionId="fd16293d-483c-4c14-839a-a97f75cc6344" testListId="8c84fa94-04c1-424b-9868-57a2d4851a1d" />
    <TestEntry testId="a775d205-18de-eb84-e2f9-c98de9bd10d8" executionId="d0193522-82c9-4e4a-90f9-0d71be9a4129" testListId="8c84fa94-04c1-424b-9868-57a2d4851a1d" />
    <TestEntry testId="741cb669-1e0e-831e-1845-9d370058fde9" executionId="68225f7b-c1c6-4272-85b6-7754129bffcb" testListId="8c84fa94-04c1-424b-9868-57a2d4851a1d" />
    <TestEntry testId="6431ea36-efea-c395-d366-808954599a13" executionId="06c1b0b3-9877-421b-ae07-81227c34aed6" testListId="8c84fa94-04c1-424b-9868-57a2d4851a1d" />
    <TestEntry testId="95902fb2-bc00-0e73-c570-e25dff5fa245" executionId="968a8259-5a5f-411f-b5f6-3f3e9507cb22" testListId="8c84fa94-04c1-424b-9868-57a2d4851a1d" />
    <TestEntry testId="52ff1f11-ce0b-4306-f0fe-638d282bc1a6" executionId="1e69c026-07df-456a-965b-820df24acf45" testListId="8c84fa94-04c1-424b-9868-57a2d4851a1d" />
    <TestEntry testId="efa54d9c-7d8e-8c14-111d-a7ac0d73c086" executionId="02c4da04-99f4-40de-a190-a40d185dda3b" testListId="8c84fa94-04c1-424b-9868-57a2d4851a1d" />
    <TestEntry testId="1c5ea004-a29f-c6b6-142c-82a2561bf4dd" executionId="bddd94eb-0688-45c4-a3d6-6e865e512a58" testListId="8c84fa94-04c1-424b-9868-57a2d4851a1d" />
    <TestEntry testId="c1e6f729-8fad-e997-06d3-c3c1f6a51dd8" executionId="c73b48a8-f63c-4ebf-abf0-db2e715ee35a" testListId="8c84fa94-04c1-424b-9868-57a2d4851a1d" />
    <TestEntry testId="b302d150-c1c6-92aa-7c57-256467cd10da" executionId="ba3a928d-0201-435a-a4ff-623606c401d0" testListId="8c84fa94-04c1-424b-9868-57a2d4851a1d" />
    <TestEntry testId="70ff16b7-c4f5-6c3e-0036-b735654cb069" executionId="4f653a37-c09a-4b27-a951-1fd3ad14975b" testListId="8c84fa94-04c1-424b-9868-57a2d4851a1d" />
    <TestEntry testId="c083babc-f0b7-d7a1-fca1-213e3897f13a" executionId="d0b8864e-d7f8-438e-958b-f61bcbd84903" testListId="8c84fa94-04c1-424b-9868-57a2d4851a1d" />
    <TestEntry testId="594b0476-0617-b152-f6fc-6df36325c330" executionId="793c5170-ff8b-44ea-a71b-23fdae496dd8" testListId="8c84fa94-04c1-424b-9868-57a2d4851a1d" />
    <TestEntry testId="c639fd02-7a16-ad89-78c6-21cb3323aabb" executionId="b097cffb-08d5-4958-8312-f1689fd1008a" testListId="8c84fa94-04c1-424b-9868-57a2d4851a1d" />
    <TestEntry testId="afed80b0-7084-acdf-e5ae-6be3b230f932" executionId="f07e7dd8-884c-45e9-b04f-4b3cfefc1a05" testListId="8c84fa94-04c1-424b-9868-57a2d4851a1d" />
    <TestEntry testId="936ef053-1c62-0d4f-934f-56f1544358e3" executionId="8a3bfdf4-5db0-4f3e-a985-d53bfa0d4119" testListId="8c84fa94-04c1-424b-9868-57a2d4851a1d" />
    <TestEntry testId="03ef74b7-aae3-a3de-167a-a5ecb33c33ff" executionId="16412c38-3002-4b4e-a725-0b917f337410" testListId="8c84fa94-04c1-424b-9868-57a2d4851a1d" />
    <TestEntry testId="5f6f8ee7-a498-413f-d490-ddf4775a4e4d" executionId="a0ec283a-6a63-4096-9668-d565ccb594f3" testListId="8c84fa94-04c1-424b-9868-57a2d4851a1d" />
    <TestEntry testId="83881747-f600-c994-7abc-727db49e13bf" executionId="587cf612-30d5-41b6-a102-4c58fe1e56a4" testListId="8c84fa94-04c1-424b-9868-57a2d4851a1d" />
    <TestEntry testId="839f6d59-09e0-c3dc-fc39-c5d348186bcb" executionId="38d19c17-e8c9-409d-9803-18e55a6e4eac" testListId="8c84fa94-04c1-424b-9868-57a2d4851a1d" />
    <TestEntry testId="9d6da3f6-f964-75da-e83c-9d86d8f0e4dc" executionId="4b234385-08fd-4424-a22a-6150a0535a66" testListId="8c84fa94-04c1-424b-9868-57a2d4851a1d" />
    <TestEntry testId="aadd1403-ea24-472b-f30e-086cd933c5aa" executionId="85bb0146-72be-4924-b547-bcd55ffb329c" testListId="8c84fa94-04c1-424b-9868-57a2d4851a1d" />
    <TestEntry testId="3e512684-e8b2-aa7b-47f1-19782b2f2c66" executionId="ebc27b2d-cc27-4342-9ea3-9e46f11725af" testListId="8c84fa94-04c1-424b-9868-57a2d4851a1d" />
    <TestEntry testId="57a7b9c0-5d80-0f57-6921-5d8b3f1ac080" executionId="ea00e9b1-1992-484b-885c-fc419e2be9f6" testListId="8c84fa94-04c1-424b-9868-57a2d4851a1d" />
    <TestEntry testId="b42cedc4-0fa1-bc5c-138d-67c0406e3319" executionId="1e67cb82-1bcf-4298-aaaa-838b650c209b" testListId="8c84fa94-04c1-424b-9868-57a2d4851a1d" />
    <TestEntry testId="121d7706-e7f7-805a-fe12-ebd66d3c3beb" executionId="6b53f760-a534-4d9c-836a-7f4322285886" testListId="8c84fa94-04c1-424b-9868-57a2d4851a1d" />
    <TestEntry testId="a4f0a97f-254d-8a46-8c60-957e7eff66dc" executionId="d86e1120-3fa5-4b03-b30a-416007fe5fd0" testListId="8c84fa94-04c1-424b-9868-57a2d4851a1d" />
    <TestEntry testId="1a10472e-3a53-385d-90ea-e9994a576b8e" executionId="39a75d20-a137-4a5a-9ec1-080f969a28da" testListId="8c84fa94-04c1-424b-9868-57a2d4851a1d" />
    <TestEntry testId="a729db54-dc51-66d0-ec80-aeb0bb3bdb59" executionId="483f5d88-e7c3-48b8-a8dd-b935d591bec8" testListId="8c84fa94-04c1-424b-9868-57a2d4851a1d" />
    <TestEntry testId="ac414867-553f-e730-093b-326199b5a912" executionId="f8ad56cb-fbf5-410f-bc70-c773811c3628" testListId="8c84fa94-04c1-424b-9868-57a2d4851a1d" />
    <TestEntry testId="d4a30884-a875-c4b4-78c2-cf829c9524d2" executionId="6a06ce01-cd6c-42c8-b418-15ff362efded" testListId="8c84fa94-04c1-424b-9868-57a2d4851a1d" />
    <TestEntry testId="0fcb14db-3c45-d522-d12a-e12cf995f6b9" executionId="bc464fb4-8b73-483d-8c71-fd0a3266d21c" testListId="8c84fa94-04c1-424b-9868-57a2d4851a1d" />
    <TestEntry testId="7fb8cb12-b6d4-765a-382d-1a2d2a7b8bbf" executionId="f2afb428-2e2e-4c4b-8435-2efe1a0eaa9a" testListId="8c84fa94-04c1-424b-9868-57a2d4851a1d" />
    <TestEntry testId="1479f4b9-f165-c703-70a1-e81898fff92f" executionId="ad6a57cb-1be5-46ab-8989-87a4d72b2b77" testListId="8c84fa94-04c1-424b-9868-57a2d4851a1d" />
    <TestEntry testId="33315062-641f-5506-86b8-18cbe0915d06" executionId="e8448999-6614-453e-ab50-4fb273d52215" testListId="8c84fa94-04c1-424b-9868-57a2d4851a1d" />
    <TestEntry testId="fab6c40c-cced-780b-eb95-9535eb02c22f" executionId="1b3a05f1-fd9c-4352-ba74-56143ff21637" testListId="8c84fa94-04c1-424b-9868-57a2d4851a1d" />
  </TestEntries>
  <TestLists>
    <TestList name="Results Not in a List" id="8c84fa94-04c1-424b-9868-57a2d4851a1d" />
    <TestList name="All Loaded Results" id="19431567-8539-422a-85d7-44ee4e166bda" />
  </TestLists>
  <ResultSummary outcome="Completed">
    <Counters total="75" executed="75" passed="75" failed="0" error="0" timeout="0" aborted="0" inconclusive="0" passedButRunAborted="0" notRunnable="0" notExecuted="0" disconnected="0" warning="0" completed="0" inProgress="0" pending="0" />
    <Output>
      <StdOut>[xUnit.net 00:00:00.00] xUnit.net VSTest Adapter v2.5.3.1+6b60a9e56a (64-bit .NET 8.0.30)&#xD;
[xUnit.net 00:00:00.10]   Discovering: Cerneala.Tests.Scene2DImporters&#xD;
[xUnit.net 00:00:00.19]   Discovered:  Cerneala.Tests.Scene2DImporters&#xD;
[xUnit.net 00:00:00.20]   Starting:    Cerneala.Tests.Scene2DImporters&#xD;
[xUnit.net 00:00:02.34]   Finished:    Cerneala.Tests.Scene2DImporters&#xD;
</StdOut>
    </Output>
  </ResultSummary>
</TestRun>