<?xml version="1.0" encoding="utf-8"?>
<TestRun id="41f2095f-7ae5-4b88-8ef4-be81913b8988" name="lauri@DESKTOP-JT43V3D 2026-09-25 07:18:30" runUser="DESKTOP-JT43V3D\lauri" xmlns="http://microsoft.com/schemas/VisualStudio/TeamTest/2010">
  <Times creation="2026-09-25T07:18:30.4278488+03:00" queuing="2026-09-25T07:18:30.4278492+03:00" start="2026-09-25T07:18:28.0386599+03:00" finish="2026-09-25T07:19:05.3491920+03:00" />
  <TestSettings name="default" id="abb277b9-bc28-4564-8fea-7d465ce40683">
    <Deployment runDeploymentRoot="lauri_DESKTOP-JT43V3D_2026-09-25_07_18_30" />
  </TestSettings>
  <Results>
    <UnitTestResult executionId="0ec4c864-36fb-46e5-9e1b-acf375e1f1df" testId="12a63a53-ba24-846d-d04a-0c0216c8a8c3" testName="Cerneala.Tests.PreviewHost.PreviewHostTests.UnsavedMarkupOverridesTheAdditionalFileOnDisk" computerName="DESKTOP-JT43V3D" duration="00:00:13.7053764" startTime="2026-09-25T07:18:50.9335977+03:00" endTime="2026-09-25T07:18:50.9335979+03:00" testType="13cdc9d9-ddb5-4fa4-a97d-d965ccfc6d4b" outcome="Passed" testListId="8c84fa94-04c1-424b-9868-57a2d4851a1d" relativeResultsDirectory="0ec4c864-36fb-46e5-9e1b-acf375e1f1df" />
    <UnitTestResult executionId="901f5be5-3c63-42a5-ab03-1f1dd8dac187" testId="38d31ece-25ab-46f8-3a8e-1fe96157c03c" testName="Cerneala.Tests.PreviewHost.PreviewHostTests.UnchangedSavedMarkupReusesTheCurrentBuildOutput" computerName="DESKTOP-JT43V3D" duration="00:00:00.1408696" startTime="2026-09-25T07:18:35.1326357+03:00" endTime="2026-09-25T07:18:35.1326361+03:00" testType="13cdc9d9-ddb5-4fa4-a97d-d965ccfc6d4b" outcome="Passed" testListId="8c84fa94-04c1-424b-9868-57a2d4851a1d" relativeResultsDirectory="901f5be5-3c63-42a5-ab03-1f1dd8dac187" />
    <UnitTestResult executionId="28f6ac0e-de7f-4db9-b9d0-d3cd6a50403b" testId="4e30bae5-3742-2467-d20f-daebb4b1ac35" testName="Cerneala.Tests.PreviewHost.PreviewHostTests.OpeningViewCapturesThePresentedBgraFrameWithoutPngEncoding" computerName="DESKTOP-JT43V3D" duration="00:00:01.6590552" startTime="2026-09-25T07:18:34.9916019+03:00" endTime="2026-09-25T07:18:34.9916023+03:00" testType="13cdc9d9-ddb5-4fa4-a97d-d965ccfc6d4b" outcome="Passed" testListId="8c84fa94-04c1-424b-9868-57a2d4851a1d" relativeResultsDirectory="28f6ac0e-de7f-4db9-b9d0-d3cd6a50403b" />
    <UnitTestResult executionId="d19b9529-4ef3-4045-9c62-8195fb4f7475" testId="84ac8de5-f885-9e33-9fea-b9c3e4f31aaf" testName="Cerneala.Tests.PreviewHost.PreviewHostTests.StructuralMarkupEditStillRequiresCompilation" computerName="DESKTOP-JT43V3D" duration="00:00:00.0003956" startTime="2026-09-25T07:18:35.1330920+03:00" endTime="2026-09-25T07:18:35.1330921+03:00" testType="13cdc9d9-ddb5-4fa4-a97d-d965ccfc6d4b" outcome="Passed" testListId="8c84fa94-04c1-424b-9868-57a2d4851a1d" relativeResultsDirectory="d19b9529-4ef3-4045-9c62-8195fb4f7475" />
    <UnitTestResult executionId="1a12d53a-a1df-4449-8666-9527f3164dbe" testId="12dec20d-5434-a571-f45c-351388fbf51a" testName="Cerneala.Tests.PreviewHost.PreviewHostTests.CustomControlTextEditUpdatesTheLiveTreeWithoutRecompiling" computerName="DESKTOP-JT43V3D" duration="00:00:01.9725690" startTime="2026-09-25T07:19:05.0300750+03:00" endTime="2026-09-25T07:19:05.0300752+03:00" testType="13cdc9d9-ddb5-4fa4-a97d-d965ccfc6d4b" outcome="Passed" testListId="8c84fa94-04c1-424b-9868-57a2d4851a1d" relativeResultsDirectory="1a12d53a-a1df-4449-8666-9527f3164dbe" />
    <UnitTestResult executionId="faaa8308-bbdf-4c4c-8e66-925379c24817" testId="94795f4b-46fa-daa7-17e2-bfdc7f71f190" testName="Cerneala.Tests.PreviewHost.PreviewHostTests.IncompleteLiteralIsDeferredWithoutMutatingTheLiveTree" computerName="DESKTOP-JT43V3D" duration="00:00:00.0466764" startTime="2026-09-25T07:18:33.3324343+03:00" endTime="2026-09-25T07:18:33.3324346+03:00" testType="13cdc9d9-ddb5-4fa4-a97d-d965ccfc6d4b" outcome="Passed" testListId="8c84fa94-04c1-424b-9868-57a2d4851a1d" relativeResultsDirectory="faaa8308-bbdf-4c4c-8e66-925379c24817" />
    <UnitTestResult executionId="fde58af2-cabf-42c8-b1f5-bf7cb566da2a" testId="84678635-32b8-072c-2d9d-e7d04bf10c59" testName="Cerneala.Tests.PreviewHost.PreviewHostTests.HostProcessRendersThroughTheBinaryProtocol" computerName="DESKTOP-JT43V3D" duration="00:00:03.2338053" startTime="2026-09-25T07:18:33.2839237+03:00" endTime="2026-09-25T07:18:33.2839241+03:00" testType="13cdc9d9-ddb5-4fa4-a97d-d965ccfc6d4b" outcome="Passed" testListId="8c84fa94-04c1-424b-9868-57a2d4851a1d" relativeResultsDirectory="fde58af2-cabf-42c8-b1f5-bf7cb566da2a" />
    <UnitTestResult executionId="2d0be0d9-0a37-4118-99e9-2b5a0bb01001" testId="ef1dd837-ae67-a11d-3ac0-a6846e33e049" testName="Cerneala.Tests.PreviewHost.PreviewHostTests.LiteralPropertyEditUpdatesTheLiveTreeWithoutRecompiling" computerName="DESKTOP-JT43V3D" duration="00:00:02.0947999" startTime="2026-09-25T07:18:37.2280841+03:00" endTime="2026-09-25T07:18:37.2280844+03:00" testType="13cdc9d9-ddb5-4fa4-a97d-d965ccfc6d4b" outcome="Passed" testListId="8c84fa94-04c1-424b-9868-57a2d4851a1d" relativeResultsDirectory="2d0be0d9-0a37-4118-99e9-2b5a0bb01001" />
    <UnitTestResult executionId="cf55f03c-b2c6-4b12-b661-49355e879a32" testId="53f31151-a2da-47d5-79ad-5ec641f6970d" testName="Cerneala.Tests.PreviewHost.PreviewHostTests.FrameResponsesReuseTheCallersImageBuffer" computerName="DESKTOP-JT43V3D" duration="00:00:00.0023963" startTime="2026-09-25T07:19:03.0573940+03:00" endTime="2026-09-25T07:19:03.0573942+03:00" testType="13cdc9d9-ddb5-4fa4-a97d-d965ccfc6d4b" outcome="Passed" testListId="8c84fa94-04c1-424b-9868-57a2d4851a1d" relativeResultsDirectory="cf55f03c-b2c6-4b12-b661-49355e879a32" />
    <UnitTestResult executionId="c90095f5-6e97-4536-856b-ba78b2c2e31d" testId="d425a241-3c71-42da-67b3-74ac7b86adff" testName="Cerneala.Tests.PreviewHost.RenderSurface3DPreviewTests.PreviewInstantiatesPairedThreeDimensionalSurfaceWithSampleGeometry" computerName="DESKTOP-JT43V3D" duration="00:00:00.1379045" startTime="2026-09-25T07:19:05.1861112+03:00" endTime="2026-09-25T07:19:05.1861114+03:00" testType="13cdc9d9-ddb5-4fa4-a97d-d965ccfc6d4b" outcome="Failed" testListId="8c84fa94-04c1-424b-9868-57a2d4851a1d" relativeResultsDirectory="c90095f5-6e97-4536-856b-ba78b2c2e31d">
      <Output>
        <ErrorInfo>
          <Message>Assert.Equal() Failure: Strings differ&#xD;
           ↓ (pos 0)&#xD;
Expected: "Cerneala.SdlGpuSmoke.RenderSurface3DPrevi"···&#xD;
Actual:   "RenderSurface3DPreview"&#xD;
           ↑ (pos 0)</Message>
          <StackTrace>   at Cerneala.Tests.PreviewHost.RenderSurface3DPreviewTests.PreviewInstantiatesPairedThreeDimensionalSurfaceWithSampleGeometry() in C:\Users\lauri\Desktop\Cerneala\tests\Cerneala.Tests.PreviewHost\RenderSurface3DPreviewTests.cs:line 18&#xD;
--- End of stack trace from previous location ---</StackTrace>
        </ErrorInfo>
      </Output>
    </UnitTestResult>
    <UnitTestResult executionId="e0f2c370-b4fa-4e97-9718-1aeeb1a3b1f4" testId="33107818-4276-c3de-28c6-25ca8e3b560d" testName="Cerneala.Tests.PreviewHost.PreviewHostTests.UnsavedValidMarkupCompilesThroughTheDynamicProject" computerName="DESKTOP-JT43V3D" duration="00:00:09.7981407" startTime="2026-09-25T07:19:02.3275146+03:00" endTime="2026-09-25T07:19:02.3275148+03:00" testType="13cdc9d9-ddb5-4fa4-a97d-d965ccfc6d4b" outcome="Passed" testListId="8c84fa94-04c1-424b-9868-57a2d4851a1d" relativeResultsDirectory="e0f2c370-b4fa-4e97-9718-1aeeb1a3b1f4" />
    <UnitTestResult executionId="8861c8e8-493d-43b0-9540-48f14eed1f57" testId="1bd47a0b-3398-b306-f5d8-8a5e2c7749ee" testName="Cerneala.Tests.PreviewHost.PreviewHostTests.PreviewRuntimeCanBeRecreatedAfterARecompile" computerName="DESKTOP-JT43V3D" duration="00:00:01.5955050" startTime="2026-09-25T07:18:52.5292127+03:00" endTime="2026-09-25T07:18:52.5292129+03:00" testType="13cdc9d9-ddb5-4fa4-a97d-d965ccfc6d4b" outcome="Passed" testListId="8c84fa94-04c1-424b-9868-57a2d4851a1d" relativeResultsDirectory="8861c8e8-493d-43b0-9540-48f14eed1f57" />
    <UnitTestResult executionId="c270bd41-2b3f-4a5c-b7e9-ce9dc9458c22" testId="67c7b16c-82f4-999a-7956-afa4ba898d99" testName="Cerneala.Tests.PreviewHost.PreviewHostTests.PreviewRenderScaleIsIndependentOfDesktopDpi" computerName="DESKTOP-JT43V3D" duration="00:00:00.7273201" startTime="2026-09-25T07:19:03.0549038+03:00" endTime="2026-09-25T07:19:03.0549040+03:00" testType="13cdc9d9-ddb5-4fa4-a97d-d965ccfc6d4b" outcome="Passed" testListId="8c84fa94-04c1-424b-9868-57a2d4851a1d" relativeResultsDirectory="c270bd41-2b3f-4a5c-b7e9-ce9dc9458c22" />
    <UnitTestResult executionId="10248625-860d-4cc7-828c-bb54d38e7386" testId="0477c440-ed90-a873-a7bf-9f6898efa75d" testName="Cerneala.Tests.PreviewHost.PreviewHostTests.InteractiveInputRoundTripsThroughThePreviewProtocol" computerName="DESKTOP-JT43V3D" duration="00:00:00.1482030" startTime="2026-09-25T07:18:30.0477308+03:00" endTime="2026-09-25T07:18:30.0477684+03:00" testType="13cdc9d9-ddb5-4fa4-a97d-d965ccfc6d4b" outcome="Passed" testListId="8c84fa94-04c1-424b-9868-57a2d4851a1d" relativeResultsDirectory="10248625-860d-4cc7-828c-bb54d38e7386" />
  </Results>
  <TestDefinitions>
    <UnitTest name="Cerneala.Tests.PreviewHost.PreviewHostTests.UnsavedValidMarkupCompilesThroughTheDynamicProject" storage="c:\users\lauri\desktop\cerneala\tests\cerneala.tests.previewhost\bin\release\net10.0-windows\cerneala.tests.previewhost.dll" id="33107818-4276-c3de-28c6-25ca8e3b560d">
      <Execution id="e0f2c370-b4fa-4e97-9718-1aeeb1a3b1f4" />
      <TestMethod codeBase="C:\Users\lauri\Desktop\Cerneala\tests\Cerneala.Tests.PreviewHost\bin\Release\net10.0-windows\Cerneala.Tests.PreviewHost.dll" adapterTypeName="executor://xunit/VsTestRunner2/netcoreapp" className="Cerneala.Tests.PreviewHost.PreviewHostTests" name="UnsavedValidMarkupCompilesThroughTheDynamicProject" />
    </UnitTest>
    <UnitTest name="Cerneala.Tests.PreviewHost.PreviewHostTests.UnsavedMarkupOverridesTheAdditionalFileOnDisk" storage="c:\users\lauri\desktop\cerneala\tests\cerneala.tests.previewhost\bin\release\net10.0-windows\cerneala.tests.previewhost.dll" id="12a63a53-ba24-846d-d04a-0c0216c8a8c3">
      <Execution id="0ec4c864-36fb-46e5-9e1b-acf375e1f1df" />
      <TestMethod codeBase="C:\Users\lauri\Desktop\Cerneala\tests\Cerneala.Tests.PreviewHost\bin\Release\net10.0-windows\Cerneala.Tests.PreviewHost.dll" adapterTypeName="executor://xunit/VsTestRunner2/netcoreapp" className="Cerneala.Tests.PreviewHost.PreviewHostTests" name="UnsavedMarkupOverridesTheAdditionalFileOnDisk" />
    </UnitTest>
    <UnitTest name="Cerneala.Tests.PreviewHost.PreviewHostTests.CustomControlTextEditUpdatesTheLiveTreeWithoutRecompiling" storage="c:\users\lauri\desktop\cerneala\tests\cerneala.tests.previewhost\bin\release\net10.0-windows\cerneala.tests.previewhost.dll" id="12dec20d-5434-a571-f45c-351388fbf51a">
      <Execution id="1a12d53a-a1df-4449-8666-9527f3164dbe" />
      <TestMethod codeBase="C:\Users\lauri\Desktop\Cerneala\tests\Cerneala.Tests.PreviewHost\bin\Release\net10.0-windows\Cerneala.Tests.PreviewHost.dll" adapterTypeName="executor://xunit/VsTestRunner2/netcoreapp" className="Cerneala.Tests.PreviewHost.PreviewHostTests" name="CustomControlTextEditUpdatesTheLiveTreeWithoutRecompiling" />
    </UnitTest>
    <UnitTest name="Cerneala.Tests.PreviewHost.PreviewHostTests.IncompleteLiteralIsDeferredWithoutMutatingTheLiveTree" storage="c:\users\lauri\desktop\cerneala\tests\cerneala.tests.previewhost\bin\release\net10.0-windows\cerneala.tests.previewhost.dll" id="94795f4b-46fa-daa7-17e2-bfdc7f71f190">
      <Execution id="faaa8308-bbdf-4c4c-8e66-925379c24817" />
      <TestMethod codeBase="C:\Users\lauri\Desktop\Cerneala\tests\Cerneala.Tests.PreviewHost\bin\Release\net10.0-windows\Cerneala.Tests.PreviewHost.dll" adapterTypeName="executor://xunit/VsTestRunner2/netcoreapp" className="Cerneala.Tests.PreviewHost.PreviewHostTests" name="IncompleteLiteralIsDeferredWithoutMutatingTheLiveTree" />
    </UnitTest>
    <UnitTest name="Cerneala.Tests.PreviewHost.PreviewHostTests.FrameResponsesReuseTheCallersImageBuffer" storage="c:\users\lauri\desktop\cerneala\tests\cerneala.tests.previewhost\bin\release\net10.0-windows\cerneala.tests.previewhost.dll" id="53f31151-a2da-47d5-79ad-5ec641f6970d">
      <Execution id="cf55f03c-b2c6-4b12-b661-49355e879a32" />
      <TestMethod codeBase="C:\Users\lauri\Desktop\Cerneala\tests\Cerneala.Tests.PreviewHost\bin\Release\net10.0-windows\Cerneala.Tests.PreviewHost.dll" adapterTypeName="executor://xunit/VsTestRunner2/netcoreapp" className="Cerneala.Tests.PreviewHost.PreviewHostTests" name="FrameResponsesReuseTheCallersImageBuffer" />
    </UnitTest>
    <UnitTest name="Cerneala.Tests.PreviewHost.PreviewHostTests.StructuralMarkupEditStillRequiresCompilation" storage="c:\users\lauri\desktop\cerneala\tests\cerneala.tests.previewhost\bin\release\net10.0-windows\cerneala.tests.previewhost.dll" id="84ac8de5-f885-9e33-9fea-b9c3e4f31aaf">
      <Execution id="d19b9529-4ef3-4045-9c62-8195fb4f7475" />
      <TestMethod codeBase="C:\Users\lauri\Desktop\Cerneala\tests\Cerneala.Tests.PreviewHost\bin\Release\net10.0-windows\Cerneala.Tests.PreviewHost.dll" adapterTypeName="executor://xunit/VsTestRunner2/netcoreapp" className="Cerneala.Tests.PreviewHost.PreviewHostTests" name="StructuralMarkupEditStillRequiresCompilation" />
    </UnitTest>
    <UnitTest name="Cerneala.Tests.PreviewHost.PreviewHostTests.HostProcessRendersThroughTheBinaryProtocol" storage="c:\users\lauri\desktop\cerneala\tests\cerneala.tests.previewhost\bin\release\net10.0-windows\cerneala.tests.previewhost.dll" id="84678635-32b8-072c-2d9d-e7d04bf10c59">
      <Execution id="fde58af2-cabf-42c8-b1f5-bf7cb566da2a" />
      <TestMethod codeBase="C:\Users\lauri\Desktop\Cerneala\tests\Cerneala.Tests.PreviewHost\bin\Release\net10.0-windows\Cerneala.Tests.PreviewHost.dll" adapterTypeName="executor://xunit/VsTestRunner2/netcoreapp" className="Cerneala.Tests.PreviewHost.PreviewHostTests" name="HostProcessRendersThroughTheBinaryProtocol" />
    </UnitTest>
    <UnitTest name="Cerneala.Tests.PreviewHost.PreviewHostTests.InteractiveInputRoundTripsThroughThePreviewProtocol" storage="c:\users\lauri\desktop\cerneala\tests\cerneala.tests.previewhost\bin\release\net10.0-windows\cerneala.tests.previewhost.dll" id="0477c440-ed90-a873-a7bf-9f6898efa75d">
      <Execution id="10248625-860d-4cc7-828c-bb54d38e7386" />
      <TestMethod codeBase="C:\Users\lauri\Desktop\Cerneala\tests\Cerneala.Tests.PreviewHost\bin\Release\net10.0-windows\Cerneala.Tests.PreviewHost.dll" adapterTypeName="executor://xunit/VsTestRunner2/netcoreapp" className="Cerneala.Tests.PreviewHost.PreviewHostTests" name="InteractiveInputRoundTripsThroughThePreviewProtocol" />
    </UnitTest>
    <UnitTest name="Cerneala.Tests.PreviewHost.PreviewHostTests.LiteralPropertyEditUpdatesTheLiveTreeWithoutRecompiling" storage="c:\users\lauri\desktop\cerneala\tests\cerneala.tests.previewhost\bin\release\net10.0-windows\cerneala.tests.previewhost.dll" id="ef1dd837-ae67-a11d-3ac0-a6846e33e049">
      <Execution id="2d0be0d9-0a37-4118-99e9-2b5a0bb01001" />
      <TestMethod codeBase="C:\Users\lauri\Desktop\Cerneala\tests\Cerneala.Tests.PreviewHost\bin\Release\net10.0-windows\Cerneala.Tests.PreviewHost.dll" adapterTypeName="executor://xunit/VsTestRunner2/netcoreapp" className="Cerneala.Tests.PreviewHost.PreviewHostTests" name="LiteralPropertyEditUpdatesTheLiveTreeWithoutRecompiling" />
    </UnitTest>
    <UnitTest name="Cerneala.Tests.PreviewHost.PreviewHostTests.OpeningViewCapturesThePresentedBgraFrameWithoutPngEncoding" storage="c:\users\lauri\desktop\cerneala\tests\cerneala.tests.previewhost\bin\release\net10.0-windows\cerneala.tests.previewhost.dll" id="4e30bae5-3742-2467-d20f-daebb4b1ac35">
      <Execution id="28f6ac0e-de7f-4db9-b9d0-d3cd6a50403b" />
      <TestMethod codeBase="C:\Users\lauri\Desktop\Cerneala\tests\Cerneala.Tests.PreviewHost\bin\Release\net10.0-windows\Cerneala.Tests.PreviewHost.dll" adapterTypeName="executor://xunit/VsTestRunner2/netcoreapp" className="Cerneala.Tests.PreviewHost.PreviewHostTests" name="OpeningViewCapturesThePresentedBgraFrameWithoutPngEncoding" />
    </UnitTest>
    <UnitTest name="Cerneala.Tests.PreviewHost.RenderSurface3DPreviewTests.PreviewInstantiatesPairedThreeDimensionalSurfaceWithSampleGeometry" storage="c:\users\lauri\desktop\cerneala\tests\cerneala.tests.previewhost\bin\release\net10.0-windows\cerneala.tests.previewhost.dll" id="d425a241-3c71-42da-67b3-74ac7b86adff">
      <Execution id="c90095f5-6e97-4536-856b-ba78b2c2e31d" />
      <TestMethod codeBase="C:\Users\lauri\Desktop\Cerneala\tests\Cerneala.Tests.PreviewHost\bin\Release\net10.0-windows\Cerneala.Tests.PreviewHost.dll" adapterTypeName="executor://xunit/VsTestRunner2/netcoreapp" className="Cerneala.Tests.PreviewHost.RenderSurface3DPreviewTests" name="PreviewInstantiatesPairedThreeDimensionalSurfaceWithSampleGeometry" />
    </UnitTest>
    <UnitTest name="Cerneala.Tests.PreviewHost.PreviewHostTests.PreviewRenderScaleIsIndependentOfDesktopDpi" storage="c:\users\lauri\desktop\cerneala\tests\cerneala.tests.previewhost\bin\release\net10.0-windows\cerneala.tests.previewhost.dll" id="67c7b16c-82f4-999a-7956-afa4ba898d99">
      <Execution id="c270bd41-2b3f-4a5c-b7e9-ce9dc9458c22" />
      <TestMethod codeBase="C:\Users\lauri\Desktop\Cerneala\tests\Cerneala.Tests.PreviewHost\bin\Release\net10.0-windows\Cerneala.Tests.PreviewHost.dll" adapterTypeName="executor://xunit/VsTestRunner2/netcoreapp" className="Cerneala.Tests.PreviewHost.PreviewHostTests" name="PreviewRenderScaleIsIndependentOfDesktopDpi" />
    </UnitTest>
    <UnitTest name="Cerneala.Tests.PreviewHost.PreviewHostTests.UnchangedSavedMarkupReusesTheCurrentBuildOutput" storage="c:\users\lauri\desktop\cerneala\tests\cerneala.tests.previewhost\bin\release\net10.0-windows\cerneala.tests.previewhost.dll" id="38d31ece-25ab-46f8-3a8e-1fe96157c03c">
      <Execution id="901f5be5-3c63-42a5-ab03-1f1dd8dac187" />
      <TestMethod codeBase="C:\Users\lauri\Desktop\Cerneala\tests\Cerneala.Tests.PreviewHost\bin\Release\net10.0-windows\Cerneala.Tests.PreviewHost.dll" adapterTypeName="executor://xunit/VsTestRunner2/netcoreapp" className="Cerneala.Tests.PreviewHost.PreviewHostTests" name="UnchangedSavedMarkupReusesTheCurrentBuildOutput" />
    </UnitTest>
    <UnitTest name="Cerneala.Tests.PreviewHost.PreviewHostTests.PreviewRuntimeCanBeRecreatedAfterARecompile" storage="c:\users\lauri\desktop\cerneala\tests\cerneala.tests.previewhost\bin\release\net10.0-windows\cerneala.tests.previewhost.dll" id="1bd47a0b-3398-b306-f5d8-8a5e2c7749ee">
      <Execution id="8861c8e8-493d-43b0-9540-48f14eed1f57" />
      <TestMethod codeBase="C:\Users\lauri\Desktop\Cerneala\tests\Cerneala.Tests.PreviewHost\bin\Release\net10.0-windows\Cerneala.Tests.PreviewHost.dll" adapterTypeName="executor://xunit/VsTestRunner2/netcoreapp" className="Cerneala.Tests.PreviewHost.PreviewHostTests" name="PreviewRuntimeCanBeRecreatedAfterARecompile" />
    </UnitTest>
  </TestDefinitions>
  <TestEntries>
    <TestEntry testId="12a63a53-ba24-846d-d04a-0c0216c8a8c3" executionId="0ec4c864-36fb-46e5-9e1b-acf375e1f1df" testListId="8c84fa94-04c1-424b-9868-57a2d4851a1d" />
    <TestEntry testId="38d31ece-25ab-46f8-3a8e-1fe96157c03c" executionId="901f5be5-3c63-42a5-ab03-1f1dd8dac187" testListId="8c84fa94-04c1-424b-9868-57a2d4851a1d" />
    <TestEntry testId="4e30bae5-3742-2467-d20f-daebb4b1ac35" executionId="28f6ac0e-de7f-4db9-b9d0-d3cd6a50403b" testListId="8c84fa94-04c1-424b-9868-57a2d4851a1d" />
    <TestEntry testId="84ac8de5-f885-9e33-9fea-b9c3e4f31aaf" executionId="d19b9529-4ef3-4045-9c62-8195fb4f7475" testListId="8c84fa94-04c1-424b-9868-57a2d4851a1d" />
    <TestEntry testId="12dec20d-5434-a571-f45c-351388fbf51a" executionId="1a12d53a-a1df-4449-8666-9527f3164dbe" testListId="8c84fa94-04c1-424b-9868-57a2d4851a1d" />
    <TestEntry testId="94795f4b-46fa-daa7-17e2-bfdc7f71f190" executionId="faaa8308-bbdf-4c4c-8e66-925379c24817" testListId="8c84fa94-04c1-424b-9868-57a2d4851a1d" />
    <TestEntry testId="84678635-32b8-072c-2d9d-e7d04bf10c59" executionId="fde58af2-cabf-42c8-b1f5-bf7cb566da2a" testListId="8c84fa94-04c1-424b-9868-57a2d4851a1d" />
    <TestEntry testId="ef1dd837-ae67-a11d-3ac0-a6846e33e049" executionId="2d0be0d9-0a37-4118-99e9-2b5a0bb01001" testListId="8c84fa94-04c1-424b-9868-57a2d4851a1d" />
    <TestEntry testId="53f31151-a2da-47d5-79ad-5ec641f6970d" executionId="cf55f03c-b2c6-4b12-b661-49355e879a32" testListId="8c84fa94-04c1-424b-9868-57a2d4851a1d" />
    <TestEntry testId="d425a241-3c71-42da-67b3-74ac7b86adff" executionId="c90095f5-6e97-4536-856b-ba78b2c2e31d" testListId="8c84fa94-04c1-424b-9868-57a2d4851a1d" />
    <TestEntry testId="33107818-4276-c3de-28c6-25ca8e3b560d" executionId="e0f2c370-b4fa-4e97-9718-1aeeb1a3b1f4" testListId="8c84fa94-04c1-424b-9868-57a2d4851a1d" />
    <TestEntry testId="1bd47a0b-3398-b306-f5d8-8a5e2c7749ee" executionId="8861c8e8-493d-43b0-9540-48f14eed1f57" testListId="8c84fa94-04c1-424b-9868-57a2d4851a1d" />
    <TestEntry testId="67c7b16c-82f4-999a-7956-afa4ba898d99" executionId="c270bd41-2b3f-4a5c-b7e9-ce9dc9458c22" testListId="8c84fa94-04c1-424b-9868-57a2d4851a1d" />
    <TestEntry testId="0477c440-ed90-a873-a7bf-9f6898efa75d" executionId="10248625-860d-4cc7-828c-bb54d38e7386" testListId="8c84fa94-04c1-424b-9868-57a2d4851a1d" />
  </TestEntries>
  <TestLists>
    <TestList name="Results Not in a List" id="8c84fa94-04c1-424b-9868-57a2d4851a1d" />
    <TestList name="All Loaded Results" id="19431567-8539-422a-85d7-44ee4e166bda" />
  </TestLists>
  <ResultSummary outcome="Failed">
    <Counters total="14" executed="14" passed="13" failed="1" error="0" timeout="0" aborted="0" inconclusive="0" passedButRunAborted="0" notRunnable="0" notExecuted="0" disconnected="0" warning="0" completed="0" inProgress="0" pending="0" />
    <Output>
      <StdOut>[xUnit.net 00:00:00.00] xUnit.net VSTest Adapter v2.5.3.1+6b60a9e56a (64-bit .NET 10.0.11)&#xD;
[xUnit.net 00:00:00.77]   Discovering: Cerneala.Tests.PreviewHost&#xD;
[xUnit.net 00:00:00.81]   Discovered:  Cerneala.Tests.PreviewHost&#xD;
[xUnit.net 00:00:00.81]   Starting:    Cerneala.Tests.PreviewHost&#xD;
[xUnit.net 00:00:36.15]       Assert.Equal() Failure: Strings differ&#xD;
[xUnit.net 00:00:36.15]                  ↓ (pos 0)&#xD;
[xUnit.net 00:00:36.15]       Expected: "Cerneala.SdlGpuSmoke.RenderSurface3DPrevi"···&#xD;
[xUnit.net 00:00:36.15]       Actual:   "RenderSurface3DPreview"&#xD;
[xUnit.net 00:00:36.15]                  ↑ (pos 0)&#xD;
[xUnit.net 00:00:36.15]       Stack Trace:&#xD;
[xUnit.net 00:00:36.15]         C:\Users\lauri\Desktop\Cerneala\tests\Cerneala.Tests.PreviewHost\RenderSurface3DPreviewTests.cs(18,0): at Cerneala.Tests.PreviewHost.RenderSurface3DPreviewTests.PreviewInstantiatesPairedThreeDimensionalSurfaceWithSampleGeometry()&#xD;
[xUnit.net 00:00:36.15]         --- End of stack trace from previous location ---&#xD;
[xUnit.net 00:00:36.15]   Finished:    Cerneala.Tests.PreviewHost&#xD;
</StdOut>
    </Output>
    <RunInfos>
      <RunInfo computerName="DESKTOP-JT43V3D" outcome="Error" timestamp="2026-09-25T07:19:05.1832834+03:00">
        <Text>[xUnit.net 00:00:36.15]     Cerneala.Tests.PreviewHost.RenderSurface3DPreviewTests.PreviewInstantiatesPairedThreeDimensionalSurfaceWithSampleGeometry [FAIL]</Text>
      </RunInfo>
    </RunInfos>
  </ResultSummary>
</TestRun>