<?xml version="1.0" encoding="utf-8"?>
<TestRun id="337145e6-30aa-466c-ad1c-e561f0e50542" name="lauri@DESKTOP-JT43V3D 2026-09-24 09:33:06" runUser="DESKTOP-JT43V3D\lauri" xmlns="http://microsoft.com/schemas/VisualStudio/TeamTest/2010">
  <Times creation="2026-09-24T09:33:06.2917503+03:00" queuing="2026-09-24T09:33:06.2917505+03:00" start="2026-09-24T09:33:03.8722725+03:00" finish="2026-09-24T09:34:21.5137474+03:00" />
  <TestSettings name="default" id="273f5661-a4c1-49a1-ad78-a512153d67cb">
    <Deployment runDeploymentRoot="lauri_DESKTOP-JT43V3D_2026-09-24_09_33_06" />
  </TestSettings>
  <Results>
    <UnitTestResult executionId="cf92779d-01ff-4908-bbe4-959417b971d8" testId="4e2cfd84-c7f6-ba69-81d9-6270c6af1abd" testName="Cerneala.Tests.Language.CompletionTests.MotionSignatureHelpMatchesTheBuildAcceptedArguments(expression: &quot;Step(4, )&quot;, expectedLabel: &quot;Step(count, position)&quot;, expectedActiveParameter: 1)" computerName="DESKTOP-JT43V3D" duration="00:00:00.0000632" startTime="2026-09-24T09:34:18.3382261+03:00" endTime="2026-09-24T09:34:18.3382262+03:00" testType="13cdc9d9-ddb5-4fa4-a97d-d965ccfc6d4b" outcome="Passed" testListId="8c84fa94-04c1-424b-9868-57a2d4851a1d" relativeResultsDirectory="cf92779d-01ff-4908-bbe4-959417b971d8" />
    <UnitTestResult executionId="17ebcd28-63c2-4baf-ac93-7030491e77ec" testId="c43dc405-c5b2-b4b2-3459-476d8b866c05" testName="Cerneala.Tests.Language.MarkupParserTests.MissingTokensUseDeterministicZeroWidthSpans" computerName="DESKTOP-JT43V3D" duration="00:00:00.0007930" startTime="2026-09-24T09:34:04.9169997+03:00" endTime="2026-09-24T09:34:04.9170000+03:00" testType="13cdc9d9-ddb5-4fa4-a97d-d965ccfc6d4b" outcome="Passed" testListId="8c84fa94-04c1-424b-9868-57a2d4851a1d" relativeResultsDirectory="17ebcd28-63c2-4baf-ac93-7030491e77ec" />
    <UnitTestResult executionId="294b3aa4-f592-429c-970e-7ff4d3f4f4ad" testId="0a49c80e-058e-f694-74f0-3153bb29956a" testName="Cerneala.Tests.Language.SemanticWorkspaceTests.IndependentCSharpErrorsDoNotPreventValidMarkupBinding" computerName="DESKTOP-JT43V3D" duration="00:00:02.7049843" startTime="2026-09-24T09:33:16.6941820+03:00" endTime="2026-09-24T09:33:16.6941826+03:00" testType="13cdc9d9-ddb5-4fa4-a97d-d965ccfc6d4b" outcome="Passed" testListId="8c84fa94-04c1-424b-9868-57a2d4851a1d" relativeResultsDirectory="294b3aa4-f592-429c-970e-7ff4d3f4f4ad" />
    <UnitTestResult executionId="d81bc849-4641-469f-bc95-9c3bd9fe6efe" testId="1323811f-aefc-bf6d-36b4-fcfd5ab2cbbf" testName="Cerneala.Tests.Language.ColliderOwnershipLanguageTests.StaticTileColliderDataCannotAcquireLiveNodeSemantics(child: &quot;&lt;Sprite2D /&gt;&quot;)" computerName="DESKTOP-JT43V3D" duration="00:00:00.4946059" startTime="2026-09-24T09:33:56.3808391+03:00" endTime="2026-09-24T09:33:56.3808395+03:00" testType="13cdc9d9-ddb5-4fa4-a97d-d965ccfc6d4b" outcome="Passed" testListId="8c84fa94-04c1-424b-9868-57a2d4851a1d" relativeResultsDirectory="d81bc849-4641-469f-bc95-9c3bd9fe6efe" />
    <UnitTestResult executionId="368aa770-c987-490b-82fb-7cb458bc17a1" testId="0f61ec52-ed1c-a05d-48af-491a512fcbb0" testName="Cerneala.Tests.Language.CernealaDocumentPathTests.MarkupDetectionUsesOnlyTheCrnExtension(path: &quot;View.crn&quot;, expected: True)" computerName="DESKTOP-JT43V3D" duration="00:00:00.0000142" startTime="2026-09-24T09:33:06.1640787+03:00" endTime="2026-09-24T09:33:06.1640787+03:00" testType="13cdc9d9-ddb5-4fa4-a97d-d965ccfc6d4b" outcome="Passed" testListId="8c84fa94-04c1-424b-9868-57a2d4851a1d" relativeResultsDirectory="368aa770-c987-490b-82fb-7cb458bc17a1" />
    <UnitTestResult executionId="de91217c-961f-485d-89b8-28fdcdf247ca" testId="1490ec42-7dea-aa64-0cbe-d61e66dc5281" testName="Cerneala.Tests.Language.RoslynCompilationSymbolsTests.ReleasingTheCompilationReleasesItsAdaptersAndCachedFacts" computerName="DESKTOP-JT43V3D" duration="00:00:00.3904604" startTime="2026-09-24T09:34:21.3222675+03:00" endTime="2026-09-24T09:34:21.3222679+03:00" testType="13cdc9d9-ddb5-4fa4-a97d-d965ccfc6d4b" outcome="Passed" testListId="8c84fa94-04c1-424b-9868-57a2d4851a1d" relativeResultsDirectory="de91217c-961f-485d-89b8-28fdcdf247ca" />
    <UnitTestResult executionId="9123b66c-e8e0-4267-ac0b-8cd203c7f600" testId="8a3bc613-4632-4a9c-a7dd-fca427637a04" testName="Cerneala.Tests.Language.MotionPrismSemanticTests.IncompletePrismKeepsUnaffectedXmlSemantics" computerName="DESKTOP-JT43V3D" duration="00:00:01.3162254" startTime="2026-09-24T09:33:33.6710836+03:00" endTime="2026-09-24T09:33:33.6710840+03:00" testType="13cdc9d9-ddb5-4fa4-a97d-d965ccfc6d4b" outcome="Passed" testListId="8c84fa94-04c1-424b-9868-57a2d4851a1d" relativeResultsDirectory="9123b66c-e8e0-4267-ac0b-8cd203c7f600" />
    <UnitTestResult executionId="df8781f2-4d44-404f-a934-52d1230b6d04" testId="12235bf0-6fad-61bb-48d8-61b97a5cb764" testName="Cerneala.Tests.Language.SemanticScopesTests.AspectResourcesAssignmentsConditionsTemplatesAndApplicationSiteAreBound" computerName="DESKTOP-JT43V3D" duration="00:00:02.9773730" startTime="2026-09-24T09:33:54.9067550+03:00" endTime="2026-09-24T09:33:54.9067554+03:00" testType="13cdc9d9-ddb5-4fa4-a97d-d965ccfc6d4b" outcome="Passed" testListId="8c84fa94-04c1-424b-9868-57a2d4851a1d" relativeResultsDirectory="df8781f2-4d44-404f-a934-52d1230b6d04" />
    <UnitTestResult executionId="67a9eee3-5637-4ced-ad1d-077e9ad59b1f" testId="8e1c8190-47ae-fc86-b624-7bcadecd2f47" testName="Cerneala.Tests.Language.ColliderOwnershipLanguageTests.DiagnosticsRejectColliderOwnershipOutsideSpritesAndTiles(markup: &quot;&lt;Scene2D&gt;&lt;Sprite2D&gt;&lt;BoxCollider2D&gt;&lt;SegmentCollider&quot;···)" computerName="DESKTOP-JT43V3D" duration="00:00:00.8368862" startTime="2026-09-24T09:33:08.7324093+03:00" endTime="2026-09-24T09:33:08.7324098+03:00" testType="13cdc9d9-ddb5-4fa4-a97d-d965ccfc6d4b" outcome="Passed" testListId="8c84fa94-04c1-424b-9868-57a2d4851a1d" relativeResultsDirectory="67a9eee3-5637-4ced-ad1d-077e9ad59b1f" />
    <UnitTestResult executionId="f1abd58b-28bf-4d56-a398-343d7abfbfee" testId="eea6045c-07dd-6cdb-3fb7-7d519c93f61b" testName="Cerneala.Tests.Language.SourceGeneratorDiagnosticBaselineTests.InvalidCorpusMatchesVersionedSourceGeneratorDiagnostics" computerName="DESKTOP-JT43V3D" duration="00:00:14.0021823" startTime="2026-09-24T09:33:20.1349733+03:00" endTime="2026-09-24T09:33:20.1349737+03:00" testType="13cdc9d9-ddb5-4fa4-a97d-d965ccfc6d4b" outcome="Passed" testListId="8c84fa94-04c1-424b-9868-57a2d4851a1d" relativeResultsDirectory="f1abd58b-28bf-4d56-a398-343d7abfbfee" />
    <UnitTestResult executionId="bec08d8f-4b7e-4cf4-9f5f-c61d6ee69e08" testId="3dba7bd9-d0a0-fdfe-760b-a323084ee771" testName="Cerneala.Tests.Language.EmbeddedSyntaxTests.MotionStatementDirectiveWithoutSemicolonProducesSyntaxDiagnostic(text: &quot;@parameter Delay: Time = 100ms&quot;)" computerName="DESKTOP-JT43V3D" duration="00:00:00.0032417" startTime="2026-09-24T09:33:06.1669214+03:00" endTime="2026-09-24T09:33:06.1669215+03:00" testType="13cdc9d9-ddb5-4fa4-a97d-d965ccfc6d4b" outcome="Passed" testListId="8c84fa94-04c1-424b-9868-57a2d4851a1d" relativeResultsDirectory="bec08d8f-4b7e-4cf4-9f5f-c61d6ee69e08" />
    <UnitTestResult executionId="a05740c3-c072-4d0f-8966-58c557c0d940" testId="25ba5ab8-a381-14c7-457a-804e8590f551" testName="Cerneala.Tests.Language.CompletionTests.ElementAndPropertyElementCompletionProducesValidMarkup(markup: &quot;&lt;Window&gt;&lt;StackPanel&gt;&lt;Bu|caret| /&gt;&lt;/StackPanel&gt;&lt;/Wi&quot;···, expected: &quot;Button&quot;, impossible: &quot;Application&quot;)" computerName="DESKTOP-JT43V3D" duration="00:00:00.8477819" startTime="2026-09-24T09:34:18.2479885+03:00" endTime="2026-09-24T09:34:18.2479890+03:00" testType="13cdc9d9-ddb5-4fa4-a97d-d965ccfc6d4b" outcome="Passed" testListId="8c84fa94-04c1-424b-9868-57a2d4851a1d" relativeResultsDirectory="a05740c3-c072-4d0f-8966-58c557c0d940" />
    <UnitTestResult executionId="d1f446c7-0e8d-4f7c-baa5-542d4acae7f1" testId="f9ca39c7-4fba-55ec-87e8-52fe41483b0d" testName="Cerneala.Tests.Language.MotionPrismSemanticTests.MotionDirectReferencesAreSnapshotsAndOnlyExplicitModesAreBindings" computerName="DESKTOP-JT43V3D" duration="00:00:00.3220353" startTime="2026-09-24T09:34:04.4860813+03:00" endTime="2026-09-24T09:34:04.4860816+03:00" testType="13cdc9d9-ddb5-4fa4-a97d-d965ccfc6d4b" outcome="Passed" testListId="8c84fa94-04c1-424b-9868-57a2d4851a1d" relativeResultsDirectory="d1f446c7-0e8d-4f7c-baa5-542d4acae7f1" />
    <UnitTestResult executionId="7d0d97c0-3e15-4a3b-b80d-1a3968c6423c" testId="bcfe45c6-70b1-7dd2-957b-ced998184f79" testName="Cerneala.Tests.Language.RoslynCompilationSymbolsTests.RepeatedTypeQueriesReuseTheCompilationOwnedAdapter" computerName="DESKTOP-JT43V3D" duration="00:00:01.0782875" startTime="2026-09-24T09:34:20.0030512+03:00" endTime="2026-09-24T09:34:20.0030514+03:00" testType="13cdc9d9-ddb5-4fa4-a97d-d965ccfc6d4b" outcome="Passed" testListId="8c84fa94-04c1-424b-9868-57a2d4851a1d" relativeResultsDirectory="7d0d97c0-3e15-4a3b-b80d-1a3968c6423c" />
    <UnitTestResult executionId="608870aa-5dab-48f8-aa95-673314387af8" testId="68522e48-de5e-9e9f-26ae-c0a1e9e43db0" testName="Cerneala.Tests.Language.ColliderOwnershipLanguageTests.StaticTileColliderDataCannotAcquireLiveNodeSemantics(child: &quot;&lt;BoxCollider2D Enabled=\&quot;false\&quot; /&gt;&quot;)" computerName="DESKTOP-JT43V3D" duration="00:00:00.7289465" startTime="2026-09-24T09:33:55.8861152+03:00" endTime="2026-09-24T09:33:55.8861163+03:00" testType="13cdc9d9-ddb5-4fa4-a97d-d965ccfc6d4b" outcome="Passed" testListId="8c84fa94-04c1-424b-9868-57a2d4851a1d" relativeResultsDirectory="608870aa-5dab-48f8-aa95-673314387af8" />
    <UnitTestResult executionId="cdb0f854-7e69-432e-ae8f-3e68d3a26be7" testId="56bae1c7-b153-e904-1a2e-171bfc562005" testName="Cerneala.Tests.Language.MotionPrismSemanticTests.MotionDiagnosticCategoriesMatchTheSourceGenerator(body: &quot;@on Loaded { @animate { @to { DoesNotExist = 1; } &quot;···, expectedId: &quot;CERNEALAUI021&quot;)" computerName="DESKTOP-JT43V3D" duration="00:00:01.6759972" startTime="2026-09-24T09:33:49.9117538+03:00" endTime="2026-09-24T09:33:49.9117541+03:00" testType="13cdc9d9-ddb5-4fa4-a97d-d965ccfc6d4b" outcome="Passed" testListId="8c84fa94-04c1-424b-9868-57a2d4851a1d" relativeResultsDirectory="cdb0f854-7e69-432e-ae8f-3e68d3a26be7" />
    <UnitTestResult executionId="ea4ca13f-9542-4aac-9397-8dfc41de5509" testId="fbdf7eb3-cdf5-b3f8-5d4a-e448d06b7ba1" testName="Cerneala.Tests.Language.StructureTests.MotionHandleDeclarationAndUseShareTheLabelSemanticCategory" computerName="DESKTOP-JT43V3D" duration="00:00:01.2752229" startTime="2026-09-24T09:33:12.0552574+03:00" endTime="2026-09-24T09:33:12.0552578+03:00" testType="13cdc9d9-ddb5-4fa4-a97d-d965ccfc6d4b" outcome="Passed" testListId="8c84fa94-04c1-424b-9868-57a2d4851a1d" relativeResultsDirectory="ea4ca13f-9542-4aac-9397-8dfc41de5509" />
    <UnitTestResult executionId="71bd200f-114c-44bf-b3fe-60ed5350bfa3" testId="4cfcc760-1f84-8653-a306-d778d85c2db6" testName="Cerneala.Tests.Language.CompletionTests.TemplatesDirectiveCompletionIsRestrictedToTemplateCollectionOwners" computerName="DESKTOP-JT43V3D" duration="00:00:00.0010946" startTime="2026-09-24T09:34:17.0740645+03:00" endTime="2026-09-24T09:34:17.0740646+03:00" testType="13cdc9d9-ddb5-4fa4-a97d-d965ccfc6d4b" outcome="Passed" testListId="8c84fa94-04c1-424b-9868-57a2d4851a1d" relativeResultsDirectory="71bd200f-114c-44bf-b3fe-60ed5350bfa3" />
    <UnitTestResult executionId="90f78723-be1e-426b-8c02-a216123fcea7" testId="6ae91062-f432-4946-5c1c-82b7fc4194bb" testName="Cerneala.Tests.Language.CompletionTests.DirectivesArgumentsAndSignatureHelpUseTheExactEmbeddedContext" computerName="DESKTOP-JT43V3D" duration="00:00:00.0064520" startTime="2026-09-24T09:34:17.0728516+03:00" endTime="2026-09-24T09:34:17.0728518+03:00" testType="13cdc9d9-ddb5-4fa4-a97d-d965ccfc6d4b" outcome="Passed" testListId="8c84fa94-04c1-424b-9868-57a2d4851a1d" relativeResultsDirectory="90f78723-be1e-426b-8c02-a216123fcea7" />
    <UnitTestResult executionId="53e6aa26-57db-41c9-b255-0b82d45d747c" testId="6f791072-afd2-2830-f530-71b13ed369a4" testName="Cerneala.Tests.Language.RecoveryBaselineTests.IncompleteDocumentsRequireTolerantRecovery(item: CorpusCase { Id = xml-attribute, Family = XML, Construct = attribute, Valid = &lt;TextBlock Text=&quot;ok&quot; /&gt;, Invalid = &lt;StackPanel&gt;&lt;TextBlock Te&lt;Button Name=&quot;After&quot; /&gt;&lt;/StackPanel&gt;, Origin = UiMarkupGenerator.ParseDocument, Tests = UiMarkupGeneratorTests, Recovery = True, FollowingSibling = Button })" computerName="DESKTOP-JT43V3D" duration="00:00:00.7459820" startTime="2026-09-24T09:33:51.6628891+03:00" endTime="2026-09-24T09:33:51.6628894+03:00" testType="13cdc9d9-ddb5-4fa4-a97d-d965ccfc6d4b" outcome="Passed" testListId="8c84fa94-04c1-424b-9868-57a2d4851a1d" relativeResultsDirectory="53e6aa26-57db-41c9-b255-0b82d45d747c" />
    <UnitTestResult executionId="b94b15e3-5f12-40a9-8458-2de634bf6f23" testId="54d2155b-607c-4201-d6b5-b57ad9e94f31" testName="Cerneala.Tests.Language.CompletionTests.IfDirectiveCompletesInsideWhenBeforeTargetProperties" computerName="DESKTOP-JT43V3D" duration="00:00:00.0010210" startTime="2026-09-24T09:34:18.5585397+03:00" endTime="2026-09-24T09:34:18.5585399+03:00" testType="13cdc9d9-ddb5-4fa4-a97d-d965ccfc6d4b" outcome="Passed" testListId="8c84fa94-04c1-424b-9868-57a2d4851a1d" relativeResultsDirectory="b94b15e3-5f12-40a9-8458-2de634bf6f23" />
    <UnitTestResult executionId="86782b85-4e7a-4260-bf07-8b50387e6d1d" testId="adb22d6f-30cb-533a-7e64-d92f028d7670" testName="Cerneala.Tests.Language.CompletionTests.ThicknessAttributeSignatureHelpNamesTheActiveComponent(markup: &quot;&lt;Window&gt;&lt;Border BorderThickness=\&quot;0,4,8,|caret|\&quot; &quot;···, expectedActiveSignature: 1, expectedActiveParameter: 3, expectedLabel: &quot;Thickness(left, top, right, bottom)&quot;)" computerName="DESKTOP-JT43V3D" duration="00:00:00.0004753" startTime="2026-09-24T09:34:18.2790832+03:00" endTime="2026-09-24T09:34:18.2790834+03:00" testType="13cdc9d9-ddb5-4fa4-a97d-d965ccfc6d4b" outcome="Passed" testListId="8c84fa94-04c1-424b-9868-57a2d4851a1d" relativeResultsDirectory="86782b85-4e7a-4260-bf07-8b50387e6d1d" />
    <UnitTestResult executionId="7c9cb044-34e8-494f-84ac-024da67670e8" testId="9f96acc1-c6b4-6d50-607e-dbe9025a6283" testName="Cerneala.Tests.Language.MotionPrismSemanticTests.IncompleteMotionKeepsUnaffectedXmlSemantics" computerName="DESKTOP-JT43V3D" duration="00:00:01.4675398" startTime="2026-09-24T09:33:36.3193190+03:00" endTime="2026-09-24T09:33:36.3193194+03:00" testType="13cdc9d9-ddb5-4fa4-a97d-d965ccfc6d4b" outcome="Passed" testListId="8c84fa94-04c1-424b-9868-57a2d4851a1d" relativeResultsDirectory="7c9cb044-34e8-494f-84ac-024da67670e8" />
    <UnitTestResult executionId="e5a6e4e7-8306-4dbf-a738-c0a5f8380df4" testId="f5c9d94c-03b1-c026-097e-ffef6497e170" testName="Cerneala.Tests.Language.CernealaDocumentPathTests.MarkupDetectionUsesOnlyTheCrnExtension(path: &quot;Views/VIEW.CRN&quot;, expected: True)" computerName="DESKTOP-JT43V3D" duration="00:00:00.0039742" startTime="2026-09-24T09:33:06.1638654+03:00" endTime="2026-09-24T09:33:06.1638655+03:00" testType="13cdc9d9-ddb5-4fa4-a97d-d965ccfc6d4b" outcome="Passed" testListId="8c84fa94-04c1-424b-9868-57a2d4851a1d" relativeResultsDirectory="e5a6e4e7-8306-4dbf-a738-c0a5f8380df4" />
    <UnitTestResult executionId="89db9527-06f3-42fc-92b9-1912b9054937" testId="9daf56b2-4e56-1f49-4cbf-4a42c33b19cb" testName="Cerneala.Tests.Language.CompletionTests.PrismOperationSymbolCompletionInsertsBlockSyntaxWithoutFunctionCall(directive: &quot;filter&quot;, expectedSymbol: &quot;MotionBlur&quot;)" computerName="DESKTOP-JT43V3D" duration="00:00:00.0007881" startTime="2026-09-24T09:34:18.5547961+03:00" endTime="2026-09-24T09:34:18.5547962+03:00" testType="13cdc9d9-ddb5-4fa4-a97d-d965ccfc6d4b" outcome="Passed" testListId="8c84fa94-04c1-424b-9868-57a2d4851a1d" relativeResultsDirectory="89db9527-06f3-42fc-92b9-1912b9054937" />
    <UnitTestResult executionId="c0104a44-7ddf-49cc-87f4-2b6076266727" testId="eff7dfdc-bac9-6ad7-c4fe-63f87636f645" testName="Cerneala.Tests.Language.RoslynCompilationSymbolsTests.ConcurrentQueriesPreserveTypeFactsAndAdapterIdentity" computerName="DESKTOP-JT43V3D" duration="00:00:00.1312991" startTime="2026-09-24T09:34:18.9246672+03:00" endTime="2026-09-24T09:34:18.9246679+03:00" testType="13cdc9d9-ddb5-4fa4-a97d-d965ccfc6d4b" outcome="Passed" testListId="8c84fa94-04c1-424b-9868-57a2d4851a1d" relativeResultsDirectory="c0104a44-7ddf-49cc-87f4-2b6076266727" />
    <UnitTestResult executionId="9694cc2e-79b7-4752-b671-b8ecfb2f523b" testId="41a47e50-3167-995a-07c5-7ff66e9e0cf9" testName="Cerneala.Tests.Language.StructureTests.MotionReferencesAndPropertiesUseDistinctSemanticCategories" computerName="DESKTOP-JT43V3D" duration="00:00:01.6546701" startTime="2026-09-24T09:33:23.0204630+03:00" endTime="2026-09-24T09:33:23.0204634+03:00" testType="13cdc9d9-ddb5-4fa4-a97d-d965ccfc6d4b" outcome="Passed" testListId="8c84fa94-04c1-424b-9868-57a2d4851a1d" relativeResultsDirectory="9694cc2e-79b7-4752-b671-b8ecfb2f523b" />
    <UnitTestResult executionId="136bb020-7135-4e54-b4c7-413ccd2637ac" testId="9aa9d50e-8bf2-b411-a42e-997aa3565c25" testName="Cerneala.Tests.Language.CompletionTests.ReactiveExpressionOperandsCompleteFromTheAspectTargetType(body: &quot;@when IsEnabled { @if value == true and (|caret|) &quot;···)" computerName="DESKTOP-JT43V3D" duration="00:00:00.0011321" startTime="2026-09-24T09:34:17.0453417+03:00" endTime="2026-09-24T09:34:17.0453418+03:00" testType="13cdc9d9-ddb5-4fa4-a97d-d965ccfc6d4b" outcome="Passed" testListId="8c84fa94-04c1-424b-9868-57a2d4851a1d" relativeResultsDirectory="136bb020-7135-4e54-b4c7-413ccd2637ac" />
    <UnitTestResult executionId="862efd18-3b17-4bef-a395-5015bd43ff82" testId="80e58412-e1f7-6a2c-0147-3bda5cf8347b" testName="Cerneala.Tests.Language.EmbeddedSyntaxTests.MotionStatementDirectiveWithoutSemicolonProducesSyntaxDiagnostic(text: &quot;@layout id $self.Tag with Tween(100ms, Linear)&quot;)" computerName="DESKTOP-JT43V3D" duration="00:00:00.0000355" startTime="2026-09-24T09:33:06.1674311+03:00" endTime="2026-09-24T09:33:06.1674312+03:00" testType="13cdc9d9-ddb5-4fa4-a97d-d965ccfc6d4b" outcome="Passed" testListId="8c84fa94-04c1-424b-9868-57a2d4851a1d" relativeResultsDirectory="862efd18-3b17-4bef-a395-5015bd43ff82" />
    <UnitTestResult executionId="dac1dc79-e82c-41ef-9a69-54e5e1408030" testId="c12dca8d-fb68-837c-e37c-95c27e83365a" testName="Cerneala.Tests.Language.CompletionTests.LiteralCompletionMatchesBuildConversions(markup: &quot;&lt;Window&gt;&lt;Button HorizontalAlignment=\&quot;|caret|\&quot; /&gt;&quot;···, expected: &quot;Center&quot;)" computerName="DESKTOP-JT43V3D" duration="00:00:00.0006623" startTime="2026-09-24T09:34:17.0531988+03:00" endTime="2026-09-24T09:34:17.0531989+03:00" testType="13cdc9d9-ddb5-4fa4-a97d-d965ccfc6d4b" outcome="Passed" testListId="8c84fa94-04c1-424b-9868-57a2d4851a1d" relativeResultsDirectory="dac1dc79-e82c-41ef-9a69-54e5e1408030" />
    <UnitTestResult executionId="d963d889-491a-4daf-bb92-f1546c1e875b" testId="c8911a85-7512-eb60-9937-b0f191294f66" testName="Cerneala.Tests.Language.CompletionTests.TypedBindingsFollowLocalDataContextAndOfferOnlyLegalModes" computerName="DESKTOP-JT43V3D" duration="00:00:00.0071244" startTime="2026-09-24T09:34:18.2697430+03:00" endTime="2026-09-24T09:34:18.2697433+03:00" testType="13cdc9d9-ddb5-4fa4-a97d-d965ccfc6d4b" outcome="Passed" testListId="8c84fa94-04c1-424b-9868-57a2d4851a1d" relativeResultsDirectory="d963d889-491a-4daf-bb92-f1546c1e875b" />
    <UnitTestResult executionId="ed685273-6ae5-4aa0-a4ea-f8500c1cd682" testId="84f9fcfc-29dd-d770-98c3-c1ee6185ce5c" testName="Cerneala.Tests.Language.CompletionTests.IfExpressionAlsoCompletesTheWhenValueOperand" computerName="DESKTOP-JT43V3D" duration="00:00:00.0013358" startTime="2026-09-24T09:34:18.2747268+03:00" endTime="2026-09-24T09:34:18.2747269+03:00" testType="13cdc9d9-ddb5-4fa4-a97d-d965ccfc6d4b" outcome="Passed" testListId="8c84fa94-04c1-424b-9868-57a2d4851a1d" relativeResultsDirectory="ed685273-6ae5-4aa0-a4ea-f8500c1cd682" />
    <UnitTestResult executionId="95e92611-c8ed-4bf5-ba8c-cec186c7f75b" testId="64b32bd6-5706-0fd9-16d6-2eda82f250d3" testName="Cerneala.Tests.Language.RecoveryBaselineTests.UnrecoverableSyntaxSuppressesSemanticCascades(item: CorpusCase { Id = xml-element-name, Family = XML, Construct = element name, Valid = &lt;StackPanel /&gt;, Invalid = &lt;Stack, Origin = UiMarkupGenerator.ParseDocument, Tests = UiMarkupGeneratorTests, Recovery = True, FollowingSibling =  })" computerName="DESKTOP-JT43V3D" duration="00:00:00.7150626" startTime="2026-09-24T09:33:44.3872033+03:00" endTime="2026-09-24T09:33:44.3872036+03:00" testType="13cdc9d9-ddb5-4fa4-a97d-d965ccfc6d4b" outcome="Passed" testListId="8c84fa94-04c1-424b-9868-57a2d4851a1d" relativeResultsDirectory="95e92611-c8ed-4bf5-ba8c-cec186c7f75b" />
    <UnitTestResult executionId="60c59bc8-6cda-4cb6-b382-a03519081514" testId="b2de7993-d107-cba9-855d-1b414b39d4ef" testName="Cerneala.Tests.Language.MarkupParserTests.OverlappedElementsRecoverAtTheMatchingAncestorClose" computerName="DESKTOP-JT43V3D" duration="00:00:00.0027044" startTime="2026-09-24T09:33:06.2919138+03:00" endTime="2026-09-24T09:33:06.2919141+03:00" testType="13cdc9d9-ddb5-4fa4-a97d-d965ccfc6d4b" outcome="Passed" testListId="8c84fa94-04c1-424b-9868-57a2d4851a1d" relativeResultsDirectory="60c59bc8-6cda-4cb6-b382-a03519081514" />
    <UnitTestResult executionId="fb7ac8c5-e488-48ed-93b8-1c4bd7c04fad" testId="e80bcd15-620e-bb1b-ad14-abe7231d1946" testName="Cerneala.Tests.Language.EmbeddedSyntaxTests.GeneralDirectiveGrammarFindsTemplatesConditionsAssignmentsAndComparators" computerName="DESKTOP-JT43V3D" duration="00:00:00.0055198" startTime="2026-09-24T09:33:06.2456313+03:00" endTime="2026-09-24T09:33:06.2456319+03:00" testType="13cdc9d9-ddb5-4fa4-a97d-d965ccfc6d4b" outcome="Passed" testListId="8c84fa94-04c1-424b-9868-57a2d4851a1d" relativeResultsDirectory="fb7ac8c5-e488-48ed-93b8-1c4bd7c04fad" />
    <UnitTestResult executionId="a533289b-25d9-413e-b04c-527f008f4942" testId="dbbd701d-cd8f-201f-7e1c-3a5f313e4dec" testName="Cerneala.Tests.Language.MarkupParserTests.LexerIsLosslessAcrossXmlTriviaNamespacesAndEmbeddedComparators" computerName="DESKTOP-JT43V3D" duration="00:00:00.0026962" startTime="2026-09-24T09:34:04.9045933+03:00" endTime="2026-09-24T09:34:04.9045937+03:00" testType="13cdc9d9-ddb5-4fa4-a97d-d965ccfc6d4b" outcome="Passed" testListId="8c84fa94-04c1-424b-9868-57a2d4851a1d" relativeResultsDirectory="a533289b-25d9-413e-b04c-527f008f4942" />
    <UnitTestResult executionId="b835cd13-3c71-4f1e-b1ca-dd898a5b7249" testId="c8ae3be9-67d7-54ac-5ca6-ebe60cda2222" testName="Cerneala.Tests.Language.MotionPrismSemanticTests.PrismBindingDiagnosticsMatchTheSourceGeneratorExactly(body: &quot;@layer Card { @filter Missing { } }&quot;, expectedId: &quot;PRISM2002&quot;)" computerName="DESKTOP-JT43V3D" duration="00:00:02.3549125" startTime="2026-09-24T09:33:14.2954000+03:00" endTime="2026-09-24T09:33:14.2954004+03:00" testType="13cdc9d9-ddb5-4fa4-a97d-d965ccfc6d4b" outcome="Passed" testListId="8c84fa94-04c1-424b-9868-57a2d4851a1d" relativeResultsDirectory="b835cd13-3c71-4f1e-b1ca-dd898a5b7249" />
    <UnitTestResult executionId="ad89731d-0719-4075-b19b-6d84b08a318d" testId="734d9b58-0772-6186-144e-a11095db6d75" testName="Cerneala.Tests.Language.TileMapSourceSemanticTests.RemovedMapSourceIsDiagnosedAsAnUnknownMemberWithoutBindingAdvice(markup: &quot;&lt;TileMap2D Source=\&quot;removed\&quot; /&gt;&quot;)" computerName="DESKTOP-JT43V3D" duration="00:00:00.8488792" startTime="2026-09-24T09:33:44.2260477+03:00" endTime="2026-09-24T09:33:44.2260480+03:00" testType="13cdc9d9-ddb5-4fa4-a97d-d965ccfc6d4b" outcome="Passed" testListId="8c84fa94-04c1-424b-9868-57a2d4851a1d" relativeResultsDirectory="ad89731d-0719-4075-b19b-6d84b08a318d" />
    <UnitTestResult executionId="2c4ffe75-375d-41c0-93d0-eccf078fff92" testId="509d2dde-250c-2ae6-e6e4-0e4ff6b05aca" testName="Cerneala.Tests.Language.CompletionTests.MotionCallArgumentsCompleteTheirKnownValues(expression: &quot;Tween(680ms, Ea|caret|)&quot;, expected: &quot;EaseIn&quot;, expectedDetail: &quot;easing&quot;)" computerName="DESKTOP-JT43V3D" duration="00:00:00.0011363" startTime="2026-09-24T09:34:18.2752671+03:00" endTime="2026-09-24T09:34:18.2752674+03:00" testType="13cdc9d9-ddb5-4fa4-a97d-d965ccfc6d4b" outcome="Passed" testListId="8c84fa94-04c1-424b-9868-57a2d4851a1d" relativeResultsDirectory="2c4ffe75-375d-41c0-93d0-eccf078fff92" />
    <UnitTestResult executionId="f7560240-4830-462e-8868-d33b8c02d4dc" testId="65e2ae2a-2f5b-6206-109f-eef6263f04b5" testName="Cerneala.Tests.Language.MotionPrismSemanticTests.ValidMotionAndPrismCorpusHasZeroHostDivergence" computerName="DESKTOP-JT43V3D" duration="00:00:01.6151056" startTime="2026-09-24T09:34:04.1638213+03:00" endTime="2026-09-24T09:34:04.1638216+03:00" testType="13cdc9d9-ddb5-4fa4-a97d-d965ccfc6d4b" outcome="Passed" testListId="8c84fa94-04c1-424b-9868-57a2d4851a1d" relativeResultsDirectory="f7560240-4830-462e-8868-d33b8c02d4dc" />
    <UnitTestResult executionId="60f935ef-3870-44c4-94c1-7a48bfb82e44" testId="b27c9d1e-c442-47d5-3cb6-5e3de51d5d7a" testName="Cerneala.Tests.Language.DiagnosticCatalogTests.EditorModeReducesOnlyTransientIncompleteDiagnostics" computerName="DESKTOP-JT43V3D" duration="00:00:00.0185806" startTime="2026-09-24T09:33:06.1634512+03:00" endTime="2026-09-24T09:33:06.1634514+03:00" testType="13cdc9d9-ddb5-4fa4-a97d-d965ccfc6d4b" outcome="Passed" testListId="8c84fa94-04c1-424b-9868-57a2d4851a1d" relativeResultsDirectory="60f935ef-3870-44c4-94c1-7a48bfb82e44" />
    <UnitTestResult executionId="658b4a87-d1cb-46d3-8c86-2776c8306669" testId="17c326d4-01fd-ffcb-12f7-7a78a3a9f114" testName="Cerneala.Tests.Language.EmbeddedSyntaxTests.MotionAssignmentWithoutSemicolonProducesSyntaxDiagnostic" computerName="DESKTOP-JT43V3D" duration="00:00:00.0003824" startTime="2026-09-24T09:33:06.2487782+03:00" endTime="2026-09-24T09:33:06.2487783+03:00" testType="13cdc9d9-ddb5-4fa4-a97d-d965ccfc6d4b" outcome="Passed" testListId="8c84fa94-04c1-424b-9868-57a2d4851a1d" relativeResultsDirectory="658b4a87-d1cb-46d3-8c86-2776c8306669" />
    <UnitTestResult executionId="91a4e7cd-83d7-4571-a3fb-9b99a022953d" testId="64b32bd6-5706-0fd9-16d6-2eda82f250d3" testName="Cerneala.Tests.Language.RecoveryBaselineTests.UnrecoverableSyntaxSuppressesSemanticCascades(item: CorpusCase { Id = directive-body, Family = Directive, Construct = directive body, Valid = &lt;StackPanel&gt;@when IsEnabled { IsEnabled = True; }&lt;/StackPanel&gt;, Invalid = &lt;StackPanel&gt;@when IsEnabled { &lt;TextBlock /&gt;&lt;Button Name=&quot;After&quot; /&gt;&lt;/StackPanel, Origin = UiMarkupDirectiveParser.ParseNodes, Tests = UiMarkupGeneratorTests, Recovery = True, FollowingSibling = Button })" computerName="DESKTOP-JT43V3D" duration="00:00:00.6505953" startTime="2026-09-24T09:33:48.2914588+03:00" endTime="2026-09-24T09:33:48.2914591+03:00" testType="13cdc9d9-ddb5-4fa4-a97d-d965ccfc6d4b" outcome="Passed" testListId="8c84fa94-04c1-424b-9868-57a2d4851a1d" relativeResultsDirectory="91a4e7cd-83d7-4571-a3fb-9b99a022953d" />
    <UnitTestResult executionId="80e2c901-e5ba-4e15-a948-5338d06de3d6" testId="37cee187-b6e5-58a5-354a-6679a4258d89" testName="Cerneala.Tests.Language.ColliderOwnershipLanguageTests.DiagnosticsRejectColliderOwnershipOutsideSpritesAndTiles(markup: &quot;&lt;Button&gt;&lt;CircleCollider2D /&gt;&lt;/Button&gt;&quot;)" computerName="DESKTOP-JT43V3D" duration="00:00:01.9329081" startTime="2026-09-24T09:33:07.8939412+03:00" endTime="2026-09-24T09:33:07.8939415+03:00" testType="13cdc9d9-ddb5-4fa4-a97d-d965ccfc6d4b" outcome="Passed" testListId="8c84fa94-04c1-424b-9868-57a2d4851a1d" relativeResultsDirectory="80e2c901-e5ba-4e15-a948-5338d06de3d6" />
    <UnitTestResult executionId="fc38f92a-70a9-437a-ab33-b0b7c66ab1ff" testId="6f791072-afd2-2830-f530-71b13ed369a4" testName="Cerneala.Tests.Language.RecoveryBaselineTests.IncompleteDocumentsRequireTolerantRecovery(item: CorpusCase { Id = xml-quote, Family = XML, Construct = quoted attribute value, Valid = &lt;TextBlock Text=&quot;ok&quot; /&gt;, Invalid = &lt;StackPanel&gt;&lt;TextBlock Text=&quot;unfinished /&gt;&lt;Button Name='After' /&gt;&lt;/StackPanel&gt;, Origin = UiMarkupGenerator.ParseDocument, Tests = UiMarkupGeneratorTests, Recovery = True, FollowingSibling =  })" computerName="DESKTOP-JT43V3D" duration="00:00:00.6648387" startTime="2026-09-24T09:33:52.3278156+03:00" endTime="2026-09-24T09:33:52.3278161+03:00" testType="13cdc9d9-ddb5-4fa4-a97d-d965ccfc6d4b" outcome="Passed" testListId="8c84fa94-04c1-424b-9868-57a2d4851a1d" relativeResultsDirectory="fc38f92a-70a9-437a-ab33-b0b7c66ab1ff" />
    <UnitTestResult executionId="d440d08a-ac1a-4f61-a98e-f8c2973c9614" testId="fe65e0bd-d2e6-8e86-2107-2fab54fe15ca" testName="Cerneala.Tests.Language.EmbeddedSyntaxTests.MotionStatementDirectiveWithoutSemicolonProducesSyntaxDiagnostic(text: &quot;@cancel Loading&quot;)" computerName="DESKTOP-JT43V3D" duration="00:00:00.0000334" startTime="2026-09-24T09:33:06.1809160+03:00" endTime="2026-09-24T09:33:06.1809165+03:00" testType="13cdc9d9-ddb5-4fa4-a97d-d965ccfc6d4b" outcome="Passed" testListId="8c84fa94-04c1-424b-9868-57a2d4851a1d" relativeResultsDirectory="d440d08a-ac1a-4f61-a98e-f8c2973c9614" />
    <UnitTestResult executionId="dedc00e6-a03c-4b23-9e64-f20313bccfdc" testId="30672a21-1eb1-5556-f1bb-22fae8283767" testName="Cerneala.Tests.Language.CompletionTests.OverlayPlacementCompletionIncludesAutoHorizontal" computerName="DESKTOP-JT43V3D" duration="00:00:00.0012419" startTime="2026-09-24T09:34:18.5574444+03:00" endTime="2026-09-24T09:34:18.5574446+03:00" testType="13cdc9d9-ddb5-4fa4-a97d-d965ccfc6d4b" outcome="Passed" testListId="8c84fa94-04c1-424b-9868-57a2d4851a1d" relativeResultsDirectory="dedc00e6-a03c-4b23-9e64-f20313bccfdc" />
    <UnitTestResult executionId="59fedcd6-f58f-4a15-bdf9-20d145008d65" testId="1bb701fb-eb82-8aeb-47cc-aebb3559ce30" testName="Cerneala.Tests.Language.FormattingTests.NamespaceEventAndPropertyElementActionsAreScopedToProvablyUniqueTargets" computerName="DESKTOP-JT43V3D" duration="00:00:09.0939239" startTime="2026-09-24T09:33:42.7617086+03:00" endTime="2026-09-24T09:33:42.7617090+03:00" testType="13cdc9d9-ddb5-4fa4-a97d-d965ccfc6d4b" outcome="Passed" testListId="8c84fa94-04c1-424b-9868-57a2d4851a1d" relativeResultsDirectory="59fedcd6-f58f-4a15-bdf9-20d145008d65" />
    <UnitTestResult executionId="f6dfce99-a9e8-4a15-99be-e3ebd8f759a6" testId="b7cd2373-d2d8-907d-d0d1-a0618846bef8" testName="Cerneala.Tests.Language.EmbeddedSyntaxTests.MotionDirectiveHeaderOptionDoesNotRequireSemicolon" computerName="DESKTOP-JT43V3D" duration="00:00:00.0001652" startTime="2026-09-24T09:33:06.2496180+03:00" endTime="2026-09-24T09:33:06.2496185+03:00" testType="13cdc9d9-ddb5-4fa4-a97d-d965ccfc6d4b" outcome="Passed" testListId="8c84fa94-04c1-424b-9868-57a2d4851a1d" relativeResultsDirectory="f6dfce99-a9e8-4a15-99be-e3ebd8f759a6" />
    <UnitTestResult executionId="708fa239-520e-4f1a-9da7-a22c1e9e456e" testId="ef62c017-58d7-b4bd-0f4a-70eac8cba73b" testName="Cerneala.Tests.Language.EmbeddedSyntaxTests.InterpolationKeepsLiteralAndBindingFragmentsWithoutEmitterTypes" computerName="DESKTOP-JT43V3D" duration="00:00:00.0011046" startTime="2026-09-24T09:33:06.2492543+03:00" endTime="2026-09-24T09:33:06.2492545+03:00" testType="13cdc9d9-ddb5-4fa4-a97d-d965ccfc6d4b" outcome="Passed" testListId="8c84fa94-04c1-424b-9868-57a2d4851a1d" relativeResultsDirectory="708fa239-520e-4f1a-9da7-a22c1e9e456e" />
    <UnitTestResult executionId="ce69a29b-a8a8-45ce-8ee8-baff4c53fb48" testId="e2942d88-e300-aefb-fc54-30cea92f01cd" testName="Cerneala.Tests.Language.SemanticWorkspaceTests.RoslynAdapterResolvesPairedPartialRootMembersDocsAndLocations" computerName="DESKTOP-JT43V3D" duration="00:00:01.6465633" startTime="2026-09-24T09:33:18.3665959+03:00" endTime="2026-09-24T09:33:18.3665963+03:00" testType="13cdc9d9-ddb5-4fa4-a97d-d965ccfc6d4b" outcome="Passed" testListId="8c84fa94-04c1-424b-9868-57a2d4851a1d" relativeResultsDirectory="ce69a29b-a8a8-45ce-8ee8-baff4c53fb48" />
    <UnitTestResult executionId="5145dcfb-775c-46f8-b271-fe9891742a4d" testId="9803baaf-8aae-c5ce-4239-b22404027fda" testName="Cerneala.Tests.Language.SemanticWorkspaceTests.SemanticModelResolvesClrAliasesAttachedPropertiesPropertyElementsAndLiterals" computerName="DESKTOP-JT43V3D" duration="00:00:01.2046021" startTime="2026-09-24T09:33:09.2193915+03:00" endTime="2026-09-24T09:33:09.2193920+03:00" testType="13cdc9d9-ddb5-4fa4-a97d-d965ccfc6d4b" outcome="Passed" testListId="8c84fa94-04c1-424b-9868-57a2d4851a1d" relativeResultsDirectory="5145dcfb-775c-46f8-b271-fe9891742a4d" />
    <UnitTestResult executionId="e03241ff-f40f-44fc-810b-e7e0d8bdcf4f" testId="8650e72f-fbaf-d338-8e40-260d4cbaf7bb" testName="Cerneala.Tests.Language.MotionPrismSemanticTests.MotionDiagnosticCategoriesMatchTheSourceGenerator(body: &quot;@on Loaded { @parallel { } }&quot;, expectedId: &quot;CERNEALAUI024&quot;)" computerName="DESKTOP-JT43V3D" duration="00:00:02.1729970" startTime="2026-09-24T09:33:44.9496661+03:00" endTime="2026-09-24T09:33:44.9496665+03:00" testType="13cdc9d9-ddb5-4fa4-a97d-d965ccfc6d4b" outcome="Passed" testListId="8c84fa94-04c1-424b-9868-57a2d4851a1d" relativeResultsDirectory="e03241ff-f40f-44fc-810b-e7e0d8bdcf4f" />
    <UnitTestResult executionId="ddf78e7f-0746-4d43-b615-1bb02ae4aab7" testId="c17d59d1-c953-3e3b-5a15-e9e0627b0da4" testName="Cerneala.Tests.Language.NavigationTests.HoverIncludesDocsDefaultsDeclaringTypesAndEmbeddedSymbolKinds" computerName="DESKTOP-JT43V3D" duration="00:00:07.4291864" startTime="2026-09-24T09:33:27.6281407+03:00" endTime="2026-09-24T09:33:27.6281418+03:00" testType="13cdc9d9-ddb5-4fa4-a97d-d965ccfc6d4b" outcome="Passed" testListId="8c84fa94-04c1-424b-9868-57a2d4851a1d" relativeResultsDirectory="ddf78e7f-0746-4d43-b615-1bb02ae4aab7" />
    <UnitTestResult executionId="81b62750-805b-400a-a922-5386e8a6724c" testId="a402daca-cbc6-a107-14c0-f4c1e8249d97" testName="Cerneala.Tests.Language.CompletionTests.MotionSignatureHelpMatchesTheBuildAcceptedArguments(expression: &quot;Tween(100ms, )&quot;, expectedLabel: &quot;Tween(duration, easing)&quot;, expectedActiveParameter: 1)" computerName="DESKTOP-JT43V3D" duration="00:00:00.0004882" startTime="2026-09-24T09:34:18.3380429+03:00" endTime="2026-09-24T09:34:18.3380432+03:00" testType="13cdc9d9-ddb5-4fa4-a97d-d965ccfc6d4b" outcome="Passed" testListId="8c84fa94-04c1-424b-9868-57a2d4851a1d" relativeResultsDirectory="81b62750-805b-400a-a922-5386e8a6724c" />
    <UnitTestResult executionId="55c09467-5b14-4ed4-a0b5-ac8293069b81" testId="a34cd1dd-6df4-df57-379c-3bbc8d9c9c1d" testName="Cerneala.Tests.Language.EmbeddedSyntaxTests.DirectiveRecoveryHandlesUnfinishedNestingAndQuotes(text: &quot;@when Name == \&quot;unfinished { Opacity = 1; }&quot;)" computerName="DESKTOP-JT43V3D" duration="00:00:00.0002601" startTime="2026-09-24T09:33:06.2486911+03:00" endTime="2026-09-24T09:33:06.2486913+03:00" testType="13cdc9d9-ddb5-4fa4-a97d-d965ccfc6d4b" outcome="Passed" testListId="8c84fa94-04c1-424b-9868-57a2d4851a1d" relativeResultsDirectory="55c09467-5b14-4ed4-a0b5-ac8293069b81" />
    <UnitTestResult executionId="ed9d7887-a984-43b7-a2a6-06fb55b54e4a" testId="64b32bd6-5706-0fd9-16d6-2eda82f250d3" testName="Cerneala.Tests.Language.RecoveryBaselineTests.UnrecoverableSyntaxSuppressesSemanticCascades(item: CorpusCase { Id = xml-less-than, Family = XML, Construct = opening delimiter, Valid = &lt;StackPanel /&gt;, Invalid = &lt;, Origin = UiMarkupGenerator.ParseDocument, Tests = UiMarkupGeneratorTests, Recovery = True, FollowingSibling =  })" computerName="DESKTOP-JT43V3D" duration="00:00:00.9994893" startTime="2026-09-24T09:33:43.6718222+03:00" endTime="2026-09-24T09:33:43.6718227+03:00" testType="13cdc9d9-ddb5-4fa4-a97d-d965ccfc6d4b" outcome="Passed" testListId="8c84fa94-04c1-424b-9868-57a2d4851a1d" relativeResultsDirectory="ed9d7887-a984-43b7-a2a6-06fb55b54e4a" />
    <UnitTestResult executionId="7210dc29-049b-4829-8096-0de3a778e50f" testId="b2d2a5c4-e21a-6412-c7ad-d7e438f8f802" testName="Cerneala.Tests.Language.ColliderOwnershipLanguageTests.CompletionOffersColliderShapesOnlyAtValidOwners(marked: &quot;&lt;Scene2D&gt;&lt;TileMap2D&gt;&lt;Tile Image=\&quot;$Wall\&quot;&gt;&lt;| /&gt;&lt;/T&quot;···, expected: True)" computerName="DESKTOP-JT43V3D" duration="00:00:02.6795491" startTime="2026-09-24T09:34:08.4665332+03:00" endTime="2026-09-24T09:34:08.4665336+03:00" testType="13cdc9d9-ddb5-4fa4-a97d-d965ccfc6d4b" outcome="Passed" testListId="8c84fa94-04c1-424b-9868-57a2d4851a1d" relativeResultsDirectory="7210dc29-049b-4829-8096-0de3a778e50f" />
    <UnitTestResult executionId="901d4a36-b61b-4676-b9ef-ca00bfa1da22" testId="3971b180-db44-3445-8fe1-f68609dcf273" testName="Cerneala.Tests.Language.CompletionTests.AttributesIncludePropertiesEventsAndCompatibleAttachedPropertiesWithoutDuplicates" computerName="DESKTOP-JT43V3D" duration="00:00:00.1230689" startTime="2026-09-24T09:34:18.4696664+03:00" endTime="2026-09-24T09:34:18.4696668+03:00" testType="13cdc9d9-ddb5-4fa4-a97d-d965ccfc6d4b" outcome="Passed" testListId="8c84fa94-04c1-424b-9868-57a2d4851a1d" relativeResultsDirectory="901d4a36-b61b-4676-b9ef-ca00bfa1da22" />
    <UnitTestResult executionId="d5c044f6-ea7e-480e-b601-e59db6aeb509" testId="6f791072-afd2-2830-f530-71b13ed369a4" testName="Cerneala.Tests.Language.RecoveryBaselineTests.IncompleteDocumentsRequireTolerantRecovery(item: CorpusCase { Id = xml-element-name, Family = XML, Construct = element name, Valid = &lt;StackPanel /&gt;, Invalid = &lt;Stack, Origin = UiMarkupGenerator.ParseDocument, Tests = UiMarkupGeneratorTests, Recovery = True, FollowingSibling =  })" computerName="DESKTOP-JT43V3D" duration="00:00:00.5185914" startTime="2026-09-24T09:33:50.9168053+03:00" endTime="2026-09-24T09:33:50.9168056+03:00" testType="13cdc9d9-ddb5-4fa4-a97d-d965ccfc6d4b" outcome="Passed" testListId="8c84fa94-04c1-424b-9868-57a2d4851a1d" relativeResultsDirectory="d5c044f6-ea7e-480e-b601-e59db6aeb509" />
    <UnitTestResult executionId="213b0d52-656f-4fc4-acca-2634a51c07bc" testId="f4e8529c-a7e3-3f61-7d4c-4e2e026e257d" testName="Cerneala.Tests.Language.MotionPrismSemanticTests.PrismBindingDiagnosticsMatchTheSourceGeneratorExactly(body: &quot;@parameter Value: object; @layer Card { }&quot;, expectedId: &quot;PRISM2004&quot;)" computerName="DESKTOP-JT43V3D" duration="00:00:02.5487484" startTime="2026-09-24T09:33:19.4025024+03:00" endTime="2026-09-24T09:33:19.4025028+03:00" testType="13cdc9d9-ddb5-4fa4-a97d-d965ccfc6d4b" outcome="Passed" testListId="8c84fa94-04c1-424b-9868-57a2d4851a1d" relativeResultsDirectory="213b0d52-656f-4fc4-acca-2634a51c07bc" />
    <UnitTestResult executionId="82fa4084-d944-416d-bc4e-43b2cfb65afa" testId="8298737a-daf7-5f51-a190-18470315871a" testName="Cerneala.Tests.Language.CompletionTests.PrismCompositionCompletionOffersOnlyRootMembersOnExplicitInvocation" computerName="DESKTOP-JT43V3D" duration="00:00:00.0017593" startTime="2026-09-24T09:34:18.2809367+03:00" endTime="2026-09-24T09:34:18.2809370+03:00" testType="13cdc9d9-ddb5-4fa4-a97d-d965ccfc6d4b" outcome="Passed" testListId="8c84fa94-04c1-424b-9868-57a2d4851a1d" relativeResultsDirectory="82fa4084-d944-416d-bc4e-43b2cfb65afa" />
    <UnitTestResult executionId="0ca2c9f2-0f4c-4503-80b3-c00c06ca5137" testId="6e72bed1-a17c-ede7-08fc-61d71a28a2b9" testName="Cerneala.Tests.Language.RoslynCompilationSymbolsTests.ReplacementCompilationDoesNotReuseOldTypeFacts" computerName="DESKTOP-JT43V3D" duration="00:00:00.1725127" startTime="2026-09-24T09:34:18.7932333+03:00" endTime="2026-09-24T09:34:18.7932337+03:00" testType="13cdc9d9-ddb5-4fa4-a97d-d965ccfc6d4b" outcome="Passed" testListId="8c84fa94-04c1-424b-9868-57a2d4851a1d" relativeResultsDirectory="0ca2c9f2-0f4c-4503-80b3-c00c06ca5137" />
    <UnitTestResult executionId="4353c15c-e217-44ce-84b0-94b418ca1873" testId="e6f1ec51-d980-61ad-5ba4-ec8609065bf8" testName="Cerneala.Tests.Language.DiagnosticCatalogTests.LanguageCoreContainsNoXmlOrSourceGeneratorHostTypes" computerName="DESKTOP-JT43V3D" duration="00:00:00.0058166" startTime="2026-09-24T09:33:06.2431151+03:00" endTime="2026-09-24T09:33:06.2431152+03:00" testType="13cdc9d9-ddb5-4fa4-a97d-d965ccfc6d4b" outcome="Passed" testListId="8c84fa94-04c1-424b-9868-57a2d4851a1d" relativeResultsDirectory="4353c15c-e217-44ce-84b0-94b418ca1873" />
    <UnitTestResult executionId="e4f6acab-471e-42fa-8a9e-7e8ac25b5cb0" testId="38d961e1-1d5c-e739-c07d-a9cb9832d2fa" testName="Cerneala.Tests.Language.SemanticWorkspaceTests.BuiltInRootKindsResolveWithoutCompanionFiles(rootName: &quot;UserControl&quot;, expectedType: &quot;Cerneala.UI.Controls.UserControl&quot;)" computerName="DESKTOP-JT43V3D" duration="00:00:01.2529909" startTime="2026-09-24T09:33:12.7087152+03:00" endTime="2026-09-24T09:33:12.7087156+03:00" testType="13cdc9d9-ddb5-4fa4-a97d-d965ccfc6d4b" outcome="Passed" testListId="8c84fa94-04c1-424b-9868-57a2d4851a1d" relativeResultsDirectory="e4f6acab-471e-42fa-8a9e-7e8ac25b5cb0" />
    <UnitTestResult executionId="d6f97ed2-498d-4666-ba02-7e3e4293ab44" testId="d4746bb2-811f-ce56-25cb-ed902b8b75bc" testName="Cerneala.Tests.Language.EmbeddedSyntaxTests.PrismGrammarOwnsExactlySevenDirectivesAndRecoversDelimiters" computerName="DESKTOP-JT43V3D" duration="00:00:00.0020585" startTime="2026-09-24T09:33:06.2488409+03:00" endTime="2026-09-24T09:33:06.2488410+03:00" testType="13cdc9d9-ddb5-4fa4-a97d-d965ccfc6d4b" outcome="Passed" testListId="8c84fa94-04c1-424b-9868-57a2d4851a1d" relativeResultsDirectory="d6f97ed2-498d-4666-ba02-7e3e4293ab44" />
    <UnitTestResult executionId="e9e948f7-131d-41ae-8b00-7afdd27fa5b8" testId="84f124f8-084a-7a94-8e12-d5c4c568a994" testName="Cerneala.Tests.Language.ColliderOwnershipLanguageTests.DiagnosticsRejectColliderOwnershipOutsideSpritesAndTiles(markup: &quot;&lt;Border&gt;&lt;PolygonCollider2D /&gt;&lt;/Border&gt;&quot;)" computerName="DESKTOP-JT43V3D" duration="00:00:01.1704984" startTime="2026-09-24T09:33:09.8898574+03:00" endTime="2026-09-24T09:33:09.8898580+03:00" testType="13cdc9d9-ddb5-4fa4-a97d-d965ccfc6d4b" outcome="Passed" testListId="8c84fa94-04c1-424b-9868-57a2d4851a1d" relativeResultsDirectory="e9e948f7-131d-41ae-8b00-7afdd27fa5b8" />
    <UnitTestResult executionId="b935a062-5e6e-4b7d-9dba-84af2936825d" testId="bb99bb47-0447-b271-0a27-542293a75953" testName="Cerneala.Tests.Language.MotionPrismSemanticTests.MotionDiagnosticCategoriesMatchTheSourceGenerator(body: &quot;@on Missing { @animate { @to { Opacity = 1; } } }&quot;, expectedId: &quot;CERNEALAUI022&quot;)" computerName="DESKTOP-JT43V3D" duration="00:00:00.9986335" startTime="2026-09-24T09:33:50.9109309+03:00" endTime="2026-09-24T09:33:50.9109313+03:00" testType="13cdc9d9-ddb5-4fa4-a97d-d965ccfc6d4b" outcome="Passed" testListId="8c84fa94-04c1-424b-9868-57a2d4851a1d" relativeResultsDirectory="b935a062-5e6e-4b7d-9dba-84af2936825d" />
    <UnitTestResult executionId="d42584a6-4bae-4949-8ae5-722e2910ab79" testId="3e4d95c6-2ef0-c59e-2cf1-d2e8c75bca42" testName="Cerneala.Tests.Language.EmbeddedSyntaxTests.DirectiveRecoveryHandlesUnfinishedNestingAndQuotes(text: &quot;@when Ready { @if value == True { Opacity = 1; }&quot;)" computerName="DESKTOP-JT43V3D" duration="00:00:00.0004406" startTime="2026-09-24T09:33:06.2461600+03:00" endTime="2026-09-24T09:33:06.2461601+03:00" testType="13cdc9d9-ddb5-4fa4-a97d-d965ccfc6d4b" outcome="Passed" testListId="8c84fa94-04c1-424b-9868-57a2d4851a1d" relativeResultsDirectory="d42584a6-4bae-4949-8ae5-722e2910ab79" />
    <UnitTestResult executionId="644e8c00-0b7e-4624-8c25-5023ed50a79d" testId="c1bc9a98-2179-29e1-7d35-66ff48916790" testName="Cerneala.Tests.Language.TileMapSourceSemanticTests.OrdinaryImageSourceBindingStillResolves" computerName="DESKTOP-JT43V3D" duration="00:00:00.6940156" startTime="2026-09-24T09:33:58.8460602+03:00" endTime="2026-09-24T09:33:58.8460606+03:00" testType="13cdc9d9-ddb5-4fa4-a97d-d965ccfc6d4b" outcome="Passed" testListId="8c84fa94-04c1-424b-9868-57a2d4851a1d" relativeResultsDirectory="644e8c00-0b7e-4624-8c25-5023ed50a79d" />
    <UnitTestResult executionId="3036af46-de8e-4c62-a89a-aa879ef9a077" testId="266eb66d-6c09-1235-a8ce-ff1bee210478" testName="Cerneala.Tests.Language.FormattingTests.RangeAndOnTypeFormattingTouchOnlyTheSelectedLinesAndToleratePartialMarkup(newLine: &quot;\r\n&quot;)" computerName="DESKTOP-JT43V3D" duration="00:00:00.0004668" startTime="2026-09-24T09:33:12.9109448+03:00" endTime="2026-09-24T09:33:12.9109462+03:00" testType="13cdc9d9-ddb5-4fa4-a97d-d965ccfc6d4b" outcome="Passed" testListId="8c84fa94-04c1-424b-9868-57a2d4851a1d" relativeResultsDirectory="3036af46-de8e-4c62-a89a-aa879ef9a077" />
    <UnitTestResult executionId="d09c50a1-30cc-46de-9342-5f8fd4d40252" testId="b66461da-e99d-3cc6-1131-e6f9b0e8eeb4" testName="Cerneala.Tests.Language.EmbeddedSyntaxTests.BindingRecoveryReportsOnePrimaryDiagnostic(text: &quot;$DataContext.&quot;)" computerName="DESKTOP-JT43V3D" duration="00:00:00.0003784" startTime="2026-09-24T09:33:06.2435482+03:00" endTime="2026-09-24T09:33:06.2435484+03:00" testType="13cdc9d9-ddb5-4fa4-a97d-d965ccfc6d4b" outcome="Passed" testListId="8c84fa94-04c1-424b-9868-57a2d4851a1d" relativeResultsDirectory="d09c50a1-30cc-46de-9342-5f8fd4d40252" />
    <UnitTestResult executionId="66768658-71a4-49e6-aaba-8825c294f652" testId="58022a10-51cf-13a6-2c66-6677b656194a" testName="Cerneala.Tests.Language.CernealaDocumentPathTests.LogicalNameRemovesExactlyTheCrnExtension(path: &quot;Views/MainWindow.CRN&quot;, expected: &quot;MainWindow&quot;)" computerName="DESKTOP-JT43V3D" duration="00:00:00.0003997" startTime="2026-09-24T09:33:05.9707702+03:00" endTime="2026-09-24T09:33:05.9707704+03:00" testType="13cdc9d9-ddb5-4fa4-a97d-d965ccfc6d4b" outcome="Passed" testListId="8c84fa94-04c1-424b-9868-57a2d4851a1d" relativeResultsDirectory="66768658-71a4-49e6-aaba-8825c294f652" />
    <UnitTestResult executionId="515e99b5-fa8a-4e22-9f80-d6ff64fa8018" testId="074f6de8-585a-6cae-c47f-f4febf6a4604" testName="Cerneala.Tests.Language.CompletionTests.ElementAndPropertyElementCompletionProducesValidMarkup(markup: &quot;&lt;Window xmlns:custom=\&quot;clr-namespace:Custom;assemb&quot;···, expected: &quot;custom:FancyControl&quot;, impossible: null)" computerName="DESKTOP-JT43V3D" duration="00:00:00.0141985" startTime="2026-09-24T09:34:18.2622307+03:00" endTime="2026-09-24T09:34:18.2622310+03:00" testType="13cdc9d9-ddb5-4fa4-a97d-d965ccfc6d4b" outcome="Passed" testListId="8c84fa94-04c1-424b-9868-57a2d4851a1d" relativeResultsDirectory="515e99b5-fa8a-4e22-9f80-d6ff64fa8018" />
    <UnitTestResult executionId="a2f37bb3-13f6-4071-9b0b-38033d7e9f11" testId="91b1ac7a-643f-b374-418a-470fe3704957" testName="Cerneala.Tests.Language.DiagnosticCatalogTests.CommonCatalogContainsEveryCurrentDescriptorExactlyOnce" computerName="DESKTOP-JT43V3D" duration="00:00:00.0336912" startTime="2026-09-24T09:33:06.1813226+03:00" endTime="2026-09-24T09:33:06.1813227+03:00" testType="13cdc9d9-ddb5-4fa4-a97d-d965ccfc6d4b" outcome="Passed" testListId="8c84fa94-04c1-424b-9868-57a2d4851a1d" relativeResultsDirectory="a2f37bb3-13f6-4071-9b0b-38033d7e9f11" />
    <UnitTestResult executionId="615f2909-8e0f-4b57-9ce0-20736b5e27ee" testId="74d60aca-c4bf-db90-97f7-f622f5139061" testName="Cerneala.Tests.Language.SemanticScopesTests.BindingQueriesResolveTypedSourcesSegmentsModesAndLocalDataContext" computerName="DESKTOP-JT43V3D" duration="00:00:00.8516811" startTime="2026-09-24T09:33:40.8227859+03:00" endTime="2026-09-24T09:33:40.8227864+03:00" testType="13cdc9d9-ddb5-4fa4-a97d-d965ccfc6d4b" outcome="Passed" testListId="8c84fa94-04c1-424b-9868-57a2d4851a1d" relativeResultsDirectory="615f2909-8e0f-4b57-9ce0-20736b5e27ee" />
    <UnitTestResult executionId="481d5031-6cb6-43a0-b577-54d8a14d4f2c" testId="f6d655c6-ce29-8171-e7b3-a74a5ee1bce4" testName="Cerneala.Tests.Language.NavigationTests.ReferencesHighlightsAndRenameRespectShadowingAndLeaveArbitraryTextAlone" computerName="DESKTOP-JT43V3D" duration="00:00:02.8680029" startTime="2026-09-24T09:33:42.1009251+03:00" endTime="2026-09-24T09:33:42.1009256+03:00" testType="13cdc9d9-ddb5-4fa4-a97d-d965ccfc6d4b" outcome="Passed" testListId="8c84fa94-04c1-424b-9868-57a2d4851a1d" relativeResultsDirectory="481d5031-6cb6-43a0-b577-54d8a14d4f2c" />
    <UnitTestResult executionId="3a4eb7d2-d0a9-48c5-9522-3f9ad7685654" testId="6f791072-afd2-2830-f530-71b13ed369a4" testName="Cerneala.Tests.Language.RecoveryBaselineTests.IncompleteDocumentsRequireTolerantRecovery(item: CorpusCase { Id = xml-property-element, Family = XML, Construct = property element, Valid = &lt;StackPanel&gt;&lt;StackPanel.Resources /&gt;&lt;/StackPanel&gt;, Invalid = &lt;StackPanel&gt;&lt;StackPanel.Resources&gt;&lt;Aspect Name=&quot;A&quot; /&gt;&lt;/StackPanel.Resources&lt;Button Name=&quot;After&quot; /&gt;&lt;/StackPanel&gt;, Origin = GenerationScope.ReadResources, Tests = UiMarkupGeneratorTests, Recovery = True, FollowingSibling = Button })" computerName="DESKTOP-JT43V3D" duration="00:00:01.4889020" startTime="2026-09-24T09:33:53.8636538+03:00" endTime="2026-09-24T09:33:53.8636541+03:00" testType="13cdc9d9-ddb5-4fa4-a97d-d965ccfc6d4b" outcome="Passed" testListId="8c84fa94-04c1-424b-9868-57a2d4851a1d" relativeResultsDirectory="3a4eb7d2-d0a9-48c5-9522-3f9ad7685654" />
    <UnitTestResult executionId="4364502d-c0fc-4715-a7d4-51714deab615" testId="372ced7a-862f-55e7-6481-6a3e97468d93" testName="Cerneala.Tests.Language.SemanticScopesTests.RealPresentationBindingTemplateAndAspectMarkupHasNoCommonSemanticDivergences" computerName="DESKTOP-JT43V3D" duration="00:00:05.0616568" startTime="2026-09-24T09:33:51.9279303+03:00" endTime="2026-09-24T09:33:51.9279306+03:00" testType="13cdc9d9-ddb5-4fa4-a97d-d965ccfc6d4b" outcome="Passed" testListId="8c84fa94-04c1-424b-9868-57a2d4851a1d" relativeResultsDirectory="4364502d-c0fc-4715-a7d4-51714deab615" />
    <UnitTestResult executionId="e83b1771-2933-45b7-963e-e201d930d2a2" testId="a06a9200-fdf3-636e-7373-ab90d6275078" testName="Cerneala.Tests.Language.CorpusCoverageTests.RepositoryAndDocumentationCorpusManifestPointsAtVersionedFiles" computerName="DESKTOP-JT43V3D" duration="00:00:00.0209480" startTime="2026-09-24T09:33:25.0412711+03:00" endTime="2026-09-24T09:33:25.0412713+03:00" testType="13cdc9d9-ddb5-4fa4-a97d-d965ccfc6d4b" outcome="Passed" testListId="8c84fa94-04c1-424b-9868-57a2d4851a1d" relativeResultsDirectory="e83b1771-2933-45b7-963e-e201d930d2a2" />
    <UnitTestResult executionId="c984dda6-c979-4b9d-9f73-ff62b8ffb068" testId="7f6839ca-0ffa-8a5c-1328-583801dd5ccd" testName="Cerneala.Tests.Language.CorpusCoverageTests.EveryInventoriedConstructHasValidInvalidAndExistingTestEvidence" computerName="DESKTOP-JT43V3D" duration="00:00:00.0070895" startTime="2026-09-24T09:33:25.0854367+03:00" endTime="2026-09-24T09:33:25.0854373+03:00" testType="13cdc9d9-ddb5-4fa4-a97d-d965ccfc6d4b" outcome="Passed" testListId="8c84fa94-04c1-424b-9868-57a2d4851a1d" relativeResultsDirectory="c984dda6-c979-4b9d-9f73-ff62b8ffb068" />
    <UnitTestResult executionId="2a4f14f3-d08c-48d6-8275-23237881a5e8" testId="e1e06f30-702e-f83e-aaa4-7e8efca5d6ca" testName="Cerneala.Tests.Language.ColliderOwnershipLanguageTests.CompletionOffersColliderShapesOnlyAtValidOwners(marked: &quot;&lt;Scene2D&gt;&lt;Sprite2D&gt;&lt;| /&gt;&lt;/Sprite2D&gt;&lt;/Scene2D&gt;&quot;, expected: True)" computerName="DESKTOP-JT43V3D" duration="00:00:02.3233067" startTime="2026-09-24T09:34:10.7900600+03:00" endTime="2026-09-24T09:34:10.7900605+03:00" testType="13cdc9d9-ddb5-4fa4-a97d-d965ccfc6d4b" outcome="Passed" testListId="8c84fa94-04c1-424b-9868-57a2d4851a1d" relativeResultsDirectory="2a4f14f3-d08c-48d6-8275-23237881a5e8" />
    <UnitTestResult executionId="62d5f7ea-0760-4a39-8949-e35afb7a70d8" testId="1c62cb7f-1735-7c49-8fb2-b5f78e8f5c31" testName="Cerneala.Tests.Language.CompletionTests.NamedReferenceMemberCompletionUsesTheReferencedElementType" computerName="DESKTOP-JT43V3D" duration="00:00:00.0081992" startTime="2026-09-24T09:34:18.3464767+03:00" endTime="2026-09-24T09:34:18.3464769+03:00" testType="13cdc9d9-ddb5-4fa4-a97d-d965ccfc6d4b" outcome="Passed" testListId="8c84fa94-04c1-424b-9868-57a2d4851a1d" relativeResultsDirectory="62d5f7ea-0760-4a39-8949-e35afb7a70d8" />
    <UnitTestResult executionId="fe4b41a7-2f26-42d0-882d-1b48463d939a" testId="1ced0ae6-5cd0-ae5e-464d-9a82ed503d78" testName="Cerneala.Tests.Language.SemanticScopesTests.InlineAspectRejectsRedundantWrapperWithSharedDiagnostic(body: &quot;&lt;!-- legacy wrapper --&gt; &lt;Aspect&gt;@default { Opacity&quot;···)" computerName="DESKTOP-JT43V3D" duration="00:00:04.0512439" startTime="2026-09-24T09:33:35.2212859+03:00" endTime="2026-09-24T09:33:35.2212863+03:00" testType="13cdc9d9-ddb5-4fa4-a97d-d965ccfc6d4b" outcome="Passed" testListId="8c84fa94-04c1-424b-9868-57a2d4851a1d" relativeResultsDirectory="fe4b41a7-2f26-42d0-882d-1b48463d939a" />
    <UnitTestResult executionId="722d7e24-bdd2-43dd-b974-3dbd404c3858" testId="efcda9a9-6536-6840-9719-69fcc998e735" testName="Cerneala.Tests.Language.CompletionTests.PrismBlockCompletionUsesTheOwningDirectiveCatalog(body: &quot;@mask { |caret| }&quot;, expectedProperty: &quot;Feather&quot;, expectedDirective: null, allowsNestedNodes: False)" computerName="DESKTOP-JT43V3D" duration="00:00:00.0011009" startTime="2026-09-24T09:34:17.0632267+03:00" endTime="2026-09-24T09:34:17.0632269+03:00" testType="13cdc9d9-ddb5-4fa4-a97d-d965ccfc6d4b" outcome="Passed" testListId="8c84fa94-04c1-424b-9868-57a2d4851a1d" relativeResultsDirectory="722d7e24-bdd2-43dd-b974-3dbd404c3858" />
    <UnitTestResult executionId="9971b7bb-e9f4-4ff8-aa28-886a736afe41" testId="2e741b89-92aa-2d87-1e1d-7867dd0527c0" testName="Cerneala.Tests.Language.CompletionTests.LiteralCompletionMatchesBuildConversions(markup: &quot;&lt;Window&gt;&lt;Button IsEnabled=\&quot;|caret|\&quot; /&gt;&lt;/Window&gt;&quot;, expected: &quot;true&quot;)" computerName="DESKTOP-JT43V3D" duration="00:00:00.0001583" startTime="2026-09-24T09:34:17.0538206+03:00" endTime="2026-09-24T09:34:17.0538207+03:00" testType="13cdc9d9-ddb5-4fa4-a97d-d965ccfc6d4b" outcome="Passed" testListId="8c84fa94-04c1-424b-9868-57a2d4851a1d" relativeResultsDirectory="9971b7bb-e9f4-4ff8-aa28-886a736afe41" />
    <UnitTestResult executionId="dffed885-5cf8-4721-a0e6-c579121262fc" testId="417e16e5-3f34-64cd-fea6-7ed0dda2936e" testName="Cerneala.Tests.Language.CernealaDocumentPathTests.MarkupDetectionUsesOnlyTheCrnExtension(path: &quot;View.cui.xml&quot;, expected: False)" computerName="DESKTOP-JT43V3D" duration="00:00:00.0004938" startTime="2026-09-24T09:33:06.1639355+03:00" endTime="2026-09-24T09:33:06.1639356+03:00" testType="13cdc9d9-ddb5-4fa4-a97d-d965ccfc6d4b" outcome="Passed" testListId="8c84fa94-04c1-424b-9868-57a2d4851a1d" relativeResultsDirectory="dffed885-5cf8-4721-a0e6-c579121262fc" />
    <UnitTestResult executionId="c417c396-7059-482e-9e03-9c6a3af0cd4b" testId="8dd565f9-5e36-1c9f-c217-d510443ba6b1" testName="Cerneala.Tests.Language.CompletionTests.LiteralCompletionMatchesBuildConversions(markup: &quot;&lt;Window&gt;&lt;Button Margin=\&quot;|caret|\&quot; /&gt;&lt;/Window&gt;&quot;, expected: &quot;8,4,8,4&quot;)" computerName="DESKTOP-JT43V3D" duration="00:00:00.0053847" startTime="2026-09-24T09:34:17.0524638+03:00" endTime="2026-09-24T09:34:17.0524641+03:00" testType="13cdc9d9-ddb5-4fa4-a97d-d965ccfc6d4b" outcome="Passed" testListId="8c84fa94-04c1-424b-9868-57a2d4851a1d" relativeResultsDirectory="c417c396-7059-482e-9e03-9c6a3af0cd4b" />
    <UnitTestResult executionId="3ef4e5be-96bf-42f8-8cc9-a6848e91e400" testId="24e9a7b3-fd50-f1f9-fe40-df75a357afc0" testName="Cerneala.Tests.Language.ColliderOwnershipLanguageTests.StaticTileColliderDataCannotAcquireLiveNodeSemantics(child: &quot;&lt;BoxCollider2D Width=\&quot;$root.Width:OneWay\&quot; /&gt;&quot;)" computerName="DESKTOP-JT43V3D" duration="00:00:00.6628031" startTime="2026-09-24T09:33:57.5987931+03:00" endTime="2026-09-24T09:33:57.5987935+03:00" testType="13cdc9d9-ddb5-4fa4-a97d-d965ccfc6d4b" outcome="Passed" testListId="8c84fa94-04c1-424b-9868-57a2d4851a1d" relativeResultsDirectory="3ef4e5be-96bf-42f8-8cc9-a6848e91e400" />
    <UnitTestResult executionId="4ab56584-3868-46c7-9f0b-24c7c5bd1a4d" testId="3e5e3cfa-ac73-1df4-1914-e80ae1388d9d" testName="Cerneala.Tests.Language.ColliderOwnershipLanguageTests.CompletionOffersColliderShapesOnlyAtValidOwners(marked: &quot;&lt;StackPanel&gt;&lt;| /&gt;&lt;/StackPanel&gt;&quot;, expected: False)" computerName="DESKTOP-JT43V3D" duration="00:00:01.9907634" startTime="2026-09-24T09:34:12.7810276+03:00" endTime="2026-09-24T09:34:12.7810280+03:00" testType="13cdc9d9-ddb5-4fa4-a97d-d965ccfc6d4b" outcome="Passed" testListId="8c84fa94-04c1-424b-9868-57a2d4851a1d" relativeResultsDirectory="4ab56584-3868-46c7-9f0b-24c7c5bd1a4d" />
    <UnitTestResult executionId="67b7ab5e-5ff3-4f09-95e3-0ac24e78a2e0" testId="a01f7eec-f9f0-26ac-88dd-103b5c73b1b6" testName="Cerneala.Tests.Language.CompletionTests.TileMapNeverOffersRemovedSourceAndStillOffersStaticTiles" computerName="DESKTOP-JT43V3D" duration="00:00:01.3000368" startTime="2026-09-24T09:34:17.0383211+03:00" endTime="2026-09-24T09:34:17.0383213+03:00" testType="13cdc9d9-ddb5-4fa4-a97d-d965ccfc6d4b" outcome="Passed" testListId="8c84fa94-04c1-424b-9868-57a2d4851a1d" relativeResultsDirectory="67b7ab5e-5ff3-4f09-95e3-0ac24e78a2e0" />
    <UnitTestResult executionId="d4cefc7e-509b-4a32-9c3b-b317d298f404" testId="92dbb5df-9c34-c366-ee79-372e219a74a4" testName="Cerneala.Tests.Language.CompletionTests.OnDirectiveCompletesEventsFromTheAspectTargetType(body: &quot;@on |caret| { }&quot;)" computerName="DESKTOP-JT43V3D" duration="00:00:00.0005978" startTime="2026-09-24T09:34:17.0663168+03:00" endTime="2026-09-24T09:34:17.0663168+03:00" testType="13cdc9d9-ddb5-4fa4-a97d-d965ccfc6d4b" outcome="Passed" testListId="8c84fa94-04c1-424b-9868-57a2d4851a1d" relativeResultsDirectory="d4cefc7e-509b-4a32-9c3b-b317d298f404" />
    <UnitTestResult executionId="73a50104-140d-4274-9ca6-00d7249d946f" testId="137c0d3a-cc67-c85f-ea34-4307f125bcdf" testName="Cerneala.Tests.Language.CompletionTests.PrismBlockCompletionUsesTheOwningDirectiveCatalog(body: &quot;@filter MotionBlur { |caret| }&quot;, expectedProperty: &quot;Distance&quot;, expectedDirective: null, allowsNestedNodes: False)" computerName="DESKTOP-JT43V3D" duration="00:00:00.0002813" startTime="2026-09-24T09:34:17.0635604+03:00" endTime="2026-09-24T09:34:17.0635605+03:00" testType="13cdc9d9-ddb5-4fa4-a97d-d965ccfc6d4b" outcome="Passed" testListId="8c84fa94-04c1-424b-9868-57a2d4851a1d" relativeResultsDirectory="73a50104-140d-4274-9ca6-00d7249d946f" />
    <UnitTestResult executionId="b96e7e73-45f3-48e9-a6a8-bfd4a98608fb" testId="fe756149-7309-8627-e8ad-45b1ec3a841f" testName="Cerneala.Tests.Language.CompletionTests.PrismOperationSymbolCompletionInsertsBlockSyntaxWithoutFunctionCall(directive: &quot;style&quot;, expectedSymbol: &quot;OuterGlow&quot;)" computerName="DESKTOP-JT43V3D" duration="00:00:00.0008970" startTime="2026-09-24T09:34:18.5557576+03:00" endTime="2026-09-24T09:34:18.5557578+03:00" testType="13cdc9d9-ddb5-4fa4-a97d-d965ccfc6d4b" outcome="Passed" testListId="8c84fa94-04c1-424b-9868-57a2d4851a1d" relativeResultsDirectory="b96e7e73-45f3-48e9-a6a8-bfd4a98608fb" />
    <UnitTestResult executionId="d3c84eda-f84a-49a0-a862-c64bf8f5ff63" testId="aa903d52-eaa4-c36e-2ab2-c96d3e75bd62" testName="Cerneala.Tests.Language.MotionPrismSemanticTests.MotionDiagnosticCategoriesMatchTheSourceGenerator(body: &quot;@on Loaded { @animate { @from { Opacity = $self.Op&quot;···, expectedId: &quot;CERNEALAUI023&quot;)" computerName="DESKTOP-JT43V3D" duration="00:00:01.6645570" startTime="2026-09-24T09:33:48.2356196+03:00" endTime="2026-09-24T09:33:48.2356199+03:00" testType="13cdc9d9-ddb5-4fa4-a97d-d965ccfc6d4b" outcome="Passed" testListId="8c84fa94-04c1-424b-9868-57a2d4851a1d" relativeResultsDirectory="d3c84eda-f84a-49a0-a862-c64bf8f5ff63" />
    <UnitTestResult executionId="088d0aef-767c-471b-a85f-b084883eb2f0" testId="9ec6ad88-26a1-920d-a825-4c7182933c10" testName="Cerneala.Tests.Language.CompletionTests.PrismBlockCompletionUsesTheOwningDirectiveCatalog(body: &quot;@layer Neon { |caret| }&quot;, expectedProperty: &quot;Opacity&quot;, expectedDirective: &quot;@filter&quot;, allowsNestedNodes: False)" computerName="DESKTOP-JT43V3D" duration="00:00:00.0075262" startTime="2026-09-24T09:34:17.0620063+03:00" endTime="2026-09-24T09:34:17.0620066+03:00" testType="13cdc9d9-ddb5-4fa4-a97d-d965ccfc6d4b" outcome="Passed" testListId="8c84fa94-04c1-424b-9868-57a2d4851a1d" relativeResultsDirectory="088d0aef-767c-471b-a85f-b084883eb2f0" />
    <UnitTestResult executionId="a345e416-5426-4dc3-9e18-b034c6b2cdbc" testId="76ec6bb2-3d43-95a4-8a50-1c506cfb796d" testName="Cerneala.Tests.Language.MotionPrismSemanticTests.PrismDirectReferencesAreSnapshotsAndOnlyExplicitModesAreBindings" computerName="DESKTOP-JT43V3D" duration="00:00:00.7786737" startTime="2026-09-24T09:33:51.6892549+03:00" endTime="2026-09-24T09:33:51.6892553+03:00" testType="13cdc9d9-ddb5-4fa4-a97d-d965ccfc6d4b" outcome="Passed" testListId="8c84fa94-04c1-424b-9868-57a2d4851a1d" relativeResultsDirectory="a345e416-5426-4dc3-9e18-b034c6b2cdbc" />
    <UnitTestResult executionId="5101fdc8-fdab-4e54-8e4c-51f889df09bd" testId="8ec81615-808e-78df-9380-f4863d4bde86" testName="Cerneala.Tests.Language.FormattingTests.CanonicalFormattingProducesNoSecondPassDiffOnTheApprovedPresentationCorpus" computerName="DESKTOP-JT43V3D" duration="00:00:20.6272764" startTime="2026-09-24T09:33:33.4625827+03:00" endTime="2026-09-24T09:33:33.4625832+03:00" testType="13cdc9d9-ddb5-4fa4-a97d-d965ccfc6d4b" outcome="Passed" testListId="8c84fa94-04c1-424b-9868-57a2d4851a1d" relativeResultsDirectory="5101fdc8-fdab-4e54-8e4c-51f889df09bd" />
    <UnitTestResult executionId="afdf7319-f8b4-4821-bdf0-e65e9f1ceab9" testId="6134e795-5d0b-4dd8-11f6-6c03f6e034db" testName="Cerneala.Tests.Language.StructureTests.FoldingSelectionAndExistingTokenKindsSurviveLocalRecoverableEdits" computerName="DESKTOP-JT43V3D" duration="00:00:03.2948264" startTime="2026-09-24T09:33:18.0940959+03:00" endTime="2026-09-24T09:33:18.0940964+03:00" testType="13cdc9d9-ddb5-4fa4-a97d-d965ccfc6d4b" outcome="Passed" testListId="8c84fa94-04c1-424b-9868-57a2d4851a1d" relativeResultsDirectory="afdf7319-f8b4-4821-bdf0-e65e9f1ceab9" />
    <UnitTestResult executionId="bed3feb9-71f9-460e-b919-ef00479021ac" testId="b89ae7ea-3be8-42bd-d854-130730ff54e1" testName="Cerneala.Tests.Language.FormattingTests.CanonicalFormattingPreservesCommentsLiteralTextMotionPrismAndAttributeOrder" computerName="DESKTOP-JT43V3D" duration="00:00:00.0444153" startTime="2026-09-24T09:33:42.7619596+03:00" endTime="2026-09-24T09:33:42.7619598+03:00" testType="13cdc9d9-ddb5-4fa4-a97d-d965ccfc6d4b" outcome="Passed" testListId="8c84fa94-04c1-424b-9868-57a2d4851a1d" relativeResultsDirectory="bed3feb9-71f9-460e-b919-ef00479021ac" />
    <UnitTestResult executionId="c36274ee-4f55-42be-a766-26b72d9cdbc5" testId="ac91e8e5-a28c-0f61-92ba-e4563c538a54" testName="Cerneala.Tests.Language.TileMapSourceSemanticTests.FixtureUsesTheCurrentPublicCoreSurface" computerName="DESKTOP-JT43V3D" duration="00:00:00.0284918" startTime="2026-09-24T09:33:58.9013179+03:00" endTime="2026-09-24T09:33:58.9013183+03:00" testType="13cdc9d9-ddb5-4fa4-a97d-d965ccfc6d4b" outcome="Passed" testListId="8c84fa94-04c1-424b-9868-57a2d4851a1d" relativeResultsDirectory="c36274ee-4f55-42be-a766-26b72d9cdbc5" />
    <UnitTestResult executionId="260ec567-2e1a-4d5f-9361-1ad70f4d7690" testId="bf4ec499-6831-2cea-2329-504a7b8e0a86" testName="Cerneala.Tests.Language.RenderSurface3DLanguageTests.MarkupDiagnosticsAcceptOverlayButRejectUnknownRigProperty" computerName="DESKTOP-JT43V3D" duration="00:00:07.0059958" startTime="2026-09-24T09:33:12.9539432+03:00" endTime="2026-09-24T09:33:12.9539436+03:00" testType="13cdc9d9-ddb5-4fa4-a97d-d965ccfc6d4b" outcome="Passed" testListId="8c84fa94-04c1-424b-9868-57a2d4851a1d" relativeResultsDirectory="260ec567-2e1a-4d5f-9361-1ad70f4d7690" />
    <UnitTestResult executionId="6b97bf78-1aa7-4fbd-ab20-b86fad23546f" testId="74ab66cc-f689-3749-b869-e3a20e475050" testName="Cerneala.Tests.Language.StructureTests.SyntaxOnlyTokensProvideImmediateEditorColoringBeforeWorkspaceLoad" computerName="DESKTOP-JT43V3D" duration="00:00:01.3554341" startTime="2026-09-24T09:33:13.3990885+03:00" endTime="2026-09-24T09:33:13.3990892+03:00" testType="13cdc9d9-ddb5-4fa4-a97d-d965ccfc6d4b" outcome="Passed" testListId="8c84fa94-04c1-424b-9868-57a2d4851a1d" relativeResultsDirectory="6b97bf78-1aa7-4fbd-ab20-b86fad23546f" />
    <UnitTestResult executionId="e2386cdb-004c-4e01-ae03-99c20271a4aa" testId="16d99ca7-2c1d-1a94-256e-7ca788608339" testName="Cerneala.Tests.Language.SemanticScopesTests.InlineAspectRejectsRedundantWrapperWithSharedDiagnostic(body: &quot;&lt;Aspect /&gt;&quot;)" computerName="DESKTOP-JT43V3D" duration="00:00:03.6807819" startTime="2026-09-24T09:33:38.9075895+03:00" endTime="2026-09-24T09:33:38.9075896+03:00" testType="13cdc9d9-ddb5-4fa4-a97d-d965ccfc6d4b" outcome="Passed" testListId="8c84fa94-04c1-424b-9868-57a2d4851a1d" relativeResultsDirectory="e2386cdb-004c-4e01-ae03-99c20271a4aa" />
    <UnitTestResult executionId="f0897f48-68be-4793-8b3c-eab22db6633a" testId="6fd40841-6267-2763-eca5-4585f54e8bfb" testName="Cerneala.Tests.Language.SemanticScopesTests.NameScopesSeparateTemplatePartsAndResolvePartQueries" computerName="DESKTOP-JT43V3D" duration="00:00:01.5339445" startTime="2026-09-24T09:33:26.6736619+03:00" endTime="2026-09-24T09:33:26.6736623+03:00" testType="13cdc9d9-ddb5-4fa4-a97d-d965ccfc6d4b" outcome="Passed" testListId="8c84fa94-04c1-424b-9868-57a2d4851a1d" relativeResultsDirectory="f0897f48-68be-4793-8b3c-eab22db6633a" />
    <UnitTestResult executionId="ff8418e3-8221-452b-bdb6-40526a1988f5" testId="c3c3b8a3-57cd-5194-73ac-13bb62e187fb" testName="Cerneala.Tests.Language.EmbeddedSyntaxTests.MotionStatementDirectiveWithoutSemicolonProducesSyntaxDiagnostic(text: &quot;@handle Loading&quot;)" computerName="DESKTOP-JT43V3D" duration="00:00:00.0000605" startTime="2026-09-24T09:33:06.1669827+03:00" endTime="2026-09-24T09:33:06.1669828+03:00" testType="13cdc9d9-ddb5-4fa4-a97d-d965ccfc6d4b" outcome="Passed" testListId="8c84fa94-04c1-424b-9868-57a2d4851a1d" relativeResultsDirectory="ff8418e3-8221-452b-bdb6-40526a1988f5" />
    <UnitTestResult executionId="abff21ab-787e-4210-abf7-00e02a7590bb" testId="92bd91c6-dd47-242b-4a6a-31100e709294" testName="Cerneala.Tests.Language.SemanticWorkspaceTests.SemanticCoreDoesNotLoadAssembliesOrUseReflection" computerName="DESKTOP-JT43V3D" duration="00:00:00.0330858" startTime="2026-09-24T09:33:25.0410557+03:00" endTime="2026-09-24T09:33:25.0410560+03:00" testType="13cdc9d9-ddb5-4fa4-a97d-d965ccfc6d4b" outcome="Passed" testListId="8c84fa94-04c1-424b-9868-57a2d4851a1d" relativeResultsDirectory="abff21ab-787e-4210-abf7-00e02a7590bb" />
    <UnitTestResult executionId="8771d8f2-112c-4dc2-9e5c-f91f16dda681" testId="1464bd81-e1e1-24e5-3303-d64bfd403987" testName="Cerneala.Tests.Language.MarkupParserTests.TenThousandRandomIncrementalEditsNeverThrowOrProduceInvalidSpans" computerName="DESKTOP-JT43V3D" duration="00:00:58.6096025" startTime="2026-09-24T09:34:04.9017977+03:00" endTime="2026-09-24T09:34:04.9017980+03:00" testType="13cdc9d9-ddb5-4fa4-a97d-d965ccfc6d4b" outcome="Passed" testListId="8c84fa94-04c1-424b-9868-57a2d4851a1d" relativeResultsDirectory="8771d8f2-112c-4dc2-9e5c-f91f16dda681" />
    <UnitTestResult executionId="3d222f4d-24cb-4761-b50e-1bf6e03f09fb" testId="64b32bd6-5706-0fd9-16d6-2eda82f250d3" testName="Cerneala.Tests.Language.RecoveryBaselineTests.UnrecoverableSyntaxSuppressesSemanticCascades(item: CorpusCase { Id = prism-body, Family = Prism, Construct = Prism directive body, Valid = &lt;Border&gt;@prism { @layer { @filter Blur { Radius = 4; } } }&lt;/Border&gt;, Invalid = &lt;StackPanel&gt;@prism { @layer { @filter Blur { Radius = 4; } }&lt;Button Name=&quot;After&quot; /&gt;&lt;/StackPanel, Origin = PrismDirectiveParser; PrismMarkupLanguage, Tests = PrismMarkupContractTests, Recovery = True, FollowingSibling = Button })" computerName="DESKTOP-JT43V3D" duration="00:00:00.9976444" startTime="2026-09-24T09:33:49.9957946+03:00" endTime="2026-09-24T09:33:49.9957950+03:00" testType="13cdc9d9-ddb5-4fa4-a97d-d965ccfc6d4b" outcome="Passed" testListId="8c84fa94-04c1-424b-9868-57a2d4851a1d" relativeResultsDirectory="3d222f4d-24cb-4761-b50e-1bf6e03f09fb" />
    <UnitTestResult executionId="3972549c-8b0a-47d2-a570-5b6ffcef0cab" testId="d871fa4c-d776-57c1-c1fb-47814d62bd5d" testName="Cerneala.Tests.Language.MotionPrismSemanticTests.MotionDiagnosticCategoriesMatchTheSourceGenerator(body: &quot;@on Loaded { @animate with $Missing { @to { Opacit&quot;···, expectedId: &quot;CERNEALAUI023&quot;)" computerName="DESKTOP-JT43V3D" duration="00:00:02.5763896" startTime="2026-09-24T09:33:38.9074324+03:00" endTime="2026-09-24T09:33:38.9074331+03:00" testType="13cdc9d9-ddb5-4fa4-a97d-d965ccfc6d4b" outcome="Passed" testListId="8c84fa94-04c1-424b-9868-57a2d4851a1d" relativeResultsDirectory="3972549c-8b0a-47d2-a570-5b6ffcef0cab" />
    <UnitTestResult executionId="12cf4b1d-bc84-4f69-b542-6801418c1fde" testId="709ce431-3bc4-3bed-b582-32a39f1ded03" testName="Cerneala.Tests.Language.ColliderOwnershipLanguageTests.DiagnosticsRejectColliderOwnershipOutsideSpritesAndTiles(markup: &quot;&lt;Scene2D&gt;&lt;BoxCollider2D /&gt;&lt;/Scene2D&gt;&quot;)" computerName="DESKTOP-JT43V3D" duration="00:00:00.9675696" startTime="2026-09-24T09:33:11.8946968+03:00" endTime="2026-09-24T09:33:11.8946970+03:00" testType="13cdc9d9-ddb5-4fa4-a97d-d965ccfc6d4b" outcome="Passed" testListId="8c84fa94-04c1-424b-9868-57a2d4851a1d" relativeResultsDirectory="12cf4b1d-bc84-4f69-b542-6801418c1fde" />
    <UnitTestResult executionId="9e3dc68d-bb30-4aa3-a3f9-0ac0cf6cacc4" testId="ee46fb21-bc1e-3818-23ef-2b33d5d7ecb8" testName="Cerneala.Tests.Language.EmbeddedSyntaxTests.MotionStatementDirectiveWithoutSemicolonProducesSyntaxDiagnostic(text: &quot;@gesture press with Tween(100ms, Linear)&quot;)" computerName="DESKTOP-JT43V3D" duration="00:00:00.0252722" startTime="2026-09-24T09:33:06.1643537+03:00" endTime="2026-09-24T09:33:06.1643538+03:00" testType="13cdc9d9-ddb5-4fa4-a97d-d965ccfc6d4b" outcome="Passed" testListId="8c84fa94-04c1-424b-9868-57a2d4851a1d" relativeResultsDirectory="9e3dc68d-bb30-4aa3-a3f9-0ac0cf6cacc4" />
    <UnitTestResult executionId="71aa0408-8e44-45fc-85bd-96f43a249240" testId="e29c93ac-7c3c-ce28-852c-ac9170f5d0ed" testName="Cerneala.Tests.Language.CernealaDocumentPathTests.CompanionPathAppendsCsToTheCrnDocumentPath" computerName="DESKTOP-JT43V3D" duration="00:00:00.0001986" startTime="2026-09-24T09:33:06.1641450+03:00" endTime="2026-09-24T09:33:06.1641451+03:00" testType="13cdc9d9-ddb5-4fa4-a97d-d965ccfc6d4b" outcome="Passed" testListId="8c84fa94-04c1-424b-9868-57a2d4851a1d" relativeResultsDirectory="71aa0408-8e44-45fc-85bd-96f43a249240" />
    <UnitTestResult executionId="80f03c0d-91d3-4116-be0a-6f249a80bb9d" testId="3db8c3e1-3ce5-3293-d483-beba7cbb79d2" testName="Cerneala.Tests.Language.CompletionTests.MotionRunHandleCompletionOffersDeclaredHandles(handleExpression: &quot;as Lo|caret|&quot;)" computerName="DESKTOP-JT43V3D" duration="00:00:00.0045743" startTime="2026-09-24T09:34:18.3367291+03:00" endTime="2026-09-24T09:34:18.3367295+03:00" testType="13cdc9d9-ddb5-4fa4-a97d-d965ccfc6d4b" outcome="Passed" testListId="8c84fa94-04c1-424b-9868-57a2d4851a1d" relativeResultsDirectory="80f03c0d-91d3-4116-be0a-6f249a80bb9d" />
    <UnitTestResult executionId="ace72465-0bf7-41a1-88a5-1948ee0cb24d" testId="685a0f53-68a6-7c79-24fe-8e4e38150c71" testName="Cerneala.Tests.Language.MotionPrismSemanticTests.PrismCatalogParametersNodesOperationsValuesAndApplicationsAreBound" computerName="DESKTOP-JT43V3D" duration="00:00:00.3548760" startTime="2026-09-24T09:34:02.5498312+03:00" endTime="2026-09-24T09:34:02.5498318+03:00" testType="13cdc9d9-ddb5-4fa4-a97d-d965ccfc6d4b" outcome="Passed" testListId="8c84fa94-04c1-424b-9868-57a2d4851a1d" relativeResultsDirectory="ace72465-0bf7-41a1-88a5-1948ee0cb24d" />
    <UnitTestResult executionId="2a85aabf-845a-489f-80b4-2f3082a08233" testId="7596ef9d-3ce2-4ba1-a5b2-2d5081693ade" testName="Cerneala.Tests.Language.CompletionTests.MotionSignatureHelpMatchesTheBuildAcceptedArguments(expression: &quot;Repeat(Tween(100ms), )&quot;, expectedLabel: &quot;Repeat(spec, count)&quot;, expectedActiveParameter: 1)" computerName="DESKTOP-JT43V3D" duration="00:00:00.0006235" startTime="2026-09-24T09:34:18.3374966+03:00" endTime="2026-09-24T09:34:18.3374971+03:00" testType="13cdc9d9-ddb5-4fa4-a97d-d965ccfc6d4b" outcome="Passed" testListId="8c84fa94-04c1-424b-9868-57a2d4851a1d" relativeResultsDirectory="2a85aabf-845a-489f-80b4-2f3082a08233" />
    <UnitTestResult executionId="ed28ebce-f3b8-469f-ae95-33c237949337" testId="59484c1b-d424-8458-1c4e-a4fd92b7e42f" testName="Cerneala.Tests.Language.FormattingTests.DeterministicQuickFixesRemoveTheirTargetDiagnosticsAndFixAllRejectsOverlaps" computerName="DESKTOP-JT43V3D" duration="00:00:06.8721385" startTime="2026-09-24T09:33:12.8240138+03:00" endTime="2026-09-24T09:33:12.8240143+03:00" testType="13cdc9d9-ddb5-4fa4-a97d-d965ccfc6d4b" outcome="Passed" testListId="8c84fa94-04c1-424b-9868-57a2d4851a1d" relativeResultsDirectory="ed28ebce-f3b8-469f-ae95-33c237949337" />
    <UnitTestResult executionId="581019dd-a6a7-41de-b919-c53513aad784" testId="00be6e1f-af62-510d-e3a8-8c0c70f69ded" testName="Cerneala.Tests.Language.CompletionTests.OnDirectiveCompletesEventsFromTheAspectTargetType(body: &quot;@on MouseM|caret| { }&quot;)" computerName="DESKTOP-JT43V3D" duration="00:00:00.0014567" startTime="2026-09-24T09:34:17.0656668+03:00" endTime="2026-09-24T09:34:17.0656671+03:00" testType="13cdc9d9-ddb5-4fa4-a97d-d965ccfc6d4b" outcome="Passed" testListId="8c84fa94-04c1-424b-9868-57a2d4851a1d" relativeResultsDirectory="581019dd-a6a7-41de-b919-c53513aad784" />
    <UnitTestResult executionId="759f2c69-ac85-48ab-9e09-b9ca37798627" testId="953c0d9e-122d-6450-18a8-9b824ffd7e00" testName="Cerneala.Tests.Language.CompletionTests.MotionCallArgumentsCompleteTheirKnownValues(expression: &quot;Repeat(Tween(680ms, EaseIn), fo|caret|)&quot;, expected: &quot;forever&quot;, expectedDetail: &quot;positive count or forever&quot;)" computerName="DESKTOP-JT43V3D" duration="00:00:00.0003044" startTime="2026-09-24T09:34:18.2756366+03:00" endTime="2026-09-24T09:34:18.2756368+03:00" testType="13cdc9d9-ddb5-4fa4-a97d-d965ccfc6d4b" outcome="Passed" testListId="8c84fa94-04c1-424b-9868-57a2d4851a1d" relativeResultsDirectory="759f2c69-ac85-48ab-9e09-b9ca37798627" />
    <UnitTestResult executionId="2f659681-64b8-4eb7-b9b5-0eeb6654f705" testId="73c8871a-e18d-e4c2-e689-c6153b2a795f" testName="Cerneala.Tests.Language.CompletionTests.ThicknessAttributeSignatureHelpNamesTheActiveComponent(markup: &quot;&lt;Window&gt;&lt;Button Margin=\&quot;|caret|\&quot; /&gt;&lt;/Window&gt;&quot;, expectedActiveSignature: 0, expectedActiveParameter: 0, expectedLabel: &quot;Thickness(uniform)&quot;)" computerName="DESKTOP-JT43V3D" duration="00:00:00.0010326" startTime="2026-09-24T09:34:18.2786016+03:00" endTime="2026-09-24T09:34:18.2786021+03:00" testType="13cdc9d9-ddb5-4fa4-a97d-d965ccfc6d4b" outcome="Passed" testListId="8c84fa94-04c1-424b-9868-57a2d4851a1d" relativeResultsDirectory="2f659681-64b8-4eb7-b9b5-0eeb6654f705" />
    <UnitTestResult executionId="164e4a17-077e-4641-a05a-ed74a1ef8302" testId="18721e16-58d5-3df7-fc16-4893fed7c06a" testName="Cerneala.Tests.Language.SourceTextTests.IncrementalChangesAreImmutableVersionedAndRejectOverlap" computerName="DESKTOP-JT43V3D" duration="00:00:00.0556485" startTime="2026-09-24T09:33:20.1981745+03:00" endTime="2026-09-24T09:33:20.1981757+03:00" testType="13cdc9d9-ddb5-4fa4-a97d-d965ccfc6d4b" outcome="Passed" testListId="8c84fa94-04c1-424b-9868-57a2d4851a1d" relativeResultsDirectory="164e4a17-077e-4641-a05a-ed74a1ef8302" />
    <UnitTestResult executionId="7d8f6978-2d46-4af9-8f3a-b252d6ee64e5" testId="0f3181e0-9826-8fe7-b25b-3ffe68a4671d" testName="Cerneala.Tests.Language.SceneComponentLanguageTests.PairedSceneRootCompletionIncludesCustomProperties(marked: &quot;&lt;Scene2D&gt;&lt;Sprite2D X=\&quot;$root.Do|\&quot; /&gt;&lt;/Scene2D&gt;&quot;, expected: &quot;DoorX&quot;)" computerName="DESKTOP-JT43V3D" duration="00:00:00.5343385" startTime="2026-09-24T09:33:58.5084733+03:00" endTime="2026-09-24T09:33:58.5084737+03:00" testType="13cdc9d9-ddb5-4fa4-a97d-d965ccfc6d4b" outcome="Passed" testListId="8c84fa94-04c1-424b-9868-57a2d4851a1d" relativeResultsDirectory="7d8f6978-2d46-4af9-8f3a-b252d6ee64e5" />
    <UnitTestResult executionId="6454ddf1-07a6-4b15-9b80-fa212903b24e" testId="7f5f1c9d-9245-8ead-fa92-b6597738fb05" testName="Cerneala.Tests.Language.SemanticWorkspaceTests.LifecycleAndCancellationAreExplicit" computerName="DESKTOP-JT43V3D" duration="00:00:00.2441339" startTime="2026-09-24T09:33:06.2498962+03:00" endTime="2026-09-24T09:33:06.2498964+03:00" testType="13cdc9d9-ddb5-4fa4-a97d-d965ccfc6d4b" outcome="Passed" testListId="8c84fa94-04c1-424b-9868-57a2d4851a1d" relativeResultsDirectory="6454ddf1-07a6-4b15-9b80-fa212903b24e" />
    <UnitTestResult executionId="de4e1413-2801-4898-a643-c0d81785f08c" testId="38aa9160-4ceb-1910-26e6-dca7a84bac27" testName="Cerneala.Tests.Language.CompletionTests.TileImageCompletionOffersOnlyImageResourcesWithoutBindingModes" computerName="DESKTOP-JT43V3D" duration="00:00:00.0019592" startTime="2026-09-24T09:34:18.5539696+03:00" endTime="2026-09-24T09:34:18.5539698+03:00" testType="13cdc9d9-ddb5-4fa4-a97d-d965ccfc6d4b" outcome="Passed" testListId="8c84fa94-04c1-424b-9868-57a2d4851a1d" relativeResultsDirectory="de4e1413-2801-4898-a643-c0d81785f08c" />
    <UnitTestResult executionId="ef7765b1-8892-4d1f-be83-f15e34ad98d0" testId="3db2f701-0839-cb92-a5f5-8773d3058cf3" testName="Cerneala.Tests.Language.RoslynCompilationSymbolsTests.EvictedTypeNamesAreReleasedWithoutChangingLookupResults" computerName="DESKTOP-JT43V3D" duration="00:00:00.7762852" startTime="2026-09-24T09:34:20.9321778+03:00" endTime="2026-09-24T09:34:20.9321783+03:00" testType="13cdc9d9-ddb5-4fa4-a97d-d965ccfc6d4b" outcome="Passed" testListId="8c84fa94-04c1-424b-9868-57a2d4851a1d" relativeResultsDirectory="ef7765b1-8892-4d1f-be83-f15e34ad98d0" />
    <UnitTestResult executionId="9faba49b-18aa-4b53-96db-6ce336c9dab8" testId="736ad8d0-af5e-156e-d0e3-b01a5b9cd18a" testName="Cerneala.Tests.Language.CompletionTests.MotionRunHandleCompletionOffersDeclaredHandles(handleExpression: &quot;as |caret|&quot;)" computerName="DESKTOP-JT43V3D" duration="00:00:00.0026447" startTime="2026-09-24T09:34:18.3320586+03:00" endTime="2026-09-24T09:34:18.3320592+03:00" testType="13cdc9d9-ddb5-4fa4-a97d-d965ccfc6d4b" outcome="Passed" testListId="8c84fa94-04c1-424b-9868-57a2d4851a1d" relativeResultsDirectory="9faba49b-18aa-4b53-96db-6ce336c9dab8" />
    <UnitTestResult executionId="97186a5f-a14c-4927-8917-03d576bfbcce" testId="074845e2-86df-b3df-35d9-dd5ce8bfad73" testName="Cerneala.Tests.Language.ColliderOwnershipLanguageTests.CompletionOffersColliderShapesOnlyAtValidOwners(marked: &quot;&lt;Border&gt;&lt;| /&gt;&lt;/Border&gt;&quot;, expected: False)" computerName="DESKTOP-JT43V3D" duration="00:00:06.3051946" startTime="2026-09-24T09:34:05.7867978+03:00" endTime="2026-09-24T09:34:05.7867984+03:00" testType="13cdc9d9-ddb5-4fa4-a97d-d965ccfc6d4b" outcome="Passed" testListId="8c84fa94-04c1-424b-9868-57a2d4851a1d" relativeResultsDirectory="97186a5f-a14c-4927-8917-03d576bfbcce" />
[...]
    <TestEntry testId="3db2f701-0839-cb92-a5f5-8773d3058cf3" executionId="ef7765b1-8892-4d1f-be83-f15e34ad98d0" testListId="8c84fa94-04c1-424b-9868-57a2d4851a1d" />
    <TestEntry testId="736ad8d0-af5e-156e-d0e3-b01a5b9cd18a" executionId="9faba49b-18aa-4b53-96db-6ce336c9dab8" testListId="8c84fa94-04c1-424b-9868-57a2d4851a1d" />
    <TestEntry testId="074845e2-86df-b3df-35d9-dd5ce8bfad73" executionId="97186a5f-a14c-4927-8917-03d576bfbcce" testListId="8c84fa94-04c1-424b-9868-57a2d4851a1d" />
    <TestEntry testId="b9e5ebd2-b48b-3ead-c656-5c7090457acb" executionId="fdf0afb5-dc78-45a8-8103-8e2583bb796a" testListId="8c84fa94-04c1-424b-9868-57a2d4851a1d" />
    <TestEntry testId="77a8ce6d-5d01-b69a-327e-9ec557a80249" executionId="aecdf935-28c0-4b06-a0ce-9f4dc4a8a140" testListId="8c84fa94-04c1-424b-9868-57a2d4851a1d" />
    <TestEntry testId="f8eee31c-fe76-0bfd-9dbe-e7cbcf3801ad" executionId="d2a66e46-3249-4306-9f1c-5aa685e420a9" testListId="8c84fa94-04c1-424b-9868-57a2d4851a1d" />
    <TestEntry testId="b6b06cd9-66f2-9ef0-eb88-fe0aa065d593" executionId="963e76dc-c8fa-4af4-9503-7f1f6b5fdc0b" testListId="8c84fa94-04c1-424b-9868-57a2d4851a1d" />
    <TestEntry testId="46e2b1b4-c97d-8887-809b-259f9eba7935" executionId="5a7489ba-aa4e-41c6-9a6c-0f65ae4164a7" testListId="8c84fa94-04c1-424b-9868-57a2d4851a1d" />
    <TestEntry testId="8a339eac-4ad3-5cdc-6f32-8c408615798b" executionId="efb0e806-7fbb-4966-b293-cdccc9f25936" testListId="8c84fa94-04c1-424b-9868-57a2d4851a1d" />
    <TestEntry testId="23409b2d-ee3f-01f0-c1e3-4d4eb3a02b90" executionId="b81669b5-ea90-43b2-8b4c-5f80f135778c" testListId="8c84fa94-04c1-424b-9868-57a2d4851a1d" />
    <TestEntry testId="e9c7448a-5c00-625d-8786-4b759b9e05c3" executionId="41917089-2ca9-43c2-a8f6-91a58ff4650f" testListId="8c84fa94-04c1-424b-9868-57a2d4851a1d" />
    <TestEntry testId="a96e60af-11a1-f646-f3e1-c84b3c37bf70" executionId="e5b16ecc-45c6-454d-81c9-9e13c5b4e8ad" testListId="8c84fa94-04c1-424b-9868-57a2d4851a1d" />
    <TestEntry testId="73dfdaf5-e182-67fa-2fe3-7b74124ea0bb" executionId="cb8bc9af-99df-46d6-8497-003b1bc40449" testListId="8c84fa94-04c1-424b-9868-57a2d4851a1d" />
    <TestEntry testId="cb3cc56d-0d6f-a0f0-e0b3-6646c14ce5b8" executionId="f90dad62-a846-4769-b787-9feac957dbd7" testListId="8c84fa94-04c1-424b-9868-57a2d4851a1d" />
    <TestEntry testId="6f791072-afd2-2830-f530-71b13ed369a4" executionId="a2815557-6ba4-403e-8358-20be31ddc934" testListId="8c84fa94-04c1-424b-9868-57a2d4851a1d" />
    <TestEntry testId="f562f534-afc5-ab84-86c1-0fdc43e4c428" executionId="0cb46158-b8bb-486a-a3d5-768391fb47fc" testListId="8c84fa94-04c1-424b-9868-57a2d4851a1d" />
    <TestEntry testId="64b32bd6-5706-0fd9-16d6-2eda82f250d3" executionId="d2adf9c7-91eb-427a-b095-00906c7dd6f2" testListId="8c84fa94-04c1-424b-9868-57a2d4851a1d" />
    <TestEntry testId="0c9c9d0a-1417-078b-4b34-affaf96b737a" executionId="a1552686-9efc-4074-bc68-7a351a0bc654" testListId="8c84fa94-04c1-424b-9868-57a2d4851a1d" />
    <TestEntry testId="bb35e5ea-95e8-8521-721f-5e0cb78ce5b2" executionId="9de9af0b-70d8-4fb3-930a-3d57030224ba" testListId="8c84fa94-04c1-424b-9868-57a2d4851a1d" />
    <TestEntry testId="ba2c4ccd-e642-e964-312d-994fc8f263ce" executionId="2d5e8896-2c66-4511-96ad-f44207bba96d" testListId="8c84fa94-04c1-424b-9868-57a2d4851a1d" />
    <TestEntry testId="fca21466-fe0a-38f4-8778-4b173d55d190" executionId="907ac1cb-cf20-46df-bd64-472b72a2c511" testListId="8c84fa94-04c1-424b-9868-57a2d4851a1d" />
    <TestEntry testId="2a49e6cc-5bc2-26af-fa09-acb57d25b419" executionId="b9a20541-7474-4950-b08f-6a94ee9e32a2" testListId="8c84fa94-04c1-424b-9868-57a2d4851a1d" />
    <TestEntry testId="5213a066-95e4-2f27-ed27-ceb4c9c0bb93" executionId="a5ff3070-25df-4854-8a51-a3f7bbbb5a0d" testListId="8c84fa94-04c1-424b-9868-57a2d4851a1d" />
    <TestEntry testId="0ab71ff9-b1b2-a352-8835-37f58e2093cd" executionId="e86d25df-9437-4dd8-8c1e-4660ae6c4fc9" testListId="8c84fa94-04c1-424b-9868-57a2d4851a1d" />
    <TestEntry testId="68ff63ac-9a46-467a-58d4-c6900c7582a0" executionId="13cf7423-b69d-4ba3-96ce-895c06430dae" testListId="8c84fa94-04c1-424b-9868-57a2d4851a1d" />
    <TestEntry testId="3e3645db-4695-8c51-13c1-5e8edcfa5da9" executionId="32db21c6-4df5-4a5c-b5d5-d825317921e9" testListId="8c84fa94-04c1-424b-9868-57a2d4851a1d" />
    <TestEntry testId="67c973b5-8d6d-3476-8ecd-124ba42bfc2a" executionId="0666c1f7-b758-4f76-921b-a4db6906107d" testListId="8c84fa94-04c1-424b-9868-57a2d4851a1d" />
    <TestEntry testId="c24c947b-93c1-fad6-241e-36b766969fc2" executionId="2e5527e2-c617-4677-b7c8-934b2e42c71f" testListId="8c84fa94-04c1-424b-9868-57a2d4851a1d" />
    <TestEntry testId="cfc852d9-4b74-c087-0f65-cfdb0fee0d28" executionId="56a2ae34-72bd-429d-b69c-d2cf4a348e61" testListId="8c84fa94-04c1-424b-9868-57a2d4851a1d" />
    <TestEntry testId="64b32bd6-5706-0fd9-16d6-2eda82f250d3" executionId="b8ff05d3-5c0d-424a-ac4e-89d4b7ebf65e" testListId="8c84fa94-04c1-424b-9868-57a2d4851a1d" />
    <TestEntry testId="acef34f0-3e92-949d-27d3-cd1f82e1c2f5" executionId="984c1838-84fa-4e0c-b3fb-65c446bed9a5" testListId="8c84fa94-04c1-424b-9868-57a2d4851a1d" />
    <TestEntry testId="21beb541-279e-70e7-0651-ec8c47587f04" executionId="dfd12c03-3f71-4ea6-bdda-fb7dc22c363b" testListId="8c84fa94-04c1-424b-9868-57a2d4851a1d" />
    <TestEntry testId="2e9ae5ad-771d-f795-f5d7-fb369df054e7" executionId="09c566df-1616-4b4d-9b18-3e71d6c7fad6" testListId="8c84fa94-04c1-424b-9868-57a2d4851a1d" />
    <TestEntry testId="8a120e02-c853-2e96-8075-83bf31886b4a" executionId="454574eb-58cd-4388-a886-70d1ecf9d497" testListId="8c84fa94-04c1-424b-9868-57a2d4851a1d" />
    <TestEntry testId="df9b28e3-be64-c167-e0cd-afbd0eb45a96" executionId="868630e9-0b28-4b21-b998-42a0c7af9cd4" testListId="8c84fa94-04c1-424b-9868-57a2d4851a1d" />
    <TestEntry testId="b78d2b91-d9d1-192f-861b-0e56d7f3a980" executionId="e028619c-ae15-4c54-bab2-87fd378ef004" testListId="8c84fa94-04c1-424b-9868-57a2d4851a1d" />
    <TestEntry testId="64b32bd6-5706-0fd9-16d6-2eda82f250d3" executionId="33d9fce5-c148-4a29-a44d-8d2397509aaa" testListId="8c84fa94-04c1-424b-9868-57a2d4851a1d" />
    <TestEntry testId="18be61cd-9bff-2a81-9ffb-35efb547a780" executionId="6ad4bafc-e357-4a26-9e8d-089e62743250" testListId="8c84fa94-04c1-424b-9868-57a2d4851a1d" />
    <TestEntry testId="18f70e37-e1fe-0126-b0ad-8ccd786ec198" executionId="ee67857c-7d54-4a22-a184-53c853f3dcd9" testListId="8c84fa94-04c1-424b-9868-57a2d4851a1d" />
    <TestEntry testId="eb3ad62e-b370-5cb8-66f4-b94d544a6abb" executionId="36d1acc1-a783-4148-a228-6bf7607195d5" testListId="8c84fa94-04c1-424b-9868-57a2d4851a1d" />
    <TestEntry testId="2596d6af-5513-56fb-eef1-e6444fba0997" executionId="7d141402-dc95-457a-954a-38e8efbda6c4" testListId="8c84fa94-04c1-424b-9868-57a2d4851a1d" />
    <TestEntry testId="3ac66917-0659-cedc-899b-6bd149dd80d7" executionId="7b5a5c12-8b31-4bbd-9a13-d7a79a841912" testListId="8c84fa94-04c1-424b-9868-57a2d4851a1d" />
    <TestEntry testId="60c1e2f7-4163-7a02-9703-3f65e377c0ce" executionId="2248fd8e-67eb-4ae4-92ab-d98ecd8bbe3b" testListId="8c84fa94-04c1-424b-9868-57a2d4851a1d" />
    <TestEntry testId="ce5a923f-dd81-edfe-2669-3afd32ba66f7" executionId="e5db195c-3097-4c09-a1b8-f6f42db1c275" testListId="8c84fa94-04c1-424b-9868-57a2d4851a1d" />
    <TestEntry testId="0eb67440-cb06-64fe-1a79-7b115d449935" executionId="0a27c2f3-5b61-4c41-8b7f-156f2eafa9dd" testListId="8c84fa94-04c1-424b-9868-57a2d4851a1d" />
    <TestEntry testId="565fcfc5-241a-d776-165f-c9376a8d0d29" executionId="0562c995-5281-45fe-ab8e-6eb49b399cbf" testListId="8c84fa94-04c1-424b-9868-57a2d4851a1d" />
    <TestEntry testId="87f0d78e-aabd-1946-daf4-42e3d56330d7" executionId="439bf3be-0f5d-49ba-9c38-5f900a0651ef" testListId="8c84fa94-04c1-424b-9868-57a2d4851a1d" />
    <TestEntry testId="64b32bd6-5706-0fd9-16d6-2eda82f250d3" executionId="dc4145de-23cb-47d1-8f0d-73f0caa7cc88" testListId="8c84fa94-04c1-424b-9868-57a2d4851a1d" />
    <TestEntry testId="c69cff5d-78a4-63bb-5953-cec6bff050bd" executionId="2eb40dff-347e-49c8-af1f-22064e634d6b" testListId="8c84fa94-04c1-424b-9868-57a2d4851a1d" />
    <TestEntry testId="b4414d61-056c-be34-9431-152da1adad84" executionId="327b8a61-6b7d-4f1e-a545-732202aec755" testListId="8c84fa94-04c1-424b-9868-57a2d4851a1d" />
    <TestEntry testId="b9f57729-e153-bf0c-468e-f613d1ec761e" executionId="1a688db1-0ba6-428a-ad61-5cc27da75f0b" testListId="8c84fa94-04c1-424b-9868-57a2d4851a1d" />
    <TestEntry testId="44acd8e7-000b-66db-27b5-f26e9bbeb97f" executionId="5ec808b3-7680-425d-b389-c941c13fd8a3" testListId="8c84fa94-04c1-424b-9868-57a2d4851a1d" />
    <TestEntry testId="c9413044-09e3-31cf-8f31-3349ab360dcf" executionId="253b9c4c-e714-4f29-b3e3-81a98d281a15" testListId="8c84fa94-04c1-424b-9868-57a2d4851a1d" />
    <TestEntry testId="61d68bf1-4aed-2051-fdea-de81a9897877" executionId="48359527-bbad-4381-bbb6-83e8a3d15b6c" testListId="8c84fa94-04c1-424b-9868-57a2d4851a1d" />
    <TestEntry testId="fb9f5495-ebad-9356-04c3-8618f41741ab" executionId="605bcb0b-a54b-4f53-a33a-b52acc56bba2" testListId="8c84fa94-04c1-424b-9868-57a2d4851a1d" />
    <TestEntry testId="d3d24d2b-90e8-9be9-19d6-781350275ab2" executionId="4f178b8f-854a-4a58-821d-f2d49179f7d3" testListId="8c84fa94-04c1-424b-9868-57a2d4851a1d" />
    <TestEntry testId="cddebb26-ad33-0c4a-dccc-11c0e44e346c" executionId="a10595c7-cc7a-455a-8220-380cef216eca" testListId="8c84fa94-04c1-424b-9868-57a2d4851a1d" />
    <TestEntry testId="59be3e57-e4b5-6167-7eaa-32235aca0280" executionId="002c64fb-d08f-4a7c-b2f3-f2259dd2714e" testListId="8c84fa94-04c1-424b-9868-57a2d4851a1d" />
    <TestEntry testId="5f2d34c7-8fca-3056-91b5-cc23d71b176a" executionId="917018f1-d15a-4af1-a83c-291dea9480e0" testListId="8c84fa94-04c1-424b-9868-57a2d4851a1d" />
    <TestEntry testId="1da6c3f2-d787-f6e9-c8e0-725c49fde3e7" executionId="0444d2b2-df73-433a-99bb-664ea8ed0176" testListId="8c84fa94-04c1-424b-9868-57a2d4851a1d" />
    <TestEntry testId="64b32bd6-5706-0fd9-16d6-2eda82f250d3" executionId="57e48ae0-1c2f-46cc-8d63-194ed1dfe6a2" testListId="8c84fa94-04c1-424b-9868-57a2d4851a1d" />
    <TestEntry testId="3e64bc6b-f270-cb02-ac81-c7bdcee56753" executionId="925d20c3-be24-4171-bbf0-76bed5bbe2e4" testListId="8c84fa94-04c1-424b-9868-57a2d4851a1d" />
    <TestEntry testId="01de06d5-8266-f695-7b3b-7b378e130308" executionId="3231be66-1336-4e7b-837a-046f2db5e81f" testListId="8c84fa94-04c1-424b-9868-57a2d4851a1d" />
    <TestEntry testId="f6e7acac-433e-f937-00ed-d9f91e3bba60" executionId="4d7dffbf-584b-4cd3-80be-ac29c3649bd1" testListId="8c84fa94-04c1-424b-9868-57a2d4851a1d" />
    <TestEntry testId="9b1d59ae-961b-c3bb-c8f8-fb115bfd447d" executionId="2305e3e1-0bfb-455b-b675-ed72225205f7" testListId="8c84fa94-04c1-424b-9868-57a2d4851a1d" />
    <TestEntry testId="6bc59f2b-bdb2-084d-c24e-411573a415b3" executionId="c79ccac1-b362-417d-9346-dbcf72bca44b" testListId="8c84fa94-04c1-424b-9868-57a2d4851a1d" />
    <TestEntry testId="e9af9960-b5a1-4bea-69c4-bfb765bd2e0e" executionId="6ae89eae-7371-41c4-b35f-2fe65c477913" testListId="8c84fa94-04c1-424b-9868-57a2d4851a1d" />
    <TestEntry testId="0d5349c5-b14f-fe0a-6b10-bbdfebdb251c" executionId="12353bac-8f48-4506-a4be-81fa3b43577b" testListId="8c84fa94-04c1-424b-9868-57a2d4851a1d" />
    <TestEntry testId="750babee-197b-20ce-6703-579f781fbc64" executionId="71e1ec41-74e0-498b-aeaf-738eef19b6c7" testListId="8c84fa94-04c1-424b-9868-57a2d4851a1d" />
    <TestEntry testId="4a9188f2-2979-6d6b-80eb-63d37a0136e5" executionId="62513757-267a-47a0-9405-b023f3eea3e9" testListId="8c84fa94-04c1-424b-9868-57a2d4851a1d" />
    <TestEntry testId="a5fb1a98-82a0-d468-91f9-eecdf6f462b8" executionId="9a460c9a-916f-40b6-97db-762899e21354" testListId="8c84fa94-04c1-424b-9868-57a2d4851a1d" />
    <TestEntry testId="6f791072-afd2-2830-f530-71b13ed369a4" executionId="b74c4620-8939-47a0-abb8-fc295130e563" testListId="8c84fa94-04c1-424b-9868-57a2d4851a1d" />
    <TestEntry testId="6f791072-afd2-2830-f530-71b13ed369a4" executionId="02043ecd-2e71-4981-9658-d7b499d176ae" testListId="8c84fa94-04c1-424b-9868-57a2d4851a1d" />
    <TestEntry testId="7406a29c-d1c0-ce00-0ee4-86f6c941541f" executionId="687e1fca-f9b1-4709-97a9-d1ff6d591a7f" testListId="8c84fa94-04c1-424b-9868-57a2d4851a1d" />
    <TestEntry testId="9bcce80e-ba5d-d93e-e5a6-3ed920d23382" executionId="3f35bbc8-404e-4cac-8869-3c97707b3935" testListId="8c84fa94-04c1-424b-9868-57a2d4851a1d" />
    <TestEntry testId="6f791072-afd2-2830-f530-71b13ed369a4" executionId="75bdc078-1b1a-46df-8e9e-54c6b9e8268e" testListId="8c84fa94-04c1-424b-9868-57a2d4851a1d" />
    <TestEntry testId="a2a8bdc5-97c5-6f22-8b55-4336228b14d5" executionId="877124df-8aa1-41be-858d-f8638ee560fd" testListId="8c84fa94-04c1-424b-9868-57a2d4851a1d" />
    <TestEntry testId="5bff402f-881e-da2c-20ea-621518a9a980" executionId="3111a584-ec08-417b-ba8e-a8f1134b6323" testListId="8c84fa94-04c1-424b-9868-57a2d4851a1d" />
    <TestEntry testId="cbdbebe8-d2b0-6042-b1ca-4818dba71d48" executionId="674780d2-35d1-4d85-b892-660ef2d8e774" testListId="8c84fa94-04c1-424b-9868-57a2d4851a1d" />
    <TestEntry testId="113ed1ff-fdeb-2995-2d3d-f16644eab130" executionId="b5c7176e-87cc-4759-8aa5-1ca35d6d5ddf" testListId="8c84fa94-04c1-424b-9868-57a2d4851a1d" />
    <TestEntry testId="b5a3d13d-779f-c24d-ecb0-bf516afb2357" executionId="b11297a9-8a5c-4e51-889f-6a09c81e14e6" testListId="8c84fa94-04c1-424b-9868-57a2d4851a1d" />
    <TestEntry testId="418d6047-9799-0122-729d-6ed7941d22d1" executionId="9a28531d-df81-4b13-b376-c431c377ad85" testListId="8c84fa94-04c1-424b-9868-57a2d4851a1d" />
    <TestEntry testId="8a648cdb-ca7c-198c-5cc8-e5035f67672c" executionId="f67a10df-2418-487e-98ff-6ae179c79b9f" testListId="8c84fa94-04c1-424b-9868-57a2d4851a1d" />
    <TestEntry testId="d0207083-1fd8-1fcf-ebd9-dfa7abfc3277" executionId="ee666e42-7593-4ee0-874e-9f55d0eea2bd" testListId="8c84fa94-04c1-424b-9868-57a2d4851a1d" />
    <TestEntry testId="4f927cc7-1315-c816-0d51-416067500b4f" executionId="94dc49da-d642-4e9c-8027-e70ba338e058" testListId="8c84fa94-04c1-424b-9868-57a2d4851a1d" />
    <TestEntry testId="bad0eaf0-6595-d512-3e08-c877e19537a4" executionId="48ea29aa-6fc8-42c1-9dde-46588cdb50b7" testListId="8c84fa94-04c1-424b-9868-57a2d4851a1d" />
    <TestEntry testId="89dbcb89-853c-1e05-8baf-36d1b27c7621" executionId="0e980c8a-eedf-4601-bb7a-e3abf42e6688" testListId="8c84fa94-04c1-424b-9868-57a2d4851a1d" />
    <TestEntry testId="0ade93ec-0ea3-6c9a-4393-428cc726d75a" executionId="0c404ef1-55ed-498a-a4f0-ae00963a3bc2" testListId="8c84fa94-04c1-424b-9868-57a2d4851a1d" />
    <TestEntry testId="839a1293-e126-3d3e-0797-65b2caf7b220" executionId="da4b0796-fdfe-422e-9cf6-cb900051c077" testListId="8c84fa94-04c1-424b-9868-57a2d4851a1d" />
    <TestEntry testId="92632c22-8af7-c2a0-7476-f7f1169cb0cc" executionId="a98ecfd3-23da-4666-8735-6b60575ab655" testListId="8c84fa94-04c1-424b-9868-57a2d4851a1d" />
    <TestEntry testId="1520ee21-d9ae-193e-64f8-8cb831451014" executionId="8f8f48bd-2be0-4e7d-a86b-efdfac2eba0c" testListId="8c84fa94-04c1-424b-9868-57a2d4851a1d" />
    <TestEntry testId="6f791072-afd2-2830-f530-71b13ed369a4" executionId="3a8920ee-41fc-4c81-be98-b90abf701f70" testListId="8c84fa94-04c1-424b-9868-57a2d4851a1d" />
    <TestEntry testId="6e2e1fdf-8aa9-ee22-1e94-3e583e679d8d" executionId="241a7ffb-9783-4b06-871a-5dedbe011c06" testListId="8c84fa94-04c1-424b-9868-57a2d4851a1d" />
    <TestEntry testId="5ffdcf89-95f5-d713-2605-2769b6a340df" executionId="eff0d3c5-2675-4372-9bda-d7d006b38113" testListId="8c84fa94-04c1-424b-9868-57a2d4851a1d" />
    <TestEntry testId="d47cbd0f-c64e-7b68-01ea-8946431cedcb" executionId="69ecef9d-159e-4ef2-9d3d-e434bf6bdd04" testListId="8c84fa94-04c1-424b-9868-57a2d4851a1d" />
    <TestEntry testId="d110ad4f-bc32-e7bb-262e-0419ac56bc49" executionId="8158a084-1de5-4349-aae6-e705424e4b69" testListId="8c84fa94-04c1-424b-9868-57a2d4851a1d" />
    <TestEntry testId="0ef1df1e-3186-3f91-8b10-8468abad9fb9" executionId="ef8bf507-887a-462b-897e-9b685f11cbc5" testListId="8c84fa94-04c1-424b-9868-57a2d4851a1d" />
    <TestEntry testId="a0b8a3fa-dfe6-93b4-406e-10152ee66e7e" executionId="ae818906-eb9a-46f6-b365-9b4d8b7a7533" testListId="8c84fa94-04c1-424b-9868-57a2d4851a1d" />
    <TestEntry testId="2d999282-2dbd-a146-b147-a3401c5cbb06" executionId="6154d19b-9d6e-4d80-95b9-50b200aa9535" testListId="8c84fa94-04c1-424b-9868-57a2d4851a1d" />
    <TestEntry testId="e97af087-b118-0e69-9bf4-55ef1eec023d" executionId="9f9faf2e-2aca-4df0-b663-810930cbfb6a" testListId="8c84fa94-04c1-424b-9868-57a2d4851a1d" />
    <TestEntry testId="b0966b3c-1d16-8491-6bf2-6800ff4005b2" executionId="443b006c-f03f-46af-a9aa-9b382e9c1c9a" testListId="8c84fa94-04c1-424b-9868-57a2d4851a1d" />
    <TestEntry testId="7d77f509-63fe-6c5f-55b6-daf35bc3a89e" executionId="ab250876-86cf-4c38-8f24-c98efea92056" testListId="8c84fa94-04c1-424b-9868-57a2d4851a1d" />
    <TestEntry testId="817fe385-2a41-b0ac-4e31-424dcb69fe85" executionId="8a7108d5-11b1-4dd1-b5f0-51fd5c6c2552" testListId="8c84fa94-04c1-424b-9868-57a2d4851a1d" />
    <TestEntry testId="d07c9419-64d3-34cd-da26-a30963e6f3f7" executionId="65dfcd2c-abad-4d83-9e16-183f7be67fd1" testListId="8c84fa94-04c1-424b-9868-57a2d4851a1d" />
    <TestEntry testId="3e26a97c-10cc-7d82-43ba-0d33ef2e0709" executionId="d76b7239-71c1-4d9e-943c-58eb85ee083c" testListId="8c84fa94-04c1-424b-9868-57a2d4851a1d" />
    <TestEntry testId="d96e6499-56f4-c9ec-34b2-c5e155fb1c15" executionId="2b586c77-9bed-4e88-ace1-4fad0ccc710a" testListId="8c84fa94-04c1-424b-9868-57a2d4851a1d" />
    <TestEntry testId="33334398-be63-881c-1e6e-251ab01f6b9b" executionId="8018dde9-ea6e-4b0e-936c-af55c187074e" testListId="8c84fa94-04c1-424b-9868-57a2d4851a1d" />
    <TestEntry testId="909456e3-10d9-5741-71f0-aecbe9227a44" executionId="9b28e110-2fa2-47c3-b482-f89cb60063f3" testListId="8c84fa94-04c1-424b-9868-57a2d4851a1d" />
    <TestEntry testId="288fd594-952f-630c-196f-98684bea1173" executionId="28fc64c3-30ad-4572-80f3-d3fed3538648" testListId="8c84fa94-04c1-424b-9868-57a2d4851a1d" />
    <TestEntry testId="3016de68-f341-d4f0-cd48-1b294bc0aa30" executionId="b24f852c-a590-4be5-8c32-ebb4b85f1fa8" testListId="8c84fa94-04c1-424b-9868-57a2d4851a1d" />
    <TestEntry testId="8220a367-9500-1a58-4ca9-942db47b2605" executionId="6e431e70-b344-48da-9d54-cbc3a68c0115" testListId="8c84fa94-04c1-424b-9868-57a2d4851a1d" />
  </TestEntries>
  <TestLists>
    <TestList name="Results Not in a List" id="8c84fa94-04c1-424b-9868-57a2d4851a1d" />
    <TestList name="All Loaded Results" id="19431567-8539-422a-85d7-44ee4e166bda" />
  </TestLists>
  <ResultSummary outcome="Completed">
    <Counters total="235" executed="234" passed="234" failed="0" error="0" timeout="0" aborted="0" inconclusive="0" passedButRunAborted="0" notRunnable="0" notExecuted="0" disconnected="0" warning="0" completed="0" inProgress="0" pending="0" />
    <Output>
      <StdOut>[xUnit.net 00:00:00.00] xUnit.net VSTest Adapter v2.5.3.1+6b60a9e56a (64-bit .NET 8.0.30)&#xD;
[xUnit.net 00:00:00.27]   Discovering: Cerneala.Tests.Language&#xD;
[xUnit.net 00:00:00.59]   Discovered:  Cerneala.Tests.Language&#xD;
[xUnit.net 00:00:00.59]   Starting:    Cerneala.Tests.Language&#xD;
[xUnit.net 00:01:13.03]       Always skipped at maintainer request (2026-09-21): completion CPU P95 gate is disabled; underlying performance failure remains unresolved.&#xD;
Test 'Cerneala.Tests.Language.CompletionTests.WarmCompletionP95StaysBelowBudgetAndIndependentDocumentsDoNotBlock' was skipped in the test run.&#xD;
[xUnit.net 00:01:16.09]   Finished:    Cerneala.Tests.Language&#xD;
</StdOut>
    </Output>
    <RunInfos>
      <RunInfo computerName="DESKTOP-JT43V3D" outcome="Warning" timestamp="2026-09-24T09:34:18.2650966+03:00">
        <Text>[xUnit.net 00:01:13.03]     Cerneala.Tests.Language.CompletionTests.WarmCompletionP95StaysBelowBudgetAndIndependentDocumentsDoNotBlock [SKIP]</Text>
      </RunInfo>
    </RunInfos>
  </ResultSummary>
</TestRun>