<?xml version="1.0" encoding="utf-8"?>
<TestRun id="aef51d94-1188-494a-b1ef-d340828e0966" name="lauri@DESKTOP-JT43V3D 2026-09-25 23:23:09" runUser="DESKTOP-JT43V3D\lauri" xmlns="http://microsoft.com/schemas/VisualStudio/TeamTest/2010">
  <Times creation="2026-09-25T23:23:09.7351002+03:00" queuing="2026-09-25T23:23:09.7351005+03:00" start="2026-09-25T23:22:54.6521625+03:00" finish="2026-09-25T23:23:09.7398497+03:00" />
  <TestSettings name="default" id="f77b5467-00ee-4262-8432-3e011f583e8f">
    <Deployment runDeploymentRoot="lauri_DESKTOP-JT43V3D_2026-09-25_23_23_09" />
  </TestSettings>
  <Results>
    <UnitTestResult executionId="97e6943d-d7c9-40e8-ab3e-73d94985094e" testId="53eae0a4-27cc-e895-354e-dd9b8db40261" testName="Cerneala.Tests.SceneVillage.NativeVillageScaleTests.VillageUsesNativeArtworkPixelsAtThreeWindowScalesWithoutDownsamplingItsSurface" computerName="DESKTOP-JT43V3D" duration="00:00:13.0329667" startTime="2026-09-25T23:23:09.6036927+03:00" endTime="2026-09-25T23:23:09.6037134+03:00" testType="13cdc9d9-ddb5-4fa4-a97d-d965ccfc6d4b" outcome="Passed" testListId="8c84fa94-04c1-424b-9868-57a2d4851a1d" relativeResultsDirectory="97e6943d-d7c9-40e8-ab3e-73d94985094e">
      <Output>
        <StdOut>DPI=1; target=792x440; screenshot=820x600; native town=16px, actor=32px; zoom2 town=32.000px; cameraX=1900.1858; captures=C:\Users\lauri\Desktop\Cerneala\artifacts\ci\scene-village\screenshots\native-scale-20260925-202256586\village-dpi-1-native.png, C:\Users\lauri\Desktop\Cerneala\artifacts\ci\scene-village\screenshots\native-scale-20260925-202256586\village-dpi-1-zoom2.png, C:\Users\lauri\Desktop\Cerneala\artifacts\ci\scene-village\screenshots\native-scale-20260925-202256586\village-dpi-1-after-servo.png&#xD;
DPI=1.25; target=990x550; screenshot=1025x750; native town=16px, actor=32px; zoom2 town=32.000px; cameraX=1819.5598; captures=C:\Users\lauri\Desktop\Cerneala\artifacts\ci\scene-village\screenshots\native-scale-20260925-202256586\village-dpi-1.25-native.png, C:\Users\lauri\Desktop\Cerneala\artifacts\ci\scene-village\screenshots\native-scale-20260925-202256586\village-dpi-1.25-zoom2.png, C:\Users\lauri\Desktop\Cerneala\artifacts\ci\scene-village\screenshots\native-scale-20260925-202256586\village-dpi-1.25-after-servo.png&#xD;
DPI=2; target=1584x880; screenshot=1640x1200; native town=16px, actor=32px; zoom2 town=32.000px; cameraX=1677.4785; captures=C:\Users\lauri\Desktop\Cerneala\artifacts\ci\scene-village\screenshots\native-scale-20260925-202256586\village-dpi-2-native.png, C:\Users\lauri\Desktop\Cerneala\artifacts\ci\scene-village\screenshots\native-scale-20260925-202256586\village-dpi-2-zoom2.png, C:\Users\lauri\Desktop\Cerneala\artifacts\ci\scene-village\screenshots\native-scale-20260925-202256586\village-dpi-2-after-servo.png</StdOut>
      </Output>
    </UnitTestResult>
  </Results>
  <TestDefinitions>
    <UnitTest name="Cerneala.Tests.SceneVillage.NativeVillageScaleTests.VillageUsesNativeArtworkPixelsAtThreeWindowScalesWithoutDownsamplingItsSurface" storage="c:\users\lauri\desktop\cerneala\tests\cerneala.tests.scenevillage\bin\release\net8.0-windows\cerneala.tests.scenevillage.dll" id="53eae0a4-27cc-e895-354e-dd9b8db40261">
      <Execution id="97e6943d-d7c9-40e8-ab3e-73d94985094e" />
      <TestMethod codeBase="C:\Users\lauri\Desktop\Cerneala\tests\Cerneala.Tests.SceneVillage\bin\Release\net8.0-windows\Cerneala.Tests.SceneVillage.dll" adapterTypeName="executor://xunit/VsTestRunner2/netcoreapp" className="Cerneala.Tests.SceneVillage.NativeVillageScaleTests" name="VillageUsesNativeArtworkPixelsAtThreeWindowScalesWithoutDownsamplingItsSurface" />
    </UnitTest>
  </TestDefinitions>
  <TestEntries>
    <TestEntry testId="53eae0a4-27cc-e895-354e-dd9b8db40261" executionId="97e6943d-d7c9-40e8-ab3e-73d94985094e" testListId="8c84fa94-04c1-424b-9868-57a2d4851a1d" />
  </TestEntries>
  <TestLists>
    <TestList name="Results Not in a List" id="8c84fa94-04c1-424b-9868-57a2d4851a1d" />
    <TestList name="All Loaded Results" id="19431567-8539-422a-85d7-44ee4e166bda" />
  </TestLists>
  <ResultSummary outcome="Completed">
    <Counters total="1" executed="1" passed="1" failed="0" error="0" timeout="0" aborted="0" inconclusive="0" passedButRunAborted="0" notRunnable="0" notExecuted="0" disconnected="0" warning="0" completed="0" inProgress="0" pending="0" />
    <Output>
      <StdOut>[xUnit.net 00:00:00.00] xUnit.net VSTest Adapter v2.5.3.1+6b60a9e56a (64-bit .NET 8.0.30)&#xD;
[xUnit.net 00:00:00.20]   Discovering: Cerneala.Tests.SceneVillage&#xD;
[xUnit.net 00:00:00.33]   Discovered:  Cerneala.Tests.SceneVillage&#xD;
[xUnit.net 00:00:00.34]   Starting:    Cerneala.Tests.SceneVillage&#xD;
[xUnit.net 00:00:13.50]   Finished:    Cerneala.Tests.SceneVillage&#xD;
</StdOut>
    </Output>
  </ResultSummary>
</TestRun>