<?xml version="1.0" encoding="utf-8"?>
<TestRun id="e5683742-8903-4b30-a4eb-e2d66f425209" name="lauri@DESKTOP-JT43V3D 2026-09-25 23:23:41" runUser="DESKTOP-JT43V3D\lauri" xmlns="http://microsoft.com/schemas/VisualStudio/TeamTest/2010">
  <Times creation="2026-09-25T23:23:41.8211220+03:00" queuing="2026-09-25T23:23:41.8211224+03:00" start="2026-09-25T23:23:31.8505760+03:00" finish="2026-09-25T23:24:52.6555697+03:00" />
  <TestSettings name="default" id="bab3c886-8752-42b3-bc1f-52a45d478368">
    <Deployment runDeploymentRoot="lauri_DESKTOP-JT43V3D_2026-09-25_23_23_41" />
  </TestSettings>
  <Results>
    <UnitTestResult executionId="699446f3-a7bd-49f6-82fd-28497e2405bc" testId="44b1ab68-744c-b036-59a8-702e0575e1b1" testName="Cerneala.Tests.SceneVillage.VillageModelTests.ViewBoxFollowDoesNotShiftWorldCollisionCoordinates" computerName="DESKTOP-JT43V3D" duration="00:00:00.0682247" startTime="2026-09-25T23:24:52.4385807+03:00" endTime="2026-09-25T23:24:52.4385810+03:00" testType="13cdc9d9-ddb5-4fa4-a97d-d965ccfc6d4b" outcome="Passed" testListId="8c84fa94-04c1-424b-9868-57a2d4851a1d" relativeResultsDirectory="699446f3-a7bd-49f6-82fd-28497e2405bc" />
    <UnitTestResult executionId="051d696a-7854-4f52-8dc1-2b263cd5d98d" testId="a0694714-34a8-2072-9132-c1a1cd40dfc0" testName="Cerneala.Tests.SceneVillage.VillageScaleContractTests.CameraSeparatesWindowDpiContentScaleAndZoom(windowScale: 1, targetWidth: 320, targetHeight: 180)" computerName="DESKTOP-JT43V3D" duration="00:00:00.0002258" startTime="2026-09-25T23:24:51.7922529+03:00" endTime="2026-09-25T23:24:51.7922530+03:00" testType="13cdc9d9-ddb5-4fa4-a97d-d965ccfc6d4b" outcome="Passed" testListId="8c84fa94-04c1-424b-9868-57a2d4851a1d" relativeResultsDirectory="051d696a-7854-4f52-8dc1-2b263cd5d98d" />
    <UnitTestResult executionId="564e8582-15eb-4e54-8c8a-482f35c98d11" testId="53eae0a4-27cc-e895-354e-dd9b8db40261" testName="Cerneala.Tests.SceneVillage.NativeVillageScaleTests.VillageUsesNativeArtworkPixelsAtThreeWindowScalesWithoutDownsamplingItsSurface" computerName="DESKTOP-JT43V3D" duration="00:00:11.6117459" startTime="2026-09-25T23:23:57.2653660+03:00" endTime="2026-09-25T23:23:57.2653665+03:00" testType="13cdc9d9-ddb5-4fa4-a97d-d965ccfc6d4b" outcome="Passed" testListId="8c84fa94-04c1-424b-9868-57a2d4851a1d" relativeResultsDirectory="564e8582-15eb-4e54-8c8a-482f35c98d11">
      <Output>
        <StdOut>DPI=1; target=792x440; screenshot=820x600; native town=16px, actor=32px; zoom2 town=32.000px; cameraX=1865.6172; captures=C:\Users\lauri\Desktop\Cerneala\artifacts\ci\scene-village\screenshots\native-scale-20260925-202345662\village-dpi-1-native.png, C:\Users\lauri\Desktop\Cerneala\artifacts\ci\scene-village\screenshots\native-scale-20260925-202345662\village-dpi-1-zoom2.png, C:\Users\lauri\Desktop\Cerneala\artifacts\ci\scene-village\screenshots\native-scale-20260925-202345662\village-dpi-1-after-servo.png&#xD;
DPI=1.25; target=990x550; screenshot=1025x750; native town=16px, actor=32px; zoom2 town=32.000px; cameraX=1833.4558; captures=C:\Users\lauri\Desktop\Cerneala\artifacts\ci\scene-village\screenshots\native-scale-20260925-202345662\village-dpi-1.25-native.png, C:\Users\lauri\Desktop\Cerneala\artifacts\ci\scene-village\screenshots\native-scale-20260925-202345662\village-dpi-1.25-zoom2.png, C:\Users\lauri\Desktop\Cerneala\artifacts\ci\scene-village\screenshots\native-scale-20260925-202345662\village-dpi-1.25-after-servo.png&#xD;
DPI=2; target=1584x880; screenshot=1640x1200; native town=16px, actor=32px; zoom2 town=32.000px; cameraX=1684.9028; captures=C:\Users\lauri\Desktop\Cerneala\artifacts\ci\scene-village\screenshots\native-scale-20260925-202345662\village-dpi-2-native.png, C:\Users\lauri\Desktop\Cerneala\artifacts\ci\scene-village\screenshots\native-scale-20260925-202345662\village-dpi-2-zoom2.png, C:\Users\lauri\Desktop\Cerneala\artifacts\ci\scene-village\screenshots\native-scale-20260925-202345662\village-dpi-2-after-servo.png</StdOut>
      </Output>
    </UnitTestResult>
    <UnitTestResult executionId="9a02f89a-10aa-4d57-843d-5b7a5088c37c" testId="759f7147-0094-ce5f-20ec-564ebc782e93" testName="Cerneala.Tests.SceneVillage.VillageModelTests.TenThousandStressPositionsAreUniqueInBoundsAndOutsideVillageClearing" computerName="DESKTOP-JT43V3D" duration="00:00:00.0095429" startTime="2026-09-25T23:24:52.5212452+03:00" endTime="2026-09-25T23:24:52.5212455+03:00" testType="13cdc9d9-ddb5-4fa4-a97d-d965ccfc6d4b" outcome="Passed" testListId="8c84fa94-04c1-424b-9868-57a2d4851a1d" relativeResultsDirectory="9a02f89a-10aa-4d57-843d-5b7a5088c37c" />
    <UnitTestResult executionId="669b61e7-22e2-4d38-afe4-05756a21b349" testId="f5bcfaec-9241-d519-98dd-efdf876b8633" testName="Cerneala.Tests.SceneVillage.VillageModelTests.EveryPresetUsesTheSameDeterministicPositionsAndExactCount(count: 0)" computerName="DESKTOP-JT43V3D" duration="00:00:00.0000172" startTime="2026-09-25T23:24:52.3012808+03:00" endTime="2026-09-25T23:24:52.3012810+03:00" testType="13cdc9d9-ddb5-4fa4-a97d-d965ccfc6d4b" outcome="Passed" testListId="8c84fa94-04c1-424b-9868-57a2d4851a1d" relativeResultsDirectory="669b61e7-22e2-4d38-afe4-05756a21b349" />
    <UnitTestResult executionId="5e8baaa6-4148-463d-9f48-a9abb4e3ed30" testId="6cf3ff94-c988-96e5-a356-786a7739cd1b" testName="Cerneala.Tests.SceneVillage.VillageModelTests.EveryPresetUsesTheSameDeterministicPositionsAndExactCount(count: 100)" computerName="DESKTOP-JT43V3D" duration="00:00:00.0002665" startTime="2026-09-25T23:24:52.3016330+03:00" endTime="2026-09-25T23:24:52.3016332+03:00" testType="13cdc9d9-ddb5-4fa4-a97d-d965ccfc6d4b" outcome="Passed" testListId="8c84fa94-04c1-424b-9868-57a2d4851a1d" relativeResultsDirectory="5e8baaa6-4148-463d-9f48-a9abb4e3ed30" />
    <UnitTestResult executionId="619c4f2e-dba2-4fb1-84be-d2207cd62833" testId="e75247e1-2db2-cf75-5003-8cb3a471760a" testName="Cerneala.Tests.SceneVillage.VillageScaleContractTests.StressGridRetainsItsThirtyTwoUnitPitchAndFullFieldExtent" computerName="DESKTOP-JT43V3D" duration="00:00:00.0261155" startTime="2026-09-25T23:24:51.8187167+03:00" endTime="2026-09-25T23:24:51.8187174+03:00" testType="13cdc9d9-ddb5-4fa4-a97d-d965ccfc6d4b" outcome="Passed" testListId="8c84fa94-04c1-424b-9868-57a2d4851a1d" relativeResultsDirectory="619c4f2e-dba2-4fb1-84be-d2207cd62833" />
    <UnitTestResult executionId="e903dbbe-aa6b-4136-b3e8-f6b80fa23a38" testId="861b90fd-4e3e-cc69-42dc-84554f04b275" testName="Cerneala.Tests.SceneVillage.NativeVillageWindowTests.RealSdlWindowSupportsVillageMovementCollisionCameraAndEveryTenThousandItemPreset" computerName="DESKTOP-JT43V3D" duration="00:00:36.8543729" startTime="2026-09-25T23:24:43.4994035+03:00" endTime="2026-09-25T23:24:43.4994039+03:00" testType="13cdc9d9-ddb5-4fa4-a97d-d965ccfc6d4b" outcome="Passed" testListId="8c84fa94-04c1-424b-9868-57a2d4851a1d" relativeResultsDirectory="e903dbbe-aa6b-4136-b3e8-f6b80fa23a38">
      <Output>
        <StdOut>Path-edge crop probe: ViewBox=DrawRect { X = 1553, Y = 1773, Width = 990, Height = 550, Right = 2543, Bottom = 2323 }, gameBounds=LayoutRect { X = 14.4, Y = 102.4, Width = 792, Height = 440, Location = LayoutPoint { X = 14.4, Y = 102.4 }, Size = LayoutSize { Width = 792, Height = 440, IsWidthUnconstrained = False, IsHeightUnconstrained = False } }, screenshot=1025x750, edge phases x=1.000 y=1.000; vertical x=497/500 y=323 edge=#ff84c669 safe=#ff84c669; horizontal x=561 y=417/418/414 edge=#ff84c669 boundary=#ff84c669 safe=#ff84c669.&#xD;
Path-edge crop probe: ViewBox=DrawRect { X = 1571.4705, Y = 1773, Width = 990, Height = 550, Right = 2561.4705, Bottom = 2323 }, gameBounds=LayoutRect { X = 14.4, Y = 102.4, Width = 792, Height = 440, Location = LayoutPoint { X = 14.4, Y = 102.4 }, Size = LayoutSize { Width = 792, Height = 440, IsWidthUnconstrained = False, IsHeightUnconstrained = False } }, screenshot=1025x750, edge phases x=0.530 y=1.000; vertical x=479/482 y=323 edge=#ff84c669 safe=#ff84c669; horizontal x=542 y=417/418/414 edge=#ff84c669 boundary=#ff84c669 safe=#ff84c669.&#xD;
Path-edge crop probe: ViewBox=DrawRect { X = 1553, Y = 1752.6827, Width = 990, Height = 550, Right = 2543, Bottom = 2302.6826 }, gameBounds=LayoutRect { X = 14.4, Y = 102.4, Width = 792, Height = 440, Location = LayoutPoint { X = 14.4, Y = 102.4 }, Size = LayoutSize { Width = 792, Height = 440, IsWidthUnconstrained = False, IsHeightUnconstrained = False } }, screenshot=1025x750, edge phases x=1.000 y=0.317; vertical x=497/500 y=343 edge=#ff84c669 safe=#ff84c669; horizontal x=561 y=438/439/435 edge=#ff84c669 boundary=#ff84c669 safe=#ff84c669.&#xD;
Routed west-house contact after 6 Servo A taps at player x=1920.000.&#xD;
Animated preset changed 2380 sampled game-area pixels relative to static idle.&#xD;
Collidable stress actor contact after 2 routed D taps at x=2640.000.&#xD;
Servo clicked 0 after 10,000 and the app retired all 10,000 realized stress actors.&#xD;
All three ten-thousand-item presets realized 10,000 SceneItems2D children at the same camera ViewBox.&#xD;
App-owned captures: C:\Users\lauri\Desktop\Cerneala\artifacts\ci\scene-village\screenshots\native-20260925-202406646</StdOut>
      </Output>
    </UnitTestResult>
    <UnitTestResult executionId="69f1d6c9-4c55-4c41-bced-7f75ec83dff4" testId="a7b87745-7326-79de-8c95-77826dd8f249" testName="Cerneala.Tests.SceneVillage.VillageScaleContractTests.ZoomedCameraStillUsesUnscaledWorldCollisionGeometry" computerName="DESKTOP-JT43V3D" duration="00:00:00.0619786" startTime="2026-09-25T23:24:51.9424901+03:00" endTime="2026-09-25T23:24:51.9424904+03:00" testType="13cdc9d9-ddb5-4fa4-a97d-d965ccfc6d4b" outcome="Passed" testListId="8c84fa94-04c1-424b-9868-57a2d4851a1d" relativeResultsDirectory="69f1d6c9-4c55-4c41-bced-7f75ec83dff4" />
    <UnitTestResult executionId="98442f78-4df8-442f-a1c7-90680ec58bbc" testId="fb05585b-2c51-b294-c981-4855723b4de0" testName="Cerneala.Tests.SceneVillage.VillageScaleContractTests.InvalidCameraScaleValuesAreRejectedWithoutChangingTheView(invalid: -1)" computerName="DESKTOP-JT43V3D" duration="00:00:00.0619199" startTime="2026-09-25T23:24:51.6723572+03:00" endTime="2026-09-25T23:24:51.6723574+03:00" testType="13cdc9d9-ddb5-4fa4-a97d-d965ccfc6d4b" outcome="Passed" testListId="8c84fa94-04c1-424b-9868-57a2d4851a1d" relativeResultsDirectory="98442f78-4df8-442f-a1c7-90680ec58bbc" />
    <UnitTestResult executionId="299454b7-e360-4bc8-9370-ef0b92e2cff3" testId="eb2daada-9615-d3b1-3965-146256dd5734" testName="Cerneala.Tests.SceneVillage.VillageModelTests.IncludedArtMatchesInspectedCc0Source(fileName: &quot;tiny-town.png&quot;, expectedHash: &quot;3A54D99ECDE790D4FDEA207A3644CF130FC56FA838F1BEB150&quot;···)" computerName="DESKTOP-JT43V3D" duration="00:00:00.0006455" startTime="2026-09-25T23:24:52.3082948+03:00" endTime="2026-09-25T23:24:52.3082949+03:00" testType="13cdc9d9-ddb5-4fa4-a97d-d965ccfc6d4b" outcome="Passed" testListId="8c84fa94-04c1-424b-9868-57a2d4851a1d" relativeResultsDirectory="299454b7-e360-4bc8-9370-ef0b92e2cff3" />
    <UnitTestResult executionId="13f43527-3ca3-4ce6-b78b-8c0fbcf6beef" testId="25b11ee3-2c48-b590-3cf1-c018e854a6ae" testName="Cerneala.Tests.SceneVillage.VillageScaleContractTests.TownAndCharacterArtworkUseIndependentNativeWorldSizes" computerName="DESKTOP-JT43V3D" duration="00:00:00.0005857" startTime="2026-09-25T23:24:51.8803806+03:00" endTime="2026-09-25T23:24:51.8803807+03:00" testType="13cdc9d9-ddb5-4fa4-a97d-d965ccfc6d4b" outcome="Passed" testListId="8c84fa94-04c1-424b-9868-57a2d4851a1d" relativeResultsDirectory="13f43527-3ca3-4ce6-b78b-8c0fbcf6beef" />
    <UnitTestResult executionId="740df156-35b6-4351-8a18-424e63cafacb" testId="c9e36159-acff-d0d5-06c6-7260a8f0033f" testName="Cerneala.Tests.SceneVillage.VillageScaleContractTests.CameraSeparatesWindowDpiContentScaleAndZoom(windowScale: 1.25, targetWidth: 400, targetHeight: 225)" computerName="DESKTOP-JT43V3D" duration="00:00:00.0002769" startTime="2026-09-25T23:24:51.7919597+03:00" endTime="2026-09-25T23:24:51.7919598+03:00" testType="13cdc9d9-ddb5-4fa4-a97d-d965ccfc6d4b" outcome="Passed" testListId="8c84fa94-04c1-424b-9868-57a2d4851a1d" relativeResultsDirectory="740df156-35b6-4351-8a18-424e63cafacb" />
    <UnitTestResult executionId="0739eef0-40f9-4e22-8377-5fd38c711335" testId="b5a12331-554c-b85c-2435-580f952251d7" testName="Cerneala.Tests.SceneVillage.VillageModelTests.IncludedArtMatchesInspectedCc0Source(fileName: &quot;ch003.png&quot;, expectedHash: &quot;02AC85F7A6DD90A486ED4126CC1CE80D482F6D9D17C02AD42D&quot;···)" computerName="DESKTOP-JT43V3D" duration="00:00:00.0003572" startTime="2026-09-25T23:24:52.3087432+03:00" endTime="2026-09-25T23:24:52.3087433+03:00" testType="13cdc9d9-ddb5-4fa4-a97d-d965ccfc6d4b" outcome="Passed" testListId="8c84fa94-04c1-424b-9868-57a2d4851a1d" relativeResultsDirectory="0739eef0-40f9-4e22-8377-5fd38c711335" />
    <UnitTestResult executionId="9488131a-0e8f-43d9-9e28-bbdf43cb4f35" testId="5f1a50da-0514-1514-f82e-c2615a03d1c8" testName="Cerneala.Tests.SceneVillage.VillageScaleContractTests.VillageCompositionOptsIntoPhysicalScaleWithoutChangingTheSurfaceTypeDefault" computerName="DESKTOP-JT43V3D" duration="00:00:00.1719757" startTime="2026-09-25T23:24:52.1147702+03:00" endTime="2026-09-25T23:24:52.1147704+03:00" testType="13cdc9d9-ddb5-4fa4-a97d-d965ccfc6d4b" outcome="Passed" testListId="8c84fa94-04c1-424b-9868-57a2d4851a1d" relativeResultsDirectory="9488131a-0e8f-43d9-9e28-bbdf43cb4f35" />
    <UnitTestResult executionId="92d44650-3780-4dc6-93d1-5fc1143f6cfb" testId="d7c1d2a8-1417-c5ed-ea52-2b66a2759fd8" testName="Cerneala.Tests.SceneVillage.NativeCharacterAtlasTests.ProductionCharacterFramesHaveNoForeignMarksOnTransparentTopRows" computerName="DESKTOP-JT43V3D" duration="00:00:01.9126401" startTime="2026-09-25T23:23:45.6495330+03:00" endTime="2026-09-25T23:23:45.6495334+03:00" testType="13cdc9d9-ddb5-4fa4-a97d-d965ccfc6d4b" outcome="Passed" testListId="8c84fa94-04c1-424b-9868-57a2d4851a1d" relativeResultsDirectory="92d44650-3780-4dc6-93d1-5fc1143f6cfb">
      <Output>
        <StdOut>Production Down frame 0: sourceTopOpaque=0, rendered=2971, topNonBackground=0, sampling=Point, physicalOrigin=(40,40).&#xD;
Production Down frame 1: sourceTopOpaque=7, rendered=3087, topNonBackground=17, sampling=Point, physicalOrigin=(240,40).&#xD;
Production Down frame 2: sourceTopOpaque=0, rendered=2971, topNonBackground=0, sampling=Point, physicalOrigin=(440,40).&#xD;
Production Down frame 3: sourceTopOpaque=7, rendered=3087, topNonBackground=17, sampling=Point, physicalOrigin=(640,40).&#xD;
Production Up frame 0: sourceTopOpaque=0, rendered=2984, topNonBackground=0, sampling=Point, physicalOrigin=(40,240).&#xD;
Production Up frame 1: sourceTopOpaque=7, rendered=3087, topNonBackground=17, sampling=Point, physicalOrigin=(240,240).&#xD;
Production Up frame 2: sourceTopOpaque=0, rendered=2971, topNonBackground=0, sampling=Point, physicalOrigin=(440,240).&#xD;
Production Up frame 3: sourceTopOpaque=7, rendered=3087, topNonBackground=17, sampling=Point, physicalOrigin=(640,240).&#xD;
Production Left frame 0: sourceTopOpaque=0, rendered=2823, topNonBackground=0, sampling=Point, physicalOrigin=(40,440).&#xD;
Production Left frame 1: sourceTopOpaque=7, rendered=2591, topNonBackground=18, sampling=Point, physicalOrigin=(240,440).&#xD;
Production Left frame 2: sourceTopOpaque=0, rendered=2823, topNonBackground=0, sampling=Point, physicalOrigin=(440,440).&#xD;
Production Left frame 3: sourceTopOpaque=7, rendered=2591, topNonBackground=18, sampling=Point, physicalOrigin=(640,440).&#xD;
Production Right frame 0: sourceTopOpaque=0, rendered=2812, topNonBackground=0, sampling=Point, physicalOrigin=(40,640).&#xD;
Production Right frame 1: sourceTopOpaque=7, rendered=2594, topNonBackground=17, sampling=Point, physicalOrigin=(240,640).&#xD;
Production Right frame 2: sourceTopOpaque=0, rendered=2812, topNonBackground=0, sampling=Point, physicalOrigin=(440,640).&#xD;
Production Right frame 3: sourceTopOpaque=7, rendered=2594, topNonBackground=17, sampling=Point, physicalOrigin=(640,640).&#xD;
Production frame grid: foreign transparent-top pixels=0, physicalPerWorld=2.5/2.5, screenshot=1250x1063, ViewBox=DrawRect { X = -16, Y = -16, Width = 500, Height = 425.2, Right = 484, Bottom = 409.2 }.&#xD;
App-owned production-frame capture: C:\Users\lauri\Desktop\Cerneala\artifacts\ci\scene-village\screenshots\character-production-frames-20260925-202343738\production-frames.png</StdOut>
      </Output>
    </UnitTestResult>
    <UnitTestResult executionId="f4ede09c-29de-4dea-a7ff-dc8655210f63" testId="212bdf5f-3b8b-bdfd-c89b-19e3b18294f5" testName="Cerneala.Tests.SceneVillage.VillageModelTests.DirectionIsNormalizedAndClearingHeldKeysStopsInput" computerName="DESKTOP-JT43V3D" duration="00:00:00.0003995" startTime="2026-09-25T23:24:52.5221807+03:00" endTime="2026-09-25T23:24:52.5221808+03:00" testType="13cdc9d9-ddb5-4fa4-a97d-d965ccfc6d4b" outcome="Passed" testListId="8c84fa94-04c1-424b-9868-57a2d4851a1d" relativeResultsDirectory="f4ede09c-29de-4dea-a7ff-dc8655210f63" />
    <UnitTestResult executionId="13e891e0-7258-4ed8-855f-055d4a25b953" testId="aaab5133-a0f7-c225-2b5a-d5e21319cb34" testName="Cerneala.Tests.SceneVillage.VillageScaleContractTests.InvalidCameraScaleValuesAreRejectedWithoutChangingTheView(invalid: 0)" computerName="DESKTOP-JT43V3D" duration="00:00:00.0631509" startTime="2026-09-25T23:24:51.6103041+03:00" endTime="2026-09-25T23:24:51.6103043+03:00" testType="13cdc9d9-ddb5-4fa4-a97d-d965ccfc6d4b" outcome="Passed" testListId="8c84fa94-04c1-424b-9868-57a2d4851a1d" relativeResultsDirectory="13e891e0-7258-4ed8-855f-055d4a25b953" />
    <UnitTestResult executionId="1a692f2d-4220-418a-b6a3-b8dc5049ed84" testId="a458bda3-8067-7191-2bd5-8aa856b6ce70" testName="Cerneala.Tests.SceneVillage.NativeVillageTileBoundaryTests.OpaquePointSampledAtlasTileJoinsOpaqueGroundAtFractionalCameraPosition" computerName="DESKTOP-JT43V3D" duration="00:00:09.3757781" startTime="2026-09-25T23:24:06.6426856+03:00" endTime="2026-09-25T23:24:06.6426862+03:00" testType="13cdc9d9-ddb5-4fa4-a97d-d965ccfc6d4b" outcome="Passed" testListId="8c84fa94-04c1-424b-9868-57a2d4851a1d" relativeResultsDirectory="1a692f2d-4220-418a-b6a3-b8dc5049ed84">
      <Output>
        <StdOut>Tile boundary calibration: ViewBox=DrawRect { X = -100, Y = -68, Width = 396, Height = 220, Right = 296, Bottom = 152 }, bounds=LayoutRect { X = 14.4, Y = 80, Width = 792, Height = 440, Location = LayoutPoint { X = 14.4, Y = 80 }, Size = LayoutSize { Width = 792, Height = 440, IsWidthUnconstrained = False, IsHeightUnconstrained = False } }, viewportScale=1.25, screenshot=1025x750, physicalPerWorld=2.5000/2.5000, origin=18.000/100.000, phaseX/Y=1.000/0.000, Point bottom/left=#ff84c669/#ff84c669, Linear bottom/left=#ff84c669/#ffadb96a, Uniform bottom/left=#ff84c669/#ff84c669, flippedRight=#ff84c669, rotatedLeft=#ff84c669, alpha reference/edge=#ffc163b4/#ffc163b4, changedLinearInterior=121.&#xD;
Tile boundary raw coordinates: view.X=-100, view.Y=-68, ScreenX(0)=267.999969, ScreenX(32)=348, ScreenY(112)=550.&#xD;
App-owned tile-boundary capture: C:\Users\lauri\Desktop\Cerneala\artifacts\ci\scene-village\screenshots\tile-boundary-20260925-202357271\calibration.png&#xD;
Tile boundary 0.125: ViewBox=DrawRect { X = -99.65, Y = -68.05, Width = 396, Height = 220, Right = 296.35, Bottom = 151.95 }, bounds=LayoutRect { X = 14.4, Y = 80, Width = 792, Height = 440, Location = LayoutPoint { X = 14.4, Y = 80 }, Size = LayoutSize { Width = 792, Height = 440, IsWidthUnconstrained = False, IsHeightUnconstrained = False } }, viewportScale=1.25, screenshot=1025x750, physicalPerWorld=2.5000/2.5000, origin=18.000/100.000, phaseX/Y=0.125/0.125, Point bottom/left=#ff84c669/#ff84c669, Linear bottom/left=#ff7fba65/#ffaaba6a, Uniform bottom/left=#ff84c669/#ff84c669, flippedRight=#ff84c669, rotatedLeft=#ff84c669, alpha reference/edge=#ffc163b4/#ffc163b4, changedLinearInterior=121.&#xD;
Tile boundary raw coordinates: view.X=-99.6500015, view.Y=-68.0500031, ScreenX(0)=267.125, ScreenX(32)=347.124969, ScreenY(112)=550.125.&#xD;
App-owned tile-boundary capture: C:\Users\lauri\Desktop\Cerneala\artifacts\ci\scene-village\screenshots\tile-boundary-20260925-202358647\phase-0.125.png&#xD;
Tile boundary 0.275: ViewBox=DrawRect { X = -99.71, Y = -68.11, Width = 396, Height = 220, Right = 296.29, Bottom = 151.89 }, bounds=LayoutRect { X = 14.4, Y = 80, Width = 792, Height = 440, Location = LayoutPoint { X = 14.4, Y = 80 }, Size = LayoutSize { Width = 792, Height = 440, IsWidthUnconstrained = False, IsHeightUnconstrained = False } }, viewportScale=1.25, screenshot=1025x750, physicalPerWorld=2.5000/2.5000, origin=18.000/100.000, phaseX/Y=0.275/0.275, Point bottom/left=#ff84c669/#ff84c669, Linear bottom/left=#ff7ab061/#ffa6bb6a, Uniform bottom/left=#ff84c669/#ff84c669, flippedRight=#ff84c669, rotatedLeft=#ff84c669, alpha reference/edge=#ffc163b4/#ffc163b4, changedLinearInterior=121.&#xD;
Tile boundary raw coordinates: view.X=-99.7099991, view.Y=-68.1100006, ScreenX(0)=267.275024, ScreenX(32)=347.274963, ScreenY(112)=550.275024.&#xD;
App-owned tile-boundary capture: C:\Users\lauri\Desktop\Cerneala\artifacts\ci\scene-village\screenshots\tile-boundary-20260925-202359954\phase-0.275.png&#xD;
Tile boundary 0.375: ViewBox=DrawRect { X = -99.75, Y = -68.15, Width = 396, Height = 220, Right = 296.25, Bottom = 151.85 }, bounds=LayoutRect { X = 14.4, Y = 80, Width = 792, Height = 440, Location = LayoutPoint { X = 14.4, Y = 80 }, Size = LayoutSize { Width = 792, Height = 440, IsWidthUnconstrained = False, IsHeightUnconstrained = False } }, viewportScale=1.25, screenshot=1025x750, physicalPerWorld=2.5000/2.5000, origin=18.000/100.000, phaseX/Y=0.375/0.375, Point bottom/left=#ff84c669/#ff84c669, Linear bottom/left=#ff76a65e/#ffa3bc6a, Uniform bottom/left=#ff84c669/#ff84c669, flippedRight=#ff84c669, rotatedLeft=#ff84c669, alpha reference/edge=#ffc163b4/#ffc163b4, changedLinearInterior=121.&#xD;
Tile boundary raw coordinates: view.X=-99.75, view.Y=-68.1500015, ScreenX(0)=267.375, ScreenX(32)=347.375, ScreenY(112)=550.375.&#xD;
App-owned tile-boundary capture: C:\Users\lauri\Desktop\Cerneala\artifacts\ci\scene-village\screenshots\tile-boundary-20260925-202401699\phase-0.375.png&#xD;
Tile boundary 0.500: ViewBox=DrawRect { X = -99.8, Y = -68.2, Width = 396, Height = 220, Right = 296.2, Bottom = 151.8 }, bounds=LayoutRect { X = 14.4, Y = 80, Width = 792, Height = 440, Location = LayoutPoint { X = 14.4, Y = 80 }, Size = LayoutSize { Width = 792, Height = 440, IsWidthUnconstrained = False, IsHeightUnconstrained = False } }, viewportScale=1.25, screenshot=1025x750, physicalPerWorld=2.5000/2.5000, origin=18.000/100.000, phaseX/Y=0.500/0.500, Point bottom/left=#ff84c669/#ff84c669, Linear bottom/left=#ff729e5b/#ff9dbd69, Uniform bottom/left=#ff84c669/#ff84c669, flippedRight=#ff84c669, rotatedLeft=#ff84c669, alpha reference/edge=#ffc163b4/#ffc163b4, changedLinearInterior=121.&#xD;
Tile boundary raw coordinates: view.X=-99.8000031, view.Y=-68.1999969, ScreenX(0)=267.5, ScreenX(32)=347.5, ScreenY(112)=550.5.&#xD;
App-owned tile-boundary capture: C:\Users\lauri\Desktop\Cerneala\artifacts\ci\scene-village\screenshots\tile-boundary-20260925-202402784\phase-0.500.png&#xD;
Tile boundary 0.625: ViewBox=DrawRect { X = -99.85, Y = -68.25, Width = 396, Height = 220, Right = 296.15, Bottom = 151.75 }, bounds=LayoutRect { X = 14.4, Y = 80, Width = 792, Height = 440, Location = LayoutPoint { X = 14.4, Y = 80 }, Size = LayoutSize { Width = 792, Height = 440, IsWidthUnconstrained = False, IsHeightUnconstrained = False } }, viewportScale=1.25, screenshot=1025x750, physicalPerWorld=2.5000/2.5000, origin=18.000/100.000, phaseX/Y=0.625/0.625, Point bottom/left=#ff84c669/#ff84c669, Linear bottom/left=#ff6f9658/#ff98c06a, Uniform bottom/left=#ff84c669/#ff84c669, flippedRight=#ff84c669, rotatedLeft=#ff84c669, alpha reference/edge=#ffc163b4/#ffc163b4, changedLinearInterior=121.&#xD;
Tile boundary raw coordinates: view.X=-99.8499985, view.Y=-68.25, ScreenX(0)=267.625, ScreenX(32)=347.625, ScreenY(112)=550.625.&#xD;
App-owned tile-boundary capture: C:\Users\lauri\Desktop\Cerneala\artifacts\ci\scene-village\screenshots\tile-boundary-20260925-202403898\phase-0.625.png&#xD;
Tile boundary 0.875: ViewBox=DrawRect { X = -99.95, Y = -68.35, Width = 396, Height = 220, Right = 296.05, Bottom = 151.65 }, bounds=LayoutRect { X = 14.4, Y = 80, Width = 792, Height = 440, Location = LayoutPoint { X = 14.4, Y = 80 }, Size = LayoutSize { Width = 792, Height = 440, IsWidthUnconstrained = False, IsHeightUnconstrained = False } }, viewportScale=1.25, screenshot=1025x750, physicalPerWorld=2.5000/2.5000, origin=18.000/100.000, phaseX/Y=0.875/0.875, Point bottom/left=#ff84c669/#ff84c669, Linear bottom/left=#ff6b8a54/#ff8bc469, Uniform bottom/left=#ff84c669/#ff84c669, flippedRight=#ff84c669, rotatedLeft=#ff84c669, alpha reference/edge=#ffc163b4/#ffc163b4, changedLinearInterior=121.&#xD;
Tile boundary raw coordinates: view.X=-99.9499969, view.Y=-68.3499985, ScreenX(0)=267.874969, ScreenX(32)=347.875, ScreenY(112)=550.875.&#xD;
App-owned tile-boundary capture: C:\Users\lauri\Desktop\Cerneala\artifacts\ci\scene-village\screenshots\tile-boundary-20260925-202405164\phase-0.875.png</StdOut>
      </Output>
    </UnitTestResult>
    <UnitTestResult executionId="b18b8a11-301e-4ae3-be16-df0f16a05276" testId="2b75e3aa-5a43-ca35-6e0c-c28146966f49" testName="Cerneala.Tests.SceneVillage.VillageModelTests.VillagerWalkClipsUseTheInspectedDirectionalCells" computerName="DESKTOP-JT43V3D" duration="00:00:00.0012726" startTime="2026-09-25T23:24:52.3075574+03:00" endTime="2026-09-25T23:24:52.3075575+03:00" testType="13cdc9d9-ddb5-4fa4-a97d-d965ccfc6d4b" outcome="Passed" testListId="8c84fa94-04c1-424b-9868-57a2d4851a1d" relativeResultsDirectory="b18b8a11-301e-4ae3-be16-df0f16a05276" />
    <UnitTestResult executionId="462759a9-ef4e-4dc0-a6e5-bf4f85a42362" testId="08143550-ca64-9f88-2a67-d1009a8aee56" testName="Cerneala.Tests.SceneVillage.VillageScaleContractTests.InvalidCameraScaleValuesAreRejectedWithoutChangingTheView(invalid: NaN)" computerName="DESKTOP-JT43V3D" duration="00:00:00.0600829" startTime="2026-09-25T23:24:51.7915458+03:00" endTime="2026-09-25T23:24:51.7915459+03:00" testType="13cdc9d9-ddb5-4fa4-a97d-d965ccfc6d4b" outcome="Passed" testListId="8c84fa94-04c1-424b-9868-57a2d4851a1d" relativeResultsDirectory="462759a9-ef4e-4dc0-a6e5-bf4f85a42362" />
    <UnitTestResult executionId="50a9a16e-a92d-40d1-82a6-b85b6b7d33ee" testId="43503f71-9f8f-119c-1ab7-6c3e57d29aaa" testName="Cerneala.Tests.SceneVillage.NativeVillageWindowTests.RealVillageShowsTheNativeTreeCanopyAboveItsLowerCellTrunk" computerName="DESKTOP-JT43V3D" duration="00:00:08.0454037" startTime="2026-09-25T23:24:51.5454344+03:00" endTime="2026-09-25T23:24:51.5454346+03:00" testType="13cdc9d9-ddb5-4fa4-a97d-d965ccfc6d4b" outcome="Passed" testListId="8c84fa94-04c1-424b-9868-57a2d4851a1d" relativeResultsDirectory="50a9a16e-a92d-40d1-82a6-b85b6b7d33ee">
      <Output>
        <StdOut>Decoration capture C:\Users\lauri\Desktop\Cerneala\artifacts\ci\scene-village\screenshots\native-20260925-202443500\decorations.png; routed D/S taps=3/7; player=&lt;2106.7983, 2218.8052&gt;; ViewBox=DrawRect { X = 1611.7983, Y = 1943.8052, Width = 990, Height = 550, Right = 2601.7983, Bottom = 2493.8052 }; shrub=#ff479f4a, tree top/leaf/trunk=#ff3f2631/#ff479f4a/#ffeaa56c.</StdOut>
      </Output>
    </UnitTestResult>
    <UnitTestResult executionId="cbd5a64d-c263-4123-8077-c7dec56849e9" testId="5c87a119-516d-4872-cde6-c6d415d5d8d1" testName="Cerneala.Tests.SceneVillage.VillageModelTests.PixelArtAtlasesUsePointWithoutChangingTheGlobalSpriteDefault" computerName="DESKTOP-JT43V3D" duration="00:00:00.0037958" startTime="2026-09-25T23:24:52.3061640+03:00" endTime="2026-09-25T23:24:52.3061642+03:00" testType="13cdc9d9-ddb5-4fa4-a97d-d965ccfc6d4b" outcome="Passed" testListId="8c84fa94-04c1-424b-9868-57a2d4851a1d" relativeResultsDirectory="cbd5a64d-c263-4123-8077-c7dec56849e9" />
    <UnitTestResult executionId="d36d1950-97c6-4692-952d-70c439fe9eea" testId="10ecc971-1554-7eab-e77c-b63ca1dc426c" testName="Cerneala.Tests.SceneVillage.VillageModelTests.FollowCameraCentersClampsAtEdgesAndRespondsToResize" computerName="DESKTOP-JT43V3D" duration="00:00:00.0003172" startTime="2026-09-25T23:24:52.5226041+03:00" endTime="2026-09-25T23:24:52.5226042+03:00" testType="13cdc9d9-ddb5-4fa4-a97d-d965ccfc6d4b" outcome="Passed" testListId="8c84fa94-04c1-424b-9868-57a2d4851a1d" relativeResultsDirectory="d36d1950-97c6-4692-952d-70c439fe9eea" />
    <UnitTestResult executionId="7a59ec2c-98c0-40c7-ab3e-be130c2d15c3" testId="9692aa49-d41d-04bb-3310-e278bd30f243" testName="Cerneala.Tests.SceneVillage.VillageModelTests.VillageTreesUseTheWholeTwoCellArtworkAndProportionalTrunkColliders" computerName="DESKTOP-JT43V3D" duration="00:00:00.0605086" startTime="2026-09-25T23:24:52.3693831+03:00" endTime="2026-09-25T23:24:52.3693834+03:00" testType="13cdc9d9-ddb5-4fa4-a97d-d965ccfc6d4b" outcome="Passed" testListId="8c84fa94-04c1-424b-9868-57a2d4851a1d" relativeResultsDirectory="7a59ec2c-98c0-40c7-ab3e-be130c2d15c3" />
    <UnitTestResult executionId="b459d734-a5dd-4953-9262-a10e23702e65" testId="a164eef5-6574-ea57-02fd-e0cc3879451d" testName="Cerneala.Tests.SceneVillage.VillageModelTests.EveryPresetUsesTheSameDeterministicPositionsAndExactCount(count: 1000)" computerName="DESKTOP-JT43V3D" duration="00:00:00.0018654" startTime="2026-09-25T23:24:52.2700588+03:00" endTime="2026-09-25T23:24:52.2700590+03:00" testType="13cdc9d9-ddb5-4fa4-a97d-d965ccfc6d4b" outcome="Passed" testListId="8c84fa94-04c1-424b-9868-57a2d4851a1d" relativeResultsDirectory="b459d734-a5dd-4953-9262-a10e23702e65" />
    <UnitTestResult executionId="25abb2e6-6475-43c6-a7b4-d1ec8c734cf3" testId="849a633b-c7bd-d799-8851-1c128544cdc7" testName="Cerneala.Tests.SceneVillage.VillageScaleContractTests.FractionalWindowScaleUsesTheSameCeiledTargetExtentAsTheSurface" computerName="DESKTOP-JT43V3D" duration="00:00:00.0001196" startTime="2026-09-25T23:24:51.7924916+03:00" endTime="2026-09-25T23:24:51.7924917+03:00" testType="13cdc9d9-ddb5-4fa4-a97d-d965ccfc6d4b" outcome="Passed" testListId="8c84fa94-04c1-424b-9868-57a2d4851a1d" relativeResultsDirectory="25abb2e6-6475-43c6-a7b4-d1ec8c734cf3" />
    <UnitTestResult executionId="865e172e-d5ea-4049-b11f-ef85600fdc26" testId="44fc06aa-78a0-c952-edef-7b198b9c83a5" testName="Cerneala.Tests.SceneVillage.VillageModelTests.EveryPresetUsesTheSameDeterministicPositionsAndExactCount(count: 10000)" computerName="DESKTOP-JT43V3D" duration="00:00:00.0308886" startTime="2026-09-25T23:24:52.3011115+03:00" endTime="2026-09-25T23:24:52.3011118+03:00" testType="13cdc9d9-ddb5-4fa4-a97d-d965ccfc6d4b" outcome="Passed" testListId="8c84fa94-04c1-424b-9868-57a2d4851a1d" relativeResultsDirectory="865e172e-d5ea-4049-b11f-ef85600fdc26" />
    <UnitTestResult executionId="0349a54c-7f97-45d1-a940-453fe6b38332" testId="62fa3f74-7832-8b06-8684-bf4241db0706" testName="Cerneala.Tests.SceneVillage.VillageScaleContractTests.NativeTownTilesRetainTheExistingWorldArea" computerName="DESKTOP-JT43V3D" duration="00:00:00.1526550" startTime="2026-09-25T23:24:52.2676332+03:00" endTime="2026-09-25T23:24:52.2676334+03:00" testType="13cdc9d9-ddb5-4fa4-a97d-d965ccfc6d4b" outcome="Passed" testListId="8c84fa94-04c1-424b-9868-57a2d4851a1d" relativeResultsDirectory="0349a54c-7f97-45d1-a940-453fe6b38332" />
    <UnitTestResult executionId="11a1f0f2-6bcf-48f5-8808-47b417a7aea1" testId="84120bc9-0735-b930-0297-4c1213112873" testName="Cerneala.Tests.SceneVillage.NativeCharacterAtlasTests.CharacterAtlasFilteringMatrixReportsAllDirectionsAndWalkingFrames" computerName="DESKTOP-JT43V3D" duration="00:00:01.9346606" startTime="2026-09-25T23:23:43.7334709+03:00" endTime="2026-09-25T23:23:43.7334713+03:00" testType="13cdc9d9-ddb5-4fa4-a97d-d965ccfc6d4b" outcome="Passed" testListId="8c84fa94-04c1-424b-9868-57a2d4851a1d" relativeResultsDirectory="11a1f0f2-6bcf-48f5-8808-47b417a7aea1">
      <Output>
        <StdOut>Down frame 0: atlas/extracted Linear diff=0, Point diff=0, dark top bleed=0, opaque-control=2971.&#xD;
Down frame 1: atlas/extracted Linear diff=40, Point diff=0, dark top bleed=0, opaque-control=3087.&#xD;
Down frame 2: atlas/extracted Linear diff=0, Point diff=0, dark top bleed=0, opaque-control=2971.&#xD;
Down frame 3: atlas/extracted Linear diff=40, Point diff=0, dark top bleed=0, opaque-control=3087.&#xD;
Up frame 0: atlas/extracted Linear diff=15, Point diff=0, dark top bleed=14, opaque-control=2984.&#xD;
Up frame 1: atlas/extracted Linear diff=50, Point diff=0, dark top bleed=9, opaque-control=3087.&#xD;
Up frame 2: atlas/extracted Linear diff=15, Point diff=0, dark top bleed=14, opaque-control=2971.&#xD;
Up frame 3: atlas/extracted Linear diff=50, Point diff=0, dark top bleed=9, opaque-control=3087.&#xD;
Left frame 0: atlas/extracted Linear diff=50, Point diff=77, dark top bleed=22, opaque-control=2854.&#xD;
Left frame 1: atlas/extracted Linear diff=40, Point diff=209, dark top bleed=2, opaque-control=2594.&#xD;
Left frame 2: atlas/extracted Linear diff=50, Point diff=222, dark top bleed=22, opaque-control=2812.&#xD;
Left frame 3: atlas/extracted Linear diff=40, Point diff=209, dark top bleed=2, opaque-control=2594.&#xD;
Right frame 0: atlas/extracted Linear diff=50, Point diff=0, dark top bleed=22, opaque-control=2812.&#xD;
Right frame 1: atlas/extracted Linear diff=40, Point diff=0, dark top bleed=2, opaque-control=2594.&#xD;
Right frame 2: atlas/extracted Linear diff=50, Point diff=0, dark top bleed=22, opaque-control=2812.&#xD;
Right frame 3: atlas/extracted Linear diff=40, Point diff=0, dark top bleed=2, opaque-control=2594.&#xD;
Matrix totals: Linear diff=570, Point diff=717, dark top bleed=142; physicalPerWorld=2.5000/2.5000, screenshot=1250x1063, ViewBox=DrawRect { X = -16, Y = -16, Width = 500, Height = 425.2, Right = 484, Bottom = 409.2 }.&#xD;
App-owned character matrix capture: C:\Users\lauri\Desktop\Cerneala\artifacts\ci\scene-village\screenshots\character-matrix-20260925-202341799\matrix.png&#xD;
Exact source-cell control atlas: C:\Users\lauri\Desktop\Cerneala\artifacts\ci\scene-village\screenshots\character-matrix-20260925-202341799\isolated-frames.png</StdOut>
      </Output>
    </UnitTestResult>
    <UnitTestResult executionId="d9d8a930-600c-4e8a-95f4-dc9a43f1913c" testId="402da567-7fcb-b8a0-4f19-6bb95ce14c76" testName="Cerneala.Tests.SceneVillage.NativeCharacterAtlasTests.RoutedRightAndUpKeyTapsMoveAndCaptureTheResultingIdlePose" computerName="DESKTOP-JT43V3D" duration="00:00:07.7097725" startTime="2026-09-25T23:23:41.7829323+03:00" endTime="2026-09-25T23:23:41.7829595+03:00" testType="13cdc9d9-ddb5-4fa4-a97d-d965ccfc6d4b" outcome="Passed" testListId="8c84fa94-04c1-424b-9868-57a2d4851a1d" relativeResultsDirectory="d9d8a930-600c-4e8a-95f4-dc9a43f1913c">
      <Output>
        <StdOut>Real Servo Right: state=IdleRight, player=(2056.481,2032.000), spritePhysicalOrigin=(497.000,387.000), ViewBox=DrawRect { X = 1577.4807, Y = 1773, Width = 990, Height = 550, Right = 2567.4807, Bottom = 2323 }, screenshot=1025x750 at C:\Users\lauri\Desktop\Cerneala\artifacts\ci\scene-village\screenshots\character-routed-20260925-202334075\right.png.&#xD;
Real Servo Up: state=IdleUp, player=(2032.000,2013.898), spritePhysicalOrigin=(497.000,387.000), ViewBox=DrawRect { X = 1553, Y = 1754.8982, Width = 990, Height = 550, Right = 2543, Bottom = 2304.8982 }, screenshot=1025x750 at C:\Users\lauri\Desktop\Cerneala\artifacts\ci\scene-village\screenshots\character-routed-20260925-202334075\up.png.&#xD;
Routed WalkRight/WalkUp frame observations: 1/1.&#xD;
App-owned routed captures: C:\Users\lauri\Desktop\Cerneala\artifacts\ci\scene-village\screenshots\character-routed-20260925-202334075</StdOut>
      </Output>
    </UnitTestResult>
    <UnitTestResult executionId="ef0f34e1-1fd4-4390-9e55-c865413481be" testId="8cc3b1a1-9d32-3f26-5774-d33a725399fc" testName="Cerneala.Tests.SceneVillage.VillageScaleContractTests.SurfaceOwnsControllableZoomAndNullableInheritedContentScale" computerName="DESKTOP-JT43V3D" duration="00:00:00.0599555" startTime="2026-09-25T23:24:51.8796845+03:00" endTime="2026-09-25T23:24:51.8796847+03:00" testType="13cdc9d9-ddb5-4fa4-a97d-d965ccfc6d4b" outcome="Passed" testListId="8c84fa94-04c1-424b-9868-57a2d4851a1d" relativeResultsDirectory="ef0f34e1-1fd4-4390-9e55-c865413481be" />
    <UnitTestResult executionId="36e75833-62ba-4b4b-82aa-37ef67e61bd4" testId="cae07087-36a6-fee8-4ac7-09e09c2829f3" testName="Cerneala.Tests.SceneVillage.VillageScaleContractTests.InvalidCameraScaleValuesAreRejectedWithoutChangingTheView(invalid: ∞)" computerName="DESKTOP-JT43V3D" duration="00:00:00.0586273" startTime="2026-09-25T23:24:51.7312378+03:00" endTime="2026-09-25T23:24:51.7312381+03:00" testType="13cdc9d9-ddb5-4fa4-a97d-d965ccfc6d4b" outcome="Passed" testListId="8c84fa94-04c1-424b-9868-57a2d4851a1d" relativeResultsDirectory="36e75833-62ba-4b4b-82aa-37ef67e61bd4" />
    <UnitTestResult executionId="52bf0d70-a85f-4e0f-a654-8e459581954d" testId="c1db55d3-8dd1-8e74-a176-69d42861dd20" testName="Cerneala.Tests.SceneVillage.VillageModelTests.MovementUsesDeltaTimeAndStopsAfterHeldKeysAreCleared" computerName="DESKTOP-JT43V3D" duration="00:00:00.0728176" startTime="2026-09-25T23:24:52.5115543+03:00" endTime="2026-09-25T23:24:52.5115550+03:00" testType="13cdc9d9-ddb5-4fa4-a97d-d965ccfc6d4b" outcome="Passed" testListId="8c84fa94-04c1-424b-9868-57a2d4851a1d" relativeResultsDirectory="52bf0d70-a85f-4e0f-a654-8e459581954d" />
    <UnitTestResult executionId="426aa18a-86a5-4714-a1cd-21ddcac9c694" testId="5a7c7fcc-0c2b-871e-be4f-7b0a89404b58" testName="Cerneala.Tests.SceneVillage.VillageModelTests.StressPresetsUseTheSameImageAndOnlyTheApprovedBehaviorChanges" computerName="DESKTOP-JT43V3D" duration="00:00:00.0006503" startTime="2026-09-25T23:24:52.3702181+03:00" endTime="2026-09-25T23:24:52.3702189+03:00" testType="13cdc9d9-ddb5-4fa4-a97d-d965ccfc6d4b" outcome="Passed" testListId="8c84fa94-04c1-424b-9868-57a2d4851a1d" relativeResultsDirectory="426aa18a-86a5-4714-a1cd-21ddcac9c694" />
    <UnitTestResult executionId="86998a32-7bb3-4b0c-b629-06d3809e9b8a" testId="5e2ca2d2-2943-9f77-4593-bcd215e9c8d4" testName="Cerneala.Tests.SceneVillage.VillageScaleContractTests.CameraSeparatesWindowDpiContentScaleAndZoom(windowScale: 2, targetWidth: 640, targetHeight: 360)" computerName="DESKTOP-JT43V3D" duration="00:00:00.0000079" startTime="2026-09-25T23:24:51.7923138+03:00" endTime="2026-09-25T23:24:51.7923139+03:00" testType="13cdc9d9-ddb5-4fa4-a97d-d965ccfc6d4b" outcome="Passed" testListId="8c84fa94-04c1-424b-9868-57a2d4851a1d" relativeResultsDirectory="86998a32-7bb3-4b0c-b629-06d3809e9b8a" />
  </Results>
  <TestDefinitions>
    <UnitTest name="Cerneala.Tests.SceneVillage.VillageScaleContractTests.ZoomedCameraStillUsesUnscaledWorldCollisionGeometry" storage="c:\users\lauri\desktop\cerneala\tests\cerneala.tests.scenevillage\bin\release\net8.0-windows\cerneala.tests.scenevillage.dll" id="a7b87745-7326-79de-8c95-77826dd8f249">
      <Execution id="69f1d6c9-4c55-4c41-bced-7f75ec83dff4" />
      <TestMethod codeBase="C:\Users\lauri\Desktop\Cerneala\tests\Cerneala.Tests.SceneVillage\bin\Release\net8.0-windows\Cerneala.Tests.SceneVillage.dll" adapterTypeName="executor://xunit/VsTestRunner2/netcoreapp" className="Cerneala.Tests.SceneVillage.VillageScaleContractTests" name="ZoomedCameraStillUsesUnscaledWorldCollisionGeometry" />
    </UnitTest>
    <UnitTest name="Cerneala.Tests.SceneVillage.VillageScaleContractTests.TownAndCharacterArtworkUseIndependentNativeWorldSizes" storage="c:\users\lauri\desktop\cerneala\tests\cerneala.tests.scenevillage\bin\release\net8.0-windows\cerneala.tests.scenevillage.dll" id="25b11ee3-2c48-b590-3cf1-c018e854a6ae">
      <Execution id="13f43527-3ca3-4ce6-b78b-8c0fbcf6beef" />
      <TestMethod codeBase="C:\Users\lauri\Desktop\Cerneala\tests\Cerneala.Tests.SceneVillage\bin\Release\net8.0-windows\Cerneala.Tests.SceneVillage.dll" adapterTypeName="executor://xunit/VsTestRunner2/netcoreapp" className="Cerneala.Tests.SceneVillage.VillageScaleContractTests" name="TownAndCharacterArtworkUseIndependentNativeWorldSizes" />
    </UnitTest>
    <UnitTest name="Cerneala.Tests.SceneVillage.VillageScaleContractTests.VillageCompositionOptsIntoPhysicalScaleWithoutChangingTheSurfaceTypeDefault" storage="c:\users\lauri\desktop\cerneala\tests\cerneala.tests.scenevillage\bin\release\net8.0-windows\cerneala.tests.scenevillage.dll" id="5f1a50da-0514-1514-f82e-c2615a03d1c8">
      <Execution id="9488131a-0e8f-43d9-9e28-bbdf43cb4f35" />
      <TestMethod codeBase="C:\Users\lauri\Desktop\Cerneala\tests\Cerneala.Tests.SceneVillage\bin\Release\net8.0-windows\Cerneala.Tests.SceneVillage.dll" adapterTypeName="executor://xunit/VsTestRunner2/netcoreapp" className="Cerneala.Tests.SceneVillage.VillageScaleContractTests" name="VillageCompositionOptsIntoPhysicalScaleWithoutChangingTheSurfaceTypeDefault" />
    </UnitTest>
    <UnitTest name="Cerneala.Tests.SceneVillage.VillageScaleContractTests.InvalidCameraScaleValuesAreRejectedWithoutChangingTheView(invalid: ∞)" storage="c:\users\lauri\desktop\cerneala\tests\cerneala.tests.scenevillage\bin\release\net8.0-windows\cerneala.tests.scenevillage.dll" id="cae07087-36a6-fee8-4ac7-09e09c2829f3">
      <Execution id="36e75833-62ba-4b4b-82aa-37ef67e61bd4" />
      <TestMethod codeBase="C:\Users\lauri\Desktop\Cerneala\tests\Cerneala.Tests.SceneVillage\bin\Release\net8.0-windows\Cerneala.Tests.SceneVillage.dll" adapterTypeName="executor://xunit/VsTestRunner2/netcoreapp" className="Cerneala.Tests.SceneVillage.VillageScaleContractTests" name="InvalidCameraScaleValuesAreRejectedWithoutChangingTheView" />
    </UnitTest>
    <UnitTest name="Cerneala.Tests.SceneVillage.VillageScaleContractTests.InvalidCameraScaleValuesAreRejectedWithoutChangingTheView(invalid: -1)" storage="c:\users\lauri\desktop\cerneala\tests\cerneala.tests.scenevillage\bin\release\net8.0-windows\cerneala.tests.scenevillage.dll" id="fb05585b-2c51-b294-c981-4855723b4de0">
      <Execution id="98442f78-4df8-442f-a1c7-90680ec58bbc" />
      <TestMethod codeBase="C:\Users\lauri\Desktop\Cerneala\tests\Cerneala.Tests.SceneVillage\bin\Release\net8.0-windows\Cerneala.Tests.SceneVillage.dll" adapterTypeName="executor://xunit/VsTestRunner2/netcoreapp" className="Cerneala.Tests.SceneVillage.VillageScaleContractTests" name="InvalidCameraScaleValuesAreRejectedWithoutChangingTheView" />
    </UnitTest>
    <UnitTest name="Cerneala.Tests.SceneVillage.VillageModelTests.EveryPresetUsesTheSameDeterministicPositionsAndExactCount(count: 0)" storage="c:\users\lauri\desktop\cerneala\tests\cerneala.tests.scenevillage\bin\release\net8.0-windows\cerneala.tests.scenevillage.dll" id="f5bcfaec-9241-d519-98dd-efdf876b8633">
      <Execution id="669b61e7-22e2-4d38-afe4-05756a21b349" />
      <TestMethod codeBase="C:\Users\lauri\Desktop\Cerneala\tests\Cerneala.Tests.SceneVillage\bin\Release\net8.0-windows\Cerneala.Tests.SceneVillage.dll" adapterTypeName="executor://xunit/VsTestRunner2/netcoreapp" className="Cerneala.Tests.SceneVillage.VillageModelTests" name="EveryPresetUsesTheSameDeterministicPositionsAndExactCount" />
    </UnitTest>
    <UnitTest name="Cerneala.Tests.SceneVillage.VillageModelTests.MovementUsesDeltaTimeAndStopsAfterHeldKeysAreCleared" storage="c:\users\lauri\desktop\cerneala\tests\cerneala.tests.scenevillage\bin\release\net8.0-windows\cerneala.tests.scenevillage.dll" id="c1db55d3-8dd1-8e74-a176-69d42861dd20">
      <Execution id="52bf0d70-a85f-4e0f-a654-8e459581954d" />
      <TestMethod codeBase="C:\Users\lauri\Desktop\Cerneala\tests\Cerneala.Tests.SceneVillage\bin\Release\net8.0-windows\Cerneala.Tests.SceneVillage.dll" adapterTypeName="executor://xunit/VsTestRunner2/netcoreapp" className="Cerneala.Tests.SceneVillage.VillageModelTests" name="MovementUsesDeltaTimeAndStopsAfterHeldKeysAreCleared" />
    </UnitTest>
    <UnitTest name="Cerneala.Tests.SceneVillage.VillageModelTests.PixelArtAtlasesUsePointWithoutChangingTheGlobalSpriteDefault" storage="c:\users\lauri\desktop\cerneala\tests\cerneala.tests.scenevillage\bin\release\net8.0-windows\cerneala.tests.scenevillage.dll" id="5c87a119-516d-4872-cde6-c6d415d5d8d1">
      <Execution id="cbd5a64d-c263-4123-8077-c7dec56849e9" />
      <TestMethod codeBase="C:\Users\lauri\Desktop\Cerneala\tests\Cerneala.Tests.SceneVillage\bin\Release\net8.0-windows\Cerneala.Tests.SceneVillage.dll" adapterTypeName="executor://xunit/VsTestRunner2/netcoreapp" className="Cerneala.Tests.SceneVillage.VillageModelTests" name="PixelArtAtlasesUsePointWithoutChangingTheGlobalSpriteDefault" />
    </UnitTest>
    <UnitTest name="Cerneala.Tests.SceneVillage.VillageModelTests.EveryPresetUsesTheSameDeterministicPositionsAndExactCount(count: 100)" storage="c:\users\lauri\desktop\cerneala\tests\cerneala.tests.scenevillage\bin\release\net8.0-windows\cerneala.tests.scenevillage.dll" id="6cf3ff94-c988-96e5-a356-786a7739cd1b">
      <Execution id="5e8baaa6-4148-463d-9f48-a9abb4e3ed30" />
      <TestMethod codeBase="C:\Users\lauri\Desktop\Cerneala\tests\Cerneala.Tests.SceneVillage\bin\Release\net8.0-windows\Cerneala.Tests.SceneVillage.dll" adapterTypeName="executor://xunit/VsTestRunner2/netcoreapp" className="Cerneala.Tests.SceneVillage.VillageModelTests" name="EveryPresetUsesTheSameDeterministicPositionsAndExactCount" />
    </UnitTest>
    <UnitTest name="Cerneala.Tests.SceneVillage.VillageModelTests.EveryPresetUsesTheSameDeterministicPositionsAndExactCount(count: 1000)" storage="c:\users\lauri\desktop\cerneala\tests\cerneala.tests.scenevillage\bin\release\net8.0-windows\cerneala.tests.scenevillage.dll" id="a164eef5-6574-ea57-02fd-e0cc3879451d">
      <Execution id="b459d734-a5dd-4953-9262-a10e23702e65" />
      <TestMethod codeBase="C:\Users\lauri\Desktop\Cerneala\tests\Cerneala.Tests.SceneVillage\bin\Release\net8.0-windows\Cerneala.Tests.SceneVillage.dll" adapterTypeName="executor://xunit/VsTestRunner2/netcoreapp" className="Cerneala.Tests.SceneVillage.VillageModelTests" name="EveryPresetUsesTheSameDeterministicPositionsAndExactCount" />
    </UnitTest>
    <UnitTest name="Cerneala.Tests.SceneVillage.VillageScaleContractTests.InvalidCameraScaleValuesAreRejectedWithoutChangingTheView(invalid: 0)" storage="c:\users\lauri\desktop\cerneala\tests\cerneala.tests.scenevillage\bin\release\net8.0-windows\cerneala.tests.scenevillage.dll" id="aaab5133-a0f7-c225-2b5a-d5e21319cb34">
      <Execution id="13e891e0-7258-4ed8-855f-055d4a25b953" />
      <TestMethod codeBase="C:\Users\lauri\Desktop\Cerneala\tests\Cerneala.Tests.SceneVillage\bin\Release\net8.0-windows\Cerneala.Tests.SceneVillage.dll" adapterTypeName="executor://xunit/VsTestRunner2/netcoreapp" className="Cerneala.Tests.SceneVillage.VillageScaleContractTests" name="InvalidCameraScaleValuesAreRejectedWithoutChangingTheView" />
    </UnitTest>
    <UnitTest name="Cerneala.Tests.SceneVillage.VillageScaleContractTests.FractionalWindowScaleUsesTheSameCeiledTargetExtentAsTheSurface" storage="c:\users\lauri\desktop\cerneala\tests\cerneala.tests.scenevillage\bin\release\net8.0-windows\cerneala.tests.scenevillage.dll" id="849a633b-c7bd-d799-8851-1c128544cdc7">
      <Execution id="25abb2e6-6475-43c6-a7b4-d1ec8c734cf3" />
      <TestMethod codeBase="C:\Users\lauri\Desktop\Cerneala\tests\Cerneala.Tests.SceneVillage\bin\Release\net8.0-windows\Cerneala.Tests.SceneVillage.dll" adapterTypeName="executor://xunit/VsTestRunner2/netcoreapp" className="Cerneala.Tests.SceneVillage.VillageScaleContractTests" name="FractionalWindowScaleUsesTheSameCeiledTargetExtentAsTheSurface" />
    </UnitTest>
    <UnitTest name="Cerneala.Tests.SceneVillage.VillageScaleContractTests.CameraSeparatesWindowDpiContentScaleAndZoom(windowScale: 2, targetWidth: 640, targetHeight: 360)" storage="c:\users\lauri\desktop\cerneala\tests\cerneala.tests.scenevillage\bin\release\net8.0-windows\cerneala.tests.scenevillage.dll" id="5e2ca2d2-2943-9f77-4593-bcd215e9c8d4">
      <Execution id="86998a32-7bb3-4b0c-b629-06d3809e9b8a" />
      <TestMethod codeBase="C:\Users\lauri\Desktop\Cerneala\tests\Cerneala.Tests.SceneVillage\bin\Release\net8.0-windows\Cerneala.Tests.SceneVillage.dll" adapterTypeName="executor://xunit/VsTestRunner2/netcoreapp" className="Cerneala.Tests.SceneVillage.VillageScaleContractTests" name="CameraSeparatesWindowDpiContentScaleAndZoom" />
    </UnitTest>
    <UnitTest name="Cerneala.Tests.SceneVillage.NativeVillageScaleTests.VillageUsesNativeArtworkPixelsAtThreeWindowScalesWithoutDownsamplingItsSurface" storage="c:\users\lauri\desktop\cerneala\tests\cerneala.tests.scenevillage\bin\release\net8.0-windows\cerneala.tests.scenevillage.dll" id="53eae0a4-27cc-e895-354e-dd9b8db40261">
      <Execution id="564e8582-15eb-4e54-8c8a-482f35c98d11" />
      <TestMethod codeBase="C:\Users\lauri\Desktop\Cerneala\tests\Cerneala.Tests.SceneVillage\bin\Release\net8.0-windows\Cerneala.Tests.SceneVillage.dll" adapterTypeName="executor://xunit/VsTestRunner2/netcoreapp" className="Cerneala.Tests.SceneVillage.NativeVillageScaleTests" name="VillageUsesNativeArtworkPixelsAtThreeWindowScalesWithoutDownsamplingItsSurface" />
    </UnitTest>
    <UnitTest name="Cerneala.Tests.SceneVillage.VillageScaleContractTests.CameraSeparatesWindowDpiContentScaleAndZoom(windowScale: 1, targetWidth: 320, targetHeight: 180)" storage="c:\users\lauri\desktop\cerneala\tests\cerneala.tests.scenevillage\bin\release\net8.0-windows\cerneala.tests.scenevillage.dll" id="a0694714-34a8-2072-9132-c1a1cd40dfc0">
      <Execution id="051d696a-7854-4f52-8dc1-2b263cd5d98d" />
      <TestMethod codeBase="C:\Users\lauri\Desktop\Cerneala\tests\Cerneala.Tests.SceneVillage\bin\Release\net8.0-windows\Cerneala.Tests.SceneVillage.dll" adapterTypeName="executor://xunit/VsTestRunner2/netcoreapp" className="Cerneala.Tests.SceneVillage.VillageScaleContractTests" name="CameraSeparatesWindowDpiContentScaleAndZoom" />
    </UnitTest>
    <UnitTest name="Cerneala.Tests.SceneVillage.VillageModelTests.TenThousandStressPositionsAreUniqueInBoundsAndOutsideVillageClearing" storage="c:\users\lauri\desktop\cerneala\tests\cerneala.tests.scenevillage\bin\release\net8.0-windows\cerneala.tests.scenevillage.dll" id="759f7147-0094-ce5f-20ec-564ebc782e93">
      <Execution id="9a02f89a-10aa-4d57-843d-5b7a5088c37c" />
      <TestMethod codeBase="C:\Users\lauri\Desktop\Cerneala\tests\Cerneala.Tests.SceneVillage\bin\Release\net8.0-windows\Cerneala.Tests.SceneVillage.dll" adapterTypeName="executor://xunit/VsTestRunner2/netcoreapp" className="Cerneala.Tests.SceneVillage.VillageModelTests" name="TenThousandStressPositionsAreUniqueInBoundsAndOutsideVillageClearing" />
    </UnitTest>
    <UnitTest name="Cerneala.Tests.SceneVillage.NativeCharacterAtlasTests.ProductionCharacterFramesHaveNoForeignMarksOnTransparentTopRows" storage="c:\users\lauri\desktop\cerneala\tests\cerneala.tests.scenevillage\bin\release\net8.0-windows\cerneala.tests.scenevillage.dll" id="d7c1d2a8-1417-c5ed-ea52-2b66a2759fd8">
      <Execution id="92d44650-3780-4dc6-93d1-5fc1143f6cfb" />
      <TestMethod codeBase="C:\Users\lauri\Desktop\Cerneala\tests\Cerneala.Tests.SceneVillage\bin\Release\net8.0-windows\Cerneala.Tests.SceneVillage.dll" adapterTypeName="executor://xunit/VsTestRunner2/netcoreapp" className="Cerneala.Tests.SceneVillage.NativeCharacterAtlasTests" name="ProductionCharacterFramesHaveNoForeignMarksOnTransparentTopRows" />
    </UnitTest>
    <UnitTest name="Cerneala.Tests.SceneVillage.NativeVillageWindowTests.RealVillageShowsTheNativeTreeCanopyAboveItsLowerCellTrunk" storage="c:\users\lauri\desktop\cerneala\tests\cerneala.tests.scenevillage\bin\release\net8.0-windows\cerneala.tests.scenevillage.dll" id="43503f71-9f8f-119c-1ab7-6c3e57d29aaa">
      <Execution id="50a9a16e-a92d-40d1-82a6-b85b6b7d33ee" />
      <TestMethod codeBase="C:\Users\lauri\Desktop\Cerneala\tests\Cerneala.Tests.SceneVillage\bin\Release\net8.0-windows\Cerneala.Tests.SceneVillage.dll" adapterTypeName="executor://xunit/VsTestRunner2/netcoreapp" className="Cerneala.Tests.SceneVillage.NativeVillageWindowTests" name="RealVillageShowsTheNativeTreeCanopyAboveItsLowerCellTrunk" />
    </UnitTest>
    <UnitTest name="Cerneala.Tests.SceneVillage.VillageScaleContractTests.InvalidCameraScaleValuesAreRejectedWithoutChangingTheView(invalid: NaN)" storage="c:\users\lauri\desktop\cerneala\tests\cerneala.tests.scenevillage\bin\release\net8.0-windows\cerneala.tests.scenevillage.dll" id="08143550-ca64-9f88-2a67-d1009a8aee56">
      <Execution id="462759a9-ef4e-4dc0-a6e5-bf4f85a42362" />
      <TestMethod codeBase="C:\Users\lauri\Desktop\Cerneala\tests\Cerneala.Tests.SceneVillage\bin\Release\net8.0-windows\Cerneala.Tests.SceneVillage.dll" adapterTypeName="executor://xunit/VsTestRunner2/netcoreapp" className="Cerneala.Tests.SceneVillage.VillageScaleContractTests" name="InvalidCameraScaleValuesAreRejectedWithoutChangingTheView" />
    </UnitTest>
    <UnitTest name="Cerneala.Tests.SceneVillage.NativeCharacterAtlasTests.RoutedRightAndUpKeyTapsMoveAndCaptureTheResultingIdlePose" storage="c:\users\lauri\desktop\cerneala\tests\cerneala.tests.scenevillage\bin\release\net8.0-windows\cerneala.tests.scenevillage.dll" id="402da567-7fcb-b8a0-4f19-6bb95ce14c76">
      <Execution id="d9d8a930-600c-4e8a-95f4-dc9a43f1913c" />
      <TestMethod codeBase="C:\Users\lauri\Desktop\Cerneala\tests\Cerneala.Tests.SceneVillage\bin\Release\net8.0-windows\Cerneala.Tests.SceneVillage.dll" adapterTypeName="executor://xunit/VsTestRunner2/netcoreapp" className="Cerneala.Tests.SceneVillage.NativeCharacterAtlasTests" name="RoutedRightAndUpKeyTapsMoveAndCaptureTheResultingIdlePose" />
    </UnitTest>
    <UnitTest name="Cerneala.Tests.SceneVillage.VillageModelTests.DirectionIsNormalizedAndClearingHeldKeysStopsInput" storage="c:\users\lauri\desktop\cerneala\tests\cerneala.tests.scenevillage\bin\release\net8.0-windows\cerneala.tests.scenevillage.dll" id="212bdf5f-3b8b-bdfd-c89b-19e3b18294f5">
      <Execution id="f4ede09c-29de-4dea-a7ff-dc8655210f63" />
      <TestMethod codeBase="C:\Users\lauri\Desktop\Cerneala\tests\Cerneala.Tests.SceneVillage\bin\Release\net8.0-windows\Cerneala.Tests.SceneVillage.dll" adapterTypeName="executor://xunit/VsTestRunner2/netcoreapp" className="Cerneala.Tests.SceneVillage.VillageModelTests" name="DirectionIsNormalizedAndClearingHeldKeysStopsInput" />
    </UnitTest>
    <UnitTest name="Cerneala.Tests.SceneVillage.VillageModelTests.IncludedArtMatchesInspectedCc0Source(fileName: &quot;ch003.png&quot;, expectedHash: &quot;02AC85F7A6DD90A486ED4126CC1CE80D482F6D9D17C02AD42D&quot;···)" storage="c:\users\lauri\desktop\cerneala\tests\cerneala.tests.scenevillage\bin\release\net8.0-windows\cerneala.tests.scenevillage.dll" id="b5a12331-554c-b85c-2435-580f952251d7">
      <Execution id="0739eef0-40f9-4e22-8377-5fd38c711335" />
      <TestMethod codeBase="C:\Users\lauri\Desktop\Cerneala\tests\Cerneala.Tests.SceneVillage\bin\Release\net8.0-windows\Cerneala.Tests.SceneVillage.dll" adapterTypeName="executor://xunit/VsTestRunner2/netcoreapp" className="Cerneala.Tests.SceneVillage.VillageModelTests" name="IncludedArtMatchesInspectedCc0Source" />
    </UnitTest>
    <UnitTest name="Cerneala.Tests.SceneVillage.VillageModelTests.IncludedArtMatchesInspectedCc0Source(fileName: &quot;tiny-town.png&quot;, expectedHash: &quot;3A54D99ECDE790D4FDEA207A3644CF130FC56FA838F1BEB150&quot;···)" storage="c:\users\lauri\desktop\cerneala\tests\cerneala.tests.scenevillage\bin\release\net8.0-windows\cerneala.tests.scenevillage.dll" id="eb2daada-9615-d3b1-3965-146256dd5734">
      <Execution id="299454b7-e360-4bc8-9370-ef0b92e2cff3" />
      <TestMethod codeBase="C:\Users\lauri\Desktop\Cerneala\tests\Cerneala.Tests.SceneVillage\bin\Release\net8.0-windows\Cerneala.Tests.SceneVillage.dll" adapterTypeName="executor://xunit/VsTestRunner2/netcoreapp" className="Cerneala.Tests.SceneVillage.VillageModelTests" name="IncludedArtMatchesInspectedCc0Source" />
    </UnitTest>
    <UnitTest name="Cerneala.Tests.SceneVillage.VillageScaleContractTests.NativeTownTilesRetainTheExistingWorldArea" storage="c:\users\lauri\desktop\cerneala\tests\cerneala.tests.scenevillage\bin\release\net8.0-windows\cerneala.tests.scenevillage.dll" id="62fa3f74-7832-8b06-8684-bf4241db0706">
      <Execution id="0349a54c-7f97-45d1-a940-453fe6b38332" />
      <TestMethod codeBase="C:\Users\lauri\Desktop\Cerneala\tests\Cerneala.Tests.SceneVillage\bin\Release\net8.0-windows\Cerneala.Tests.SceneVillage.dll" adapterTypeName="executor://xunit/VsTestRunner2/netcoreapp" className="Cerneala.Tests.SceneVillage.VillageScaleContractTests" name="NativeTownTilesRetainTheExistingWorldArea" />
    </UnitTest>
    <UnitTest name="Cerneala.Tests.SceneVillage.VillageModelTests.EveryPresetUsesTheSameDeterministicPositionsAndExactCount(count: 10000)" storage="c:\users\lauri\desktop\cerneala\tests\cerneala.tests.scenevillage\bin\release\net8.0-windows\cerneala.tests.scenevillage.dll" id="44fc06aa-78a0-c952-edef-7b198b9c83a5">
      <Execution id="865e172e-d5ea-4049-b11f-ef85600fdc26" />
      <TestMethod codeBase="C:\Users\lauri\Desktop\Cerneala\tests\Cerneala.Tests.SceneVillage\bin\Release\net8.0-windows\Cerneala.Tests.SceneVillage.dll" adapterTypeName="executor://xunit/VsTestRunner2/netcoreapp" className="Cerneala.Tests.SceneVillage.VillageModelTests" name="EveryPresetUsesTheSameDeterministicPositionsAndExactCount" />
    </UnitTest>
    <UnitTest name="Cerneala.Tests.SceneVillage.NativeVillageTileBoundaryTests.OpaquePointSampledAtlasTileJoinsOpaqueGroundAtFractionalCameraPosition" storage="c:\users\lauri\desktop\cerneala\tests\cerneala.tests.scenevillage\bin\release\net8.0-windows\cerneala.tests.scenevillage.dll" id="a458bda3-8067-7191-2bd5-8aa856b6ce70">
      <Execution id="1a692f2d-4220-418a-b6a3-b8dc5049ed84" />
      <TestMethod codeBase="C:\Users\lauri\Desktop\Cerneala\tests\Cerneala.Tests.SceneVillage\bin\Release\net8.0-windows\Cerneala.Tests.SceneVillage.dll" adapterTypeName="executor://xunit/VsTestRunner2/netcoreapp" className="Cerneala.Tests.SceneVillage.NativeVillageTileBoundaryTests" name="OpaquePointSampledAtlasTileJoinsOpaqueGroundAtFractionalCameraPosition" />
    </UnitTest>
    <UnitTest name="Cerneala.Tests.SceneVillage.VillageScaleContractTests.CameraSeparatesWindowDpiContentScaleAndZoom(windowScale: 1.25, targetWidth: 400, targetHeight: 225)" storage="c:\users\lauri\desktop\cerneala\tests\cerneala.tests.scenevillage\bin\release\net8.0-windows\cerneala.tests.scenevillage.dll" id="c9e36159-acff-d0d5-06c6-7260a8f0033f">
      <Execution id="740df156-35b6-4351-8a18-424e63cafacb" />
      <TestMethod codeBase="C:\Users\lauri\Desktop\Cerneala\tests\Cerneala.Tests.SceneVillage\bin\Release\net8.0-windows\Cerneala.Tests.SceneVillage.dll" adapterTypeName="executor://xunit/VsTestRunner2/netcoreapp" className="Cerneala.Tests.SceneVillage.VillageScaleContractTests" name="CameraSeparatesWindowDpiContentScaleAndZoom" />
    </UnitTest>
    <UnitTest name="Cerneala.Tests.SceneVillage.NativeVillageWindowTests.RealSdlWindowSupportsVillageMovementCollisionCameraAndEveryTenThousandItemPreset" storage="c:\users\lauri\desktop\cerneala\tests\cerneala.tests.scenevillage\bin\release\net8.0-windows\cerneala.tests.scenevillage.dll" id="861b90fd-4e3e-cc69-42dc-84554f04b275">
      <Execution id="e903dbbe-aa6b-4136-b3e8-f6b80fa23a38" />
      <TestMethod codeBase="C:\Users\lauri\Desktop\Cerneala\tests\Cerneala.Tests.SceneVillage\bin\Release\net8.0-windows\Cerneala.Tests.SceneVillage.dll" adapterTypeName="executor://xunit/VsTestRunner2/netcoreapp" className="Cerneala.Tests.SceneVillage.NativeVillageWindowTests" name="RealSdlWindowSupportsVillageMovementCollisionCameraAndEveryTenThousandItemPreset" />
    </UnitTest>
    <UnitTest name="Cerneala.Tests.SceneVillage.VillageModelTests.ViewBoxFollowDoesNotShiftWorldCollisionCoordinates" storage="c:\users\lauri\desktop\cerneala\tests\cerneala.tests.scenevillage\bin\release\net8.0-windows\cerneala.tests.scenevillage.dll" id="44b1ab68-744c-b036-59a8-702e0575e1b1">
      <Execution id="699446f3-a7bd-49f6-82fd-28497e2405bc" />
      <TestMethod codeBase="C:\Users\lauri\Desktop\Cerneala\tests\Cerneala.Tests.SceneVillage\bin\Release\net8.0-windows\Cerneala.Tests.SceneVillage.dll" adapterTypeName="executor://xunit/VsTestRunner2/netcoreapp" className="Cerneala.Tests.SceneVillage.VillageModelTests" name="ViewBoxFollowDoesNotShiftWorldCollisionCoordinates" />
    </UnitTest>
    <UnitTest name="Cerneala.Tests.SceneVillage.VillageScaleContractTests.SurfaceOwnsControllableZoomAndNullableInheritedContentScale" storage="c:\users\lauri\desktop\cerneala\tests\cerneala.tests.scenevillage\bin\release\net8.0-windows\cerneala.tests.scenevillage.dll" id="8cc3b1a1-9d32-3f26-5774-d33a725399fc">
      <Execution id="ef0f34e1-1fd4-4390-9e55-c865413481be" />
      <TestMethod codeBase="C:\Users\lauri\Desktop\Cerneala\tests\Cerneala.Tests.SceneVillage\bin\Release\net8.0-windows\Cerneala.Tests.SceneVillage.dll" adapterTypeName="executor://xunit/VsTestRunner2/netcoreapp" className="Cerneala.Tests.SceneVillage.VillageScaleContractTests" name="SurfaceOwnsControllableZoomAndNullableInheritedContentScale" />
    </UnitTest>
    <UnitTest name="Cerneala.Tests.SceneVillage.VillageScaleContractTests.StressGridRetainsItsThirtyTwoUnitPitchAndFullFieldExtent" storage="c:\users\lauri\desktop\cerneala\tests\cerneala.tests.scenevillage\bin\release\net8.0-windows\cerneala.tests.scenevillage.dll" id="e75247e1-2db2-cf75-5003-8cb3a471760a">
      <Execution id="619c4f2e-dba2-4fb1-84be-d2207cd62833" />
      <TestMethod codeBase="C:\Users\lauri\Desktop\Cerneala\tests\Cerneala.Tests.SceneVillage\bin\Release\net8.0-windows\Cerneala.Tests.SceneVillage.dll" adapterTypeName="executor://xunit/VsTestRunner2/netcoreapp" className="Cerneala.Tests.SceneVillage.VillageScaleContractTests" name="StressGridRetainsItsThirtyTwoUnitPitchAndFullFieldExtent" />
    </UnitTest>
    <UnitTest name="Cerneala.Tests.SceneVillage.VillageModelTests.VillagerWalkClipsUseTheInspectedDirectionalCells" storage="c:\users\lauri\desktop\cerneala\tests\cerneala.tests.scenevillage\bin\release\net8.0-windows\cerneala.tests.scenevillage.dll" id="2b75e3aa-5a43-ca35-6e0c-c28146966f49">
      <Execution id="b18b8a11-301e-4ae3-be16-df0f16a05276" />
      <TestMethod codeBase="C:\Users\lauri\Desktop\Cerneala\tests\Cerneala.Tests.SceneVillage\bin\Release\net8.0-windows\Cerneala.Tests.SceneVillage.dll" adapterTypeName="executor://xunit/VsTestRunner2/netcoreapp" className="Cerneala.Tests.SceneVillage.VillageModelTests" name="VillagerWalkClipsUseTheInspectedDirectionalCells" />
    </UnitTest>
    <UnitTest name="Cerneala.Tests.SceneVillage.NativeCharacterAtlasTests.CharacterAtlasFilteringMatrixReportsAllDirectionsAndWalkingFrames" storage="c:\users\lauri\desktop\cerneala\tests\cerneala.tests.scenevillage\bin\release\net8.0-windows\cerneala.tests.scenevillage.dll" id="84120bc9-0735-b930-0297-4c1213112873">
      <Execution id="11a1f0f2-6bcf-48f5-8808-47b417a7aea1" />
      <TestMethod codeBase="C:\Users\lauri\Desktop\Cerneala\tests\Cerneala.Tests.SceneVillage\bin\Release\net8.0-windows\Cerneala.Tests.SceneVillage.dll" adapterTypeName="executor://xunit/VsTestRunner2/netcoreapp" className="Cerneala.Tests.SceneVillage.NativeCharacterAtlasTests" name="CharacterAtlasFilteringMatrixReportsAllDirectionsAndWalkingFrames" />
    </UnitTest>
    <UnitTest name="Cerneala.Tests.SceneVillage.VillageModelTests.StressPresetsUseTheSameImageAndOnlyTheApprovedBehaviorChanges" storage="c:\users\lauri\desktop\cerneala\tests\cerneala.tests.scenevillage\bin\release\net8.0-windows\cerneala.tests.scenevillage.dll" id="5a7c7fcc-0c2b-871e-be4f-7b0a89404b58">
      <Execution id="426aa18a-86a5-4714-a1cd-21ddcac9c694" />
      <TestMethod codeBase="C:\Users\lauri\Desktop\Cerneala\tests\Cerneala.Tests.SceneVillage\bin\Release\net8.0-windows\Cerneala.Tests.SceneVillage.dll" adapterTypeName="executor://xunit/VsTestRunner2/netcoreapp" className="Cerneala.Tests.SceneVillage.VillageModelTests" name="StressPresetsUseTheSameImageAndOnlyTheApprovedBehaviorChanges" />
    </UnitTest>
    <UnitTest name="Cerneala.Tests.SceneVillage.VillageModelTests.VillageTreesUseTheWholeTwoCellArtworkAndProportionalTrunkColliders" storage="c:\users\lauri\desktop\cerneala\tests\cerneala.tests.scenevillage\bin\release\net8.0-windows\cerneala.tests.scenevillage.dll" id="9692aa49-d41d-04bb-3310-e278bd30f243">
      <Execution id="7a59ec2c-98c0-40c7-ab3e-be130c2d15c3" />
      <TestMethod codeBase="C:\Users\lauri\Desktop\Cerneala\tests\Cerneala.Tests.SceneVillage\bin\Release\net8.0-windows\Cerneala.Tests.SceneVillage.dll" adapterTypeName="executor://xunit/VsTestRunner2/netcoreapp" className="Cerneala.Tests.SceneVillage.VillageModelTests" name="VillageTreesUseTheWholeTwoCellArtworkAndProportionalTrunkColliders" />
    </UnitTest>
    <UnitTest name="Cerneala.Tests.SceneVillage.VillageModelTests.FollowCameraCentersClampsAtEdgesAndRespondsToResize" storage="c:\users\lauri\desktop\cerneala\tests\cerneala.tests.scenevillage\bin\release\net8.0-windows\cerneala.tests.scenevillage.dll" id="10ecc971-1554-7eab-e77c-b63ca1dc426c">
      <Execution id="d36d1950-97c6-4692-952d-70c439fe9eea" />
      <TestMethod codeBase="C:\Users\lauri\Desktop\Cerneala\tests\Cerneala.Tests.SceneVillage\bin\Release\net8.0-windows\Cerneala.Tests.SceneVillage.dll" adapterTypeName="executor://xunit/VsTestRunner2/netcoreapp" className="Cerneala.Tests.SceneVillage.VillageModelTests" name="FollowCameraCentersClampsAtEdgesAndRespondsToResize" />
    </UnitTest>
  </TestDefinitions>
  <TestEntries>
    <TestEntry testId="44b1ab68-744c-b036-59a8-702e0575e1b1" executionId="699446f3-a7bd-49f6-82fd-28497e2405bc" testListId="8c84fa94-04c1-424b-9868-57a2d4851a1d" />
    <TestEntry testId="a0694714-34a8-2072-9132-c1a1cd40dfc0" executionId="051d696a-7854-4f52-8dc1-2b263cd5d98d" testListId="8c84fa94-04c1-424b-9868-57a2d4851a1d" />
    <TestEntry testId="53eae0a4-27cc-e895-354e-dd9b8db40261" executionId="564e8582-15eb-4e54-8c8a-482f35c98d11" testListId="8c84fa94-04c1-424b-9868-57a2d4851a1d" />
    <TestEntry testId="759f7147-0094-ce5f-20ec-564ebc782e93" executionId="9a02f89a-10aa-4d57-843d-5b7a5088c37c" testListId="8c84fa94-04c1-424b-9868-57a2d4851a1d" />
    <TestEntry testId="f5bcfaec-9241-d519-98dd-efdf876b8633" executionId="669b61e7-22e2-4d38-afe4-05756a21b349" testListId="8c84fa94-04c1-424b-9868-57a2d4851a1d" />
    <TestEntry testId="6cf3ff94-c988-96e5-a356-786a7739cd1b" executionId="5e8baaa6-4148-463d-9f48-a9abb4e3ed30" testListId="8c84fa94-04c1-424b-9868-57a2d4851a1d" />
    <TestEntry testId="e75247e1-2db2-cf75-5003-8cb3a471760a" executionId="619c4f2e-dba2-4fb1-84be-d2207cd62833" testListId="8c84fa94-04c1-424b-9868-57a2d4851a1d" />
    <TestEntry testId="861b90fd-4e3e-cc69-42dc-84554f04b275" executionId="e903dbbe-aa6b-4136-b3e8-f6b80fa23a38" testListId="8c84fa94-04c1-424b-9868-57a2d4851a1d" />
    <TestEntry testId="a7b87745-7326-79de-8c95-77826dd8f249" executionId="69f1d6c9-4c55-4c41-bced-7f75ec83dff4" testListId="8c84fa94-04c1-424b-9868-57a2d4851a1d" />
    <TestEntry testId="fb05585b-2c51-b294-c981-4855723b4de0" executionId="98442f78-4df8-442f-a1c7-90680ec58bbc" testListId="8c84fa94-04c1-424b-9868-57a2d4851a1d" />
    <TestEntry testId="eb2daada-9615-d3b1-3965-146256dd5734" executionId="299454b7-e360-4bc8-9370-ef0b92e2cff3" testListId="8c84fa94-04c1-424b-9868-57a2d4851a1d" />
    <TestEntry testId="25b11ee3-2c48-b590-3cf1-c018e854a6ae" executionId="13f43527-3ca3-4ce6-b78b-8c0fbcf6beef" testListId="8c84fa94-04c1-424b-9868-57a2d4851a1d" />
    <TestEntry testId="c9e36159-acff-d0d5-06c6-7260a8f0033f" executionId="740df156-35b6-4351-8a18-424e63cafacb" testListId="8c84fa94-04c1-424b-9868-57a2d4851a1d" />
    <TestEntry testId="b5a12331-554c-b85c-2435-580f952251d7" executionId="0739eef0-40f9-4e22-8377-5fd38c711335" testListId="8c84fa94-04c1-424b-9868-57a2d4851a1d" />
    <TestEntry testId="5f1a50da-0514-1514-f82e-c2615a03d1c8" executionId="9488131a-0e8f-43d9-9e28-bbdf43cb4f35" testListId="8c84fa94-04c1-424b-9868-57a2d4851a1d" />
    <TestEntry testId="d7c1d2a8-1417-c5ed-ea52-2b66a2759fd8" executionId="92d44650-3780-4dc6-93d1-5fc1143f6cfb" testListId="8c84fa94-04c1-424b-9868-57a2d4851a1d" />
    <TestEntry testId="212bdf5f-3b8b-bdfd-c89b-19e3b18294f5" executionId="f4ede09c-29de-4dea-a7ff-dc8655210f63" testListId="8c84fa94-04c1-424b-9868-57a2d4851a1d" />
    <TestEntry testId="aaab5133-a0f7-c225-2b5a-d5e21319cb34" executionId="13e891e0-7258-4ed8-855f-055d4a25b953" testListId="8c84fa94-04c1-424b-9868-57a2d4851a1d" />
    <TestEntry testId="a458bda3-8067-7191-2bd5-8aa856b6ce70" executionId="1a692f2d-4220-418a-b6a3-b8dc5049ed84" testListId="8c84fa94-04c1-424b-9868-57a2d4851a1d" />
    <TestEntry testId="2b75e3aa-5a43-ca35-6e0c-c28146966f49" executionId="b18b8a11-301e-4ae3-be16-df0f16a05276" testListId="8c84fa94-04c1-424b-9868-57a2d4851a1d" />
    <TestEntry testId="08143550-ca64-9f88-2a67-d1009a8aee56" executionId="462759a9-ef4e-4dc0-a6e5-bf4f85a42362" testListId="8c84fa94-04c1-424b-9868-57a2d4851a1d" />
    <TestEntry testId="43503f71-9f8f-119c-1ab7-6c3e57d29aaa" executionId="50a9a16e-a92d-40d1-82a6-b85b6b7d33ee" testListId="8c84fa94-04c1-424b-9868-57a2d4851a1d" />
    <TestEntry testId="5c87a119-516d-4872-cde6-c6d415d5d8d1" executionId="cbd5a64d-c263-4123-8077-c7dec56849e9" testListId="8c84fa94-04c1-424b-9868-57a2d4851a1d" />
    <TestEntry testId="10ecc971-1554-7eab-e77c-b63ca1dc426c" executionId="d36d1950-97c6-4692-952d-70c439fe9eea" testListId="8c84fa94-04c1-424b-9868-57a2d4851a1d" />
    <TestEntry testId="9692aa49-d41d-04bb-3310-e278bd30f243" executionId="7a59ec2c-98c0-40c7-ab3e-be130c2d15c3" testListId="8c84fa94-04c1-424b-9868-57a2d4851a1d" />
    <TestEntry testId="a164eef5-6574-ea57-02fd-e0cc3879451d" executionId="b459d734-a5dd-4953-9262-a10e23702e65" testListId="8c84fa94-04c1-424b-9868-57a2d4851a1d" />
    <TestEntry testId="849a633b-c7bd-d799-8851-1c128544cdc7" executionId="25abb2e6-6475-43c6-a7b4-d1ec8c734cf3" testListId="8c84fa94-04c1-424b-9868-57a2d4851a1d" />
    <TestEntry testId="44fc06aa-78a0-c952-edef-7b198b9c83a5" executionId="865e172e-d5ea-4049-b11f-ef85600fdc26" testListId="8c84fa94-04c1-424b-9868-57a2d4851a1d" />
    <TestEntry testId="62fa3f74-7832-8b06-8684-bf4241db0706" executionId="0349a54c-7f97-45d1-a940-453fe6b38332" testListId="8c84fa94-04c1-424b-9868-57a2d4851a1d" />
    <TestEntry testId="84120bc9-0735-b930-0297-4c1213112873" executionId="11a1f0f2-6bcf-48f5-8808-47b417a7aea1" testListId="8c84fa94-04c1-424b-9868-57a2d4851a1d" />
    <TestEntry testId="402da567-7fcb-b8a0-4f19-6bb95ce14c76" executionId="d9d8a930-600c-4e8a-95f4-dc9a43f1913c" testListId="8c84fa94-04c1-424b-9868-57a2d4851a1d" />
    <TestEntry testId="8cc3b1a1-9d32-3f26-5774-d33a725399fc" executionId="ef0f34e1-1fd4-4390-9e55-c865413481be" testListId="8c84fa94-04c1-424b-9868-57a2d4851a1d" />
    <TestEntry testId="cae07087-36a6-fee8-4ac7-09e09c2829f3" executionId="36e75833-62ba-4b4b-82aa-37ef67e61bd4" testListId="8c84fa94-04c1-424b-9868-57a2d4851a1d" />
    <TestEntry testId="c1db55d3-8dd1-8e74-a176-69d42861dd20" executionId="52bf0d70-a85f-4e0f-a654-8e459581954d" testListId="8c84fa94-04c1-424b-9868-57a2d4851a1d" />
    <TestEntry testId="5a7c7fcc-0c2b-871e-be4f-7b0a89404b58" executionId="426aa18a-86a5-4714-a1cd-21ddcac9c694" testListId="8c84fa94-04c1-424b-9868-57a2d4851a1d" />
    <TestEntry testId="5e2ca2d2-2943-9f77-4593-bcd215e9c8d4" executionId="86998a32-7bb3-4b0c-b629-06d3809e9b8a" testListId="8c84fa94-04c1-424b-9868-57a2d4851a1d" />
  </TestEntries>
  <TestLists>
    <TestList name="Results Not in a List" id="8c84fa94-04c1-424b-9868-57a2d4851a1d" />
    <TestList name="All Loaded Results" id="19431567-8539-422a-85d7-44ee4e166bda" />
  </TestLists>
  <ResultSummary outcome="Completed">
    <Counters total="36" executed="36" passed="36" failed="0" error="0" timeout="0" aborted="0" inconclusive="0" passedButRunAborted="0" notRunnable="0" notExecuted="0" disconnected="0" warning="0" completed="0" inProgress="0" pending="0" />
    <Output>
      <StdOut>[xUnit.net 00:00:00.00] xUnit.net VSTest Adapter v2.5.3.1+6b60a9e56a (64-bit .NET 8.0.30)&#xD;
[xUnit.net 00:00:00.21]   Discovering: Cerneala.Tests.SceneVillage&#xD;
[xUnit.net 00:00:00.64]   Discovered:  Cerneala.Tests.SceneVillage&#xD;
[xUnit.net 00:00:00.65]   Starting:    Cerneala.Tests.SceneVillage&#xD;
[xUnit.net 00:01:19.22]   Finished:    Cerneala.Tests.SceneVillage&#xD;
</StdOut>
    </Output>
  </ResultSummary>
</TestRun>