<?xml version="1.0" encoding="utf-8"?>
<TestRun id="31d108a0-97d6-4650-84c5-c3cc0f19a5f4" name="lauri@DESKTOP-JT43V3D 2026-09-24 15:20:27" runUser="DESKTOP-JT43V3D\lauri" xmlns="http://microsoft.com/schemas/VisualStudio/TeamTest/2010">
  <Times creation="2026-09-24T15:20:27.6621344+03:00" queuing="2026-09-24T15:20:27.6621351+03:00" start="2026-09-24T15:20:25.7191227+03:00" finish="2026-09-24T15:20:27.6637546+03:00" />
  <TestSettings name="default" id="f03a8bf1-84e1-4389-8511-a11b99d9e91f">
    <Deployment runDeploymentRoot="lauri_DESKTOP-JT43V3D_2026-09-24_15_20_27" />
  </TestSettings>
  <TestLists>
    <TestList name="Results Not in a List" id="8c84fa94-04c1-424b-9868-57a2d4851a1d" />
    <TestList name="All Loaded Results" id="19431567-8539-422a-85d7-44ee4e166bda" />
  </TestLists>
  <ResultSummary outcome="Completed">
    <Counters total="0" executed="0" passed="0" failed="0" error="0" timeout="0" aborted="0" inconclusive="0" passedButRunAborted="0" notRunnable="0" notExecuted="0" disconnected="0" warning="0" completed="0" inProgress="0" pending="0" />
    <Output>
      <StdOut>[xUnit.net 00:00:00.00] xUnit.net VSTest Adapter v2.5.3.1+6b60a9e56a (64-bit .NET 8.0.30)&#xD;
[xUnit.net 00:00:00.24]   Discovering: Cerneala.Tests.SourceGen&#xD;
[xUnit.net 00:00:00.57]   Discovered:  Cerneala.Tests.SourceGen&#xD;
[xUnit.net 00:00:00.58]   Starting:    Cerneala.Tests.SourceGen&#xD;
[xUnit.net 00:00:00.61]   Finished:    Cerneala.Tests.SourceGen&#xD;
</StdOut>
    </Output>
    <RunInfos>
      <RunInfo computerName="DESKTOP-JT43V3D" outcome="Warning" timestamp="2026-09-24T15:20:27.4503480+03:00">
        <Text>No test matches the given testcase filter `FullyQualifiedName~ApiDocumentationManifestIsValidAndReferencesExistingFiles` in C:\Users\lauri\Desktop\Cerneala\tests\Cerneala.Tests.SourceGen\bin\Release\net8.0-windows\Cerneala.Tests.SourceGen.dll</Text>
      </RunInfo>
    </RunInfos>
  </ResultSummary>
</TestRun>