<?xml version="1.0" encoding="utf-8"?>
<TestRun id="a040dd23-6111-4a37-80f2-6738ab4bf9b4" name="lauri@DESKTOP-JT43V3D 2026-09-24 15:20:01" runUser="DESKTOP-JT43V3D\lauri" xmlns="http://microsoft.com/schemas/VisualStudio/TeamTest/2010">
  <Times creation="2026-09-24T15:20:01.0503238+03:00" queuing="2026-09-24T15:20:01.0503242+03:00" start="2026-09-24T15:19:59.2465442+03:00" finish="2026-09-24T15:20:01.0510530+03:00" />
  <TestSettings name="default" id="ee981c79-e236-425a-84e1-2a7d3b7259b1">
    <Deployment runDeploymentRoot="lauri_DESKTOP-JT43V3D_2026-09-24_15_20_01" />
  </TestSettings>
  <TestLists>
    <TestList name="Results Not in a List" id="8c84fa94-04c1-424b-9868-57a2d4851a1d" />
    <TestList name="All Loaded Results" id="19431567-8539-422a-85d7-44ee4e166bda" />
  </TestLists>
  <ResultSummary outcome="Completed">
    <Counters total="0" executed="0" passed="0" failed="0" error="0" timeout="0" aborted="0" inconclusive="0" passedButRunAborted="0" notRunnable="0" notExecuted="0" disconnected="0" warning="0" completed="0" inProgress="0" pending="0" />
    <Output>
      <StdOut>[xUnit.net 00:00:00.00] xUnit.net VSTest Adapter v2.5.3.1+6b60a9e56a (64-bit .NET 8.0.30)&#xD;
[xUnit.net 00:00:00.29]   Discovering: Cerneala.Tests.Language&#xD;
[xUnit.net 00:00:00.52]   Discovered:  Cerneala.Tests.Language&#xD;
[xUnit.net 00:00:00.53]   Starting:    Cerneala.Tests.Language&#xD;
[xUnit.net 00:00:00.55]   Finished:    Cerneala.Tests.Language&#xD;
</StdOut>
    </Output>
    <RunInfos>
      <RunInfo computerName="DESKTOP-JT43V3D" outcome="Warning" timestamp="2026-09-24T15:20:00.9189850+03:00">
        <Text>No test matches the given testcase filter `FullyQualifiedName~ApiDocumentationManifestIsValidAndReferencesExistingFiles` in C:\Users\lauri\Desktop\Cerneala\tests\Cerneala.Tests.Language\bin\Release\net8.0-windows\Cerneala.Tests.Language.dll</Text>
      </RunInfo>
    </RunInfos>
  </ResultSummary>
</TestRun>