<?xml version="1.0" encoding="utf-8"?>
<TestRun id="afd94c13-52c1-43f6-be69-21c699a85324" name="lauri@DESKTOP-JT43V3D 2026-09-05 14:25:55" runUser="DESKTOP-JT43V3D\lauri" xmlns="http://microsoft.com/schemas/VisualStudio/TeamTest/2010">
  <Times creation="2026-09-05T14:25:55.4038246+03:00" queuing="2026-09-05T14:25:55.4038249+03:00" start="2026-09-05T14:25:52.2631678+03:00" finish="2026-09-05T14:25:55.4095327+03:00" />
  <TestSettings name="default" id="99265704-2c68-4eff-8ed3-24bd69afd83e">
    <Deployment runDeploymentRoot="lauri_DESKTOP-JT43V3D_2026-09-05_14_25_55" />
  </TestSettings>
  <Results>
    <UnitTestResult executionId="365de235-1f81-473d-b2e2-1996020019f4" testId="6672ab46-f596-2f3e-c9a5-88bc4af1db48" testName="Cerneala.Tests.Playground.SceneWorldShowcaseTests.CompiledWorldMarkupRunsItsEffectsAnimationsAndInputContracts" computerName="DESKTOP-JT43V3D" duration="00:00:01.2650256" startTime="2026-09-05T14:25:55.2968534+03:00" endTime="2026-09-05T14:25:55.2968736+03:00" testType="13cdc9d9-ddb5-4fa4-a97d-d965ccfc6d4b" outcome="Passed" testListId="8c84fa94-04c1-424b-9868-57a2d4851a1d" relativeResultsDirectory="365de235-1f81-473d-b2e2-1996020019f4" />
  </Results>
  <TestDefinitions>
    <UnitTest name="Cerneala.Tests.Playground.SceneWorldShowcaseTests.CompiledWorldMarkupRunsItsEffectsAnimationsAndInputContracts" storage="c:\users\lauri\desktop\cerneala\tests\cerneala.tests\bin\debug\net8.0-windows\cerneala.tests.dll" id="6672ab46-f596-2f3e-c9a5-88bc4af1db48">
      <Execution id="365de235-1f81-473d-b2e2-1996020019f4" />
      <TestMethod codeBase="C:\Users\lauri\Desktop\Cerneala\tests\Cerneala.Tests\bin\Debug\net8.0-windows\Cerneala.Tests.dll" adapterTypeName="executor://xunit/VsTestRunner2/netcoreapp" className="Cerneala.Tests.Playground.SceneWorldShowcaseTests" name="CompiledWorldMarkupRunsItsEffectsAnimationsAndInputContracts" />
    </UnitTest>
  </TestDefinitions>
  <TestEntries>
    <TestEntry testId="6672ab46-f596-2f3e-c9a5-88bc4af1db48" executionId="365de235-1f81-473d-b2e2-1996020019f4" testListId="8c84fa94-04c1-424b-9868-57a2d4851a1d" />
  </TestEntries>
  <TestLists>
    <TestList name="Results Not in a List" id="8c84fa94-04c1-424b-9868-57a2d4851a1d" />
    <TestList name="All Loaded Results" id="19431567-8539-422a-85d7-44ee4e166bda" />
  </TestLists>
  <ResultSummary outcome="Completed">
    <Counters total="1" executed="1" passed="1" failed="0" error="0" timeout="0" aborted="0" inconclusive="0" passedButRunAborted="0" notRunnable="0" notExecuted="0" disconnected="0" warning="0" completed="0" inProgress="0" pending="0" />
    <Output>
      <StdOut>[xUnit.net 00:00:00.00] xUnit.net VSTest Adapter v2.5.3.1+6b60a9e56a (64-bit .NET 8.0.30)&#xD;
[xUnit.net 00:00:00.22]   Discovering: Cerneala.Tests&#xD;
[xUnit.net 00:00:00.80]   Discovered:  Cerneala.Tests&#xD;
[xUnit.net 00:00:00.82]   Starting:    Cerneala.Tests&#xD;
[xUnit.net 00:00:02.13]   Finished:    Cerneala.Tests&#xD;
</StdOut>
    </Output>
  </ResultSummary>
</TestRun>